#
# There is insufficient memory for the Java Runtime Environment to continue.
# Native memory allocation (mmap) failed to map 78643200 bytes for Failed to commit area from 0x0000000092400000 to 0x0000000096f00000 of length 78643200.
# Possible reasons:
#   The system is out of physical RAM or swap space
#   The process is running with CompressedOops enabled, and the Java Heap may be blocking the growth of the native heap
# Possible solutions:
#   Reduce memory load on the system
#   Increase physical memory or swap space
#   Check if swap backing store is full
#   Decrease Java heap size (-Xmx/-Xms)
#   Decrease number of Java threads
#   Decrease Java thread stack sizes (-Xss)
#   Set larger code cache with -XX:ReservedCodeCacheSize=
#   JVM is running with Unscaled Compressed Oops mode in which the Java heap is
#     placed in the first 4GB address space. The Java Heap base address is the
#     maximum limit for the native heap growth. Please use -XX:HeapBaseMinAddress
#     to set the Java Heap base and to place the Java Heap above 4GB virtual address.
# This output file may be truncated or incomplete.
#
#  Out of Memory Error (./open/src/hotspot/os/windows/os_windows.cpp:3293), pid=11152, tid=8644
#
# JRE version: Java(TM) SE Runtime Environment 18.9 (11.0.20+9) (build 11.0.20+9-LTS-256)
# Java VM: Java HotSpot(TM) 64-Bit Server VM 18.9 (11.0.20+9-LTS-256, mixed mode, tiered, compressed oops, g1 gc, windows-amd64)
# No core dump will be written. Minidumps are not enabled by default on client versions of Windows
#

---------------  S U M M A R Y ------------

Command Line: -XX:MaxMetaspaceSize=512m --add-opens=java.base/java.util=ALL-UNNAMED --add-opens=java.base/java.lang=ALL-UNNAMED --add-opens=java.base/java.lang.invoke=ALL-UNNAMED --add-opens=java.prefs/java.util.prefs=ALL-UNNAMED --add-opens=java.base/java.nio.charset=ALL-UNNAMED --add-opens=java.base/java.net=ALL-UNNAMED --add-opens=java.base/java.util.concurrent.atomic=ALL-UNNAMED -Xmx2048m -Dfile.encoding=windows-1252 -Duser.country=US -Duser.language=en -Duser.variant org.gradle.launcher.daemon.bootstrap.GradleDaemon 8.0.1

Host: Intel(R) Core(TM) i7-6600U CPU @ 2.60GHz, 4 cores, 7G,  Windows 10 , 64 bit Build 19041 (10.0.19041.3636)
Time: Tue Jan 30 14:32:31 2024 Pakistan Standard Time elapsed time: 108.700158 seconds (0d 0h 1m 48s)

---------------  T H R E A D  ---------------

Current thread (0x0000027af8c23000):  VMThread "VM Thread" [stack: 0x000000c5f0800000,0x000000c5f0900000] [id=8644]

Stack: [0x000000c5f0800000,0x000000c5f0900000]
[error occurred during error reporting (printing stack bounds), id 0xc0000005, EXCEPTION_ACCESS_VIOLATION (0xc0000005) at pc=0x0000027a80000f2d]

Native frames: (J=compiled Java code, j=interpreted, Vv=VM code, C=native code)
V  [jvm.dll+0x6602ba]
V  [jvm.dll+0x7a32af]
V  [jvm.dll+0x7a4979]
V  [jvm.dll+0x7a4f75]
V  [jvm.dll+0x7a4f2b]
V  [jvm.dll+0x65f7c3]
V  [jvm.dll+0x65feb8]
C  [ntdll.dll+0xa23af]
C  [ntdll.dll+0x514b4]
C  [ntdll.dll+0xa0ebe]
C  0x0000027a80000f2d

VM_Operation (0x000000c5f1bf6940): G1CollectForAllocation, mode: safepoint, requested by thread 0x0000027afbb8b000


---------------  P R O C E S S  ---------------

Threads class SMR info:
_java_thread_list=0x0000027a95a48de0, length=85, elements={
0x0000027aea458000, 0x0000027af8c28000, 0x0000027af8c31800, 0x0000027af8c42000,
0x0000027af8c43000, 0x0000027af9590800, 0x0000027af959b800, 0x0000027af8c8c000,
0x0000027af8c8d000, 0x0000027af9700800, 0x0000027afa1f6000, 0x0000027af99cb000,
0x0000027afb0df800, 0x0000027afb481800, 0x0000027afbc0c000, 0x0000027afab58800,
0x0000027afbb8b000, 0x0000027afa8e3800, 0x0000027afbc13000, 0x0000027afbc10800,
0x0000027afbc14000, 0x0000027afbc14800, 0x0000027afbc15800, 0x0000027afbc10000,
0x0000027afbc11800, 0x0000027afbc16800, 0x0000027afbc12000, 0x0000027afeaee800,
0x0000027afeaeb800, 0x0000027afeaea800, 0x0000027afeaed800, 0x0000027afeaef800,
0x0000027afeaf0000, 0x0000027afeaec000, 0x0000027afeaf6000, 0x0000027afeaf5000,
0x0000027afeaf4000, 0x0000027afeaf6800, 0x0000027afeaf1000, 0x0000027afeaf7800,
0x0000027afeaf2000, 0x0000027afeaf8800, 0x0000027afeaf2800, 0x0000027afeaf3800,
0x0000027aff106800, 0x0000027aff107800, 0x0000027aff108800, 0x0000027aff109000,
0x0000027aff105000, 0x0000027aff10a000, 0x0000027aff106000, 0x0000027aff104000,
0x0000027aff10f800, 0x0000027aff10b800, 0x0000027aff10c800, 0x0000027aff10d000,
0x0000027aff10e000, 0x0000027aff10f000, 0x0000027aff110800, 0x0000027aff10b000,
0x0000027aff111800, 0x0000027aff113000, 0x0000027aff112000, 0x0000027afca8e000,
0x0000027afca8f800, 0x0000027afca90800, 0x0000027afca8c800, 0x0000027afca8d800,
0x0000027afca8b000, 0x0000027afca91800, 0x0000027afca8b800, 0x0000027afca98000,
0x0000027afca92000, 0x0000027afca93000, 0x0000027afca99800, 0x0000027afca98800,
0x0000027afca96000, 0x0000027afca94800, 0x0000027afca97000, 0x0000027afca94000,
0x0000027afca95800, 0x0000027afd4ff800, 0x0000027afd4fe000, 0x0000027afd504800,
0x0000027af9862000
}

Java Threads: ( => current thread )
  0x0000027aea458000 JavaThread "main" [_thread_blocked, id=5116, stack(0x000000c5f0200000,0x000000c5f0300000)]
  0x0000027af8c28000 JavaThread "Reference Handler" daemon [_thread_blocked, id=7356, stack(0x000000c5f0900000,0x000000c5f0a00000)]
  0x0000027af8c31800 JavaThread "Finalizer" daemon [_thread_blocked, id=4124, stack(0x000000c5f0a00000,0x000000c5f0b00000)]
  0x0000027af8c42000 JavaThread "Signal Dispatcher" daemon [_thread_blocked, id=3264, stack(0x000000c5f0b00000,0x000000c5f0c00000)]
  0x0000027af8c43000 JavaThread "Attach Listener" daemon [_thread_blocked, id=11440, stack(0x000000c5f0c00000,0x000000c5f0d00000)]
  0x0000027af9590800 JavaThread "Service Thread" daemon [_thread_blocked, id=5740, stack(0x000000c5f0d00000,0x000000c5f0e00000)]
  0x0000027af959b800 JavaThread "C2 CompilerThread0" daemon [_thread_in_native, id=1436, stack(0x000000c5f0e00000,0x000000c5f0f00000)]
  0x0000027af8c8c000 JavaThread "C1 CompilerThread0" daemon [_thread_blocked, id=8312, stack(0x000000c5f0f00000,0x000000c5f1000000)]
  0x0000027af8c8d000 JavaThread "Sweeper thread" daemon [_thread_blocked, id=15672, stack(0x000000c5f1000000,0x000000c5f1100000)]
  0x0000027af9700800 JavaThread "Common-Cleaner" daemon [_thread_blocked, id=18280, stack(0x000000c5f1100000,0x000000c5f1200000)]
  0x0000027afa1f6000 JavaThread "Daemon health stats" [_thread_blocked, id=1748, stack(0x000000c5f1600000,0x000000c5f1700000)]
  0x0000027af99cb000 JavaThread "Incoming local TCP Connector on port 57047" [_thread_in_native, id=8804, stack(0x000000c5f1300000,0x000000c5f1400000)]
  0x0000027afb0df800 JavaThread "Daemon periodic checks" [_thread_blocked, id=9212, stack(0x000000c5f1700000,0x000000c5f1800000)]
  0x0000027afb481800 JavaThread "Daemon" [_thread_blocked, id=4108, stack(0x000000c5f1800000,0x000000c5f1900000)]
  0x0000027afbc0c000 JavaThread "Handler for socket connection from /127.0.0.1:57047 to /127.0.0.1:57048" [_thread_in_native, id=9352, stack(0x000000c5f1900000,0x000000c5f1a00000)]
  0x0000027afab58800 JavaThread "Cancel handler" [_thread_blocked, id=15736, stack(0x000000c5f1a00000,0x000000c5f1b00000)]
  0x0000027afbb8b000 JavaThread "Daemon worker" [_thread_blocked, id=13584, stack(0x000000c5f1b00000,0x000000c5f1c00000)]
  0x0000027afa8e3800 JavaThread "Asynchronous log dispatcher for DefaultDaemonConnection: socket connection from /127.0.0.1:57047 to /127.0.0.1:57048" [_thread_blocked, id=18856, stack(0x000000c5f1c00000,0x000000c5f1d00000)]
  0x0000027afbc13000 JavaThread "Daemon client event forwarder" [_thread_blocked, id=5128, stack(0x000000c5f1f00000,0x000000c5f2000000)]
  0x0000027afbc10800 JavaThread "Cache worker for journal cache (C:\Users\01-131202-034\.gradle\caches\journal-1)" [_thread_blocked, id=17136, stack(0x000000c5f2000000,0x000000c5f2100000)]
  0x0000027afbc14000 JavaThread "File lock request listener" [_thread_in_native, id=6884, stack(0x000000c5f2100000,0x000000c5f2200000)]
  0x0000027afbc14800 JavaThread "Cache worker for file hash cache (C:\Users\01-131202-034\.gradle\caches\8.0.1\fileHashes)" [_thread_blocked, id=13176, stack(0x000000c5f2200000,0x000000c5f2300000)]
  0x0000027afbc15800 JavaThread "File watcher server" daemon [_thread_in_native, id=2688, stack(0x000000c5f2300000,0x000000c5f2400000)]
  0x0000027afbc10000 JavaThread "File watcher consumer" daemon [_thread_blocked, id=8660, stack(0x000000c5f2400000,0x000000c5f2500000)]
  0x0000027afbc11800 JavaThread "Cache worker for checksums cache (E:\UI\android\.gradle\8.0.1\checksums)" [_thread_blocked, id=8572, stack(0x000000c5f2600000,0x000000c5f2700000)]
  0x0000027afbc16800 JavaThread "Cache worker for cache directory md-rule (C:\Users\01-131202-034\.gradle\caches\8.0.1\md-rule)" [_thread_blocked, id=13796, stack(0x000000c5f2700000,0x000000c5f2800000)]
  0x0000027afbc12000 JavaThread "Cache worker for file content cache (C:\Users\01-131202-034\.gradle\caches\8.0.1\fileContent)" [_thread_blocked, id=5056, stack(0x000000c5f2800000,0x000000c5f2900000)]
  0x0000027afeaee800 JavaThread "Cache worker for file hash cache (E:\UI\android\.gradle\8.0.1\fileHashes)" [_thread_blocked, id=10116, stack(0x000000c5f2900000,0x000000c5f2a00000)]
  0x0000027afeaeb800 JavaThread "Cache worker for cache directory md-supplier (C:\Users\01-131202-034\.gradle\caches\8.0.1\md-supplier)" [_thread_blocked, id=4328, stack(0x000000c5f2a00000,0x000000c5f2b00000)]
  0x0000027afeaea800 JavaThread "Cache worker for execution history cache (C:\Users\01-131202-034\.gradle\caches\8.0.1\executionHistory)" [_thread_blocked, id=4824, stack(0x000000c5f2500000,0x000000c5f2600000)]
  0x0000027afeaed800 JavaThread "jar transforms" [_thread_blocked, id=6656, stack(0x000000c5f2c00000,0x000000c5f2d00000)]
  0x0000027afeaef800 JavaThread "jar transforms Thread 2" [_thread_blocked, id=6564, stack(0x000000c5f2d00000,0x000000c5f2e00000)]
  0x0000027afeaf0000 JavaThread "jar transforms Thread 3" [_thread_blocked, id=14184, stack(0x000000c5f2e00000,0x000000c5f2f00000)]
  0x0000027afeaec000 JavaThread "jar transforms Thread 4" [_thread_blocked, id=12496, stack(0x000000c5f2f00000,0x000000c5f3000000)]
  0x0000027afeaf6000 JavaThread "Cache worker for kotlin-dsl (C:\Users\01-131202-034\.gradle\caches\8.0.1\kotlin-dsl)" [_thread_blocked, id=7564, stack(0x000000c5f3100000,0x000000c5f3200000)]
  0x0000027afeaf5000 JavaThread "Cache worker for dependencies-accessors (E:\UI\android\.gradle\8.0.1\dependencies-accessors)" [_thread_blocked, id=14376, stack(0x000000c5f3200000,0x000000c5f3300000)]
  0x0000027afeaf4000 JavaThread "Cache worker for Build Output Cleanup Cache (E:\UI\node_modules\@react-native\gradle-plugin\.gradle\buildOutputCleanup)" [_thread_blocked, id=5364, stack(0x000000c5f3300000,0x000000c5f3400000)]
  0x0000027afeaf6800 JavaThread "Unconstrained build operations" [_thread_blocked, id=11692, stack(0x000000c5f3400000,0x000000c5f3500000)]
  0x0000027afeaf1000 JavaThread "Unconstrained build operations Thread 2" [_thread_blocked, id=16532, stack(0x000000c5f3500000,0x000000c5f3600000)]
  0x0000027afeaf7800 JavaThread "Unconstrained build operations Thread 3" [_thread_blocked, id=11776, stack(0x000000c5f3600000,0x000000c5f3700000)]
  0x0000027afeaf2000 JavaThread "Unconstrained build operations Thread 4" [_thread_blocked, id=12044, stack(0x000000c5f3700000,0x000000c5f3800000)]
  0x0000027afeaf8800 JavaThread "Unconstrained build operations Thread 5" [_thread_blocked, id=16508, stack(0x000000c5f3800000,0x000000c5f3900000)]
  0x0000027afeaf2800 JavaThread "Unconstrained build operations Thread 6" [_thread_blocked, id=2896, stack(0x000000c5f3900000,0x000000c5f3a00000)]
  0x0000027afeaf3800 JavaThread "Unconstrained build operations Thread 7" [_thread_blocked, id=8532, stack(0x000000c5f3a00000,0x000000c5f3b00000)]
  0x0000027aff106800 JavaThread "Unconstrained build operations Thread 8" [_thread_blocked, id=17396, stack(0x000000c5f3b00000,0x000000c5f3c00000)]
  0x0000027aff107800 JavaThread "Unconstrained build operations Thread 9" [_thread_blocked, id=9940, stack(0x000000c5f3c00000,0x000000c5f3d00000)]
  0x0000027aff108800 JavaThread "Unconstrained build operations Thread 10" [_thread_blocked, id=12640, stack(0x000000c5f3d00000,0x000000c5f3e00000)]
  0x0000027aff109000 JavaThread "Unconstrained build operations Thread 11" [_thread_blocked, id=18456, stack(0x000000c5f3e00000,0x000000c5f3f00000)]
  0x0000027aff105000 JavaThread "Unconstrained build operations Thread 12" [_thread_blocked, id=4136, stack(0x000000c5f3f00000,0x000000c5f4000000)]
  0x0000027aff10a000 JavaThread "Unconstrained build operations Thread 13" [_thread_blocked, id=4216, stack(0x000000c5f4000000,0x000000c5f4100000)]
  0x0000027aff106000 JavaThread "Unconstrained build operations Thread 14" [_thread_blocked, id=13004, stack(0x000000c5f4100000,0x000000c5f4200000)]
  0x0000027aff104000 JavaThread "Unconstrained build operations Thread 15" [_thread_blocked, id=17716, stack(0x000000c5f4200000,0x000000c5f4300000)]
  0x0000027aff10f800 JavaThread "Unconstrained build operations Thread 16" [_thread_blocked, id=14952, stack(0x000000c5f4300000,0x000000c5f4400000)]
  0x0000027aff10b800 JavaThread "Unconstrained build operations Thread 17" [_thread_blocked, id=7268, stack(0x000000c5f4400000,0x000000c5f4500000)]
  0x0000027aff10c800 JavaThread "Unconstrained build operations Thread 18" [_thread_blocked, id=16600, stack(0x000000c5f4500000,0x000000c5f4600000)]
  0x0000027aff10d000 JavaThread "Unconstrained build operations Thread 19" [_thread_blocked, id=18316, stack(0x000000c5f4600000,0x000000c5f4700000)]
  0x0000027aff10e000 JavaThread "Unconstrained build operations Thread 20" [_thread_blocked, id=15888, stack(0x000000c5f4700000,0x000000c5f4800000)]
  0x0000027aff10f000 JavaThread "Unconstrained build operations Thread 21" [_thread_blocked, id=9848, stack(0x000000c5f4800000,0x000000c5f4900000)]
  0x0000027aff110800 JavaThread "Unconstrained build operations Thread 22" [_thread_blocked, id=12460, stack(0x000000c5f4900000,0x000000c5f4a00000)]
  0x0000027aff10b000 JavaThread "Unconstrained build operations Thread 23" [_thread_blocked, id=16372, stack(0x000000c5f4a00000,0x000000c5f4b00000)]
  0x0000027aff111800 JavaThread "Unconstrained build operations Thread 24" [_thread_blocked, id=15908, stack(0x000000c5f4b00000,0x000000c5f4c00000)]
  0x0000027aff113000 JavaThread "Unconstrained build operations Thread 25" [_thread_blocked, id=14312, stack(0x000000c5f4c00000,0x000000c5f4d00000)]
  0x0000027aff112000 JavaThread "Unconstrained build operations Thread 26" [_thread_blocked, id=10268, stack(0x000000c5f4d00000,0x000000c5f4e00000)]
  0x0000027afca8e000 JavaThread "Memory manager" [_thread_blocked, id=3912, stack(0x000000c5f4e00000,0x000000c5f4f00000)]
  0x0000027afca8f800 JavaThread "Cache worker for Build Output Cleanup Cache (E:\UI\android\.gradle\buildOutputCleanup)" [_thread_blocked, id=8652, stack(0x000000c5f4f00000,0x000000c5f5000000)]
  0x0000027afca90800 JavaThread "included builds" [_thread_blocked, id=9252, stack(0x000000c5f5000000,0x000000c5f5100000)]
  0x0000027afca8c800 JavaThread "Execution worker" [_thread_blocked, id=8448, stack(0x000000c5f5100000,0x000000c5f5200000)]
  0x0000027afca8d800 JavaThread "Execution worker Thread 2" [_thread_blocked, id=9876, stack(0x000000c5f5200000,0x000000c5f5300000)]
  0x0000027afca8b000 JavaThread "Execution worker Thread 3" [_thread_blocked, id=4112, stack(0x000000c5f5300000,0x000000c5f5400000)]
  0x0000027afca91800 JavaThread "Cache worker for execution history cache (E:\UI\node_modules\@react-native\gradle-plugin\.gradle\8.0.1\executionHistory)" [_thread_blocked, id=14484, stack(0x000000c5f5400000,0x000000c5f5500000)]
  0x0000027afca8b800 JavaThread "Unconstrained build operations Thread 27" [_thread_blocked, id=19276, stack(0x000000c5f5500000,0x000000c5f5600000)]
  0x0000027afca98000 JavaThread "Unconstrained build operations Thread 28" [_thread_blocked, id=12748, stack(0x000000c5f5600000,0x000000c5f5700000)]
  0x0000027afca92000 JavaThread "Unconstrained build operations Thread 29" [_thread_blocked, id=19060, stack(0x000000c5f5700000,0x000000c5f5800000)]
  0x0000027afca93000 JavaThread "Unconstrained build operations Thread 30" [_thread_blocked, id=7636, stack(0x000000c5f5800000,0x000000c5f5900000)]
  0x0000027afca99800 JavaThread "Unconstrained build operations Thread 31" [_thread_blocked, id=3056, stack(0x000000c5f5900000,0x000000c5f5a00000)]
  0x0000027afca98800 JavaThread "Unconstrained build operations Thread 32" [_thread_blocked, id=2992, stack(0x000000c5f5a00000,0x000000c5f5b00000)]
  0x0000027afca96000 JavaThread "Unconstrained build operations Thread 33" [_thread_blocked, id=6092, stack(0x000000c5f5b00000,0x000000c5f5c00000)]
  0x0000027afca94800 JavaThread "Unconstrained build operations Thread 34" [_thread_blocked, id=15532, stack(0x000000c5f5c00000,0x000000c5f5d00000)]
  0x0000027afca97000 JavaThread "Unconstrained build operations Thread 35" [_thread_blocked, id=16608, stack(0x000000c5f5d00000,0x000000c5f5e00000)]
  0x0000027afca94000 JavaThread "Unconstrained build operations Thread 36" [_thread_blocked, id=14896, stack(0x000000c5f5e00000,0x000000c5f5f00000)]
  0x0000027afca95800 JavaThread "Unconstrained build operations Thread 37" [_thread_blocked, id=1968, stack(0x000000c5f5f00000,0x000000c5f6000000)]
  0x0000027afd4ff800 JavaThread "Unconstrained build operations Thread 38" [_thread_blocked, id=10356, stack(0x000000c5f6000000,0x000000c5f6100000)]
  0x0000027afd4fe000 JavaThread "Unconstrained build operations Thread 39" [_thread_blocked, id=4796, stack(0x000000c5f6100000,0x000000c5f6200000)]
  0x0000027afd504800 JavaThread "Unconstrained build operations Thread 40" [_thread_blocked, id=2620, stack(0x000000c5f6200000,0x000000c5f6300000)]
  0x0000027af9862000 JavaThread "C2 CompilerThread1" daemon [_thread_blocked, id=1452, stack(0x000000c5eff00000,0x000000c5f0000000)]

Other Threads:
=>0x0000027af8c23000 VMThread "VM Thread" [stack: 0x000000c5f0800000,0x000000c5f0900000] [id=8644]
  0x0000027af9747000 WatcherThread [stack: 0x000000c5f1200000,0x000000c5f1300000] [id=7112]
  0x0000027aea46f000 GCTaskThread "GC Thread#0" [stack: 0x000000c5f0300000,0x000000c5f0400000] [id=5292]
  0x0000027afa0a5800 GCTaskThread "GC Thread#1" [stack: 0x000000c5f1400000,0x000000c5f1500000] [id=11204]
  0x0000027af9e35000 GCTaskThread "GC Thread#2" [stack: 0x000000c5f1500000,0x000000c5f1600000] [id=12268]
  0x0000027afc07d800 GCTaskThread "GC Thread#3" [stack: 0x000000c5f1e00000,0x000000c5f1f00000] [id=1852]
  0x0000027aea4a0000 ConcurrentGCThread "G1 Main Marker" [stack: 0x000000c5f0400000,0x000000c5f0500000] [id=15136]
  0x0000027aea4a2800 ConcurrentGCThread "G1 Conc#0" [stack: 0x000000c5f0500000,0x000000c5f0600000] [id=18008]
  0x0000027af8aa0800 ConcurrentGCThread "G1 Refine#0" [stack: 0x000000c5f0600000,0x000000c5f0700000] [id=4876]
  0x0000027af8aa1800 ConcurrentGCThread "G1 Young RemSet Sampling" [stack: 0x000000c5f0700000,0x000000c5f0800000] [id=5048]

Threads with active compile tasks:
C2 CompilerThread0   108757 13088       4       java.lang.String::split (324 bytes)
C2 CompilerThread1   108757 13117 % !   4       com.sun.beans.introspect.MethodInfo::get @ 34 (143 bytes)

VM state:at safepoint (normal execution)

VM Mutex/Monitor currently owned by a thread:  ([mutex/lock_event])
[0x0000027aea4558f0] Threads_lock - owner thread: 0x0000027af8c23000
[0x0000027aea454e40] Heap_lock - owner thread: 0x0000027afbb8b000

Heap address: 0x0000000080000000, size: 2048 MB, Compressed Oops mode: 32-bit
Narrow klass base: 0x0000000000000000, Narrow klass shift: 3
Compressed class space size: 528482304 Address: 0x0000000100000000

Heap:
 garbage-first heap   total 375808K, used 189933K [0x0000000080000000, 0x0000000100000000)
  region size 1024K, 6 young (6144K), 6 survivors (6144K)
 Metaspace       used 110501K, capacity 115081K, committed 115112K, reserved 616448K
  class space    used 14742K, capacity 16506K, committed 16536K, reserved 516096K
Heap Regions: E=young(eden), S=young(survivor), O=old, HS=humongous(starts), HC=humongous(continues), CS=collection set, F=free, A=archive, TAMS=top-at-mark-start (previous, next)
|   0|0x0000000080000000, 0x0000000080100000, 0x0000000080100000|100%| O|  |TAMS 0x0000000080100000, 0x0000000080100000| Untracked 
|   1|0x0000000080100000, 0x0000000080200000, 0x0000000080200000|100%| O|  |TAMS 0x0000000080200000, 0x0000000080200000| Untracked 
|   2|0x0000000080200000, 0x0000000080300000, 0x0000000080300000|100%|HS|  |TAMS 0x0000000080300000, 0x0000000080300000| Complete 
|   3|0x0000000080300000, 0x0000000080400000, 0x0000000080400000|100%|HC|  |TAMS 0x0000000080400000, 0x0000000080400000| Complete 
|   4|0x0000000080400000, 0x0000000080500000, 0x0000000080500000|100%|HC|  |TAMS 0x0000000080500000, 0x0000000080500000| Complete 
|   5|0x0000000080500000, 0x0000000080600000, 0x0000000080600000|100%|HC|  |TAMS 0x0000000080600000, 0x0000000080600000| Complete 
|   6|0x0000000080600000, 0x0000000080700000, 0x0000000080700000|100%| O|  |TAMS 0x0000000080700000, 0x0000000080700000| Untracked 
|   7|0x0000000080700000, 0x0000000080800000, 0x0000000080800000|100%| O|  |TAMS 0x0000000080800000, 0x0000000080800000| Untracked 
|   8|0x0000000080800000, 0x0000000080900000, 0x0000000080900000|100%| O|  |TAMS 0x0000000080900000, 0x0000000080900000| Untracked 
|   9|0x0000000080900000, 0x0000000080a00000, 0x0000000080a00000|100%| O|  |TAMS 0x0000000080a00000, 0x0000000080a00000| Untracked 
|  10|0x0000000080a00000, 0x0000000080b00000, 0x0000000080b00000|100%| O|  |TAMS 0x0000000080b00000, 0x0000000080b00000| Untracked 
|  11|0x0000000080b00000, 0x0000000080c00000, 0x0000000080c00000|100%| O|  |TAMS 0x0000000080c00000, 0x0000000080c00000| Untracked 
|  12|0x0000000080c00000, 0x0000000080d00000, 0x0000000080d00000|100%| O|  |TAMS 0x0000000080d00000, 0x0000000080d00000| Untracked 
|  13|0x0000000080d00000, 0x0000000080e00000, 0x0000000080e00000|100%| O|  |TAMS 0x0000000080e00000, 0x0000000080e00000| Untracked 
|  14|0x0000000080e00000, 0x0000000080f00000, 0x0000000080f00000|100%| O|  |TAMS 0x0000000080f00000, 0x0000000080f00000| Untracked 
|  15|0x0000000080f00000, 0x0000000081000000, 0x0000000081000000|100%| O|  |TAMS 0x0000000081000000, 0x0000000081000000| Untracked 
|  16|0x0000000081000000, 0x0000000081100000, 0x0000000081100000|100%| O|  |TAMS 0x0000000081100000, 0x0000000081100000| Untracked 
|  17|0x0000000081100000, 0x0000000081200000, 0x0000000081200000|100%| O|  |TAMS 0x0000000081200000, 0x0000000081200000| Untracked 
|  18|0x0000000081200000, 0x0000000081300000, 0x0000000081300000|100%| O|  |TAMS 0x0000000081300000, 0x0000000081300000| Untracked 
|  19|0x0000000081300000, 0x0000000081400000, 0x0000000081400000|100%| O|  |TAMS 0x0000000081400000, 0x0000000081400000| Untracked 
|  20|0x0000000081400000, 0x0000000081500000, 0x0000000081500000|100%| O|  |TAMS 0x0000000081500000, 0x0000000081500000| Untracked 
|  21|0x0000000081500000, 0x0000000081600000, 0x0000000081600000|100%| O|  |TAMS 0x0000000081600000, 0x0000000081600000| Untracked 
|  22|0x0000000081600000, 0x0000000081700000, 0x0000000081700000|100%| O|  |TAMS 0x0000000081700000, 0x0000000081700000| Untracked 
|  23|0x0000000081700000, 0x0000000081800000, 0x0000000081800000|100%| O|  |TAMS 0x0000000081800000, 0x0000000081800000| Untracked 
|  24|0x0000000081800000, 0x0000000081900000, 0x0000000081900000|100%| O|  |TAMS 0x0000000081900000, 0x0000000081900000| Untracked 
|  25|0x0000000081900000, 0x0000000081a00000, 0x0000000081a00000|100%| O|  |TAMS 0x0000000081a00000, 0x0000000081a00000| Untracked 
|  26|0x0000000081a00000, 0x0000000081b00000, 0x0000000081b00000|100%|HS|  |TAMS 0x0000000081b00000, 0x0000000081b00000| Complete 
|  27|0x0000000081b00000, 0x0000000081c00000, 0x0000000081c00000|100%|HC|  |TAMS 0x0000000081c00000, 0x0000000081c00000| Complete 
|  28|0x0000000081c00000, 0x0000000081d00000, 0x0000000081d00000|100%|HS|  |TAMS 0x0000000081d00000, 0x0000000081d00000| Complete 
|  29|0x0000000081d00000, 0x0000000081e00000, 0x0000000081e00000|100%|HC|  |TAMS 0x0000000081e00000, 0x0000000081e00000| Complete 
|  30|0x0000000081e00000, 0x0000000081f00000, 0x0000000081f00000|100%|HC|  |TAMS 0x0000000081f00000, 0x0000000081f00000| Complete 
|  31|0x0000000081f00000, 0x0000000082000000, 0x0000000082000000|100%|HC|  |TAMS 0x0000000082000000, 0x0000000082000000| Complete 
|  32|0x0000000082000000, 0x0000000082100000, 0x0000000082100000|100%| O|  |TAMS 0x0000000082100000, 0x0000000082100000| Untracked 
|  33|0x0000000082100000, 0x0000000082200000, 0x0000000082200000|100%| O|  |TAMS 0x0000000082200000, 0x0000000082200000| Untracked 
|  34|0x0000000082200000, 0x0000000082300000, 0x0000000082300000|100%| O|  |TAMS 0x0000000082300000, 0x0000000082300000| Untracked 
|  35|0x0000000082300000, 0x0000000082400000, 0x0000000082400000|100%| O|  |TAMS 0x0000000082400000, 0x0000000082400000| Untracked 
|  36|0x0000000082400000, 0x0000000082500000, 0x0000000082500000|100%| O|  |TAMS 0x0000000082500000, 0x0000000082500000| Untracked 
|  37|0x0000000082500000, 0x0000000082600000, 0x0000000082600000|100%| O|  |TAMS 0x0000000082600000, 0x0000000082600000| Untracked 
|  38|0x0000000082600000, 0x0000000082700000, 0x0000000082700000|100%| O|  |TAMS 0x0000000082700000, 0x0000000082700000| Untracked 
|  39|0x0000000082700000, 0x0000000082800000, 0x0000000082800000|100%| O|  |TAMS 0x0000000082800000, 0x0000000082800000| Untracked 
|  40|0x0000000082800000, 0x0000000082900000, 0x0000000082900000|100%| O|  |TAMS 0x0000000082900000, 0x0000000082900000| Untracked 
|  41|0x0000000082900000, 0x0000000082a00000, 0x0000000082a00000|100%| O|  |TAMS 0x0000000082a00000, 0x0000000082a00000| Untracked 
|  42|0x0000000082a00000, 0x0000000082b00000, 0x0000000082b00000|100%| O|  |TAMS 0x0000000082b00000, 0x0000000082b00000| Untracked 
|  43|0x0000000082b00000, 0x0000000082c00000, 0x0000000082c00000|100%| O|  |TAMS 0x0000000082c00000, 0x0000000082c00000| Untracked 
|  44|0x0000000082c00000, 0x0000000082d00000, 0x0000000082d00000|100%| O|  |TAMS 0x0000000082d00000, 0x0000000082d00000| Untracked 
|  45|0x0000000082d00000, 0x0000000082e00000, 0x0000000082e00000|100%| O|  |TAMS 0x0000000082e00000, 0x0000000082e00000| Untracked 
|  46|0x0000000082e00000, 0x0000000082f00000, 0x0000000082f00000|100%| O|  |TAMS 0x0000000082f00000, 0x0000000082f00000| Untracked 
|  47|0x0000000082f00000, 0x0000000083000000, 0x0000000083000000|100%|HS|  |TAMS 0x0000000083000000, 0x0000000083000000| Complete 
|  48|0x0000000083000000, 0x0000000083100000, 0x0000000083100000|100%|HS|  |TAMS 0x0000000083100000, 0x0000000083100000| Complete 
|  49|0x0000000083100000, 0x0000000083200000, 0x0000000083200000|100%| O|  |TAMS 0x0000000083200000, 0x0000000083200000| Untracked 
|  50|0x0000000083200000, 0x0000000083300000, 0x0000000083300000|100%| O|  |TAMS 0x0000000083300000, 0x0000000083300000| Untracked 
|  51|0x0000000083300000, 0x0000000083400000, 0x0000000083400000|100%| O|  |TAMS 0x0000000083400000, 0x0000000083400000| Untracked 
|  52|0x0000000083400000, 0x0000000083500000, 0x0000000083500000|100%| O|  |TAMS 0x0000000083500000, 0x0000000083500000| Untracked 
|  53|0x0000000083500000, 0x0000000083600000, 0x0000000083600000|100%| O|  |TAMS 0x0000000083600000, 0x0000000083600000| Untracked 
|  54|0x0000000083600000, 0x0000000083700000, 0x0000000083700000|100%| O|  |TAMS 0x0000000083700000, 0x0000000083700000| Untracked 
|  55|0x0000000083700000, 0x0000000083800000, 0x0000000083800000|100%| O|  |TAMS 0x0000000083800000, 0x0000000083800000| Untracked 
|  56|0x0000000083800000, 0x0000000083900000, 0x0000000083900000|100%| O|  |TAMS 0x0000000083900000, 0x0000000083900000| Untracked 
|  57|0x0000000083900000, 0x0000000083a00000, 0x0000000083a00000|100%| O|  |TAMS 0x0000000083a00000, 0x0000000083a00000| Untracked 
|  58|0x0000000083a00000, 0x0000000083b00000, 0x0000000083b00000|100%| O|  |TAMS 0x0000000083b00000, 0x0000000083b00000| Untracked 
|  59|0x0000000083b00000, 0x0000000083c00000, 0x0000000083c00000|100%| O|  |TAMS 0x0000000083c00000, 0x0000000083c00000| Untracked 
|  60|0x0000000083c00000, 0x0000000083d00000, 0x0000000083d00000|100%| O|  |TAMS 0x0000000083d00000, 0x0000000083d00000| Untracked 
|  61|0x0000000083d00000, 0x0000000083e00000, 0x0000000083e00000|100%| O|  |TAMS 0x0000000083e00000, 0x0000000083e00000| Untracked 
|  62|0x0000000083e00000, 0x0000000083f00000, 0x0000000083f00000|100%| O|  |TAMS 0x0000000083f00000, 0x0000000083f00000| Untracked 
|  63|0x0000000083f00000, 0x0000000084000000, 0x0000000084000000|100%| O|  |TAMS 0x0000000084000000, 0x0000000084000000| Untracked 
|  64|0x0000000084000000, 0x0000000084100000, 0x0000000084100000|100%| O|  |TAMS 0x0000000084100000, 0x0000000084100000| Untracked 
|  65|0x0000000084100000, 0x0000000084200000, 0x0000000084200000|100%| O|  |TAMS 0x0000000084200000, 0x0000000084200000| Untracked 
|  66|0x0000000084200000, 0x0000000084300000, 0x0000000084300000|100%| O|  |TAMS 0x0000000084300000, 0x0000000084300000| Untracked 
|  67|0x0000000084300000, 0x0000000084400000, 0x0000000084400000|100%| O|  |TAMS 0x0000000084400000, 0x0000000084400000| Untracked 
|  68|0x0000000084400000, 0x0000000084500000, 0x0000000084500000|100%| O|  |TAMS 0x0000000084500000, 0x0000000084500000| Untracked 
|  69|0x0000000084500000, 0x0000000084600000, 0x0000000084600000|100%| O|  |TAMS 0x0000000084600000, 0x0000000084600000| Untracked 
|  70|0x0000000084600000, 0x0000000084700000, 0x0000000084700000|100%| O|  |TAMS 0x0000000084700000, 0x0000000084700000| Untracked 
|  71|0x0000000084700000, 0x0000000084800000, 0x0000000084800000|100%| O|  |TAMS 0x0000000084800000, 0x0000000084800000| Untracked 
|  72|0x0000000084800000, 0x0000000084900000, 0x0000000084900000|100%| O|  |TAMS 0x0000000084900000, 0x0000000084900000| Untracked 
|  73|0x0000000084900000, 0x0000000084a00000, 0x0000000084a00000|100%| O|  |TAMS 0x0000000084a00000, 0x0000000084a00000| Untracked 
|  74|0x0000000084a00000, 0x0000000084b00000, 0x0000000084b00000|100%| O|  |TAMS 0x0000000084b00000, 0x0000000084b00000| Untracked 
|  75|0x0000000084b00000, 0x0000000084c00000, 0x0000000084c00000|100%| O|  |TAMS 0x0000000084c00000, 0x0000000084c00000| Untracked 
|  76|0x0000000084c00000, 0x0000000084d00000, 0x0000000084d00000|100%| O|  |TAMS 0x0000000084d00000, 0x0000000084d00000| Untracked 
|  77|0x0000000084d00000, 0x0000000084e00000, 0x0000000084e00000|100%| O|  |TAMS 0x0000000084e00000, 0x0000000084e00000| Untracked 
|  78|0x0000000084e00000, 0x0000000084f00000, 0x0000000084f00000|100%| O|  |TAMS 0x0000000084f00000, 0x0000000084f00000| Untracked 
|  79|0x0000000084f00000, 0x0000000085000000, 0x0000000085000000|100%| O|  |TAMS 0x0000000085000000, 0x0000000085000000| Untracked 
|  80|0x0000000085000000, 0x0000000085100000, 0x0000000085100000|100%| O|  |TAMS 0x0000000085100000, 0x0000000085100000| Untracked 
|  81|0x0000000085100000, 0x0000000085200000, 0x0000000085200000|100%| O|  |TAMS 0x0000000085200000, 0x0000000085200000| Untracked 
|  82|0x0000000085200000, 0x0000000085300000, 0x0000000085300000|100%| O|  |TAMS 0x0000000085300000, 0x0000000085300000| Untracked 
|  83|0x0000000085300000, 0x0000000085400000, 0x0000000085400000|100%| O|  |TAMS 0x0000000085400000, 0x0000000085400000| Untracked 
|  84|0x0000000085400000, 0x0000000085500000, 0x0000000085500000|100%| O|  |TAMS 0x0000000085500000, 0x0000000085500000| Untracked 
|  85|0x0000000085500000, 0x0000000085600000, 0x0000000085600000|100%|HS|  |TAMS 0x0000000085600000, 0x0000000085600000| Complete 
|  86|0x0000000085600000, 0x0000000085700000, 0x0000000085700000|100%|HS|  |TAMS 0x0000000085700000, 0x0000000085700000| Complete 
|  87|0x0000000085700000, 0x0000000085800000, 0x0000000085800000|100%|HS|  |TAMS 0x0000000085800000, 0x0000000085800000| Complete 
|  88|0x0000000085800000, 0x0000000085900000, 0x0000000085900000|100%|HS|  |TAMS 0x0000000085900000, 0x0000000085900000| Complete 
|  89|0x0000000085900000, 0x0000000085a00000, 0x0000000085a00000|100%|HC|  |TAMS 0x0000000085a00000, 0x0000000085a00000| Complete 
|  90|0x0000000085a00000, 0x0000000085b00000, 0x0000000085b00000|100%|HC|  |TAMS 0x0000000085b00000, 0x0000000085b00000| Complete 
|  91|0x0000000085b00000, 0x0000000085c00000, 0x0000000085c00000|100%|HS|  |TAMS 0x0000000085c00000, 0x0000000085c00000| Complete 
|  92|0x0000000085c00000, 0x0000000085d00000, 0x0000000085d00000|100%|HC|  |TAMS 0x0000000085d00000, 0x0000000085d00000| Complete 
|  93|0x0000000085d00000, 0x0000000085e00000, 0x0000000085e00000|100%| O|  |TAMS 0x0000000085e00000, 0x0000000085e00000| Untracked 
|  94|0x0000000085e00000, 0x0000000085f00000, 0x0000000085f00000|100%| O|  |TAMS 0x0000000085f00000, 0x0000000085f00000| Untracked 
|  95|0x0000000085f00000, 0x0000000086000000, 0x0000000086000000|100%| O|  |TAMS 0x0000000086000000, 0x0000000086000000| Untracked 
|  96|0x0000000086000000, 0x0000000086100000, 0x0000000086100000|100%| O|  |TAMS 0x0000000086100000, 0x0000000086100000| Untracked 
|  97|0x0000000086100000, 0x0000000086200000, 0x0000000086200000|100%| O|  |TAMS 0x0000000086200000, 0x0000000086200000| Untracked 
|  98|0x0000000086200000, 0x0000000086300000, 0x0000000086300000|100%| O|  |TAMS 0x0000000086300000, 0x0000000086300000| Untracked 
|  99|0x0000000086300000, 0x0000000086400000, 0x0000000086400000|100%| O|  |TAMS 0x0000000086400000, 0x0000000086400000| Untracked 
| 100|0x0000000086400000, 0x0000000086500000, 0x0000000086500000|100%| O|  |TAMS 0x0000000086500000, 0x0000000086500000| Untracked 
| 101|0x0000000086500000, 0x0000000086600000, 0x0000000086600000|100%| O|  |TAMS 0x0000000086600000, 0x0000000086600000| Untracked 
| 102|0x0000000086600000, 0x0000000086700000, 0x0000000086700000|100%| O|  |TAMS 0x0000000086700000, 0x0000000086700000| Untracked 
| 103|0x0000000086700000, 0x0000000086800000, 0x0000000086800000|100%| O|  |TAMS 0x0000000086800000, 0x0000000086800000| Untracked 
| 104|0x0000000086800000, 0x0000000086900000, 0x0000000086900000|100%| O|  |TAMS 0x0000000086900000, 0x0000000086900000| Untracked 
| 105|0x0000000086900000, 0x0000000086a00000, 0x0000000086a00000|100%| O|  |TAMS 0x0000000086a00000, 0x0000000086a00000| Untracked 
| 106|0x0000000086a00000, 0x0000000086b00000, 0x0000000086b00000|100%| O|  |TAMS 0x0000000086b00000, 0x0000000086b00000| Untracked 
| 107|0x0000000086b00000, 0x0000000086c00000, 0x0000000086c00000|100%|HS|  |TAMS 0x0000000086c00000, 0x0000000086c00000| Complete 
| 108|0x0000000086c00000, 0x0000000086d00000, 0x0000000086d00000|100%|HS|  |TAMS 0x0000000086d00000, 0x0000000086d00000| Complete 
| 109|0x0000000086d00000, 0x0000000086e00000, 0x0000000086e00000|100%| O|  |TAMS 0x0000000086e00000, 0x0000000086e00000| Untracked 
| 110|0x0000000086e00000, 0x0000000086f00000, 0x0000000086f00000|100%| O|  |TAMS 0x0000000086f00000, 0x0000000086f00000| Untracked 
| 111|0x0000000086f00000, 0x0000000087000000, 0x0000000087000000|100%| O|  |TAMS 0x0000000087000000, 0x0000000087000000| Untracked 
| 112|0x0000000087000000, 0x0000000087100000, 0x0000000087100000|100%| O|  |TAMS 0x0000000087100000, 0x0000000087100000| Untracked 
| 113|0x0000000087100000, 0x0000000087200000, 0x0000000087200000|100%| O|  |TAMS 0x0000000087200000, 0x0000000087200000| Untracked 
| 114|0x0000000087200000, 0x0000000087300000, 0x0000000087300000|100%| O|  |TAMS 0x0000000087300000, 0x0000000087300000| Untracked 
| 115|0x0000000087300000, 0x0000000087400000, 0x0000000087400000|100%| O|  |TAMS 0x0000000087400000, 0x0000000087400000| Untracked 
| 116|0x0000000087400000, 0x0000000087500000, 0x0000000087500000|100%| O|  |TAMS 0x0000000087500000, 0x0000000087500000| Untracked 
| 117|0x0000000087500000, 0x0000000087600000, 0x0000000087600000|100%| O|  |TAMS 0x0000000087600000, 0x0000000087600000| Untracked 
| 118|0x0000000087600000, 0x0000000087700000, 0x0000000087700000|100%|HS|  |TAMS 0x0000000087700000, 0x0000000087700000| Complete 
| 119|0x0000000087700000, 0x0000000087800000, 0x0000000087800000|100%|HS|  |TAMS 0x0000000087800000, 0x0000000087800000| Complete 
| 120|0x0000000087800000, 0x0000000087900000, 0x0000000087900000|100%|HS|  |TAMS 0x0000000087900000, 0x0000000087900000| Complete 
| 121|0x0000000087900000, 0x0000000087a00000, 0x0000000087a00000|100%|HC|  |TAMS 0x0000000087a00000, 0x0000000087a00000| Complete 
| 122|0x0000000087a00000, 0x0000000087b00000, 0x0000000087b00000|100%|HC|  |TAMS 0x0000000087b00000, 0x0000000087b00000| Complete 
| 123|0x0000000087b00000, 0x0000000087c00000, 0x0000000087c00000|100%| O|  |TAMS 0x0000000087c00000, 0x0000000087c00000| Untracked 
| 124|0x0000000087c00000, 0x0000000087d00000, 0x0000000087d00000|100%| O|  |TAMS 0x0000000087d00000, 0x0000000087d00000| Untracked 
| 125|0x0000000087d00000, 0x0000000087e00000, 0x0000000087e00000|100%| O|  |TAMS 0x0000000087e00000, 0x0000000087e00000| Untracked 
| 126|0x0000000087e00000, 0x0000000087f00000, 0x0000000087f00000|100%| O|  |TAMS 0x0000000087f00000, 0x0000000087f00000| Untracked 
| 127|0x0000000087f00000, 0x0000000088000000, 0x0000000088000000|100%| O|  |TAMS 0x0000000088000000, 0x0000000088000000| Untracked 
| 128|0x0000000088000000, 0x0000000088100000, 0x0000000088100000|100%| O|  |TAMS 0x0000000088100000, 0x0000000088100000| Untracked 
| 129|0x0000000088100000, 0x0000000088200000, 0x0000000088200000|100%| O|  |TAMS 0x0000000088200000, 0x0000000088200000| Untracked 
| 130|0x0000000088200000, 0x0000000088300000, 0x0000000088300000|100%| O|  |TAMS 0x0000000088300000, 0x0000000088300000| Untracked 
| 131|0x0000000088300000, 0x0000000088400000, 0x0000000088400000|100%|HS|  |TAMS 0x0000000088400000, 0x0000000088400000| Complete 
| 132|0x0000000088400000, 0x0000000088500000, 0x0000000088500000|100%|HC|  |TAMS 0x0000000088500000, 0x0000000088500000| Complete 
| 133|0x0000000088500000, 0x0000000088600000, 0x0000000088600000|100%|HS|  |TAMS 0x0000000088600000, 0x0000000088600000| Complete 
| 134|0x0000000088600000, 0x0000000088700000, 0x0000000088700000|100%|HC|  |TAMS 0x0000000088700000, 0x0000000088700000| Complete 
| 135|0x0000000088700000, 0x0000000088800000, 0x0000000088800000|100%| O|  |TAMS 0x0000000088800000, 0x0000000088800000| Untracked 
| 136|0x0000000088800000, 0x0000000088900000, 0x0000000088900000|100%| O|  |TAMS 0x0000000088900000, 0x0000000088900000| Untracked 
| 137|0x0000000088900000, 0x0000000088a00000, 0x0000000088a00000|100%| O|  |TAMS 0x0000000088a00000, 0x0000000088a00000| Untracked 
| 138|0x0000000088a00000, 0x0000000088b00000, 0x0000000088b00000|100%| O|  |TAMS 0x0000000088b00000, 0x0000000088b00000| Untracked 
| 139|0x0000000088b00000, 0x0000000088c00000, 0x0000000088c00000|100%| O|  |TAMS 0x0000000088c00000, 0x0000000088c00000| Untracked 
| 140|0x0000000088c00000, 0x0000000088d00000, 0x0000000088d00000|100%| O|  |TAMS 0x0000000088d00000, 0x0000000088d00000| Untracked 
| 141|0x0000000088d00000, 0x0000000088e00000, 0x0000000088e00000|100%|HS|  |TAMS 0x0000000088e00000, 0x0000000088e00000| Complete 
| 142|0x0000000088e00000, 0x0000000088f00000, 0x0000000088f00000|100%|HS|  |TAMS 0x0000000088f00000, 0x0000000088f00000| Complete 
| 143|0x0000000088f00000, 0x0000000089000000, 0x0000000089000000|100%| O|  |TAMS 0x0000000089000000, 0x0000000089000000| Untracked 
| 144|0x0000000089000000, 0x0000000089100000, 0x0000000089100000|100%| O|  |TAMS 0x0000000089100000, 0x0000000089100000| Untracked 
| 145|0x0000000089100000, 0x0000000089200000, 0x0000000089200000|100%| O|  |TAMS 0x0000000089200000, 0x0000000089200000| Untracked 
| 146|0x0000000089200000, 0x0000000089300000, 0x0000000089300000|100%| O|  |TAMS 0x0000000089300000, 0x0000000089300000| Untracked 
| 147|0x0000000089300000, 0x0000000089400000, 0x0000000089400000|100%| O|  |TAMS 0x0000000089400000, 0x0000000089400000| Untracked 
| 148|0x0000000089400000, 0x0000000089500000, 0x0000000089500000|100%| O|  |TAMS 0x0000000089500000, 0x0000000089500000| Untracked 
| 149|0x0000000089500000, 0x0000000089600000, 0x0000000089600000|100%| O|  |TAMS 0x0000000089600000, 0x0000000089600000| Untracked 
| 150|0x0000000089600000, 0x0000000089700000, 0x0000000089700000|100%| O|  |TAMS 0x0000000089700000, 0x0000000089700000| Untracked 
| 151|0x0000000089700000, 0x0000000089800000, 0x0000000089800000|100%| O|  |TAMS 0x0000000089800000, 0x0000000089800000| Untracked 
| 152|0x0000000089800000, 0x0000000089900000, 0x0000000089900000|100%| O|  |TAMS 0x0000000089900000, 0x0000000089900000| Untracked 
| 153|0x0000000089900000, 0x0000000089a00000, 0x0000000089a00000|100%| O|  |TAMS 0x0000000089a00000, 0x0000000089a00000| Untracked 
| 154|0x0000000089a00000, 0x0000000089b00000, 0x0000000089b00000|100%| O|  |TAMS 0x0000000089b00000, 0x0000000089b00000| Untracked 
| 155|0x0000000089b00000, 0x0000000089c00000, 0x0000000089c00000|100%| O|  |TAMS 0x0000000089c00000, 0x0000000089c00000| Untracked 
| 156|0x0000000089c00000, 0x0000000089d00000, 0x0000000089d00000|100%| O|  |TAMS 0x0000000089d00000, 0x0000000089d00000| Untracked 
| 157|0x0000000089d00000, 0x0000000089e00000, 0x0000000089e00000|100%| O|  |TAMS 0x0000000089e00000, 0x0000000089e00000| Untracked 
| 158|0x0000000089e00000, 0x0000000089f00000, 0x0000000089f00000|100%| O|  |TAMS 0x0000000089f00000, 0x0000000089f00000| Untracked 
| 159|0x0000000089f00000, 0x000000008a000000, 0x000000008a000000|100%| O|  |TAMS 0x000000008a000000, 0x000000008a000000| Untracked 
| 160|0x000000008a000000, 0x000000008a100000, 0x000000008a100000|100%| O|  |TAMS 0x000000008a100000, 0x000000008a100000| Untracked 
| 161|0x000000008a100000, 0x000000008a200000, 0x000000008a200000|100%| O|  |TAMS 0x000000008a200000, 0x000000008a200000| Untracked 
| 162|0x000000008a200000, 0x000000008a300000, 0x000000008a300000|100%| O|  |TAMS 0x000000008a2d7400, 0x000000008a300000| Untracked 
| 163|0x000000008a300000, 0x000000008a400000, 0x000000008a400000|100%|HS|  |TAMS 0x000000008a300000, 0x000000008a400000| Complete 
| 164|0x000000008a400000, 0x000000008a500000, 0x000000008a500000|100%|HS|  |TAMS 0x000000008a400000, 0x000000008a500000| Complete 
| 165|0x000000008a500000, 0x000000008a600000, 0x000000008a600000|100%|HC|  |TAMS 0x000000008a500000, 0x000000008a600000| Complete 
| 166|0x000000008a600000, 0x000000008a700000, 0x000000008a700000|100%|HC|  |TAMS 0x000000008a600000, 0x000000008a700000| Complete 
| 167|0x000000008a700000, 0x000000008a800000, 0x000000008a800000|100%| O|  |TAMS 0x000000008a700000, 0x000000008a800000| Untracked 
| 168|0x000000008a800000, 0x000000008a900000, 0x000000008a900000|100%| O|  |TAMS 0x000000008a800000, 0x000000008a900000| Untracked 
| 169|0x000000008a900000, 0x000000008aa00000, 0x000000008aa00000|100%| O|  |TAMS 0x000000008a900000, 0x000000008aa00000| Untracked 
| 170|0x000000008aa00000, 0x000000008ab00000, 0x000000008ab00000|100%| O|  |TAMS 0x000000008aa00000, 0x000000008ab00000| Untracked 
| 171|0x000000008ab00000, 0x000000008ac00000, 0x000000008ac00000|100%| O|  |TAMS 0x000000008ab00000, 0x000000008ac00000| Untracked 
| 172|0x000000008ac00000, 0x000000008ad00000, 0x000000008ad00000|100%| O|  |TAMS 0x000000008ac00000, 0x000000008ad00000| Untracked 
| 173|0x000000008ad00000, 0x000000008ae00000, 0x000000008ae00000|100%| O|  |TAMS 0x000000008ad00000, 0x000000008ae00000| Untracked 
| 174|0x000000008ae00000, 0x000000008af00000, 0x000000008af00000|100%| O|  |TAMS 0x000000008ae00000, 0x000000008af00000| Untracked 
| 175|0x000000008af00000, 0x000000008b000000, 0x000000008b000000|100%| O|  |TAMS 0x000000008af00000, 0x000000008b000000| Untracked 
| 176|0x000000008b000000, 0x000000008b100000, 0x000000008b100000|100%| O|  |TAMS 0x000000008b000000, 0x000000008b100000| Untracked 
| 177|0x000000008b100000, 0x000000008b200000, 0x000000008b200000|100%| O|  |TAMS 0x000000008b100000, 0x000000008b200000| Untracked 
| 178|0x000000008b200000, 0x000000008b300000, 0x000000008b300000|100%| O|  |TAMS 0x000000008b200000, 0x000000008b300000| Untracked 
| 179|0x000000008b300000, 0x000000008b3ae200, 0x000000008b400000| 68%| O|  |TAMS 0x000000008b300000, 0x000000008b3ae200| Untracked 
| 180|0x000000008b400000, 0x000000008b400000, 0x000000008b500000|  0%| F|  |TAMS 0x000000008b400000, 0x000000008b400000| Untracked 
| 181|0x000000008b500000, 0x000000008b500000, 0x000000008b600000|  0%| F|  |TAMS 0x000000008b500000, 0x000000008b500000| Untracked 
| 182|0x000000008b600000, 0x000000008b600000, 0x000000008b700000|  0%| F|  |TAMS 0x000000008b600000, 0x000000008b600000| Untracked 
| 183|0x000000008b700000, 0x000000008b700000, 0x000000008b800000|  0%| F|  |TAMS 0x000000008b700000, 0x000000008b700000| Untracked 
| 184|0x000000008b800000, 0x000000008b800000, 0x000000008b900000|  0%| F|  |TAMS 0x000000008b800000, 0x000000008b800000| Untracked 
| 185|0x000000008b900000, 0x000000008b900000, 0x000000008ba00000|  0%| F|  |TAMS 0x000000008b900000, 0x000000008b900000| Untracked 
| 186|0x000000008ba00000, 0x000000008ba00000, 0x000000008bb00000|  0%| F|  |TAMS 0x000000008ba00000, 0x000000008ba00000| Untracked 
| 187|0x000000008bb00000, 0x000000008bb00000, 0x000000008bc00000|  0%| F|  |TAMS 0x000000008bb00000, 0x000000008bb00000| Untracked 
| 188|0x000000008bc00000, 0x000000008bc00000, 0x000000008bd00000|  0%| F|  |TAMS 0x000000008bc00000, 0x000000008bc00000| Untracked 
| 189|0x000000008bd00000, 0x000000008bd00000, 0x000000008be00000|  0%| F|  |TAMS 0x000000008bd00000, 0x000000008bd00000| Untracked 
| 190|0x000000008be00000, 0x000000008be00000, 0x000000008bf00000|  0%| F|  |TAMS 0x000000008be00000, 0x000000008be00000| Untracked 
| 191|0x000000008bf00000, 0x000000008bf00000, 0x000000008c000000|  0%| F|  |TAMS 0x000000008bf00000, 0x000000008bf00000| Untracked 
| 192|0x000000008c000000, 0x000000008c000000, 0x000000008c100000|  0%| F|  |TAMS 0x000000008c000000, 0x000000008c000000| Untracked 
| 193|0x000000008c100000, 0x000000008c100000, 0x000000008c200000|  0%| F|  |TAMS 0x000000008c100000, 0x000000008c100000| Untracked 
| 194|0x000000008c200000, 0x000000008c200000, 0x000000008c300000|  0%| F|  |TAMS 0x000000008c200000, 0x000000008c200000| Untracked 
| 195|0x000000008c300000, 0x000000008c300000, 0x000000008c400000|  0%| F|  |TAMS 0x000000008c300000, 0x000000008c300000| Untracked 
| 196|0x000000008c400000, 0x000000008c400000, 0x000000008c500000|  0%| F|  |TAMS 0x000000008c400000, 0x000000008c400000| Untracked 
| 197|0x000000008c500000, 0x000000008c500000, 0x000000008c600000|  0%| F|  |TAMS 0x000000008c500000, 0x000000008c500000| Untracked 
| 198|0x000000008c600000, 0x000000008c600000, 0x000000008c700000|  0%| F|  |TAMS 0x000000008c600000, 0x000000008c600000| Untracked 
| 199|0x000000008c700000, 0x000000008c700000, 0x000000008c800000|  0%| F|  |TAMS 0x000000008c700000, 0x000000008c700000| Untracked 
| 200|0x000000008c800000, 0x000000008c800000, 0x000000008c900000|  0%| F|  |TAMS 0x000000008c800000, 0x000000008c800000| Untracked 
| 201|0x000000008c900000, 0x000000008c900000, 0x000000008ca00000|  0%| F|  |TAMS 0x000000008c900000, 0x000000008c900000| Untracked 
| 202|0x000000008ca00000, 0x000000008ca00000, 0x000000008cb00000|  0%| F|  |TAMS 0x000000008ca00000, 0x000000008ca00000| Untracked 
| 203|0x000000008cb00000, 0x000000008cb00000, 0x000000008cc00000|  0%| F|  |TAMS 0x000000008cb00000, 0x000000008cb00000| Untracked 
| 204|0x000000008cc00000, 0x000000008cc00000, 0x000000008cd00000|  0%| F|  |TAMS 0x000000008cc00000, 0x000000008cc00000| Untracked 
| 205|0x000000008cd00000, 0x000000008cd00000, 0x000000008ce00000|  0%| F|  |TAMS 0x000000008cd00000, 0x000000008cd00000| Untracked 
| 206|0x000000008ce00000, 0x000000008ce00000, 0x000000008cf00000|  0%| F|  |TAMS 0x000000008ce00000, 0x000000008ce00000| Untracked 
| 207|0x000000008cf00000, 0x000000008cf00000, 0x000000008d000000|  0%| F|  |TAMS 0x000000008cf00000, 0x000000008cf00000| Untracked 
| 208|0x000000008d000000, 0x000000008d000000, 0x000000008d100000|  0%| F|  |TAMS 0x000000008d000000, 0x000000008d000000| Untracked 
| 209|0x000000008d100000, 0x000000008d100000, 0x000000008d200000|  0%| F|  |TAMS 0x000000008d100000, 0x000000008d100000| Untracked 
| 210|0x000000008d200000, 0x000000008d200000, 0x000000008d300000|  0%| F|  |TAMS 0x000000008d200000, 0x000000008d200000| Untracked 
| 211|0x000000008d300000, 0x000000008d300000, 0x000000008d400000|  0%| F|  |TAMS 0x000000008d300000, 0x000000008d300000| Untracked 
| 212|0x000000008d400000, 0x000000008d400000, 0x000000008d500000|  0%| F|  |TAMS 0x000000008d400000, 0x000000008d400000| Untracked 
| 213|0x000000008d500000, 0x000000008d500000, 0x000000008d600000|  0%| F|  |TAMS 0x000000008d500000, 0x000000008d500000| Untracked 
| 214|0x000000008d600000, 0x000000008d600000, 0x000000008d700000|  0%| F|  |TAMS 0x000000008d600000, 0x000000008d600000| Untracked 
| 215|0x000000008d700000, 0x000000008d700000, 0x000000008d800000|  0%| F|  |TAMS 0x000000008d700000, 0x000000008d700000| Untracked 
| 216|0x000000008d800000, 0x000000008d800000, 0x000000008d900000|  0%| F|  |TAMS 0x000000008d800000, 0x000000008d800000| Untracked 
| 217|0x000000008d900000, 0x000000008d900000, 0x000000008da00000|  0%| F|  |TAMS 0x000000008d900000, 0x000000008d900000| Untracked 
| 218|0x000000008da00000, 0x000000008da00000, 0x000000008db00000|  0%| F|  |TAMS 0x000000008da00000, 0x000000008da00000| Untracked 
| 219|0x000000008db00000, 0x000000008db00000, 0x000000008dc00000|  0%| F|  |TAMS 0x000000008db00000, 0x000000008db00000| Untracked 
| 220|0x000000008dc00000, 0x000000008dc00000, 0x000000008dd00000|  0%| F|  |TAMS 0x000000008dc00000, 0x000000008dc00000| Untracked 
| 221|0x000000008dd00000, 0x000000008dd00000, 0x000000008de00000|  0%| F|  |TAMS 0x000000008dd00000, 0x000000008dd00000| Untracked 
| 222|0x000000008de00000, 0x000000008de00000, 0x000000008df00000|  0%| F|  |TAMS 0x000000008de00000, 0x000000008de00000| Untracked 
| 223|0x000000008df00000, 0x000000008df00000, 0x000000008e000000|  0%| F|  |TAMS 0x000000008df00000, 0x000000008df00000| Untracked 
| 224|0x000000008e000000, 0x000000008e000000, 0x000000008e100000|  0%| F|  |TAMS 0x000000008e000000, 0x000000008e000000| Untracked 
| 225|0x000000008e100000, 0x000000008e100000, 0x000000008e200000|  0%| F|  |TAMS 0x000000008e100000, 0x000000008e100000| Untracked 
| 226|0x000000008e200000, 0x000000008e200000, 0x000000008e300000|  0%| F|  |TAMS 0x000000008e200000, 0x000000008e200000| Untracked 
| 227|0x000000008e300000, 0x000000008e300000, 0x000000008e400000|  0%| F|  |TAMS 0x000000008e300000, 0x000000008e300000| Untracked 
| 228|0x000000008e400000, 0x000000008e400000, 0x000000008e500000|  0%| F|  |TAMS 0x000000008e400000, 0x000000008e400000| Untracked 
| 229|0x000000008e500000, 0x000000008e500000, 0x000000008e600000|  0%| F|  |TAMS 0x000000008e500000, 0x000000008e500000| Untracked 
| 230|0x000000008e600000, 0x000000008e600000, 0x000000008e700000|  0%| F|  |TAMS 0x000000008e600000, 0x000000008e600000| Untracked 
| 231|0x000000008e700000, 0x000000008e7cd500, 0x000000008e800000| 80%| S|CS|TAMS 0x000000008e700000, 0x000000008e700000| Complete 
| 232|0x000000008e800000, 0x000000008e900000, 0x000000008e900000|100%| S|CS|TAMS 0x000000008e800000, 0x000000008e800000| Complete 
| 233|0x000000008e900000, 0x000000008ea00000, 0x000000008ea00000|100%| S|CS|TAMS 0x000000008e900000, 0x000000008e900000| Complete 
| 234|0x000000008ea00000, 0x000000008eb00000, 0x000000008eb00000|100%| S|CS|TAMS 0x000000008ea00000, 0x000000008ea00000| Complete 
| 235|0x000000008eb00000, 0x000000008eb00000, 0x000000008ec00000|  0%| F|  |TAMS 0x000000008eb00000, 0x000000008eb00000| Untracked 
| 236|0x000000008ec00000, 0x000000008ec00000, 0x000000008ed00000|  0%| F|  |TAMS 0x000000008ec00000, 0x000000008ec00000| Untracked 
| 237|0x000000008ed00000, 0x000000008ed00000, 0x000000008ee00000|  0%| F|  |TAMS 0x000000008ed00000, 0x000000008ed00000| Untracked 
| 238|0x000000008ee00000, 0x000000008ee00000, 0x000000008ef00000|  0%| F|  |TAMS 0x000000008ee00000, 0x000000008ee00000| Untracked 
| 239|0x000000008ef00000, 0x000000008ef00000, 0x000000008f000000|  0%| F|  |TAMS 0x000000008ef00000, 0x000000008ef00000| Untracked 
| 240|0x000000008f000000, 0x000000008f000000, 0x000000008f100000|  0%| F|  |TAMS 0x000000008f000000, 0x000000008f000000| Untracked 
| 241|0x000000008f100000, 0x000000008f200000, 0x000000008f200000|100%| S|CS|TAMS 0x000000008f100000, 0x000000008f100000| Complete 
| 242|0x000000008f200000, 0x000000008f300000, 0x000000008f300000|100%| S|CS|TAMS 0x000000008f200000, 0x000000008f200000| Complete 
| 243|0x000000008f300000, 0x000000008f300000, 0x000000008f400000|  0%| F|  |TAMS 0x000000008f300000, 0x000000008f300000| Untracked 
| 244|0x000000008f400000, 0x000000008f400000, 0x000000008f500000|  0%| F|  |TAMS 0x000000008f400000, 0x000000008f400000| Untracked 
| 245|0x000000008f500000, 0x000000008f500000, 0x000000008f600000|  0%| F|  |TAMS 0x000000008f500000, 0x000000008f500000| Untracked 
| 246|0x000000008f600000, 0x000000008f600000, 0x000000008f700000|  0%| F|  |TAMS 0x000000008f600000, 0x000000008f600000| Untracked 
| 247|0x000000008f700000, 0x000000008f700000, 0x000000008f800000|  0%| F|  |TAMS 0x000000008f700000, 0x000000008f700000| Untracked 
| 248|0x000000008f800000, 0x000000008f800000, 0x000000008f900000|  0%| F|  |TAMS 0x000000008f800000, 0x000000008f800000| Untracked 
| 249|0x000000008f900000, 0x000000008f900000, 0x000000008fa00000|  0%| F|  |TAMS 0x000000008f900000, 0x000000008f900000| Untracked 
| 250|0x000000008fa00000, 0x000000008fa00000, 0x000000008fb00000|  0%| F|  |TAMS 0x000000008fa00000, 0x000000008fa00000| Untracked 
| 251|0x000000008fb00000, 0x000000008fb00000, 0x000000008fc00000|  0%| F|  |TAMS 0x000000008fb00000, 0x000000008fb00000| Untracked 
| 252|0x000000008fc00000, 0x000000008fc00000, 0x000000008fd00000|  0%| F|  |TAMS 0x000000008fc00000, 0x000000008fc00000| Untracked 
| 253|0x000000008fd00000, 0x000000008fd00000, 0x000000008fe00000|  0%| F|  |TAMS 0x000000008fd00000, 0x000000008fd00000| Untracked 
| 254|0x000000008fe00000, 0x000000008fe00000, 0x000000008ff00000|  0%| F|  |TAMS 0x000000008fe00000, 0x000000008fe00000| Untracked 
| 255|0x000000008ff00000, 0x000000008ff00000, 0x0000000090000000|  0%| F|  |TAMS 0x000000008ff00000, 0x000000008ff00000| Untracked 
| 256|0x0000000090000000, 0x0000000090000000, 0x0000000090100000|  0%| F|  |TAMS 0x0000000090000000, 0x0000000090000000| Untracked 
| 257|0x0000000090100000, 0x0000000090100000, 0x0000000090200000|  0%| F|  |TAMS 0x0000000090100000, 0x0000000090100000| Untracked 
| 258|0x0000000090200000, 0x0000000090200000, 0x0000000090300000|  0%| F|  |TAMS 0x0000000090200000, 0x0000000090200000| Untracked 
| 259|0x0000000090300000, 0x0000000090300000, 0x0000000090400000|  0%| F|  |TAMS 0x0000000090300000, 0x0000000090300000| Untracked 
| 260|0x0000000090400000, 0x0000000090400000, 0x0000000090500000|  0%| F|  |TAMS 0x0000000090400000, 0x0000000090400000| Untracked 
| 261|0x0000000090500000, 0x0000000090500000, 0x0000000090600000|  0%| F|  |TAMS 0x0000000090500000, 0x0000000090500000| Untracked 
| 262|0x0000000090600000, 0x0000000090600000, 0x0000000090700000|  0%| F|  |TAMS 0x0000000090600000, 0x0000000090600000| Untracked 
| 263|0x0000000090700000, 0x0000000090700000, 0x0000000090800000|  0%| F|  |TAMS 0x0000000090700000, 0x0000000090700000| Untracked 
| 264|0x0000000090800000, 0x0000000090800000, 0x0000000090900000|  0%| F|  |TAMS 0x0000000090800000, 0x0000000090800000| Untracked 
| 265|0x0000000090900000, 0x0000000090900000, 0x0000000090a00000|  0%| F|  |TAMS 0x0000000090900000, 0x0000000090900000| Untracked 
| 266|0x0000000090a00000, 0x0000000090a00000, 0x0000000090b00000|  0%| F|  |TAMS 0x0000000090a00000, 0x0000000090a00000| Untracked 
| 267|0x0000000090b00000, 0x0000000090b00000, 0x0000000090c00000|  0%| F|  |TAMS 0x0000000090b00000, 0x0000000090b00000| Untracked 
| 268|0x0000000090c00000, 0x0000000090c00000, 0x0000000090d00000|  0%| F|  |TAMS 0x0000000090c00000, 0x0000000090c00000| Untracked 
| 269|0x0000000090d00000, 0x0000000090d00000, 0x0000000090e00000|  0%| F|  |TAMS 0x0000000090d00000, 0x0000000090d00000| Untracked 
| 270|0x0000000090e00000, 0x0000000090e00000, 0x0000000090f00000|  0%| F|  |TAMS 0x0000000090e00000, 0x0000000090e00000| Untracked 
| 271|0x0000000090f00000, 0x0000000090f00000, 0x0000000091000000|  0%| F|  |TAMS 0x0000000090f00000, 0x0000000090f00000| Untracked 
| 272|0x0000000091000000, 0x0000000091000000, 0x0000000091100000|  0%| F|  |TAMS 0x0000000091000000, 0x0000000091000000| Untracked 
| 273|0x0000000091100000, 0x0000000091100000, 0x0000000091200000|  0%| F|  |TAMS 0x0000000091100000, 0x0000000091100000| Untracked 
| 274|0x0000000091200000, 0x0000000091200000, 0x0000000091300000|  0%| F|  |TAMS 0x0000000091200000, 0x0000000091200000| Untracked 
| 275|0x0000000091300000, 0x0000000091300000, 0x0000000091400000|  0%| F|  |TAMS 0x0000000091300000, 0x0000000091300000| Untracked 
| 276|0x0000000091400000, 0x0000000091400000, 0x0000000091500000|  0%| F|  |TAMS 0x0000000091400000, 0x0000000091400000| Untracked 
| 277|0x0000000091500000, 0x0000000091500000, 0x0000000091600000|  0%| F|  |TAMS 0x0000000091500000, 0x0000000091500000| Untracked 
| 278|0x0000000091600000, 0x0000000091600000, 0x0000000091700000|  0%| F|  |TAMS 0x0000000091600000, 0x0000000091600000| Untracked 
| 279|0x0000000091700000, 0x0000000091700000, 0x0000000091800000|  0%| F|  |TAMS 0x0000000091700000, 0x0000000091700000| Untracked 
| 280|0x0000000091800000, 0x0000000091800000, 0x0000000091900000|  0%| F|  |TAMS 0x0000000091800000, 0x0000000091800000| Untracked 
| 281|0x0000000091900000, 0x0000000091900000, 0x0000000091a00000|  0%| F|  |TAMS 0x0000000091900000, 0x0000000091900000| Untracked 
| 282|0x0000000091a00000, 0x0000000091a00000, 0x0000000091b00000|  0%| F|  |TAMS 0x0000000091a00000, 0x0000000091a00000| Untracked 
| 283|0x0000000091b00000, 0x0000000091b00000, 0x0000000091c00000|  0%| F|  |TAMS 0x0000000091b00000, 0x0000000091b00000| Untracked 
| 284|0x0000000091c00000, 0x0000000091c00000, 0x0000000091d00000|  0%| F|  |TAMS 0x0000000091c00000, 0x0000000091c00000| Untracked 
| 285|0x0000000091d00000, 0x0000000091d00000, 0x0000000091e00000|  0%| F|  |TAMS 0x0000000091d00000, 0x0000000091d00000| Untracked 
| 286|0x0000000091e00000, 0x0000000091e00000, 0x0000000091f00000|  0%| F|  |TAMS 0x0000000091e00000, 0x0000000091e00000| Untracked 
| 287|0x0000000091f00000, 0x0000000091f00000, 0x0000000092000000|  0%| F|  |TAMS 0x0000000091f00000, 0x0000000091f00000| Untracked 
| 288|0x0000000092000000, 0x0000000092000000, 0x0000000092100000|  0%| F|  |TAMS 0x0000000092000000, 0x0000000092000000| Untracked 
| 289|0x0000000092100000, 0x0000000092100000, 0x0000000092200000|  0%| F|  |TAMS 0x0000000092100000, 0x0000000092100000| Untracked 
| 290|0x0000000092200000, 0x0000000092200000, 0x0000000092300000|  0%| F|  |TAMS 0x0000000092200000, 0x0000000092200000| Untracked 
| 291|0x0000000092300000, 0x0000000092300000, 0x0000000092400000|  0%| F|  |TAMS 0x0000000092300000, 0x0000000092300000| Untracked 

Card table byte_map: [0x0000027af1f40000,0x0000027af2340000] _byte_map_base: 0x0000027af1b40000

Marking Bits (Prev, Next): (CMBitMap*) 0x0000027aea497488, (CMBitMap*) 0x0000027aea4974c0
 Prev Bits: [0x0000027af2740000, 0x0000027af4740000)
 Next Bits: [0x0000027af4740000, 0x0000027af6740000)

Polling page: 0x0000027ae9c30000

Metaspace:

Usage:
  Non-class:     96.26 MB capacity,    93.51 MB ( 97%) used,     2.39 MB (  2%) free+waste,   373.56 KB ( <1%) overhead. 
      Class:     16.12 MB capacity,    14.40 MB ( 89%) used,     1.55 MB ( 10%) free+waste,   178.62 KB (  1%) overhead. 
       Both:    112.38 MB capacity,   107.91 MB ( 96%) used,     3.93 MB (  3%) free+waste,   552.19 KB ( <1%) overhead. 

Virtual space:
  Non-class space:       98.00 MB reserved,      96.27 MB ( 98%) committed 
      Class space:      504.00 MB reserved,      16.15 MB (  3%) committed 
             Both:      602.00 MB reserved,     112.41 MB ( 19%) committed 

Chunk freelists:
   Non-Class:  128 bytes
       Class:  768 bytes
        Both:  896 bytes

CodeHeap 'non-profiled nmethods': size=120064Kb used=8820Kb max_used=8820Kb free=111243Kb
 bounds [0x0000027a87ac0000, 0x0000027a88360000, 0x0000027a8f000000]
CodeHeap 'profiled nmethods': size=120000Kb used=28526Kb max_used=28526Kb free=91473Kb
 bounds [0x0000027a80590000, 0x0000027a82170000, 0x0000027a87ac0000]
CodeHeap 'non-nmethods': size=5696Kb used=2337Kb max_used=2381Kb free=3358Kb
 bounds [0x0000027a80000000, 0x0000027a80270000, 0x0000027a80590000]
 total_blobs=13816 nmethods=12855 adapters=872
 compilation: enabled
              stopped_count=0, restarted_count=0
 full_count=0

Compilation events (10 events):
Event: 108.549 Thread 0x0000027af8c8c000 nmethod 13112 0x0000027a82168690 code [0x0000027a82168a60, 0x0000027a8216a588]
Event: 108.549 Thread 0x0000027af8c8c000 13113       3       org.gradle.api.internal.collections.FilteredCollection::iterator (32 bytes)
Event: 108.549 Thread 0x0000027af8c8c000 nmethod 13113 0x0000027a8216ae10 code [0x0000027a8216afc0, 0x0000027a8216b258]
Event: 108.584 Thread 0x0000027af9862000 13114       4       java.util.Properties$LineReader::readLine (584 bytes)
Event: 108.589 Thread 0x0000027af8c8c000 13115       3       sun.net.www.protocol.jar.URLJarFile::isFileURL (52 bytes)
Event: 108.589 Thread 0x0000027af8c8c000 nmethod 13115 0x0000027a8216b390 code [0x0000027a8216b580, 0x0000027a8216b8d8]
Event: 108.642 Thread 0x0000027af9862000 nmethod 13114 0x0000027a8835b110 code [0x0000027a8835b300, 0x0000027a8835bf98]
Event: 108.643 Thread 0x0000027af9862000 13116       4       java.util.WeakHashMap::<init> (133 bytes)
Event: 108.668 Thread 0x0000027af9862000 nmethod 13116 0x0000027a8835c890 code [0x0000027a8835ca40, 0x0000027a8835cfb8]
Event: 108.672 Thread 0x0000027af9862000 13117 % !   4       com.sun.beans.introspect.MethodInfo::get @ 34 (143 bytes)

GC Heap History (10 events):
Event: 100.869 GC heap after
{Heap after GC invocations=57 (full 0):
 garbage-first heap   total 245760K, used 157121K [0x0000000080000000, 0x0000000100000000)
  region size 1024K, 3 young (3072K), 3 survivors (3072K)
 Metaspace       used 105059K, capacity 109183K, committed 109480K, reserved 610304K
  class space    used 14022K, capacity 15642K, committed 15768K, reserved 516096K
}
Event: 102.146 GC heap before
{Heap before GC invocations=57 (full 0):
 garbage-first heap   total 245760K, used 189889K [0x0000000080000000, 0x0000000100000000)
  region size 1024K, 35 young (35840K), 3 survivors (3072K)
 Metaspace       used 106484K, capacity 110587K, committed 110888K, reserved 612352K
  class space    used 14214K, capacity 15823K, committed 15896K, reserved 516096K
}
Event: 102.170 GC heap after
{Heap after GC invocations=58 (full 0):
 garbage-first heap   total 299008K, used 160136K [0x0000000080000000, 0x0000000100000000)
  region size 1024K, 5 young (5120K), 5 survivors (5120K)
 Metaspace       used 106484K, capacity 110587K, committed 110888K, reserved 612352K
  class space    used 14214K, capacity 15823K, committed 15896K, reserved 516096K
}
Event: 103.899 GC heap before
{Heap before GC invocations=59 (full 0):
 garbage-first heap   total 299008K, used 212360K [0x0000000080000000, 0x0000000100000000)
  region size 1024K, 56 young (57344K), 5 survivors (5120K)
 Metaspace       used 106697K, capacity 110829K, committed 110888K, reserved 612352K
  class space    used 14235K, capacity 15858K, committed 15896K, reserved 516096K
}
Event: 103.933 GC heap after
{Heap after GC invocations=60 (full 0):
 garbage-first heap   total 299008K, used 166320K [0x0000000080000000, 0x0000000100000000)
  region size 1024K, 7 young (7168K), 7 survivors (7168K)
 Metaspace       used 106697K, capacity 110829K, committed 110888K, reserved 612352K
  class space    used 14235K, capacity 15858K, committed 15896K, reserved 516096K
}
Event: 104.932 GC heap before
{Heap before GC invocations=60 (full 0):
 garbage-first heap   total 299008K, used 219568K [0x0000000080000000, 0x0000000100000000)
  region size 1024K, 59 young (60416K), 7 survivors (7168K)
 Metaspace       used 106755K, capacity 110832K, committed 110888K, reserved 612352K
  class space    used 14239K, capacity 15859K, committed 15896K, reserved 516096K
}
Event: 104.979 GC heap after
{Heap after GC invocations=61 (full 0):
 garbage-first heap   total 299008K, used 174550K [0x0000000080000000, 0x0000000100000000)
  region size 1024K, 8 young (8192K), 8 survivors (8192K)
 Metaspace       used 106755K, capacity 110832K, committed 110888K, reserved 612352K
  class space    used 14239K, capacity 15859K, committed 15896K, reserved 516096K
}
Event: 106.658 GC heap before
{Heap before GC invocations=62 (full 0):
 garbage-first heap   total 299008K, used 231894K [0x0000000080000000, 0x0000000100000000)
  region size 1024K, 59 young (60416K), 8 survivors (8192K)
 Metaspace       used 108445K, capacity 112760K, committed 112936K, reserved 614400K
  class space    used 14458K, capacity 16128K, committed 16152K, reserved 516096K
}
Event: 106.706 GC heap after
{Heap after GC invocations=63 (full 0):
 garbage-first heap   total 299008K, used 184624K [0x0000000080000000, 0x0000000100000000)
  region size 1024K, 6 young (6144K), 6 survivors (6144K)
 Metaspace       used 108445K, capacity 112760K, committed 112936K, reserved 614400K
  class space    used 14458K, capacity 16128K, committed 16152K, reserved 516096K
}
Event: 108.675 GC heap before
{Heap before GC invocations=63 (full 0):
 garbage-first heap   total 299008K, used 233776K [0x0000000080000000, 0x0000000100000000)
  region size 1024K, 55 young (56320K), 6 survivors (6144K)
 Metaspace       used 110501K, capacity 115081K, committed 115112K, reserved 616448K
  class space    used 14742K, capacity 16506K, committed 16536K, reserved 516096K
}

Deoptimization events (10 events):
Event: 100.980 Thread 0x0000027afbb8b000 Uncommon trap: reason=null_check action=make_not_entrant pc=0x0000027a88272a74 method=org.gradle.internal.instantiation.generator.AbstractClassGenerator.isPropertyType(Ljava/lang/Class;)Z @ 3 c2
Event: 101.018 Thread 0x0000027afbb8b000 Uncommon trap: reason=profile_predicate action=maybe_recompile pc=0x0000027a8825b664 method=java.util.regex.Pattern$BnM.optimize(Ljava/util/regex/Pattern$Node;)Ljava/util/regex/Pattern$Node; @ 67 c2
Event: 101.028 Thread 0x0000027afbb8b000 Uncommon trap: reason=profile_predicate action=maybe_recompile pc=0x0000027a8825b664 method=java.util.regex.Pattern$BnM.optimize(Ljava/util/regex/Pattern$Node;)Ljava/util/regex/Pattern$Node; @ 67 c2
Event: 101.100 Thread 0x0000027afbb8b000 Uncommon trap: reason=profile_predicate action=maybe_recompile pc=0x0000027a8825b664 method=java.util.regex.Pattern$BnM.optimize(Ljava/util/regex/Pattern$Node;)Ljava/util/regex/Pattern$Node; @ 67 c2
Event: 101.102 Thread 0x0000027afbb8b000 Uncommon trap: reason=profile_predicate action=maybe_recompile pc=0x0000027a8825b664 method=java.util.regex.Pattern$BnM.optimize(Ljava/util/regex/Pattern$Node;)Ljava/util/regex/Pattern$Node; @ 67 c2
Event: 101.568 Thread 0x0000027afbb8b000 Uncommon trap: reason=unstable_if action=reinterpret pc=0x0000027a87d5cefc method=jdk.internal.org.objectweb.asm.Type.getType([CI)Ljdk/internal/org/objectweb/asm/Type; @ 3 c2
Event: 102.474 Thread 0x0000027afbb8b000 Uncommon trap: reason=profile_predicate action=maybe_recompile pc=0x0000027a882ae050 method=groovy.lang.MetaClassImpl$MethodIndexAction.iterate()V @ 78 c2
Event: 102.474 Thread 0x0000027afbb8b000 Uncommon trap: reason=profile_predicate action=maybe_recompile pc=0x0000027a882ae050 method=groovy.lang.MetaClassImpl$MethodIndexAction.iterate()V @ 78 c2
Event: 102.497 Thread 0x0000027afbb8b000 Uncommon trap: reason=profile_predicate action=maybe_recompile pc=0x0000027a882ae050 method=groovy.lang.MetaClassImpl$MethodIndexAction.iterate()V @ 78 c2
Event: 102.500 Thread 0x0000027afbb8b000 Uncommon trap: reason=profile_predicate action=maybe_recompile pc=0x0000027a882ae050 method=groovy.lang.MetaClassImpl$MethodIndexAction.iterate()V @ 78 c2

Classes redefined (0 events):
No events

Internal exceptions (10 events):
Event: 107.676 Thread 0x0000027afbb8b000 Exception <a 'java/security/PrivilegedActionException'{0x0000000090a73b68}> (0x0000000090a73b68) thrown at [./open/src/hotspot/share/prims/jvm.cpp, line 1305]
Event: 107.676 Thread 0x0000027afbb8b000 Exception <a 'java/security/PrivilegedActionException'{0x0000000090a74e28}> (0x0000000090a74e28) thrown at [./open/src/hotspot/share/prims/jvm.cpp, line 1305]
Event: 108.623 Thread 0x0000027afbb8b000 Exception <a 'java/lang/ClassNotFoundException'{0x000000008f5a4750}: org/jetbrains/kotlin/gradle/targets/js/npm/DefaultNpmDependencyExtensionBeanInfo> (0x000000008f5a4750) thrown at [./open/src/hotspot/share/classfile/systemDictionary.cpp, line 226]
Event: 108.625 Thread 0x0000027afbb8b000 Exception <a 'java/lang/ClassNotFoundException'{0x000000008f5d26c0}: org/jetbrains/kotlin/gradle/targets/js/npm/DefaultNpmDependencyExtensionCustomizer> (0x000000008f5d26c0) thrown at [./open/src/hotspot/share/classfile/systemDictionary.cpp, line 226]
Event: 108.647 Thread 0x0000027afbb8b000 Exception <a 'java/lang/ClassNotFoundException'{0x000000008f494048}: org/jetbrains/kotlin/gradle/targets/js/npm/NpmDependencyExtensionKt$defaultNpmDependencyDelegate$1BeanInfo> (0x000000008f494048) thrown at [./open/src/hotspot/share/classfile/systemDicti
Event: 108.649 Thread 0x0000027afbb8b000 Exception <a 'java/lang/ClassNotFoundException'{0x000000008f4c22b8}: org/jetbrains/kotlin/gradle/targets/js/npm/NpmDependencyExtensionDelegateBeanInfo> (0x000000008f4c22b8) thrown at [./open/src/hotspot/share/classfile/systemDictionary.cpp, line 226]
Event: 108.655 Thread 0x0000027afbb8b000 Exception <a 'java/lang/ClassNotFoundException'{0x000000008f4f24c0}: org/jetbrains/kotlin/gradle/targets/js/npm/NpmDependencyExtensionDelegateCustomizer> (0x000000008f4f24c0) thrown at [./open/src/hotspot/share/classfile/systemDictionary.cpp, line 226]
Event: 108.659 Thread 0x0000027afbb8b000 Exception <a 'java/lang/ClassNotFoundException'{0x000000008f341c28}: org/jetbrains/kotlin/gradle/targets/js/npm/NpmDependencyExtensionKt$defaultNpmDependencyDelegate$1Customizer> (0x000000008f341c28) thrown at [./open/src/hotspot/share/classfile/systemDic
Event: 108.666 Thread 0x0000027afbb8b000 Exception <a 'java/lang/ClassNotFoundException'{0x000000008f3ad1d0}: org/jetbrains/kotlin/gradle/targets/js/npm/DefaultDevNpmDependencyExtensionBeanInfo> (0x000000008f3ad1d0) thrown at [./open/src/hotspot/share/classfile/systemDictionary.cpp, line 226]
Event: 108.671 Thread 0x0000027afbb8b000 Exception <a 'java/lang/ClassNotFoundException'{0x000000008f3dc2c0}: org/jetbrains/kotlin/gradle/targets/js/npm/DefaultDevNpmDependencyExtensionCustomizer> (0x000000008f3dc2c0) thrown at [./open/src/hotspot/share/classfile/systemDictionary.cpp, line 226]

Events (10 events):
Event: 108.659 loading class org/jetbrains/kotlin/gradle/targets/js/npm/NpmDependencyExtensionKt$defaultNpmDependencyDelegate$1Customizer done
Event: 108.662 loading class groovy/runtime/metaclass/org/jetbrains/kotlin/gradle/targets/js/npm/DefaultDevNpmDependencyExtensionMetaClass
Event: 108.662 loading class groovy/runtime/metaclass/org/jetbrains/kotlin/gradle/targets/js/npm/DefaultDevNpmDependencyExtensionMetaClass done
Event: 108.666 loading class org/jetbrains/kotlin/gradle/targets/js/npm/DefaultDevNpmDependencyExtensionBeanInfo
Event: 108.666 loading class org/jetbrains/kotlin/gradle/targets/js/npm/DefaultDevNpmDependencyExtensionBeanInfo done
Event: 108.671 loading class org/jetbrains/kotlin/gradle/targets/js/npm/DefaultDevNpmDependencyExtensionCustomizer
Event: 108.671 loading class org/jetbrains/kotlin/gradle/targets/js/npm/DefaultDevNpmDependencyExtensionCustomizer done
Event: 108.675 loading class groovy/runtime/metaclass/org/jetbrains/kotlin/gradle/targets/js/npm/DefaultPeerNpmDependencyExtensionMetaClass
Event: 108.675 loading class groovy/runtime/metaclass/org/jetbrains/kotlin/gradle/targets/js/npm/DefaultPeerNpmDependencyExtensionMetaClass done
Event: 108.675 Executing VM operation: G1CollectForAllocation


Dynamic libraries:
0x00007ff604be0000 - 0x00007ff604bf0000 	C:\Program Files\Java\jdk-11\bin\java.exe
0x00007ffd1fd90000 - 0x00007ffd1ff88000 	C:\Windows\SYSTEM32\ntdll.dll
0x00007ffd1f490000 - 0x00007ffd1f54d000 	C:\Windows\System32\KERNEL32.DLL
0x00007ffd1d4d0000 - 0x00007ffd1d7c6000 	C:\Windows\System32\KERNELBASE.dll
0x00007ffd1d9d0000 - 0x00007ffd1dad0000 	C:\Windows\System32\ucrtbase.dll
0x00007ffcfcad0000 - 0x00007ffcfcae9000 	C:\Program Files\Java\jdk-11\bin\jli.dll
0x00007ffcfacd0000 - 0x00007ffcfaceb000 	C:\Program Files\Java\jdk-11\bin\VCRUNTIME140.dll
0x00007ffd1f3c0000 - 0x00007ffd1f473000 	C:\Windows\System32\ADVAPI32.dll
0x00007ffd1f920000 - 0x00007ffd1f9be000 	C:\Windows\System32\msvcrt.dll
0x00007ffd1ee40000 - 0x00007ffd1eedf000 	C:\Windows\System32\sechost.dll
0x00007ffd1fc20000 - 0x00007ffd1fd46000 	C:\Windows\System32\RPCRT4.dll
0x00007ffd1d7d0000 - 0x00007ffd1d7f7000 	C:\Windows\System32\bcrypt.dll
0x00007ffd1e4c0000 - 0x00007ffd1e65e000 	C:\Windows\System32\USER32.dll
0x00007ffd1db20000 - 0x00007ffd1db42000 	C:\Windows\System32\win32u.dll
0x00007ffd1faa0000 - 0x00007ffd1facc000 	C:\Windows\System32\GDI32.dll
0x00007ffd00db0000 - 0x00007ffd0104a000 	C:\Windows\WinSxS\amd64_microsoft.windows.common-controls_6595b64144ccf1df_6.0.19041.3636_none_60b6a03d71f818d5\COMCTL32.dll
0x00007ffd1d8b0000 - 0x00007ffd1d9ca000 	C:\Windows\System32\gdi32full.dll
0x00007ffd1dd40000 - 0x00007ffd1dddd000 	C:\Windows\System32\msvcp_win.dll
0x00007ffd11840000 - 0x00007ffd1184a000 	C:\Windows\SYSTEM32\VERSION.dll
0x00007ffd1f9c0000 - 0x00007ffd1f9f0000 	C:\Windows\System32\IMM32.DLL
0x00007ffd14fd0000 - 0x00007ffd14fdc000 	C:\Program Files\Java\jdk-11\bin\vcruntime140_1.dll
0x00007ffce0610000 - 0x00007ffce069e000 	C:\Program Files\Java\jdk-11\bin\msvcp140.dll
0x00007ffcc61f0000 - 0x00007ffcc6d5d000 	C:\Program Files\Java\jdk-11\bin\server\jvm.dll
0x00007ffd1f480000 - 0x00007ffd1f488000 	C:\Windows\System32\PSAPI.DLL
0x00007ffd05050000 - 0x00007ffd05059000 	C:\Windows\SYSTEM32\WSOCK32.dll
0x00007ffd1f550000 - 0x00007ffd1f5bb000 	C:\Windows\System32\WS2_32.dll
0x00007ffd12f60000 - 0x00007ffd12f87000 	C:\Windows\SYSTEM32\WINMM.dll
0x00007ffd1b990000 - 0x00007ffd1b9a2000 	C:\Windows\SYSTEM32\kernel.appcore.dll
0x00007ffd13830000 - 0x00007ffd13840000 	C:\Program Files\Java\jdk-11\bin\verify.dll
0x00007ffd18640000 - 0x00007ffd18824000 	C:\Windows\SYSTEM32\DBGHELP.DLL
0x00007ffcf86d0000 - 0x00007ffcf8704000 	C:\Windows\SYSTEM32\dbgcore.DLL
0x00007ffd1db50000 - 0x00007ffd1dbd2000 	C:\Windows\System32\bcryptPrimitives.dll
0x00007ffcf4f90000 - 0x00007ffcf4fb8000 	C:\Program Files\Java\jdk-11\bin\java.dll
0x00007ffd0b0f0000 - 0x00007ffd0b0fa000 	C:\Program Files\Java\jdk-11\bin\jimage.dll
0x00007ffcfac70000 - 0x00007ffcfac87000 	C:\Program Files\Java\jdk-11\bin\zip.dll
0x00007ffd1e660000 - 0x00007ffd1eda5000 	C:\Windows\System32\SHELL32.dll
0x00007ffd17dd0000 - 0x00007ffd1856b000 	C:\Windows\SYSTEM32\windows.storage.dll
0x00007ffd1f5c0000 - 0x00007ffd1f914000 	C:\Windows\System32\combase.dll
0x00007ffd1cd40000 - 0x00007ffd1cd6d000 	C:\Windows\SYSTEM32\Wldp.dll
0x00007ffd1f9f0000 - 0x00007ffd1fa9d000 	C:\Windows\System32\SHCORE.dll
0x00007ffd1fb50000 - 0x00007ffd1fba5000 	C:\Windows\System32\shlwapi.dll
0x00007ffd1d390000 - 0x00007ffd1d3b5000 	C:\Windows\SYSTEM32\profapi.dll
0x00007ffcf5280000 - 0x00007ffcf5299000 	C:\Program Files\Java\jdk-11\bin\net.dll
0x00007ffd1c390000 - 0x00007ffd1c49a000 	C:\Windows\SYSTEM32\WINHTTP.dll
0x00007ffd1cac0000 - 0x00007ffd1cb2a000 	C:\Windows\system32\mswsock.dll
0x00007ffcf4980000 - 0x00007ffcf4992000 	C:\Program Files\Java\jdk-11\bin\nio.dll
0x00007ffcd3810000 - 0x00007ffcd3837000 	C:\Users\01-131202-034\.gradle\native\68d5fa5c4cc2d200863cafc0d521ce42e7d3e7ee720ec0a83991735586a16f82\windows-amd64\native-platform.dll
0x00007ffcdbb90000 - 0x00007ffcdbcd4000 	C:\Users\01-131202-034\.gradle\native\e376f236ea51e6404a007f0833ffe2c6e607c4080706a723a18a27aeea778392\windows-amd64\native-platform-file-events.dll
0x00007ffd063f0000 - 0x00007ffd063f9000 	C:\Program Files\Java\jdk-11\bin\management.dll
0x00007ffd05060000 - 0x00007ffd0506b000 	C:\Program Files\Java\jdk-11\bin\management_ext.dll
0x00007ffd1cd80000 - 0x00007ffd1cd98000 	C:\Windows\SYSTEM32\CRYPTSP.dll
0x00007ffd1c300000 - 0x00007ffd1c334000 	C:\Windows\system32\rsaenh.dll
0x00007ffd1d350000 - 0x00007ffd1d37e000 	C:\Windows\SYSTEM32\USERENV.dll
0x00007ffd1cc50000 - 0x00007ffd1cc5c000 	C:\Windows\SYSTEM32\CRYPTBASE.dll
0x00007ffd1c7d0000 - 0x00007ffd1c80b000 	C:\Windows\SYSTEM32\IPHLPAPI.DLL
0x00007ffd1fc10000 - 0x00007ffd1fc18000 	C:\Windows\System32\NSI.dll
0x00007ffd10390000 - 0x00007ffd103a7000 	C:\Windows\SYSTEM32\dhcpcsvc6.DLL
0x00007ffd10370000 - 0x00007ffd1038d000 	C:\Windows\SYSTEM32\dhcpcsvc.DLL
0x00007ffd1c810000 - 0x00007ffd1c8da000 	C:\Windows\SYSTEM32\DNSAPI.dll

dbghelp: loaded successfully - version: 4.0.5 - missing functions: none
symbol engine: initialized successfully - sym options: 0x614 - pdb path: .;C:\Program Files\Java\jdk-11\bin;C:\Windows\SYSTEM32;C:\Windows\WinSxS\amd64_microsoft.windows.common-controls_6595b64144ccf1df_6.0.19041.3636_none_60b6a03d71f818d5;C:\Program Files\Java\jdk-11\bin\server;C:\Users\01-131202-034\.gradle\native\68d5fa5c4cc2d200863cafc0d521ce42e7d3e7ee720ec0a83991735586a16f82\windows-amd64;C:\Users\01-131202-034\.gradle\native\e376f236ea51e6404a007f0833ffe2c6e607c4080706a723a18a27aeea778392\windows-amd64

VM Arguments:
jvm_args: -XX:MaxMetaspaceSize=512m --add-opens=java.base/java.util=ALL-UNNAMED --add-opens=java.base/java.lang=ALL-UNNAMED --add-opens=java.base/java.lang.invoke=ALL-UNNAMED --add-opens=java.prefs/java.util.prefs=ALL-UNNAMED --add-opens=java.base/java.nio.charset=ALL-UNNAMED --add-opens=java.base/java.net=ALL-UNNAMED --add-opens=java.base/java.util.concurrent.atomic=ALL-UNNAMED -Xmx2048m -Dfile.encoding=windows-1252 -Duser.country=US -Duser.language=en -Duser.variant 
java_command: org.gradle.launcher.daemon.bootstrap.GradleDaemon 8.0.1
java_class_path (initial): C:\Users\01-131202-034\.gradle\wrapper\dists\gradle-8.0.1-all\aro4hu1c3oeioove7l0i4i14o\gradle-8.0.1\lib\gradle-launcher-8.0.1.jar
Launcher Type: SUN_STANDARD

[Global flags]
     intx CICompilerCount                          = 3                                         {product} {ergonomic}
   size_t CompressedClassSpaceSize                 = 528482304                                 {product} {ergonomic}
     uint ConcGCThreads                            = 1                                         {product} {ergonomic}
     uint G1ConcRefinementThreads                  = 4                                         {product} {ergonomic}
   size_t G1HeapRegionSize                         = 1048576                                   {product} {ergonomic}
    uintx GCDrainStackTargetSize                   = 64                                        {product} {ergonomic}
   size_t InitialHeapSize                          = 134217728                                 {product} {ergonomic}
   size_t MarkStackSize                            = 4194304                                   {product} {ergonomic}
   size_t MaxHeapSize                              = 2147483648                                {product} {command line}
   size_t MaxMetaspaceSize                         = 536870912                                 {product} {command line}
   size_t MaxNewSize                               = 1287651328                                {product} {ergonomic}
   size_t MinHeapDeltaBytes                        = 1048576                                   {product} {ergonomic}
    uintx NonNMethodCodeHeapSize                   = 5830732                                {pd product} {ergonomic}
    uintx NonProfiledCodeHeapSize                  = 122913754                              {pd product} {ergonomic}
    uintx ProfiledCodeHeapSize                     = 122913754                              {pd product} {ergonomic}
    uintx ReservedCodeCacheSize                    = 251658240                              {pd product} {ergonomic}
     bool SegmentedCodeCache                       = true                                      {product} {ergonomic}
     bool UseCompressedClassPointers               = true                                 {lp64_product} {ergonomic}
     bool UseCompressedOops                        = true                                 {lp64_product} {ergonomic}
     bool UseG1GC                                  = true                                      {product} {ergonomic}
     bool UseLargePagesIndividualAllocation        = false                                  {pd product} {ergonomic}

Logging:
Log output configuration:
 #0: stdout all=warning uptime,level,tags
 #1: stderr all=off uptime,level,tags

Environment Variables:
JAVA_HOME=C:\Program Files\Java\jdk-11
CLASSPATH=E:\UI\android\\gradle\wrapper\gradle-wrapper.jar
PATH=E:\UI\node_modules\.bin;E:\UI\node_modules\.bin;E:\node_modules\.bin;C:\Users\01-131202-034\AppData\Roaming\npm\node_modules\npm\node_modules\@npmcli\run-script\lib\node-gyp-bin;C:\Program Files\Common Files\Oracle\Java\javapath;C:\Python311\Scripts\;C:\Python311\;C:\Windows\system32;C:\Windows;C:\Windows\System32\Wbem;C:\Windows\System32\WindowsPowerShell\v1.0\;C:\Windows\System32\OpenSSH\;C:\Program Files\nodejs\;C:\ProgramData\chocolatey\bin;C:\Users\01-131202-034\AppData\Local\Android\Sdk;C:\Users\01-131202-034\AppData\Local\Android\Sdk\platform-tools;C:\Program Files\Git\cmd;C:\Program Files\Java\jdk-11;C:\Users\01-131202-034\AppData\Local\Android\Sdk\emulator;C:\Users\01-131202-034\AppData\Local\Android\Sdk\build-tools;C:\Users\01-131202-034\AppData\Local\Android\Sdk\cmdline-tools;C:\Users\01-131202-034\AppData\Local\Android\Sdk\cmdline-tools\latest\bin;C:\Users\01-131202-034\AppData\Local\Android\Sdk\tools;C:\Users\01-131202-034\AppData\Local\Android\Sdk\tools;C:\Users\01-131202-034\AppData\Local\Microsoft\WindowsApps;C:\Users\01-131202-034\AppData\Roaming\npm;C:\Users\01-131202-034\AppData\Local\Android\Sdk\platform-tools;C:\Users\01-131202-034\AppData\Local\Android\Sdk\emulator;C:\Users\01-131202-034\AppData\Local\Android\Sdk\build-tools;C:\Users\01-131202-034\AppData\Local\Android\Sdk;C:\Users\01-131202-034\AppData\Local\Programs\Microsoft VS Code\bin;C:\Users\01-131202-034\AppData\Local\Android\Sdk\cmdline-tools;C:\Users\01-131202-034\AppData\Local\Android\Sdk\cmdline-tools\latest\bin;C:\Program Files\Java\jdk-11;
USERNAME=01-131202-034
OS=Windows_NT
PROCESSOR_IDENTIFIER=Intel64 Family 6 Model 78 Stepping 3, GenuineIntel



---------------  S Y S T E M  ---------------

OS: Windows 10 , 64 bit Build 19041 (10.0.19041.3636)
Hyper-V role detected

CPU:total 4 (initial active 4) (2 cores per cpu, 2 threads per core) family 6 model 78 stepping 3 microcode 0xf0, cmov, cx8, fxsr, mmx, sse, sse2, sse3, ssse3, sse4.1, sse4.2, popcnt, avx, avx2, aes, clmul, erms, rtm, 3dnowpref, lzcnt, ht, tsc, tscinvbit, bmi1, bmi2, adx, fma

Memory: 4k page, system-wide physical 8071M (895M free)
TotalPageFile size 16081M (AvailPageFile size 37M)
current process WorkingSet (physical memory assigned to process): 578M, peak: 579M
current process commit charge ("private bytes"): 646M, peak: 719M

vm_info: Java HotSpot(TM) 64-Bit Server VM (11.0.20+9-LTS-256) for windows-amd64 JRE (11.0.20+9-LTS-256), built on Jun 14 2023 10:34:22 by "mach5one" with MS VC++ 17.1 (VS2022)

END.
