#
# There is insufficient memory for the Java Runtime Environment to continue.
# Native memory allocation (malloc) failed to allocate 1362096 bytes for Chunk::new
# Possible reasons:
#   The system is out of physical RAM or swap space
#   The process is running with CompressedOops enabled, and the Java Heap may be blocking the growth of the native heap
# Possible solutions:
#   Reduce memory load on the system
#   Increase physical memory or swap space
#   Check if swap backing store is full
#   Decrease Java heap size (-Xmx/-Xms)
#   Decrease number of Java threads
#   Decrease Java thread stack sizes (-Xss)
#   Set larger code cache with -XX:ReservedCodeCacheSize=
#   JVM is running with Unscaled Compressed Oops mode in which the Java heap is
#     placed in the first 4GB address space. The Java Heap base address is the
#     maximum limit for the native heap growth. Please use -XX:HeapBaseMinAddress
#     to set the Java Heap base and to place the Java Heap above 4GB virtual address.
# This output file may be truncated or incomplete.
#
#  Out of Memory Error (./open/src/hotspot/share/memory/arena.cpp:197), pid=6096, tid=18528
#
# JRE version: Java(TM) SE Runtime Environment 18.9 (11.0.20+9) (build 11.0.20+9-LTS-256)
# Java VM: Java HotSpot(TM) 64-Bit Server VM 18.9 (11.0.20+9-LTS-256, mixed mode, tiered, compressed oops, g1 gc, windows-amd64)
# No core dump will be written. Minidumps are not enabled by default on client versions of Windows
#

---------------  S U M M A R Y ------------

Command Line: -XX:MaxMetaspaceSize=512m --add-opens=java.base/java.util=ALL-UNNAMED --add-opens=java.base/java.lang=ALL-UNNAMED --add-opens=java.base/java.lang.invoke=ALL-UNNAMED --add-opens=java.prefs/java.util.prefs=ALL-UNNAMED --add-opens=java.base/java.nio.charset=ALL-UNNAMED --add-opens=java.base/java.net=ALL-UNNAMED --add-opens=java.base/java.util.concurrent.atomic=ALL-UNNAMED -Xmx2048m -Dfile.encoding=windows-1252 -Duser.country=US -Duser.language=en -Duser.variant org.gradle.launcher.daemon.bootstrap.GradleDaemon 8.0.1

Host: Intel(R) Core(TM) i7-6600U CPU @ 2.60GHz, 4 cores, 7G,  Windows 10 , 64 bit Build 19041 (10.0.19041.3636)
Time: Tue Jan 30 14:13:51 2024 Pakistan Standard Time elapsed time: 484.195684 seconds (0d 0h 8m 4s)

---------------  T H R E A D  ---------------

Current thread (0x000001f8b7b00800):  JavaThread "C2 CompilerThread0" daemon [_thread_in_native, id=18528, stack(0x00000009e2400000,0x00000009e2500000)]


Current CompileTask:
C2: 484195 13635 % !   4       com.sun.beans.introspect.MethodInfo::get @ 34 (143 bytes)

Stack: [0x00000009e2400000,0x00000009e2500000]
Native frames: (J=compiled Java code, j=interpreted, Vv=VM code, C=native code)
V  [jvm.dll+0x6602ba]
V  [jvm.dll+0x7a32af]
V  [jvm.dll+0x7a4979]
V  [jvm.dll+0x7a5013]
V  [jvm.dll+0x258ef5]
V  [jvm.dll+0xb2a0c]
V  [jvm.dll+0xb2fcc]
V  [jvm.dll+0x36764f]
V  [jvm.dll+0x1a2992]
V  [jvm.dll+0x211d4d]
V  [jvm.dll+0x210bc8]
V  [jvm.dll+0x18cdb1]
V  [jvm.dll+0x220e59]
V  [jvm.dll+0x21f17c]
V  [jvm.dll+0x767061]
V  [jvm.dll+0x75f8e4]
V  [jvm.dll+0x65f165]
C  [ucrtbase.dll+0x21bb2]
C  [KERNEL32.DLL+0x17344]
C  [ntdll.dll+0x526b1]


---------------  P R O C E S S  ---------------

Threads class SMR info:
_java_thread_list=0x000001f8c45c37f0, length=84, elements={
0x000001f8999e9000, 0x000001f8b7197000, 0x000001f8b7198800, 0x000001f8b71af800,
0x000001f8b71b0800, 0x000001f8b71b1800, 0x000001f8b7b00800, 0x000001f8b7b01000,
0x000001f8b7b65800, 0x000001f8b7c61000, 0x000001f8b8dd5000, 0x000001f8b8546000,
0x000001f8b8db5000, 0x000001f8b8d97000, 0x000001f8b9f8a000, 0x000001f8b935a800,
0x000001f8ba8a0800, 0x000001f8b8dce000, 0x000001f8b8b3c800, 0x000001f8b8b39000,
0x000001f8b8b3e000, 0x000001f8b8b38000, 0x000001f8b8b3d000, 0x000001f8b8b3e800,
0x000001f8b8b3b800, 0x000001f8b8b3a000, 0x000001f8b8b3a800, 0x000001f8bb24a000,
0x000001f8bb24b000, 0x000001f8bb24c000, 0x000001f8bb24d800, 0x000001f8bb247800,
0x000001f8bb248800, 0x000001f8bb249800, 0x000001f8b8ac9800, 0x000001f8b8aca800,
0x000001f8b8ac4800, 0x000001f8b8acb000, 0x000001f8b8ac8000, 0x000001f8b8ac5800,
0x000001f8b8acc000, 0x000001f8b8ac8800, 0x000001f8b8ac6000, 0x000001f8b8acc800,
0x000001f8b8ac7000, 0x000001f8b8ad2800, 0x000001f8b8ad0000, 0x000001f8b8ad1800,
0x000001f8b8acd800, 0x000001f8b8ad3800, 0x000001f8b8ace800, 0x000001f8b8ad1000,
0x000001f8b8acf000, 0x000001f8ba286000, 0x000001f8ba282800, 0x000001f8ba281800,
0x000001f8ba283800, 0x000001f8ba280000, 0x000001f8ba284000, 0x000001f8ba285000,
0x000001f8ba286800, 0x000001f8ba281000, 0x000001f8ba287800, 0x000001f8ba28a000,
0x000001f8ba289000, 0x000001f8ba28e000, 0x000001f8ba28a800, 0x000001f8ba288000,
0x000001f8ba28e800, 0x000001f8ba28b800, 0x000001f8bae8f800, 0x000001f8bae8e000,
0x000001f8bae8e800, 0x000001f8bae90800, 0x000001f8bae91000, 0x000001f8bae92000,
0x000001f8bae8d000, 0x000001f8bae8c800, 0x000001f8bae93800, 0x000001f8bae94800,
0x000001f8bae93000, 0x000001f8bae9a000, 0x000001f8bae95800, 0x000001f8bae97800
}

Java Threads: ( => current thread )
  0x000001f8999e9000 JavaThread "main" [_thread_blocked, id=16800, stack(0x00000009e1800000,0x00000009e1900000)]
  0x000001f8b7197000 JavaThread "Reference Handler" daemon [_thread_blocked, id=19200, stack(0x00000009e1f00000,0x00000009e2000000)]
  0x000001f8b7198800 JavaThread "Finalizer" daemon [_thread_blocked, id=1900, stack(0x00000009e2000000,0x00000009e2100000)]
  0x000001f8b71af800 JavaThread "Signal Dispatcher" daemon [_thread_blocked, id=18096, stack(0x00000009e2100000,0x00000009e2200000)]
  0x000001f8b71b0800 JavaThread "Attach Listener" daemon [_thread_blocked, id=15328, stack(0x00000009e2200000,0x00000009e2300000)]
  0x000001f8b71b1800 JavaThread "Service Thread" daemon [_thread_blocked, id=1236, stack(0x00000009e2300000,0x00000009e2400000)]
=>0x000001f8b7b00800 JavaThread "C2 CompilerThread0" daemon [_thread_in_native, id=18528, stack(0x00000009e2400000,0x00000009e2500000)]
  0x000001f8b7b01000 JavaThread "C1 CompilerThread0" daemon [_thread_blocked, id=10404, stack(0x00000009e2500000,0x00000009e2600000)]
  0x000001f8b7b65800 JavaThread "Sweeper thread" daemon [_thread_blocked, id=14744, stack(0x00000009e2600000,0x00000009e2700000)]
  0x000001f8b7c61000 JavaThread "Common-Cleaner" daemon [_thread_blocked, id=15200, stack(0x00000009e2700000,0x00000009e2800000)]
  0x000001f8b8dd5000 JavaThread "Daemon health stats" [_thread_blocked, id=18196, stack(0x00000009e2b00000,0x00000009e2c00000)]
  0x000001f8b8546000 JavaThread "Incoming local TCP Connector on port 56586" [_thread_in_native, id=12892, stack(0x00000009e2c00000,0x00000009e2d00000)]
  0x000001f8b8db5000 JavaThread "Daemon periodic checks" [_thread_in_native, id=14740, stack(0x00000009e2d00000,0x00000009e2e00000)]
  0x000001f8b8d97000 JavaThread "Daemon" [_thread_blocked, id=10224, stack(0x00000009e2e00000,0x00000009e2f00000)]
  0x000001f8b9f8a000 JavaThread "Handler for socket connection from /127.0.0.1:56586 to /127.0.0.1:56587" [_thread_in_native, id=11572, stack(0x00000009e2f00000,0x00000009e3000000)]
  0x000001f8b935a800 JavaThread "Cancel handler" [_thread_blocked, id=15424, stack(0x00000009e3000000,0x00000009e3100000)]
  0x000001f8ba8a0800 JavaThread "Daemon worker" [_thread_in_Java, id=7624, stack(0x00000009e3100000,0x00000009e3200000)]
  0x000001f8b8dce000 JavaThread "Asynchronous log dispatcher for DefaultDaemonConnection: socket connection from /127.0.0.1:56586 to /127.0.0.1:56587" [_thread_blocked, id=16288, stack(0x00000009e3200000,0x00000009e3300000)]
  0x000001f8b8b3c800 JavaThread "Daemon client event forwarder" [_thread_blocked, id=19176, stack(0x00000009e3600000,0x00000009e3700000)]
  0x000001f8b8b39000 JavaThread "Cache worker for journal cache (C:\Users\01-131202-034\.gradle\caches\journal-1)" [_thread_blocked, id=2524, stack(0x00000009e3700000,0x00000009e3800000)]
  0x000001f8b8b3e000 JavaThread "File lock request listener" [_thread_in_native, id=624, stack(0x00000009e3800000,0x00000009e3900000)]
  0x000001f8b8b38000 JavaThread "Cache worker for file hash cache (C:\Users\01-131202-034\.gradle\caches\8.0.1\fileHashes)" [_thread_blocked, id=17176, stack(0x00000009e3900000,0x00000009e3a00000)]
  0x000001f8b8b3d000 JavaThread "File watcher server" daemon [_thread_in_native, id=13708, stack(0x00000009e3a00000,0x00000009e3b00000)]
  0x000001f8b8b3e800 JavaThread "File watcher consumer" daemon [_thread_blocked, id=6664, stack(0x00000009e3b00000,0x00000009e3c00000)]
  0x000001f8b8b3b800 JavaThread "Cache worker for checksums cache (E:\UI\android\.gradle\8.0.1\checksums)" [_thread_blocked, id=9032, stack(0x00000009e3c00000,0x00000009e3d00000)]
  0x000001f8b8b3a000 JavaThread "Cache worker for cache directory md-rule (C:\Users\01-131202-034\.gradle\caches\8.0.1\md-rule)" [_thread_blocked, id=16820, stack(0x00000009e3d00000,0x00000009e3e00000)]
  0x000001f8b8b3a800 JavaThread "Cache worker for file content cache (C:\Users\01-131202-034\.gradle\caches\8.0.1\fileContent)" [_thread_blocked, id=18164, stack(0x00000009e3e00000,0x00000009e3f00000)]
  0x000001f8bb24a000 JavaThread "Cache worker for file hash cache (E:\UI\android\.gradle\8.0.1\fileHashes)" [_thread_blocked, id=12996, stack(0x00000009e3f00000,0x00000009e4000000)]
  0x000001f8bb24b000 JavaThread "Cache worker for cache directory md-supplier (C:\Users\01-131202-034\.gradle\caches\8.0.1\md-supplier)" [_thread_blocked, id=14868, stack(0x00000009e4000000,0x00000009e4100000)]
  0x000001f8bb24c000 JavaThread "Cache worker for execution history cache (C:\Users\01-131202-034\.gradle\caches\8.0.1\executionHistory)" [_thread_blocked, id=10720, stack(0x00000009e4100000,0x00000009e4200000)]
  0x000001f8bb24d800 JavaThread "jar transforms" [_thread_blocked, id=12412, stack(0x00000009e4200000,0x00000009e4300000)]
  0x000001f8bb247800 JavaThread "jar transforms Thread 2" [_thread_blocked, id=6124, stack(0x00000009e4300000,0x00000009e4400000)]
  0x000001f8bb248800 JavaThread "jar transforms Thread 3" [_thread_blocked, id=9236, stack(0x00000009e4400000,0x00000009e4500000)]
  0x000001f8bb249800 JavaThread "jar transforms Thread 4" [_thread_blocked, id=10956, stack(0x00000009e4500000,0x00000009e4600000)]
  0x000001f8b8ac9800 JavaThread "Cache worker for kotlin-dsl (C:\Users\01-131202-034\.gradle\caches\8.0.1\kotlin-dsl)" [_thread_blocked, id=14844, stack(0x00000009e1700000,0x00000009e1800000)]
  0x000001f8b8aca800 JavaThread "Cache worker for dependencies-accessors (E:\UI\android\.gradle\8.0.1\dependencies-accessors)" [_thread_blocked, id=5556, stack(0x00000009e1600000,0x00000009e1700000)]
  0x000001f8b8ac4800 JavaThread "Cache worker for Build Output Cleanup Cache (E:\UI\node_modules\@react-native\gradle-plugin\.gradle\buildOutputCleanup)" [_thread_blocked, id=5628, stack(0x00000009e3300000,0x00000009e3400000)]
  0x000001f8b8acb000 JavaThread "Unconstrained build operations" [_thread_blocked, id=6716, stack(0x00000009e4b00000,0x00000009e4c00000)]
  0x000001f8b8ac8000 JavaThread "Unconstrained build operations Thread 2" [_thread_blocked, id=10432, stack(0x00000009e4c00000,0x00000009e4d00000)]
  0x000001f8b8ac5800 JavaThread "Unconstrained build operations Thread 3" [_thread_blocked, id=15160, stack(0x00000009e4d00000,0x00000009e4e00000)]
  0x000001f8b8acc000 JavaThread "Unconstrained build operations Thread 4" [_thread_blocked, id=2496, stack(0x00000009e4e00000,0x00000009e4f00000)]
  0x000001f8b8ac8800 JavaThread "Unconstrained build operations Thread 5" [_thread_blocked, id=8048, stack(0x00000009e4f00000,0x00000009e5000000)]
  0x000001f8b8ac6000 JavaThread "Unconstrained build operations Thread 6" [_thread_blocked, id=8064, stack(0x00000009e5000000,0x00000009e5100000)]
  0x000001f8b8acc800 JavaThread "Unconstrained build operations Thread 7" [_thread_blocked, id=3584, stack(0x00000009e5100000,0x00000009e5200000)]
  0x000001f8b8ac7000 JavaThread "Unconstrained build operations Thread 8" [_thread_blocked, id=14392, stack(0x00000009e5200000,0x00000009e5300000)]
  0x000001f8b8ad2800 JavaThread "Unconstrained build operations Thread 9" [_thread_blocked, id=11684, stack(0x00000009e5300000,0x00000009e5400000)]
  0x000001f8b8ad0000 JavaThread "Unconstrained build operations Thread 10" [_thread_blocked, id=15980, stack(0x00000009e5400000,0x00000009e5500000)]
  0x000001f8b8ad1800 JavaThread "Unconstrained build operations Thread 11" [_thread_blocked, id=19008, stack(0x00000009e5500000,0x00000009e5600000)]
  0x000001f8b8acd800 JavaThread "Unconstrained build operations Thread 12" [_thread_blocked, id=14896, stack(0x00000009e5600000,0x00000009e5700000)]
  0x000001f8b8ad3800 JavaThread "Unconstrained build operations Thread 13" [_thread_blocked, id=10064, stack(0x00000009e5700000,0x00000009e5800000)]
  0x000001f8b8ace800 JavaThread "Unconstrained build operations Thread 14" [_thread_blocked, id=5876, stack(0x00000009e5800000,0x00000009e5900000)]
  0x000001f8b8ad1000 JavaThread "Unconstrained build operations Thread 15" [_thread_blocked, id=13764, stack(0x00000009e5900000,0x00000009e5a00000)]
  0x000001f8b8acf000 JavaThread "Unconstrained build operations Thread 16" [_thread_blocked, id=16896, stack(0x00000009e5a00000,0x00000009e5b00000)]
  0x000001f8ba286000 JavaThread "Unconstrained build operations Thread 17" [_thread_blocked, id=3496, stack(0x00000009e5b00000,0x00000009e5c00000)]
  0x000001f8ba282800 JavaThread "Unconstrained build operations Thread 18" [_thread_blocked, id=12192, stack(0x00000009e5c00000,0x00000009e5d00000)]
  0x000001f8ba281800 JavaThread "Unconstrained build operations Thread 19" [_thread_blocked, id=12100, stack(0x00000009e5d00000,0x00000009e5e00000)]
  0x000001f8ba283800 JavaThread "Unconstrained build operations Thread 20" [_thread_blocked, id=6108, stack(0x00000009e5e00000,0x00000009e5f00000)]
  0x000001f8ba280000 JavaThread "Unconstrained build operations Thread 21" [_thread_blocked, id=15968, stack(0x00000009e5f00000,0x00000009e6000000)]
  0x000001f8ba284000 JavaThread "Unconstrained build operations Thread 22" [_thread_blocked, id=11456, stack(0x00000009e6000000,0x00000009e6100000)]
  0x000001f8ba285000 JavaThread "Unconstrained build operations Thread 23" [_thread_blocked, id=10776, stack(0x00000009e6100000,0x00000009e6200000)]
  0x000001f8ba286800 JavaThread "Unconstrained build operations Thread 24" [_thread_blocked, id=17704, stack(0x00000009e6200000,0x00000009e6300000)]
  0x000001f8ba281000 JavaThread "Unconstrained build operations Thread 25" [_thread_blocked, id=1664, stack(0x00000009e6300000,0x00000009e6400000)]
  0x000001f8ba287800 JavaThread "Unconstrained build operations Thread 26" [_thread_blocked, id=16184, stack(0x00000009e6400000,0x00000009e6500000)]
  0x000001f8ba28a000 JavaThread "Memory manager" [_thread_blocked, id=9904, stack(0x00000009e4700000,0x00000009e4800000)]
  0x000001f8ba289000 JavaThread "Cache worker for Build Output Cleanup Cache (E:\UI\android\.gradle\buildOutputCleanup)" [_thread_blocked, id=5264, stack(0x00000009e6500000,0x00000009e6600000)]
  0x000001f8ba28e000 JavaThread "Execution worker" [_thread_blocked, id=17044, stack(0x00000009e6800000,0x00000009e6900000)]
  0x000001f8ba28a800 JavaThread "Execution worker Thread 2" [_thread_blocked, id=4876, stack(0x00000009e6900000,0x00000009e6a00000)]
  0x000001f8ba288000 JavaThread "Execution worker Thread 3" [_thread_blocked, id=3988, stack(0x00000009e6a00000,0x00000009e6b00000)]
  0x000001f8ba28e800 JavaThread "Cache worker for execution history cache (E:\UI\node_modules\@react-native\gradle-plugin\.gradle\8.0.1\executionHistory)" [_thread_blocked, id=6500, stack(0x00000009e6b00000,0x00000009e6c00000)]
  0x000001f8ba28b800 JavaThread "Unconstrained build operations Thread 27" [_thread_blocked, id=3752, stack(0x00000009e6c00000,0x00000009e6d00000)]
  0x000001f8bae8f800 JavaThread "Unconstrained build operations Thread 28" [_thread_blocked, id=17400, stack(0x00000009e6d00000,0x00000009e6e00000)]
  0x000001f8bae8e000 JavaThread "Unconstrained build operations Thread 29" [_thread_blocked, id=15892, stack(0x00000009e6e00000,0x00000009e6f00000)]
  0x000001f8bae8e800 JavaThread "Unconstrained build operations Thread 30" [_thread_blocked, id=17900, stack(0x00000009e6f00000,0x00000009e7000000)]
  0x000001f8bae90800 JavaThread "Unconstrained build operations Thread 31" [_thread_blocked, id=10060, stack(0x00000009e7000000,0x00000009e7100000)]
  0x000001f8bae91000 JavaThread "Unconstrained build operations Thread 32" [_thread_blocked, id=13068, stack(0x00000009e7100000,0x00000009e7200000)]
  0x000001f8bae92000 JavaThread "Unconstrained build operations Thread 33" [_thread_blocked, id=3236, stack(0x00000009e7200000,0x00000009e7300000)]
  0x000001f8bae8d000 JavaThread "Unconstrained build operations Thread 34" [_thread_blocked, id=2060, stack(0x00000009e7300000,0x00000009e7400000)]
  0x000001f8bae8c800 JavaThread "Unconstrained build operations Thread 35" [_thread_blocked, id=5696, stack(0x00000009e7400000,0x00000009e7500000)]
  0x000001f8bae93800 JavaThread "Unconstrained build operations Thread 36" [_thread_blocked, id=10596, stack(0x00000009e7500000,0x00000009e7600000)]
  0x000001f8bae94800 JavaThread "Unconstrained build operations Thread 37" [_thread_blocked, id=14120, stack(0x00000009e7600000,0x00000009e7700000)]
  0x000001f8bae93000 JavaThread "Unconstrained build operations Thread 38" [_thread_blocked, id=17312, stack(0x00000009e7700000,0x00000009e7800000)]
  0x000001f8bae9a000 JavaThread "Unconstrained build operations Thread 39" [_thread_blocked, id=14980, stack(0x00000009e7800000,0x00000009e7900000)]
  0x000001f8bae95800 JavaThread "Unconstrained build operations Thread 40" [_thread_blocked, id=6956, stack(0x00000009e7900000,0x00000009e7a00000)]
  0x000001f8bae97800 JavaThread "File lock release action executor" [_thread_blocked, id=14788, stack(0x00000009e4600000,0x00000009e4700000)]

Other Threads:
  0x000001f8b7192000 VMThread "VM Thread" [stack: 0x00000009e1e00000,0x00000009e1f00000] [id=9848]
  0x000001f8b7ca8000 WatcherThread [stack: 0x00000009e2800000,0x00000009e2900000] [id=6496]
  0x000001f8999ff000 GCTaskThread "GC Thread#0" [stack: 0x00000009e1900000,0x00000009e1a00000] [id=14112]
  0x000001f8b7d44000 GCTaskThread "GC Thread#1" [stack: 0x00000009e2900000,0x00000009e2a00000] [id=5448]
  0x000001f8b7ebe800 GCTaskThread "GC Thread#2" [stack: 0x00000009e2a00000,0x00000009e2b00000] [id=8380]
  0x000001f8b87b8800 GCTaskThread "GC Thread#3" [stack: 0x00000009e3400000,0x00000009e3500000] [id=16048]
  0x000001f899a30800 ConcurrentGCThread "G1 Main Marker" [stack: 0x00000009e1a00000,0x00000009e1b00000] [id=13156]
  0x000001f899a33000 ConcurrentGCThread "G1 Conc#0" [stack: 0x00000009e1b00000,0x00000009e1c00000] [id=14996]
  0x000001f8b7010800 ConcurrentGCThread "G1 Refine#0" [stack: 0x00000009e1c00000,0x00000009e1d00000] [id=15664]
  0x000001f8b8b4f800 ConcurrentGCThread "G1 Refine#1" [stack: 0x00000009e3500000,0x00000009e3600000] [id=16056]
  0x000001f8b7011000 ConcurrentGCThread "G1 Young RemSet Sampling" [stack: 0x00000009e1d00000,0x00000009e1e00000] [id=12008]

Threads with active compile tasks:
C2 CompilerThread0   484298 13635 % !   4       com.sun.beans.introspect.MethodInfo::get @ 34 (143 bytes)

VM state:not at safepoint (normal execution)

VM Mutex/Monitor currently owned by a thread: None

Heap address: 0x0000000080000000, size: 2048 MB, Compressed Oops mode: 32-bit
Narrow klass base: 0x0000000000000000, Narrow klass shift: 3
Compressed class space size: 528482304 Address: 0x0000000100000000

Heap:
 garbage-first heap   total 253952K, used 210401K [0x0000000080000000, 0x0000000100000000)
  region size 1024K, 20 young (20480K), 4 survivors (4096K)
 Metaspace       used 115831K, capacity 120502K, committed 120552K, reserved 620544K
  class space    used 15429K, capacity 17242K, committed 17252K, reserved 516096K
Heap Regions: E=young(eden), S=young(survivor), O=old, HS=humongous(starts), HC=humongous(continues), CS=collection set, F=free, A=archive, TAMS=top-at-mark-start (previous, next)
|   0|0x0000000080000000, 0x0000000080100000, 0x0000000080100000|100%| O|  |TAMS 0x0000000080100000, 0x0000000080000000| Untracked 
|   1|0x0000000080100000, 0x0000000080200000, 0x0000000080200000|100%| O|  |TAMS 0x0000000080200000, 0x0000000080100000| Untracked 
|   2|0x0000000080200000, 0x0000000080300000, 0x0000000080300000|100%|HS|  |TAMS 0x0000000080300000, 0x0000000080200000| Complete 
|   3|0x0000000080300000, 0x0000000080400000, 0x0000000080400000|100%|HC|  |TAMS 0x0000000080400000, 0x0000000080300000| Complete 
|   4|0x0000000080400000, 0x0000000080500000, 0x0000000080500000|100%|HC|  |TAMS 0x0000000080500000, 0x0000000080400000| Complete 
|   5|0x0000000080500000, 0x0000000080600000, 0x0000000080600000|100%|HC|  |TAMS 0x0000000080600000, 0x0000000080500000| Complete 
|   6|0x0000000080600000, 0x0000000080700000, 0x0000000080700000|100%| O|  |TAMS 0x0000000080700000, 0x0000000080600000| Untracked 
|   7|0x0000000080700000, 0x0000000080800000, 0x0000000080800000|100%| O|  |TAMS 0x0000000080800000, 0x0000000080700000| Untracked 
|   8|0x0000000080800000, 0x0000000080900000, 0x0000000080900000|100%| O|  |TAMS 0x0000000080900000, 0x0000000080800000| Untracked 
|   9|0x0000000080900000, 0x0000000080a00000, 0x0000000080a00000|100%| O|  |TAMS 0x0000000080a00000, 0x0000000080900000| Untracked 
|  10|0x0000000080a00000, 0x0000000080b00000, 0x0000000080b00000|100%| O|  |TAMS 0x0000000080b00000, 0x0000000080a00000| Untracked 
|  11|0x0000000080b00000, 0x0000000080c00000, 0x0000000080c00000|100%| O|  |TAMS 0x0000000080c00000, 0x0000000080b00000| Untracked 
|  12|0x0000000080c00000, 0x0000000080d00000, 0x0000000080d00000|100%| O|  |TAMS 0x0000000080d00000, 0x0000000080c00000| Untracked 
|  13|0x0000000080d00000, 0x0000000080e00000, 0x0000000080e00000|100%| O|  |TAMS 0x0000000080e00000, 0x0000000080d00000| Untracked 
|  14|0x0000000080e00000, 0x0000000080f00000, 0x0000000080f00000|100%| O|  |TAMS 0x0000000080f00000, 0x0000000080e00000| Untracked 
|  15|0x0000000080f00000, 0x0000000081000000, 0x0000000081000000|100%| O|  |TAMS 0x0000000081000000, 0x0000000080f00000| Untracked 
|  16|0x0000000081000000, 0x0000000081100000, 0x0000000081100000|100%| O|  |TAMS 0x0000000081100000, 0x0000000081000000| Untracked 
|  17|0x0000000081100000, 0x0000000081200000, 0x0000000081200000|100%| O|  |TAMS 0x0000000081200000, 0x0000000081100000| Untracked 
|  18|0x0000000081200000, 0x0000000081300000, 0x0000000081300000|100%| O|  |TAMS 0x0000000081300000, 0x0000000081200000| Untracked 
|  19|0x0000000081300000, 0x0000000081400000, 0x0000000081400000|100%| O|  |TAMS 0x0000000081400000, 0x0000000081300000| Untracked 
|  20|0x0000000081400000, 0x0000000081500000, 0x0000000081500000|100%| O|  |TAMS 0x0000000081500000, 0x0000000081400000| Untracked 
|  21|0x0000000081500000, 0x0000000081600000, 0x0000000081600000|100%| O|  |TAMS 0x0000000081600000, 0x0000000081500000| Untracked 
|  22|0x0000000081600000, 0x0000000081700000, 0x0000000081700000|100%| O|  |TAMS 0x0000000081700000, 0x0000000081600000| Untracked 
|  23|0x0000000081700000, 0x0000000081800000, 0x0000000081800000|100%| O|  |TAMS 0x0000000081800000, 0x0000000081700000| Untracked 
|  24|0x0000000081800000, 0x0000000081900000, 0x0000000081900000|100%| O|  |TAMS 0x0000000081900000, 0x0000000081800000| Untracked 
|  25|0x0000000081900000, 0x0000000081a00000, 0x0000000081a00000|100%| O|  |TAMS 0x0000000081a00000, 0x0000000081900000| Untracked 
|  26|0x0000000081a00000, 0x0000000081b00000, 0x0000000081b00000|100%| O|  |TAMS 0x0000000081b00000, 0x0000000081a00000| Untracked 
|  27|0x0000000081b00000, 0x0000000081c00000, 0x0000000081c00000|100%| O|  |TAMS 0x0000000081c00000, 0x0000000081b00000| Untracked 
|  28|0x0000000081c00000, 0x0000000081d00000, 0x0000000081d00000|100%| O|  |TAMS 0x0000000081d00000, 0x0000000081c00000| Untracked 
|  29|0x0000000081d00000, 0x0000000081e00000, 0x0000000081e00000|100%| O|  |TAMS 0x0000000081e00000, 0x0000000081d00000| Untracked 
|  30|0x0000000081e00000, 0x0000000081f00000, 0x0000000081f00000|100%| O|  |TAMS 0x0000000081f00000, 0x0000000081e00000| Untracked 
|  31|0x0000000081f00000, 0x0000000082000000, 0x0000000082000000|100%| O|  |TAMS 0x0000000082000000, 0x0000000081f00000| Untracked 
|  32|0x0000000082000000, 0x0000000082100000, 0x0000000082100000|100%|HS|  |TAMS 0x0000000082100000, 0x0000000082000000| Complete 
|  33|0x0000000082100000, 0x0000000082200000, 0x0000000082200000|100%|HC|  |TAMS 0x0000000082200000, 0x0000000082100000| Complete 
|  34|0x0000000082200000, 0x0000000082300000, 0x0000000082300000|100%|HS|  |TAMS 0x0000000082300000, 0x0000000082200000| Complete 
|  35|0x0000000082300000, 0x0000000082400000, 0x0000000082400000|100%|HC|  |TAMS 0x0000000082400000, 0x0000000082300000| Complete 
|  36|0x0000000082400000, 0x0000000082500000, 0x0000000082500000|100%|HC|  |TAMS 0x0000000082500000, 0x0000000082400000| Complete 
|  37|0x0000000082500000, 0x0000000082600000, 0x0000000082600000|100%|HC|  |TAMS 0x0000000082600000, 0x0000000082500000| Complete 
|  38|0x0000000082600000, 0x0000000082700000, 0x0000000082700000|100%| O|  |TAMS 0x0000000082700000, 0x0000000082600000| Untracked 
|  39|0x0000000082700000, 0x0000000082800000, 0x0000000082800000|100%| O|  |TAMS 0x0000000082800000, 0x0000000082700000| Untracked 
|  40|0x0000000082800000, 0x0000000082900000, 0x0000000082900000|100%| O|  |TAMS 0x0000000082900000, 0x0000000082800000| Untracked 
|  41|0x0000000082900000, 0x0000000082a00000, 0x0000000082a00000|100%| O|  |TAMS 0x0000000082a00000, 0x0000000082900000| Untracked 
|  42|0x0000000082a00000, 0x0000000082b00000, 0x0000000082b00000|100%| O|  |TAMS 0x0000000082b00000, 0x0000000082a00000| Untracked 
|  43|0x0000000082b00000, 0x0000000082c00000, 0x0000000082c00000|100%| O|  |TAMS 0x0000000082c00000, 0x0000000082b00000| Untracked 
|  44|0x0000000082c00000, 0x0000000082d00000, 0x0000000082d00000|100%| O|  |TAMS 0x0000000082d00000, 0x0000000082c00000| Untracked 
|  45|0x0000000082d00000, 0x0000000082e00000, 0x0000000082e00000|100%| O|  |TAMS 0x0000000082e00000, 0x0000000082d00000| Untracked 
|  46|0x0000000082e00000, 0x0000000082f00000, 0x0000000082f00000|100%| O|  |TAMS 0x0000000082f00000, 0x0000000082e00000| Untracked 
|  47|0x0000000082f00000, 0x0000000083000000, 0x0000000083000000|100%| O|  |TAMS 0x0000000083000000, 0x0000000082f00000| Untracked 
|  48|0x0000000083000000, 0x0000000083100000, 0x0000000083100000|100%| O|  |TAMS 0x0000000083100000, 0x0000000083000000| Untracked 
|  49|0x0000000083100000, 0x0000000083200000, 0x0000000083200000|100%| O|  |TAMS 0x0000000083200000, 0x0000000083100000| Untracked 
|  50|0x0000000083200000, 0x0000000083300000, 0x0000000083300000|100%| O|  |TAMS 0x0000000083300000, 0x0000000083200000| Untracked 
|  51|0x0000000083300000, 0x0000000083400000, 0x0000000083400000|100%| O|  |TAMS 0x0000000083400000, 0x0000000083300000| Untracked 
|  52|0x0000000083400000, 0x0000000083500000, 0x0000000083500000|100%| O|  |TAMS 0x0000000083500000, 0x0000000083400000| Untracked 
|  53|0x0000000083500000, 0x0000000083600000, 0x0000000083600000|100%| O|  |TAMS 0x0000000083600000, 0x0000000083500000| Untracked 
|  54|0x0000000083600000, 0x0000000083700000, 0x0000000083700000|100%| O|  |TAMS 0x0000000083700000, 0x0000000083600000| Untracked 
|  55|0x0000000083700000, 0x0000000083800000, 0x0000000083800000|100%|HS|  |TAMS 0x0000000083800000, 0x0000000083700000| Complete 
|  56|0x0000000083800000, 0x0000000083900000, 0x0000000083900000|100%|HS|  |TAMS 0x0000000083900000, 0x0000000083800000| Complete 
|  57|0x0000000083900000, 0x0000000083a00000, 0x0000000083a00000|100%| O|  |TAMS 0x0000000083a00000, 0x0000000083900000| Untracked 
|  58|0x0000000083a00000, 0x0000000083b00000, 0x0000000083b00000|100%| O|  |TAMS 0x0000000083b00000, 0x0000000083a00000| Untracked 
|  59|0x0000000083b00000, 0x0000000083c00000, 0x0000000083c00000|100%| O|  |TAMS 0x0000000083c00000, 0x0000000083b00000| Untracked 
|  60|0x0000000083c00000, 0x0000000083d00000, 0x0000000083d00000|100%| O|  |TAMS 0x0000000083d00000, 0x0000000083c00000| Untracked 
|  61|0x0000000083d00000, 0x0000000083e00000, 0x0000000083e00000|100%| O|  |TAMS 0x0000000083e00000, 0x0000000083d00000| Untracked 
|  62|0x0000000083e00000, 0x0000000083f00000, 0x0000000083f00000|100%| O|  |TAMS 0x0000000083f00000, 0x0000000083e00000| Untracked 
|  63|0x0000000083f00000, 0x0000000084000000, 0x0000000084000000|100%| O|  |TAMS 0x0000000084000000, 0x0000000083f00000| Untracked 
|  64|0x0000000084000000, 0x0000000084100000, 0x0000000084100000|100%| O|  |TAMS 0x0000000084100000, 0x0000000084000000| Untracked 
|  65|0x0000000084100000, 0x0000000084200000, 0x0000000084200000|100%| O|  |TAMS 0x0000000084200000, 0x0000000084100000| Untracked 
|  66|0x0000000084200000, 0x0000000084300000, 0x0000000084300000|100%| O|  |TAMS 0x0000000084300000, 0x0000000084200000| Untracked 
|  67|0x0000000084300000, 0x0000000084400000, 0x0000000084400000|100%| O|  |TAMS 0x0000000084400000, 0x0000000084300000| Untracked 
|  68|0x0000000084400000, 0x0000000084500000, 0x0000000084500000|100%| O|  |TAMS 0x0000000084500000, 0x0000000084400000| Untracked 
|  69|0x0000000084500000, 0x0000000084600000, 0x0000000084600000|100%| O|  |TAMS 0x0000000084600000, 0x0000000084500000| Untracked 
|  70|0x0000000084600000, 0x0000000084700000, 0x0000000084700000|100%| O|  |TAMS 0x0000000084700000, 0x0000000084600000| Untracked 
|  71|0x0000000084700000, 0x0000000084800000, 0x0000000084800000|100%| O|  |TAMS 0x0000000084800000, 0x0000000084700000| Untracked 
|  72|0x0000000084800000, 0x0000000084900000, 0x0000000084900000|100%| O|  |TAMS 0x0000000084900000, 0x0000000084800000| Untracked 
|  73|0x0000000084900000, 0x0000000084a00000, 0x0000000084a00000|100%| O|  |TAMS 0x0000000084a00000, 0x0000000084900000| Untracked 
|  74|0x0000000084a00000, 0x0000000084b00000, 0x0000000084b00000|100%| O|  |TAMS 0x0000000084b00000, 0x0000000084a00000| Untracked 
|  75|0x0000000084b00000, 0x0000000084c00000, 0x0000000084c00000|100%| O|  |TAMS 0x0000000084c00000, 0x0000000084b00000| Untracked 
|  76|0x0000000084c00000, 0x0000000084d00000, 0x0000000084d00000|100%| O|  |TAMS 0x0000000084d00000, 0x0000000084c00000| Untracked 
|  77|0x0000000084d00000, 0x0000000084e00000, 0x0000000084e00000|100%| O|  |TAMS 0x0000000084e00000, 0x0000000084d00000| Untracked 
|  78|0x0000000084e00000, 0x0000000084f00000, 0x0000000084f00000|100%| O|  |TAMS 0x0000000084f00000, 0x0000000084e00000| Untracked 
|  79|0x0000000084f00000, 0x0000000085000000, 0x0000000085000000|100%| O|  |TAMS 0x0000000085000000, 0x0000000084f00000| Untracked 
|  80|0x0000000085000000, 0x0000000085100000, 0x0000000085100000|100%| O|  |TAMS 0x0000000085100000, 0x0000000085000000| Untracked 
|  81|0x0000000085100000, 0x0000000085200000, 0x0000000085200000|100%| O|  |TAMS 0x0000000085200000, 0x0000000085100000| Untracked 
|  82|0x0000000085200000, 0x0000000085300000, 0x0000000085300000|100%| O|  |TAMS 0x0000000085300000, 0x0000000085200000| Untracked 
|  83|0x0000000085300000, 0x0000000085400000, 0x0000000085400000|100%| O|  |TAMS 0x0000000085400000, 0x0000000085300000| Untracked 
|  84|0x0000000085400000, 0x0000000085500000, 0x0000000085500000|100%| O|  |TAMS 0x0000000085500000, 0x0000000085400000| Untracked 
|  85|0x0000000085500000, 0x0000000085600000, 0x0000000085600000|100%| O|  |TAMS 0x0000000085600000, 0x0000000085500000| Untracked 
|  86|0x0000000085600000, 0x0000000085700000, 0x0000000085700000|100%| O|  |TAMS 0x0000000085700000, 0x0000000085600000| Untracked 
|  87|0x0000000085700000, 0x0000000085800000, 0x0000000085800000|100%| O|  |TAMS 0x0000000085800000, 0x0000000085700000| Untracked 
|  88|0x0000000085800000, 0x0000000085900000, 0x0000000085900000|100%| O|  |TAMS 0x0000000085900000, 0x0000000085800000| Untracked 
|  89|0x0000000085900000, 0x0000000085a00000, 0x0000000085a00000|100%| O|  |TAMS 0x0000000085a00000, 0x0000000085900000| Untracked 
|  90|0x0000000085a00000, 0x0000000085b00000, 0x0000000085b00000|100%|HS|  |TAMS 0x0000000085b00000, 0x0000000085a00000| Complete 
|  91|0x0000000085b00000, 0x0000000085c00000, 0x0000000085c00000|100%|HS|  |TAMS 0x0000000085c00000, 0x0000000085b00000| Complete 
|  92|0x0000000085c00000, 0x0000000085d00000, 0x0000000085d00000|100%|HS|  |TAMS 0x0000000085d00000, 0x0000000085c00000| Complete 
|  93|0x0000000085d00000, 0x0000000085e00000, 0x0000000085e00000|100%| O|  |TAMS 0x0000000085e00000, 0x0000000085d00000| Untracked 
|  94|0x0000000085e00000, 0x0000000085f00000, 0x0000000085f00000|100%| O|  |TAMS 0x0000000085f00000, 0x0000000085e00000| Untracked 
|  95|0x0000000085f00000, 0x0000000086000000, 0x0000000086000000|100%| O|  |TAMS 0x0000000086000000, 0x0000000085f00000| Untracked 
|  96|0x0000000086000000, 0x0000000086100000, 0x0000000086100000|100%|HS|  |TAMS 0x0000000086100000, 0x0000000086000000| Complete 
|  97|0x0000000086100000, 0x0000000086200000, 0x0000000086200000|100%|HC|  |TAMS 0x0000000086200000, 0x0000000086100000| Complete 
|  98|0x0000000086200000, 0x0000000086300000, 0x0000000086300000|100%|HC|  |TAMS 0x0000000086300000, 0x0000000086200000| Complete 
|  99|0x0000000086300000, 0x0000000086400000, 0x0000000086400000|100%| O|  |TAMS 0x0000000086400000, 0x0000000086300000| Untracked 
| 100|0x0000000086400000, 0x0000000086500000, 0x0000000086500000|100%| O|  |TAMS 0x0000000086500000, 0x0000000086400000| Untracked 
| 101|0x0000000086500000, 0x0000000086600000, 0x0000000086600000|100%|HS|  |TAMS 0x0000000086600000, 0x0000000086500000| Complete 
| 102|0x0000000086600000, 0x0000000086700000, 0x0000000086700000|100%|HC|  |TAMS 0x0000000086700000, 0x0000000086600000| Complete 
| 103|0x0000000086700000, 0x0000000086800000, 0x0000000086800000|100%| O|  |TAMS 0x0000000086800000, 0x0000000086700000| Untracked 
| 104|0x0000000086800000, 0x0000000086900000, 0x0000000086900000|100%| O|  |TAMS 0x0000000086900000, 0x0000000086800000| Untracked 
| 105|0x0000000086900000, 0x0000000086a00000, 0x0000000086a00000|100%| O|  |TAMS 0x0000000086a00000, 0x0000000086900000| Untracked 
| 106|0x0000000086a00000, 0x0000000086b00000, 0x0000000086b00000|100%| O|  |TAMS 0x0000000086b00000, 0x0000000086a00000| Untracked 
| 107|0x0000000086b00000, 0x0000000086c00000, 0x0000000086c00000|100%| O|  |TAMS 0x0000000086c00000, 0x0000000086b00000| Untracked 
| 108|0x0000000086c00000, 0x0000000086d00000, 0x0000000086d00000|100%| O|  |TAMS 0x0000000086d00000, 0x0000000086c00000| Untracked 
| 109|0x0000000086d00000, 0x0000000086e00000, 0x0000000086e00000|100%| O|  |TAMS 0x0000000086e00000, 0x0000000086d00000| Untracked 
| 110|0x0000000086e00000, 0x0000000086f00000, 0x0000000086f00000|100%| O|  |TAMS 0x0000000086f00000, 0x0000000086e00000| Untracked 
| 111|0x0000000086f00000, 0x0000000087000000, 0x0000000087000000|100%| O|  |TAMS 0x0000000087000000, 0x0000000086f00000| Untracked 
| 112|0x0000000087000000, 0x0000000087100000, 0x0000000087100000|100%| O|  |TAMS 0x0000000087100000, 0x0000000087000000| Untracked 
| 113|0x0000000087100000, 0x0000000087200000, 0x0000000087200000|100%|HS|  |TAMS 0x0000000087200000, 0x0000000087100000| Complete 
| 114|0x0000000087200000, 0x0000000087300000, 0x0000000087300000|100%| O|  |TAMS 0x0000000087300000, 0x0000000087200000| Untracked 
| 115|0x0000000087300000, 0x0000000087400000, 0x0000000087400000|100%|HS|  |TAMS 0x0000000087400000, 0x0000000087300000| Complete 
| 116|0x0000000087400000, 0x0000000087500000, 0x0000000087500000|100%| O|  |TAMS 0x0000000087500000, 0x0000000087400000| Untracked 
| 117|0x0000000087500000, 0x0000000087600000, 0x0000000087600000|100%| O|  |TAMS 0x0000000087600000, 0x0000000087500000| Untracked 
| 118|0x0000000087600000, 0x0000000087700000, 0x0000000087700000|100%| O|  |TAMS 0x0000000087700000, 0x0000000087600000| Untracked 
| 119|0x0000000087700000, 0x0000000087800000, 0x0000000087800000|100%| O|  |TAMS 0x0000000087800000, 0x0000000087700000| Untracked 
| 120|0x0000000087800000, 0x0000000087900000, 0x0000000087900000|100%| O|  |TAMS 0x0000000087900000, 0x0000000087800000| Untracked 
| 121|0x0000000087900000, 0x0000000087a00000, 0x0000000087a00000|100%| O|  |TAMS 0x0000000087a00000, 0x0000000087900000| Untracked 
| 122|0x0000000087a00000, 0x0000000087b00000, 0x0000000087b00000|100%|HS|  |TAMS 0x0000000087b00000, 0x0000000087a00000| Complete 
| 123|0x0000000087b00000, 0x0000000087c00000, 0x0000000087c00000|100%|HS|  |TAMS 0x0000000087c00000, 0x0000000087b00000| Complete 
| 124|0x0000000087c00000, 0x0000000087d00000, 0x0000000087d00000|100%| O|  |TAMS 0x0000000087d00000, 0x0000000087c00000| Untracked 
| 125|0x0000000087d00000, 0x0000000087e00000, 0x0000000087e00000|100%| O|  |TAMS 0x0000000087e00000, 0x0000000087d00000| Untracked 
| 126|0x0000000087e00000, 0x0000000087f00000, 0x0000000087f00000|100%|HS|  |TAMS 0x0000000087f00000, 0x0000000087e00000| Complete 
| 127|0x0000000087f00000, 0x0000000088000000, 0x0000000088000000|100%|HC|  |TAMS 0x0000000088000000, 0x0000000087f00000| Complete 
| 128|0x0000000088000000, 0x0000000088100000, 0x0000000088100000|100%|HS|  |TAMS 0x0000000088100000, 0x0000000088000000| Complete 
| 129|0x0000000088100000, 0x0000000088200000, 0x0000000088200000|100%| O|  |TAMS 0x0000000088200000, 0x0000000088100000| Untracked 
| 130|0x0000000088200000, 0x0000000088300000, 0x0000000088300000|100%|HS|  |TAMS 0x0000000088300000, 0x0000000088200000| Complete 
| 131|0x0000000088300000, 0x0000000088400000, 0x0000000088400000|100%|HC|  |TAMS 0x0000000088400000, 0x0000000088300000| Complete 
| 132|0x0000000088400000, 0x0000000088500000, 0x0000000088500000|100%|HC|  |TAMS 0x0000000088500000, 0x0000000088400000| Complete 
| 133|0x0000000088500000, 0x0000000088600000, 0x0000000088600000|100%|HS|  |TAMS 0x0000000088600000, 0x0000000088500000| Complete 
| 134|0x0000000088600000, 0x0000000088700000, 0x0000000088700000|100%| O|  |TAMS 0x0000000088700000, 0x0000000088600000| Untracked 
| 135|0x0000000088700000, 0x0000000088800000, 0x0000000088800000|100%| O|  |TAMS 0x0000000088800000, 0x0000000088700000| Untracked 
| 136|0x0000000088800000, 0x0000000088900000, 0x0000000088900000|100%| O|  |TAMS 0x0000000088900000, 0x0000000088800000| Untracked 
| 137|0x0000000088900000, 0x0000000088a00000, 0x0000000088a00000|100%| O|  |TAMS 0x0000000088a00000, 0x0000000088900000| Untracked 
| 138|0x0000000088a00000, 0x0000000088b00000, 0x0000000088b00000|100%| O|  |TAMS 0x0000000088b00000, 0x0000000088a00000| Untracked 
| 139|0x0000000088b00000, 0x0000000088c00000, 0x0000000088c00000|100%| O|  |TAMS 0x0000000088c00000, 0x0000000088b00000| Untracked 
| 140|0x0000000088c00000, 0x0000000088d00000, 0x0000000088d00000|100%| O|  |TAMS 0x0000000088d00000, 0x0000000088c00000| Untracked 
| 141|0x0000000088d00000, 0x0000000088e00000, 0x0000000088e00000|100%| O|  |TAMS 0x0000000088e00000, 0x0000000088d00000| Untracked 
| 142|0x0000000088e00000, 0x0000000088f00000, 0x0000000088f00000|100%| O|  |TAMS 0x0000000088f00000, 0x0000000088e00000| Untracked 
| 143|0x0000000088f00000, 0x0000000089000000, 0x0000000089000000|100%|HS|  |TAMS 0x0000000089000000, 0x0000000088f00000| Complete 
| 144|0x0000000089000000, 0x0000000089100000, 0x0000000089100000|100%|HC|  |TAMS 0x0000000089100000, 0x0000000089000000| Complete 
| 145|0x0000000089100000, 0x0000000089200000, 0x0000000089200000|100%| O|  |TAMS 0x0000000089200000, 0x0000000089100000| Untracked 
| 146|0x0000000089200000, 0x0000000089300000, 0x0000000089300000|100%| O|  |TAMS 0x0000000089300000, 0x0000000089200000| Untracked 
| 147|0x0000000089300000, 0x0000000089400000, 0x0000000089400000|100%| O|  |TAMS 0x0000000089400000, 0x0000000089300000| Untracked 
| 148|0x0000000089400000, 0x0000000089500000, 0x0000000089500000|100%| O|  |TAMS 0x0000000089500000, 0x0000000089400000| Untracked 
| 149|0x0000000089500000, 0x0000000089600000, 0x0000000089600000|100%| O|  |TAMS 0x0000000089600000, 0x0000000089500000| Untracked 
| 150|0x0000000089600000, 0x0000000089700000, 0x0000000089700000|100%| O|  |TAMS 0x0000000089700000, 0x0000000089600000| Untracked 
| 151|0x0000000089700000, 0x0000000089800000, 0x0000000089800000|100%| O|  |TAMS 0x0000000089800000, 0x0000000089700000| Untracked 
| 152|0x0000000089800000, 0x0000000089900000, 0x0000000089900000|100%| O|  |TAMS 0x0000000089900000, 0x0000000089800000| Untracked 
| 153|0x0000000089900000, 0x0000000089a00000, 0x0000000089a00000|100%| O|  |TAMS 0x0000000089a00000, 0x0000000089900000| Untracked 
| 154|0x0000000089a00000, 0x0000000089b00000, 0x0000000089b00000|100%| O|  |TAMS 0x0000000089b00000, 0x0000000089a00000| Untracked 
| 155|0x0000000089b00000, 0x0000000089c00000, 0x0000000089c00000|100%| O|  |TAMS 0x0000000089c00000, 0x0000000089b00000| Untracked 
| 156|0x0000000089c00000, 0x0000000089d00000, 0x0000000089d00000|100%| O|  |TAMS 0x0000000089d00000, 0x0000000089c00000| Untracked 
| 157|0x0000000089d00000, 0x0000000089e00000, 0x0000000089e00000|100%| O|  |TAMS 0x0000000089e00000, 0x0000000089d00000| Untracked 
| 158|0x0000000089e00000, 0x0000000089f00000, 0x0000000089f00000|100%| O|  |TAMS 0x0000000089f00000, 0x0000000089e00000| Untracked 
| 159|0x0000000089f00000, 0x000000008a000000, 0x000000008a000000|100%| O|  |TAMS 0x000000008a000000, 0x0000000089f00000| Untracked 
| 160|0x000000008a000000, 0x000000008a100000, 0x000000008a100000|100%| O|  |TAMS 0x000000008a100000, 0x000000008a000000| Untracked 
| 161|0x000000008a100000, 0x000000008a200000, 0x000000008a200000|100%| O|  |TAMS 0x000000008a200000, 0x000000008a100000| Untracked 
| 162|0x000000008a200000, 0x000000008a300000, 0x000000008a300000|100%| O|  |TAMS 0x000000008a300000, 0x000000008a200000| Untracked 
| 163|0x000000008a300000, 0x000000008a400000, 0x000000008a400000|100%| O|  |TAMS 0x000000008a400000, 0x000000008a300000| Untracked 
| 164|0x000000008a400000, 0x000000008a500000, 0x000000008a500000|100%| O|  |TAMS 0x000000008a500000, 0x000000008a400000| Untracked 
| 165|0x000000008a500000, 0x000000008a600000, 0x000000008a600000|100%| O|  |TAMS 0x000000008a600000, 0x000000008a500000| Untracked 
| 166|0x000000008a600000, 0x000000008a700000, 0x000000008a700000|100%| O|  |TAMS 0x000000008a700000, 0x000000008a600000| Untracked 
| 167|0x000000008a700000, 0x000000008a800000, 0x000000008a800000|100%| O|  |TAMS 0x000000008a800000, 0x000000008a700000| Untracked 
| 168|0x000000008a800000, 0x000000008a900000, 0x000000008a900000|100%| O|  |TAMS 0x000000008a900000, 0x000000008a800000| Untracked 
| 169|0x000000008a900000, 0x000000008aa00000, 0x000000008aa00000|100%| O|  |TAMS 0x000000008aa00000, 0x000000008a900000| Untracked 
| 170|0x000000008aa00000, 0x000000008ab00000, 0x000000008ab00000|100%| O|  |TAMS 0x000000008ab00000, 0x000000008aa00000| Untracked 
| 171|0x000000008ab00000, 0x000000008ac00000, 0x000000008ac00000|100%| O|  |TAMS 0x000000008ac00000, 0x000000008ab00000| Untracked 
| 172|0x000000008ac00000, 0x000000008ad00000, 0x000000008ad00000|100%| O|  |TAMS 0x000000008ad00000, 0x000000008ac00000| Untracked 
| 173|0x000000008ad00000, 0x000000008ae00000, 0x000000008ae00000|100%| O|  |TAMS 0x000000008ae00000, 0x000000008ad00000| Untracked 
| 174|0x000000008ae00000, 0x000000008af00000, 0x000000008af00000|100%| O|  |TAMS 0x000000008af00000, 0x000000008ae00000| Untracked 
| 175|0x000000008af00000, 0x000000008b000000, 0x000000008b000000|100%|HS|  |TAMS 0x000000008b000000, 0x000000008af00000| Complete 
| 176|0x000000008b000000, 0x000000008b100000, 0x000000008b100000|100%|HS|  |TAMS 0x000000008b100000, 0x000000008b000000| Complete 
| 177|0x000000008b100000, 0x000000008b200000, 0x000000008b200000|100%|HC|  |TAMS 0x000000008b200000, 0x000000008b100000| Complete 
| 178|0x000000008b200000, 0x000000008b300000, 0x000000008b300000|100%|HC|  |TAMS 0x000000008b300000, 0x000000008b200000| Complete 
| 179|0x000000008b300000, 0x000000008b400000, 0x000000008b400000|100%| O|  |TAMS 0x000000008b400000, 0x000000008b300000| Untracked 
| 180|0x000000008b400000, 0x000000008b500000, 0x000000008b500000|100%| O|  |TAMS 0x000000008b500000, 0x000000008b400000| Untracked 
| 181|0x000000008b500000, 0x000000008b600000, 0x000000008b600000|100%| O|  |TAMS 0x000000008b580a00, 0x000000008b500000| Untracked 
| 182|0x000000008b600000, 0x000000008b700000, 0x000000008b700000|100%| O|  |TAMS 0x000000008b600000, 0x000000008b600000| Untracked 
| 183|0x000000008b700000, 0x000000008b800000, 0x000000008b800000|100%| O|  |TAMS 0x000000008b700000, 0x000000008b700000| Untracked 
| 184|0x000000008b800000, 0x000000008b900000, 0x000000008b900000|100%| O|  |TAMS 0x000000008b800000, 0x000000008b800000| Untracked 
| 185|0x000000008b900000, 0x000000008ba00000, 0x000000008ba00000|100%| O|  |TAMS 0x000000008b900000, 0x000000008b900000| Untracked 
| 186|0x000000008ba00000, 0x000000008ba78400, 0x000000008bb00000| 46%| O|  |TAMS 0x000000008ba00000, 0x000000008ba00000| Untracked 
| 187|0x000000008bb00000, 0x000000008bb00000, 0x000000008bc00000|  0%| F|  |TAMS 0x000000008bb00000, 0x000000008bb00000| Untracked 
| 188|0x000000008bc00000, 0x000000008bc00000, 0x000000008bd00000|  0%| F|  |TAMS 0x000000008bc00000, 0x000000008bc00000| Untracked 
| 189|0x000000008bd00000, 0x000000008bd00000, 0x000000008be00000|  0%| F|  |TAMS 0x000000008bd00000, 0x000000008bd00000| Untracked 
| 190|0x000000008be00000, 0x000000008be00000, 0x000000008bf00000|  0%| F|  |TAMS 0x000000008be00000, 0x000000008be00000| Untracked 
| 191|0x000000008bf00000, 0x000000008bf00000, 0x000000008c000000|  0%| F|  |TAMS 0x000000008bf00000, 0x000000008bf00000| Untracked 
| 192|0x000000008c000000, 0x000000008c000000, 0x000000008c100000|  0%| F|  |TAMS 0x000000008c000000, 0x000000008c000000| Untracked 
| 193|0x000000008c100000, 0x000000008c100000, 0x000000008c200000|  0%| F|  |TAMS 0x000000008c100000, 0x000000008c100000| Untracked 
| 194|0x000000008c200000, 0x000000008c200000, 0x000000008c300000|  0%| F|  |TAMS 0x000000008c200000, 0x000000008c200000| Untracked 
| 195|0x000000008c300000, 0x000000008c300000, 0x000000008c400000|  0%| F|  |TAMS 0x000000008c300000, 0x000000008c300000| Untracked 
| 196|0x000000008c400000, 0x000000008c400000, 0x000000008c500000|  0%| F|  |TAMS 0x000000008c400000, 0x000000008c400000| Untracked 
| 197|0x000000008c500000, 0x000000008c500000, 0x000000008c600000|  0%| F|  |TAMS 0x000000008c500000, 0x000000008c500000| Untracked 
| 198|0x000000008c600000, 0x000000008c600000, 0x000000008c700000|  0%| F|  |TAMS 0x000000008c600000, 0x000000008c600000| Untracked 
| 199|0x000000008c700000, 0x000000008c700000, 0x000000008c800000|  0%| F|  |TAMS 0x000000008c700000, 0x000000008c700000| Untracked 
| 200|0x000000008c800000, 0x000000008c800000, 0x000000008c900000|  0%| F|  |TAMS 0x000000008c800000, 0x000000008c800000| Untracked 
| 201|0x000000008c900000, 0x000000008c900000, 0x000000008ca00000|  0%| F|  |TAMS 0x000000008c900000, 0x000000008c900000| Untracked 
| 202|0x000000008ca00000, 0x000000008ca00000, 0x000000008cb00000|  0%| F|  |TAMS 0x000000008ca00000, 0x000000008ca00000| Untracked 
| 203|0x000000008cb00000, 0x000000008cb00000, 0x000000008cc00000|  0%| F|  |TAMS 0x000000008cb00000, 0x000000008cb00000| Untracked 
| 204|0x000000008cc00000, 0x000000008cc00000, 0x000000008cd00000|  0%| F|  |TAMS 0x000000008cc00000, 0x000000008cc00000| Untracked 
| 205|0x000000008cd00000, 0x000000008cd00000, 0x000000008ce00000|  0%| F|  |TAMS 0x000000008cd00000, 0x000000008cd00000| Untracked 
| 206|0x000000008ce00000, 0x000000008ce00000, 0x000000008cf00000|  0%| F|  |TAMS 0x000000008ce00000, 0x000000008ce00000| Untracked 
| 207|0x000000008cf00000, 0x000000008cf00000, 0x000000008d000000|  0%| F|  |TAMS 0x000000008cf00000, 0x000000008cf00000| Untracked 
| 208|0x000000008d000000, 0x000000008d000000, 0x000000008d100000|  0%| F|  |TAMS 0x000000008d000000, 0x000000008d000000| Untracked 
| 209|0x000000008d100000, 0x000000008d100000, 0x000000008d200000|  0%| F|  |TAMS 0x000000008d100000, 0x000000008d100000| Untracked 
| 210|0x000000008d200000, 0x000000008d200000, 0x000000008d300000|  0%| F|  |TAMS 0x000000008d200000, 0x000000008d200000| Untracked 
| 211|0x000000008d300000, 0x000000008d300000, 0x000000008d400000|  0%| F|  |TAMS 0x000000008d300000, 0x000000008d300000| Untracked 
| 212|0x000000008d400000, 0x000000008d400000, 0x000000008d500000|  0%| F|  |TAMS 0x000000008d400000, 0x000000008d400000| Untracked 
| 213|0x000000008d500000, 0x000000008d500000, 0x000000008d600000|  0%| F|  |TAMS 0x000000008d500000, 0x000000008d500000| Untracked 
| 214|0x000000008d600000, 0x000000008d600000, 0x000000008d700000|  0%| F|  |TAMS 0x000000008d600000, 0x000000008d600000| Untracked 
| 215|0x000000008d700000, 0x000000008d700000, 0x000000008d800000|  0%| F|  |TAMS 0x000000008d700000, 0x000000008d700000| Untracked 
| 216|0x000000008d800000, 0x000000008d800000, 0x000000008d900000|  0%| F|  |TAMS 0x000000008d800000, 0x000000008d800000| Untracked 
| 217|0x000000008d900000, 0x000000008d900000, 0x000000008da00000|  0%| F|  |TAMS 0x000000008d900000, 0x000000008d900000| Untracked 
| 218|0x000000008da00000, 0x000000008db00000, 0x000000008db00000|100%| S|CS|TAMS 0x000000008da00000, 0x000000008da00000| Complete 
| 219|0x000000008db00000, 0x000000008dc00000, 0x000000008dc00000|100%| S|CS|TAMS 0x000000008db00000, 0x000000008db00000| Complete 
| 220|0x000000008dc00000, 0x000000008dd00000, 0x000000008dd00000|100%| S|CS|TAMS 0x000000008dc00000, 0x000000008dc00000| Complete 
| 221|0x000000008dd00000, 0x000000008dd00000, 0x000000008de00000|  0%| F|  |TAMS 0x000000008dd00000, 0x000000008dd00000| Untracked 
| 222|0x000000008de00000, 0x000000008de00000, 0x000000008df00000|  0%| F|  |TAMS 0x000000008de00000, 0x000000008de00000| Untracked 
| 223|0x000000008df00000, 0x000000008e000000, 0x000000008e000000|100%| S|CS|TAMS 0x000000008df00000, 0x000000008df00000| Complete 
| 224|0x000000008e000000, 0x000000008e000000, 0x000000008e100000|  0%| F|  |TAMS 0x000000008e000000, 0x000000008e000000| Untracked 
| 225|0x000000008e100000, 0x000000008e100000, 0x000000008e200000|  0%| F|  |TAMS 0x000000008e100000, 0x000000008e100000| Untracked 
| 226|0x000000008e200000, 0x000000008e200000, 0x000000008e300000|  0%| F|  |TAMS 0x000000008e200000, 0x000000008e200000| Untracked 
| 227|0x000000008e300000, 0x000000008e300000, 0x000000008e400000|  0%| F|  |TAMS 0x000000008e300000, 0x000000008e300000| Untracked 
| 228|0x000000008e400000, 0x000000008e400000, 0x000000008e500000|  0%| F|  |TAMS 0x000000008e400000, 0x000000008e400000| Untracked 
| 229|0x000000008e500000, 0x000000008e500000, 0x000000008e600000|  0%| F|  |TAMS 0x000000008e500000, 0x000000008e500000| Untracked 
| 230|0x000000008e600000, 0x000000008e600000, 0x000000008e700000|  0%| F|  |TAMS 0x000000008e600000, 0x000000008e600000| Untracked 
| 231|0x000000008e700000, 0x000000008e700000, 0x000000008e800000|  0%| F|  |TAMS 0x000000008e700000, 0x000000008e700000| Untracked 
| 232|0x000000008e800000, 0x000000008e8047c8, 0x000000008e900000|  1%| E|  |TAMS 0x000000008e800000, 0x000000008e800000| Complete 
| 233|0x000000008e900000, 0x000000008ea00000, 0x000000008ea00000|100%| E|CS|TAMS 0x000000008e900000, 0x000000008e900000| Complete 
| 234|0x000000008ea00000, 0x000000008eb00000, 0x000000008eb00000|100%| E|CS|TAMS 0x000000008ea00000, 0x000000008ea00000| Complete 
| 235|0x000000008eb00000, 0x000000008ec00000, 0x000000008ec00000|100%| E|CS|TAMS 0x000000008eb00000, 0x000000008eb00000| Complete 
| 236|0x000000008ec00000, 0x000000008ed00000, 0x000000008ed00000|100%| E|CS|TAMS 0x000000008ec00000, 0x000000008ec00000| Complete 
| 237|0x000000008ed00000, 0x000000008ee00000, 0x000000008ee00000|100%| E|CS|TAMS 0x000000008ed00000, 0x000000008ed00000| Complete 
| 238|0x000000008ee00000, 0x000000008ef00000, 0x000000008ef00000|100%| E|CS|TAMS 0x000000008ee00000, 0x000000008ee00000| Complete 
| 239|0x000000008ef00000, 0x000000008f000000, 0x000000008f000000|100%| E|CS|TAMS 0x000000008ef00000, 0x000000008ef00000| Complete 
| 240|0x000000008f000000, 0x000000008f100000, 0x000000008f100000|100%| E|CS|TAMS 0x000000008f000000, 0x000000008f000000| Complete 
| 241|0x000000008f100000, 0x000000008f200000, 0x000000008f200000|100%| E|CS|TAMS 0x000000008f100000, 0x000000008f100000| Complete 
| 242|0x000000008f200000, 0x000000008f300000, 0x000000008f300000|100%| E|CS|TAMS 0x000000008f200000, 0x000000008f200000| Complete 
| 243|0x000000008f300000, 0x000000008f400000, 0x000000008f400000|100%| E|CS|TAMS 0x000000008f300000, 0x000000008f300000| Complete 
| 244|0x000000008f400000, 0x000000008f500000, 0x000000008f500000|100%| E|CS|TAMS 0x000000008f400000, 0x000000008f400000| Complete 
| 245|0x000000008f500000, 0x000000008f600000, 0x000000008f600000|100%| E|CS|TAMS 0x000000008f500000, 0x000000008f500000| Complete 
| 246|0x000000008f600000, 0x000000008f700000, 0x000000008f700000|100%| E|CS|TAMS 0x000000008f600000, 0x000000008f600000| Complete 
| 247|0x000000008f700000, 0x000000008f800000, 0x000000008f800000|100%| E|CS|TAMS 0x000000008f700000, 0x000000008f700000| Complete 

Card table byte_map: [0x000001f8b04d0000,0x000001f8b08d0000] _byte_map_base: 0x000001f8b00d0000

Marking Bits (Prev, Next): (CMBitMap*) 0x000001f899a26c90, (CMBitMap*) 0x000001f899a26c58
 Prev Bits: [0x000001f8b2cd0000, 0x000001f8b4cd0000)
 Next Bits: [0x000001f8b0cd0000, 0x000001f8b2cd0000)

Polling page: 0x000001f8991c0000

Metaspace:

Usage:
  Non-class:    100.84 MB capacity,    98.05 MB ( 97%) used,     2.42 MB (  2%) free+waste,   380.81 KB ( <1%) overhead. 
      Class:     16.84 MB capacity,    15.07 MB ( 89%) used,     1.59 MB (  9%) free+waste,   181.81 KB (  1%) overhead. 
       Both:    117.68 MB capacity,   113.12 MB ( 96%) used,     4.01 MB (  3%) free+waste,   562.62 KB ( <1%) overhead. 

Virtual space:
  Non-class space:      102.00 MB reserved,     100.88 MB ( 99%) committed 
      Class space:      504.00 MB reserved,      16.85 MB (  3%) committed 
             Both:      606.00 MB reserved,     117.73 MB ( 19%) committed 

Chunk freelists:
   Non-Class:  5.00 KB
       Class:  768 bytes
        Both:  5.75 KB

CodeHeap 'non-profiled nmethods': size=120064Kb used=9081Kb max_used=9081Kb free=110982Kb
 bounds [0x000001f8a8b90000, 0x000001f8a9480000, 0x000001f8b00d0000]
CodeHeap 'profiled nmethods': size=120000Kb used=28920Kb max_used=29651Kb free=91079Kb
 bounds [0x000001f8a1660000, 0x000001f8a3360000, 0x000001f8a8b90000]
CodeHeap 'non-nmethods': size=5696Kb used=2355Kb max_used=2393Kb free=3340Kb
 bounds [0x000001f8a10d0000, 0x000001f8a1340000, 0x000001f8a1660000]
 total_blobs=13828 nmethods=12838 adapters=901
 compilation: enabled
              stopped_count=0, restarted_count=0
 full_count=0

Compilation events (10 events):
Event: 482.824 Thread 0x000001f8b7b00800 nmethod 13634 0x000001f8a8e66690 code [0x000001f8a8e66840, 0x000001f8a8e66db8]
Event: 483.093 Thread 0x000001f8b7b00800 13635 % !   4       com.sun.beans.introspect.MethodInfo::get @ 34 (143 bytes)
Event: 483.609 Thread 0x000001f8b7b01000 13637       3       org.codehaus.groovy.runtime.callsite.AbstractCallSite::call (7 bytes)
Event: 483.609 Thread 0x000001f8b7b01000 nmethod 13637 0x000001f8a190d910 code [0x000001f8a190dac0, 0x000001f8a190dd18]
Event: 483.626 Thread 0x000001f8b7b01000 13638       3       org.gradle.api.internal.coerce.StringToEnumTransformer::canTransform (38 bytes)
Event: 483.627 Thread 0x000001f8b7b01000 nmethod 13638 0x000001f8a190ea90 code [0x000001f8a190ec40, 0x000001f8a190ef58]
Event: 483.636 Thread 0x000001f8b7b01000 13639       3       org.gradle.api.internal.file.DefaultFilePropertyFactory$FixedDirectory::dir (42 bytes)
Event: 483.637 Thread 0x000001f8b7b01000 nmethod 13639 0x000001f8a1913c90 code [0x000001f8a1913e80, 0x000001f8a1914468]
Event: 483.970 Thread 0x000001f8b7b01000 13640       3       org.codehaus.groovy.runtime.MetaClassHelper::calculateParameterDistance (206 bytes)
Event: 483.973 Thread 0x000001f8b7b01000 nmethod 13640 0x000001f8a19ce410 code [0x000001f8a19ce720, 0x000001f8a19cfac8]

GC Heap History (10 events):
Event: 462.638 GC heap before
{Heap before GC invocations=152 (full 0):
 garbage-first heap   total 253952K, used 183014K [0x0000000080000000, 0x0000000100000000)
  region size 1024K, 4 young (4096K), 2 survivors (2048K)
 Metaspace       used 112016K, capacity 116329K, committed 116584K, reserved 616448K
  class space    used 14913K, capacity 16571K, committed 16612K, reserved 516096K
}
Event: 462.645 GC heap after
{Heap after GC invocations=153 (full 0):
 garbage-first heap   total 253952K, used 181538K [0x0000000080000000, 0x0000000100000000)
  region size 1024K, 2 young (2048K), 2 survivors (2048K)
 Metaspace       used 112016K, capacity 116329K, committed 116584K, reserved 616448K
  class space    used 14913K, capacity 16571K, committed 16612K, reserved 516096K
}
Event: 464.975 GC heap before
{Heap before GC invocations=154 (full 0):
 garbage-first heap   total 253952K, used 186658K [0x0000000080000000, 0x0000000100000000)
  region size 1024K, 5 young (5120K), 2 survivors (2048K)
 Metaspace       used 112016K, capacity 116329K, committed 116584K, reserved 616448K
  class space    used 14913K, capacity 16571K, committed 16612K, reserved 516096K
}
Event: 464.981 GC heap after
{Heap after GC invocations=155 (full 0):
 garbage-first heap   total 253952K, used 185852K [0x0000000080000000, 0x0000000100000000)
  region size 1024K, 3 young (3072K), 3 survivors (3072K)
 Metaspace       used 112016K, capacity 116329K, committed 116584K, reserved 616448K
  class space    used 14913K, capacity 16571K, committed 16612K, reserved 516096K
}
Event: 467.225 GC heap before
{Heap before GC invocations=156 (full 0):
 garbage-first heap   total 253952K, used 211452K [0x0000000080000000, 0x0000000100000000)
  region size 1024K, 27 young (27648K), 3 survivors (3072K)
 Metaspace       used 113408K, capacity 117837K, committed 118120K, reserved 618496K
  class space    used 15092K, capacity 16774K, committed 16868K, reserved 516096K
}
Event: 467.235 GC heap after
{Heap after GC invocations=157 (full 0):
 garbage-first heap   total 253952K, used 186421K [0x0000000080000000, 0x0000000100000000)
  region size 1024K, 3 young (3072K), 3 survivors (3072K)
 Metaspace       used 113408K, capacity 117837K, committed 118120K, reserved 618496K
  class space    used 15092K, capacity 16774K, committed 16868K, reserved 516096K
}
Event: 478.263 GC heap before
{Heap before GC invocations=157 (full 0):
 garbage-first heap   total 253952K, used 212021K [0x0000000080000000, 0x0000000100000000)
  region size 1024K, 28 young (28672K), 3 survivors (3072K)
 Metaspace       used 114168K, capacity 118728K, committed 119016K, reserved 618496K
  class space    used 15192K, capacity 16934K, committed 16996K, reserved 516096K
}
Event: 478.279 GC heap after
{Heap after GC invocations=158 (full 0):
 garbage-first heap   total 253952K, used 189954K [0x0000000080000000, 0x0000000100000000)
  region size 1024K, 4 young (4096K), 4 survivors (4096K)
 Metaspace       used 114168K, capacity 118728K, committed 119016K, reserved 618496K
  class space    used 15192K, capacity 16934K, committed 16996K, reserved 516096K
}
Event: 481.895 GC heap before
{Heap before GC invocations=159 (full 0):
 garbage-first heap   total 253952K, used 213506K [0x0000000080000000, 0x0000000100000000)
  region size 1024K, 28 young (28672K), 4 survivors (4096K)
 Metaspace       used 115222K, capacity 119880K, committed 120040K, reserved 620544K
  class space    used 15349K, capacity 17140K, committed 17252K, reserved 516096K
}
Event: 481.918 GC heap after
{Heap after GC invocations=160 (full 0):
 garbage-first heap   total 253952K, used 195041K [0x0000000080000000, 0x0000000100000000)
  region size 1024K, 4 young (4096K), 4 survivors (4096K)
 Metaspace       used 115222K, capacity 119880K, committed 120040K, reserved 620544K
  class space    used 15349K, capacity 17140K, committed 17252K, reserved 516096K
}

Deoptimization events (10 events):
Event: 444.553 Thread 0x000001f8ba8a0800 Uncommon trap: reason=null_check action=make_not_entrant pc=0x000001f8a943ff80 method=org.gradle.internal.instantiation.generator.AbstractClassGenerator.isPropertyType(Ljava/lang/Class;)Z @ 3 c2
Event: 444.560 Thread 0x000001f8ba8a0800 Uncommon trap: reason=bimorphic_or_optimized_type_check action=maybe_recompile pc=0x000001f8a9350a34 method=org.gradle.internal.ImmutableActionSet.add(Lorg/gradle/api/Action;)Lorg/gradle/internal/ImmutableActionSet; @ 83 c2
Event: 444.659 Thread 0x000001f8ba8a0800 Uncommon trap: reason=null_check action=make_not_entrant pc=0x000001f8a94406f8 method=org.gradle.internal.instantiation.generator.AbstractClassGenerator.isPropertyType(Ljava/lang/Class;)Z @ 12 c2
Event: 444.971 Thread 0x000001f8ba8a0800 Uncommon trap: reason=unstable_if action=reinterpret pc=0x000001f8a8e7c3b0 method=jdk.internal.org.objectweb.asm.ByteVector.putInt(I)Ljdk/internal/org/objectweb/asm/ByteVector; @ 13 c2
Event: 445.065 Thread 0x000001f8ba8a0800 Uncommon trap: reason=null_check action=make_not_entrant pc=0x000001f8a9448a84 method=org.gradle.internal.instantiation.generator.AbstractClassGenerator.isPropertyType(Ljava/lang/Class;)Z @ 21 c2
Event: 445.698 Thread 0x000001f8ba8a0800 Uncommon trap: reason=null_check action=make_not_entrant pc=0x000001f8a9458060 method=org.gradle.internal.instantiation.generator.AbstractClassGenerator$DslMixInPropertyType.visitProperty(Lorg/gradle/internal/instantiation/generator/AbstractClassGenerator
Event: 446.549 Thread 0x000001f8ba8a0800 Uncommon trap: reason=null_check action=make_not_entrant pc=0x000001f8a9465268 method=org.gradle.internal.instantiation.generator.AbstractClassGenerator.isIneligibleForConventionMapping(Lorg/gradle/internal/instantiation/generator/AbstractClassGenerator$P
Event: 447.814 Thread 0x000001f8ba8a0800 Uncommon trap: reason=unstable_if action=reinterpret pc=0x000001f8a8e2a274 method=jdk.internal.org.objectweb.asm.Type.getType([CI)Ljdk/internal/org/objectweb/asm/Type; @ 3 c2
Event: 447.815 Thread 0x000001f8ba8a0800 Uncommon trap: reason=unstable_if action=reinterpret pc=0x000001f8a9425e40 method=jdk.internal.org.objectweb.asm.MethodWriter.visitMethodInsn(ILjava/lang/String;Ljava/lang/String;Ljava/lang/String;Z)V @ 78 c2
Event: 452.186 Thread 0x000001f8ba8a0800 Uncommon trap: reason=null_check action=make_not_entrant pc=0x000001f8a8c7ea74 method=java.beans.PropertyDescriptor.findPropertyType(Ljava/lang/reflect/Method;Ljava/lang/reflect/Method;)Ljava/lang/Class; @ 113 c2

Classes redefined (0 events):
No events

Internal exceptions (10 events):
Event: 483.090 Thread 0x000001f8ba8a0800 Exception <a 'java/lang/ClassNotFoundException'{0x000000008ee946b0}: org/jetbrains/kotlin/gradle/targets/js/npm/DefaultDevNpmDependencyExtensionBeanInfo> (0x000000008ee946b0) thrown at [./open/src/hotspot/share/classfile/systemDictionary.cpp, line 226]
Event: 483.093 Thread 0x000001f8ba8a0800 Exception <a 'java/lang/ClassNotFoundException'{0x000000008eec39f0}: org/jetbrains/kotlin/gradle/targets/js/npm/DefaultDevNpmDependencyExtensionCustomizer> (0x000000008eec39f0) thrown at [./open/src/hotspot/share/classfile/systemDictionary.cpp, line 226]
Event: 483.104 Thread 0x000001f8ba8a0800 Exception <a 'java/lang/ClassNotFoundException'{0x000000008ed338c0}: org/jetbrains/kotlin/gradle/targets/js/npm/DefaultPeerNpmDependencyExtensionBeanInfo> (0x000000008ed338c0) thrown at [./open/src/hotspot/share/classfile/systemDictionary.cpp, line 226]
Event: 483.109 Thread 0x000001f8ba8a0800 Exception <a 'java/lang/ClassNotFoundException'{0x000000008ed62ff0}: org/jetbrains/kotlin/gradle/targets/js/npm/DefaultPeerNpmDependencyExtensionCustomizer> (0x000000008ed62ff0) thrown at [./open/src/hotspot/share/classfile/systemDictionary.cpp, line 226]
Event: 483.143 Thread 0x000001f8ba8a0800 Exception <a 'java/lang/ClassNotFoundException'{0x000000008edddb08}: org/jetbrains/kotlin/gradle/targets/js/npm/DefaultPeerNpmDependencyExtension$delegate$1BeanInfo> (0x000000008edddb08) thrown at [./open/src/hotspot/share/classfile/systemDictionary.cpp, 
Event: 483.152 Thread 0x000001f8ba8a0800 Exception <a 'java/lang/ClassNotFoundException'{0x000000008ec10320}: org/jetbrains/kotlin/gradle/targets/js/npm/DefaultPeerNpmDependencyExtension$delegate$1Customizer> (0x000000008ec10320) thrown at [./open/src/hotspot/share/classfile/systemDictionary.cpp
Event: 483.624 Thread 0x000001f8ba8a0800 Exception <a 'java/lang/ClassNotFoundException'{0x000000008ecda6f8}: build_e13v2c3vuc7j2tw5mfb8dxttl$_run_closure1BeanInfo> (0x000000008ecda6f8) thrown at [./open/src/hotspot/share/classfile/systemDictionary.cpp, line 226]
Event: 483.626 Thread 0x000001f8ba8a0800 Exception <a 'java/lang/ClassNotFoundException'{0x000000008ecf06b8}: build_e13v2c3vuc7j2tw5mfb8dxttl$_run_closure1Customizer> (0x000000008ecf06b8) thrown at [./open/src/hotspot/share/classfile/systemDictionary.cpp, line 226]
Event: 483.987 Thread 0x000001f8ba8a0800 Exception <a 'java/lang/ClassNotFoundException'{0x000000008ebf8a70}: org/jetbrains/kotlin/gradle/plugin/sources/DefaultKotlinSourceSetBeanInfo> (0x000000008ebf8a70) thrown at [./open/src/hotspot/share/classfile/systemDictionary.cpp, line 226]
Event: 483.989 Thread 0x000001f8ba8a0800 Exception <a 'java/lang/ClassNotFoundException'{0x000000008ea28f68}: org/jetbrains/kotlin/gradle/plugin/sources/DefaultKotlinSourceSetCustomizer> (0x000000008ea28f68) thrown at [./open/src/hotspot/share/classfile/systemDictionary.cpp, line 226]

Events (10 events):
Event: 483.981 loading class groovy/runtime/metaclass/org/jetbrains/kotlin/gradle/plugin/sources/DefaultKotlinSourceSetMetaClass
Event: 483.981 loading class groovy/runtime/metaclass/org/jetbrains/kotlin/gradle/plugin/sources/DefaultKotlinSourceSetMetaClass done
Event: 483.987 loading class org/jetbrains/kotlin/gradle/plugin/sources/DefaultKotlinSourceSetBeanInfo
Event: 483.987 loading class org/jetbrains/kotlin/gradle/plugin/sources/DefaultKotlinSourceSetBeanInfo done
Event: 483.989 loading class org/jetbrains/kotlin/gradle/plugin/sources/DefaultKotlinSourceSetCustomizer
Event: 483.989 loading class org/jetbrains/kotlin/gradle/plugin/sources/DefaultKotlinSourceSetCustomizer done
Event: 484.002 loading class groovy/runtime/metaclass/build_e13v2c3vuc7j2tw5mfb8dxttl$_run_closure1$_closure8$_closure11MetaClass
Event: 484.002 loading class groovy/runtime/metaclass/build_e13v2c3vuc7j2tw5mfb8dxttl$_run_closure1$_closure8$_closure11MetaClass done
Event: 484.005 loading class build_e13v2c3vuc7j2tw5mfb8dxttl$_run_closure1$_closure8BeanInfo
Event: 484.005 loading class build_e13v2c3vuc7j2tw5mfb8dxttl$_run_closure1$_closure8BeanInfo done


Dynamic libraries:
0x00007ff604be0000 - 0x00007ff604bf0000 	C:\Program Files\Java\jdk-11\bin\java.exe
0x00007ffd1fd90000 - 0x00007ffd1ff88000 	C:\Windows\SYSTEM32\ntdll.dll
0x00007ffd1f490000 - 0x00007ffd1f54d000 	C:\Windows\System32\KERNEL32.DLL
0x00007ffd1d4d0000 - 0x00007ffd1d7c6000 	C:\Windows\System32\KERNELBASE.dll
0x00007ffd1d9d0000 - 0x00007ffd1dad0000 	C:\Windows\System32\ucrtbase.dll
0x00007ffd15140000 - 0x00007ffd15159000 	C:\Program Files\Java\jdk-11\bin\jli.dll
0x00007ffd1f3c0000 - 0x00007ffd1f473000 	C:\Windows\System32\ADVAPI32.dll
0x00007ffd1f920000 - 0x00007ffd1f9be000 	C:\Windows\System32\msvcrt.dll
0x00007ffd1ee40000 - 0x00007ffd1eedf000 	C:\Windows\System32\sechost.dll
0x00007ffd1fc20000 - 0x00007ffd1fd46000 	C:\Windows\System32\RPCRT4.dll
0x00007ffd1d7d0000 - 0x00007ffd1d7f7000 	C:\Windows\System32\bcrypt.dll
0x00007ffd1e4c0000 - 0x00007ffd1e65e000 	C:\Windows\System32\USER32.dll
0x00007ffd1db20000 - 0x00007ffd1db42000 	C:\Windows\System32\win32u.dll
0x00007ffd1faa0000 - 0x00007ffd1facc000 	C:\Windows\System32\GDI32.dll
0x00007ffd1d8b0000 - 0x00007ffd1d9ca000 	C:\Windows\System32\gdi32full.dll
0x00007ffd1dd40000 - 0x00007ffd1dddd000 	C:\Windows\System32\msvcp_win.dll
0x00007ffd10010000 - 0x00007ffd1002b000 	C:\Program Files\Java\jdk-11\bin\VCRUNTIME140.dll
0x00007ffd00db0000 - 0x00007ffd0104a000 	C:\Windows\WinSxS\amd64_microsoft.windows.common-controls_6595b64144ccf1df_6.0.19041.3636_none_60b6a03d71f818d5\COMCTL32.dll
0x00007ffd11840000 - 0x00007ffd1184a000 	C:\Windows\SYSTEM32\VERSION.dll
0x00007ffd1f9c0000 - 0x00007ffd1f9f0000 	C:\Windows\System32\IMM32.DLL
0x00007ffd17620000 - 0x00007ffd1762c000 	C:\Program Files\Java\jdk-11\bin\vcruntime140_1.dll
0x00007ffcf5550000 - 0x00007ffcf55de000 	C:\Program Files\Java\jdk-11\bin\msvcp140.dll
0x00007ffcc61f0000 - 0x00007ffcc6d5d000 	C:\Program Files\Java\jdk-11\bin\server\jvm.dll
0x00007ffd1f480000 - 0x00007ffd1f488000 	C:\Windows\System32\PSAPI.DLL
0x00007ffd05050000 - 0x00007ffd05059000 	C:\Windows\SYSTEM32\WSOCK32.dll
0x00007ffd1f550000 - 0x00007ffd1f5bb000 	C:\Windows\System32\WS2_32.dll
0x00007ffd12f60000 - 0x00007ffd12f87000 	C:\Windows\SYSTEM32\WINMM.dll
0x00007ffd1b990000 - 0x00007ffd1b9a2000 	C:\Windows\SYSTEM32\kernel.appcore.dll
0x00007ffd15460000 - 0x00007ffd15470000 	C:\Program Files\Java\jdk-11\bin\verify.dll
0x00007ffd18640000 - 0x00007ffd18824000 	C:\Windows\SYSTEM32\DBGHELP.DLL
0x00007ffcf86d0000 - 0x00007ffcf8704000 	C:\Windows\SYSTEM32\dbgcore.DLL
0x00007ffd1db50000 - 0x00007ffd1dbd2000 	C:\Windows\System32\bcryptPrimitives.dll
0x00007ffcf5ec0000 - 0x00007ffcf5ee8000 	C:\Program Files\Java\jdk-11\bin\java.dll
0x00007ffd15130000 - 0x00007ffd1513a000 	C:\Program Files\Java\jdk-11\bin\jimage.dll
0x00007ffd0b0e0000 - 0x00007ffd0b0f7000 	C:\Program Files\Java\jdk-11\bin\zip.dll
0x00007ffd1e660000 - 0x00007ffd1eda5000 	C:\Windows\System32\SHELL32.dll
0x00007ffd17dd0000 - 0x00007ffd1856b000 	C:\Windows\SYSTEM32\windows.storage.dll
0x00007ffd1f5c0000 - 0x00007ffd1f914000 	C:\Windows\System32\combase.dll
0x00007ffd1cd40000 - 0x00007ffd1cd6d000 	C:\Windows\SYSTEM32\Wldp.dll
0x00007ffd1f9f0000 - 0x00007ffd1fa9d000 	C:\Windows\System32\SHCORE.dll
0x00007ffd1fb50000 - 0x00007ffd1fba5000 	C:\Windows\System32\shlwapi.dll
0x00007ffd1d390000 - 0x00007ffd1d3b5000 	C:\Windows\SYSTEM32\profapi.dll
0x00007ffcfd5b0000 - 0x00007ffcfd5c9000 	C:\Program Files\Java\jdk-11\bin\net.dll
0x00007ffd1c390000 - 0x00007ffd1c49a000 	C:\Windows\SYSTEM32\WINHTTP.dll
0x00007ffd1cac0000 - 0x00007ffd1cb2a000 	C:\Windows\system32\mswsock.dll
0x00007ffcfcd30000 - 0x00007ffcfcd42000 	C:\Program Files\Java\jdk-11\bin\nio.dll
0x00007ffcf5950000 - 0x00007ffcf5977000 	C:\Users\01-131202-034\.gradle\native\68d5fa5c4cc2d200863cafc0d521ce42e7d3e7ee720ec0a83991735586a16f82\windows-amd64\native-platform.dll
0x00007ffcf50c0000 - 0x00007ffcf5204000 	C:\Users\01-131202-034\.gradle\native\e376f236ea51e6404a007f0833ffe2c6e607c4080706a723a18a27aeea778392\windows-amd64\native-platform-file-events.dll
0x00007ffd14fd0000 - 0x00007ffd14fd9000 	C:\Program Files\Java\jdk-11\bin\management.dll
0x00007ffd13830000 - 0x00007ffd1383b000 	C:\Program Files\Java\jdk-11\bin\management_ext.dll
0x00007ffd1cd80000 - 0x00007ffd1cd98000 	C:\Windows\SYSTEM32\CRYPTSP.dll
0x00007ffd1c300000 - 0x00007ffd1c334000 	C:\Windows\system32\rsaenh.dll
0x00007ffd1d350000 - 0x00007ffd1d37e000 	C:\Windows\SYSTEM32\USERENV.dll
0x00007ffd1cc50000 - 0x00007ffd1cc5c000 	C:\Windows\SYSTEM32\CRYPTBASE.dll
0x00007ffd1c7d0000 - 0x00007ffd1c80b000 	C:\Windows\SYSTEM32\IPHLPAPI.DLL
0x00007ffd1fc10000 - 0x00007ffd1fc18000 	C:\Windows\System32\NSI.dll
0x00007ffd10390000 - 0x00007ffd103a7000 	C:\Windows\SYSTEM32\dhcpcsvc6.DLL
0x00007ffd10370000 - 0x00007ffd1038d000 	C:\Windows\SYSTEM32\dhcpcsvc.DLL
0x00007ffd1c810000 - 0x00007ffd1c8da000 	C:\Windows\SYSTEM32\DNSAPI.dll
0x00007ffcf4500000 - 0x00007ffcf4527000 	C:\Program Files\Java\jdk-11\bin\sunec.dll
0x00007ffd07a90000 - 0x00007ffd07a9a000 	C:\Windows\System32\rasadhlp.dll
0x00007ffd0b8b0000 - 0x00007ffd0b930000 	C:\Windows\System32\fwpuclnt.dll
0x00007ffd17c40000 - 0x00007ffd17c4e000 	C:\Program Files\Java\jdk-11\bin\sunmscapi.dll
0x00007ffd1dbe0000 - 0x00007ffd1dd3d000 	C:\Windows\System32\CRYPT32.dll
0x00007ffd1ce90000 - 0x00007ffd1ceb8000 	C:\Windows\SYSTEM32\ncrypt.dll
0x00007ffd1ce50000 - 0x00007ffd1ce8b000 	C:\Windows\SYSTEM32\NTASN1.dll

dbghelp: loaded successfully - version: 4.0.5 - missing functions: none
symbol engine: initialized successfully - sym options: 0x614 - pdb path: .;C:\Program Files\Java\jdk-11\bin;C:\Windows\SYSTEM32;C:\Windows\WinSxS\amd64_microsoft.windows.common-controls_6595b64144ccf1df_6.0.19041.3636_none_60b6a03d71f818d5;C:\Program Files\Java\jdk-11\bin\server;C:\Users\01-131202-034\.gradle\native\68d5fa5c4cc2d200863cafc0d521ce42e7d3e7ee720ec0a83991735586a16f82\windows-amd64;C:\Users\01-131202-034\.gradle\native\e376f236ea51e6404a007f0833ffe2c6e607c4080706a723a18a27aeea778392\windows-amd64

VM Arguments:
jvm_args: -XX:MaxMetaspaceSize=512m --add-opens=java.base/java.util=ALL-UNNAMED --add-opens=java.base/java.lang=ALL-UNNAMED --add-opens=java.base/java.lang.invoke=ALL-UNNAMED --add-opens=java.prefs/java.util.prefs=ALL-UNNAMED --add-opens=java.base/java.nio.charset=ALL-UNNAMED --add-opens=java.base/java.net=ALL-UNNAMED --add-opens=java.base/java.util.concurrent.atomic=ALL-UNNAMED -Xmx2048m -Dfile.encoding=windows-1252 -Duser.country=US -Duser.language=en -Duser.variant 
java_command: org.gradle.launcher.daemon.bootstrap.GradleDaemon 8.0.1
java_class_path (initial): C:\Users\01-131202-034\.gradle\wrapper\dists\gradle-8.0.1-all\aro4hu1c3oeioove7l0i4i14o\gradle-8.0.1\lib\gradle-launcher-8.0.1.jar
Launcher Type: SUN_STANDARD

[Global flags]
     intx CICompilerCount                          = 3                                         {product} {ergonomic}
   size_t CompressedClassSpaceSize                 = 528482304                                 {product} {ergonomic}
     uint ConcGCThreads                            = 1                                         {product} {ergonomic}
     uint G1ConcRefinementThreads                  = 4                                         {product} {ergonomic}
   size_t G1HeapRegionSize                         = 1048576                                   {product} {ergonomic}
    uintx GCDrainStackTargetSize                   = 64                                        {product} {ergonomic}
   size_t InitialHeapSize                          = 134217728                                 {product} {ergonomic}
   size_t MarkStackSize                            = 4194304                                   {product} {ergonomic}
   size_t MaxHeapSize                              = 2147483648                                {product} {command line}
   size_t MaxMetaspaceSize                         = 536870912                                 {product} {command line}
   size_t MaxNewSize                               = 1287651328                                {product} {ergonomic}
   size_t MinHeapDeltaBytes                        = 1048576                                   {product} {ergonomic}
    uintx NonNMethodCodeHeapSize                   = 5830732                                {pd product} {ergonomic}
    uintx NonProfiledCodeHeapSize                  = 122913754                              {pd product} {ergonomic}
    uintx ProfiledCodeHeapSize                     = 122913754                              {pd product} {ergonomic}
    uintx ReservedCodeCacheSize                    = 251658240                              {pd product} {ergonomic}
     bool SegmentedCodeCache                       = true                                      {product} {ergonomic}
     bool UseCompressedClassPointers               = true                                 {lp64_product} {ergonomic}
     bool UseCompressedOops                        = true                                 {lp64_product} {ergonomic}
     bool UseG1GC                                  = true                                      {product} {ergonomic}
     bool UseLargePagesIndividualAllocation        = false                                  {pd product} {ergonomic}

Logging:
Log output configuration:
 #0: stdout all=warning uptime,level,tags
 #1: stderr all=off uptime,level,tags

Environment Variables:
JAVA_HOME=C:\Program Files\Java\jdk-11
CLASSPATH=E:\UI\android\\gradle\wrapper\gradle-wrapper.jar
PATH=E:\UI\node_modules\.bin;E:\UI\node_modules\.bin;E:\node_modules\.bin;C:\Users\01-131202-034\AppData\Roaming\npm\node_modules\npm\node_modules\@npmcli\run-script\lib\node-gyp-bin;C:\Program Files\Common Files\Oracle\Java\javapath;C:\Python311\Scripts\;C:\Python311\;C:\Windows\system32;C:\Windows;C:\Windows\System32\Wbem;C:\Windows\System32\WindowsPowerShell\v1.0\;C:\Windows\System32\OpenSSH\;C:\Program Files\nodejs\;C:\ProgramData\chocolatey\bin;C:\Users\01-131202-034\AppData\Local\Android\Sdk;C:\Users\01-131202-034\AppData\Local\Android\Sdk\platform-tools;C:\Program Files\Git\cmd;C:\Program Files\Java\jdk-11;C:\Users\01-131202-034\AppData\Local\Android\Sdk\emulator;C:\Users\01-131202-034\AppData\Local\Android\Sdk\build-tools;C:\Users\01-131202-034\AppData\Local\Android\Sdk\cmdline-tools;C:\Users\01-131202-034\AppData\Local\Android\Sdk\cmdline-tools\latest\bin;C:\Users\01-131202-034\AppData\Local\Android\Sdk\tools;C:\Users\01-131202-034\AppData\Local\Android\Sdk\tools;C:\Users\01-131202-034\AppData\Local\Microsoft\WindowsApps;C:\Users\01-131202-034\AppData\Roaming\npm;C:\Users\01-131202-034\AppData\Local\Android\Sdk\platform-tools;C:\Users\01-131202-034\AppData\Local\Android\Sdk\emulator;C:\Users\01-131202-034\AppData\Local\Android\Sdk\build-tools;C:\Users\01-131202-034\AppData\Local\Android\Sdk;C:\Users\01-131202-034\AppData\Local\Programs\Microsoft VS Code\bin;C:\Users\01-131202-034\AppData\Local\Android\Sdk\cmdline-tools;C:\Users\01-131202-034\AppData\Local\Android\Sdk\cmdline-tools\latest\bin;C:\Program Files\Java\jdk-11;
USERNAME=01-131202-034
OS=Windows_NT
PROCESSOR_IDENTIFIER=Intel64 Family 6 Model 78 Stepping 3, GenuineIntel



---------------  S Y S T E M  ---------------

OS: Windows 10 , 64 bit Build 19041 (10.0.19041.3636)
Hyper-V role detected

CPU:total 4 (initial active 4) (2 cores per cpu, 2 threads per core) family 6 model 78 stepping 3 microcode 0xf0, cmov, cx8, fxsr, mmx, sse, sse2, sse3, ssse3, sse4.1, sse4.2, popcnt, avx, avx2, aes, clmul, erms, rtm, 3dnowpref, lzcnt, ht, tsc, tscinvbit, bmi1, bmi2, adx, fma

Memory: 4k page, system-wide physical 8071M (478M free)
TotalPageFile size 16081M (AvailPageFile size 2M)
current process WorkingSet (physical memory assigned to process): 541M, peak: 545M
current process commit charge ("private bytes"): 601M, peak: 605M

vm_info: Java HotSpot(TM) 64-Bit Server VM (11.0.20+9-LTS-256) for windows-amd64 JRE (11.0.20+9-LTS-256), built on Jun 14 2023 10:34:22 by "mach5one" with MS VC++ 17.1 (VS2022)

END.
