#
# There is insufficient memory for the Java Runtime Environment to continue.
# Native memory allocation (malloc) failed to allocate 1884016 bytes for Chunk::new
# Possible reasons:
#   The system is out of physical RAM or swap space
#   The process is running with CompressedOops enabled, and the Java Heap may be blocking the growth of the native heap
# Possible solutions:
#   Reduce memory load on the system
#   Increase physical memory or swap space
#   Check if swap backing store is full
#   Decrease Java heap size (-Xmx/-Xms)
#   Decrease number of Java threads
#   Decrease Java thread stack sizes (-Xss)
#   Set larger code cache with -XX:ReservedCodeCacheSize=
#   JVM is running with Unscaled Compressed Oops mode in which the Java heap is
#     placed in the first 4GB address space. The Java Heap base address is the
#     maximum limit for the native heap growth. Please use -XX:HeapBaseMinAddress
#     to set the Java Heap base and to place the Java Heap above 4GB virtual address.
# This output file may be truncated or incomplete.
#
#  Out of Memory Error (./open/src/hotspot/share/memory/arena.cpp:197), pid=18232, tid=13264
#
# JRE version: Java(TM) SE Runtime Environment 18.9 (11.0.20+9) (build 11.0.20+9-LTS-256)
# Java VM: Java HotSpot(TM) 64-Bit Server VM 18.9 (11.0.20+9-LTS-256, mixed mode, tiered, compressed oops, g1 gc, windows-amd64)
# No core dump will be written. Minidumps are not enabled by default on client versions of Windows
#

---------------  S U M M A R Y ------------

Command Line: -XX:MaxMetaspaceSize=512m --add-opens=java.base/java.util=ALL-UNNAMED --add-opens=java.base/java.lang=ALL-UNNAMED --add-opens=java.base/java.lang.invoke=ALL-UNNAMED --add-opens=java.prefs/java.util.prefs=ALL-UNNAMED --add-opens=java.base/java.nio.charset=ALL-UNNAMED --add-opens=java.base/java.net=ALL-UNNAMED --add-opens=java.base/java.util.concurrent.atomic=ALL-UNNAMED -Xmx2048m -Dfile.encoding=windows-1252 -Duser.country=US -Duser.language=en -Duser.variant org.gradle.launcher.daemon.bootstrap.GradleDaemon 8.0.1

Host: Intel(R) Core(TM) i7-6600U CPU @ 2.60GHz, 4 cores, 7G,  Windows 10 , 64 bit Build 19041 (10.0.19041.3636)
Time: Tue Jan 30 14:17:26 2024 Pakistan Standard Time elapsed time: 331.270027 seconds (0d 0h 5m 31s)

---------------  T H R E A D  ---------------

Current thread (0x000001fa98e57800):  JavaThread "C2 CompilerThread1" daemon [_thread_in_native, id=13264, stack(0x000000c8c8800000,0x000000c8c8900000)]


Current CompileTask:
C2: 331270 14067       4       sun.reflect.generics.parser.SignatureParser::parseClassTypeSignature (118 bytes)

Stack: [0x000000c8c8800000,0x000000c8c8900000]
Native frames: (J=compiled Java code, j=interpreted, Vv=VM code, C=native code)
V  [jvm.dll+0x6602ba]
V  [jvm.dll+0x7a32af]
V  [jvm.dll+0x7a4979]
V  [jvm.dll+0x7a5013]
V  [jvm.dll+0x258ef5]
V  [jvm.dll+0xb2a0c]
V  [jvm.dll+0xb2fcc]
V  [jvm.dll+0x367691]
V  [jvm.dll+0x330365]
V  [jvm.dll+0x32f74a]
V  [jvm.dll+0x211bfd]
V  [jvm.dll+0x210bc8]
V  [jvm.dll+0x18cdb1]
V  [jvm.dll+0x220e59]
V  [jvm.dll+0x21f17c]
V  [jvm.dll+0x767061]
V  [jvm.dll+0x75f8e4]
V  [jvm.dll+0x65f165]
C  [ucrtbase.dll+0x21bb2]
C  [KERNEL32.DLL+0x17344]
C  [ntdll.dll+0x526b1]


---------------  P R O C E S S  ---------------

Threads class SMR info:
_java_thread_list=0x000001faa6af5e40, length=84, elements={
0x000001fafac68000, 0x000001faffe07000, 0x000001faffe08000, 0x000001faffe24800,
0x000001faffe26800, 0x000001faffe27800, 0x000001faffe2a800, 0x000001faffe6c800,
0x000001faffe6d000, 0x000001fa98f77800, 0x000001fa9a85d800, 0x000001fa9b2fb000,
0x000001fa9b4c7000, 0x000001fa9ad1d800, 0x000001fa9b189800, 0x000001fa99f62000,
0x000001fa9b25a800, 0x000001fa99edd000, 0x000001fa9afe1000, 0x000001fa9afdb000,
0x000001fa9afde800, 0x000001fa9afdf800, 0x000001fa9afdc000, 0x000001fa9afdd000,
0x000001fa9afe0000, 0x000001fa9afe2000, 0x000001fa9afdd800, 0x000001fa9a780000,
0x000001fa9a781000, 0x000001fa9a77d000, 0x000001fa9a782000, 0x000001fa9a77c000,
0x000001fa9a787800, 0x000001fa9a788800, 0x000001fa9a782800, 0x000001fa9a784000,
0x000001fa9a77e800, 0x000001fa9a789000, 0x000001fa9a78b000, 0x000001fa9a78a000,
0x000001fa9a785000, 0x000001fa9a786000, 0x000001fa9af03800, 0x000001fa9af03000,
0x000001fa9af07000, 0x000001fa9af07800, 0x000001fa9af08800, 0x000001fa9af05000,
0x000001fa9af09800, 0x000001fa9af06000, 0x000001fa9af0a000, 0x000001fa9af04800,
0x000001fa9af0e000, 0x000001fa9af0f000, 0x000001fa9af0c800, 0x000001fa9af0d800,
0x000001fa9af10000, 0x000001fa9af10800, 0x000001fa9af0b000, 0x000001fa9af11800,
0x000001fa9af0c000, 0x000001fa9d31c800, 0x000001fa9d318800, 0x000001fa9d31a000,
0x000001fa9d31e000, 0x000001fa9d31f000, 0x000001fa9d31d000, 0x000001fa9d319000,
0x000001fa9d322000, 0x000001fa9d321000, 0x000001fa9d323000, 0x000001fa9d323800,
0x000001fa9d324800, 0x000001fa9d325800, 0x000001fa9d31f800, 0x000001fa9d326000,
0x000001fa9d320800, 0x000001fa9d327000, 0x000001fa9bb7d000, 0x000001fa9bb7c800,
0x000001fa9bb82000, 0x000001fa9bb7f800, 0x000001fa9bb81000, 0x000001fa98e57800
}

Java Threads: ( => current thread )
  0x000001fafac68000 JavaThread "main" [_thread_blocked, id=3424, stack(0x000000c8c3d00000,0x000000c8c3e00000)]
  0x000001faffe07000 JavaThread "Reference Handler" daemon [_thread_blocked, id=17356, stack(0x000000c8c4400000,0x000000c8c4500000)]
  0x000001faffe08000 JavaThread "Finalizer" daemon [_thread_blocked, id=10624, stack(0x000000c8c4500000,0x000000c8c4600000)]
  0x000001faffe24800 JavaThread "Signal Dispatcher" daemon [_thread_blocked, id=12216, stack(0x000000c8c4600000,0x000000c8c4700000)]
  0x000001faffe26800 JavaThread "Attach Listener" daemon [_thread_blocked, id=11604, stack(0x000000c8c4700000,0x000000c8c4800000)]
  0x000001faffe27800 JavaThread "Service Thread" daemon [_thread_blocked, id=17544, stack(0x000000c8c4800000,0x000000c8c4900000)]
  0x000001faffe2a800 JavaThread "C2 CompilerThread0" daemon [_thread_in_native, id=9560, stack(0x000000c8c4900000,0x000000c8c4a00000)]
  0x000001faffe6c800 JavaThread "C1 CompilerThread0" daemon [_thread_blocked, id=1132, stack(0x000000c8c4a00000,0x000000c8c4b00000)]
  0x000001faffe6d000 JavaThread "Sweeper thread" daemon [_thread_blocked, id=9176, stack(0x000000c8c4b00000,0x000000c8c4c00000)]
  0x000001fa98f77800 JavaThread "Common-Cleaner" daemon [_thread_blocked, id=1464, stack(0x000000c8c4c00000,0x000000c8c4d00000)]
  0x000001fa9a85d800 JavaThread "Daemon health stats" [_thread_blocked, id=1276, stack(0x000000c8c5000000,0x000000c8c5100000)]
  0x000001fa9b2fb000 JavaThread "Incoming local TCP Connector on port 56779" [_thread_in_native, id=3260, stack(0x000000c8c5100000,0x000000c8c5200000)]
  0x000001fa9b4c7000 JavaThread "Daemon periodic checks" [_thread_blocked, id=10124, stack(0x000000c8c5200000,0x000000c8c5300000)]
  0x000001fa9ad1d800 JavaThread "Daemon" [_thread_blocked, id=12552, stack(0x000000c8c5300000,0x000000c8c5400000)]
  0x000001fa9b189800 JavaThread "Handler for socket connection from /127.0.0.1:56779 to /127.0.0.1:56780" [_thread_in_native, id=10424, stack(0x000000c8c5400000,0x000000c8c5500000)]
  0x000001fa99f62000 JavaThread "Cancel handler" [_thread_blocked, id=7404, stack(0x000000c8c5500000,0x000000c8c5600000)]
  0x000001fa9b25a800 JavaThread "Daemon worker" [_thread_in_vm, id=6736, stack(0x000000c8c5600000,0x000000c8c5700000)]
  0x000001fa99edd000 JavaThread "Asynchronous log dispatcher for DefaultDaemonConnection: socket connection from /127.0.0.1:56779 to /127.0.0.1:56780" [_thread_blocked, id=3448, stack(0x000000c8c5700000,0x000000c8c5800000)]
  0x000001fa9afe1000 JavaThread "Daemon client event forwarder" [_thread_blocked, id=1720, stack(0x000000c8c5c00000,0x000000c8c5d00000)]
  0x000001fa9afdb000 JavaThread "Cache worker for journal cache (C:\Users\01-131202-034\.gradle\caches\journal-1)" [_thread_blocked, id=16100, stack(0x000000c8c5d00000,0x000000c8c5e00000)]
  0x000001fa9afde800 JavaThread "File lock request listener" [_thread_in_native, id=12004, stack(0x000000c8c5e00000,0x000000c8c5f00000)]
  0x000001fa9afdf800 JavaThread "Cache worker for file hash cache (C:\Users\01-131202-034\.gradle\caches\8.0.1\fileHashes)" [_thread_blocked, id=11316, stack(0x000000c8c5f00000,0x000000c8c6000000)]
  0x000001fa9afdc000 JavaThread "File watcher server" daemon [_thread_in_native, id=17904, stack(0x000000c8c6000000,0x000000c8c6100000)]
  0x000001fa9afdd000 JavaThread "File watcher consumer" daemon [_thread_blocked, id=11020, stack(0x000000c8c6100000,0x000000c8c6200000)]
  0x000001fa9afe0000 JavaThread "Cache worker for checksums cache (E:\UI\android\.gradle\8.0.1\checksums)" [_thread_blocked, id=16772, stack(0x000000c8c6200000,0x000000c8c6300000)]
  0x000001fa9afe2000 JavaThread "Cache worker for cache directory md-rule (C:\Users\01-131202-034\.gradle\caches\8.0.1\md-rule)" [_thread_blocked, id=13684, stack(0x000000c8c6300000,0x000000c8c6400000)]
  0x000001fa9afdd800 JavaThread "Cache worker for file content cache (C:\Users\01-131202-034\.gradle\caches\8.0.1\fileContent)" [_thread_blocked, id=15020, stack(0x000000c8c6400000,0x000000c8c6500000)]
  0x000001fa9a780000 JavaThread "Cache worker for file hash cache (E:\UI\android\.gradle\8.0.1\fileHashes)" [_thread_blocked, id=18988, stack(0x000000c8c6500000,0x000000c8c6600000)]
  0x000001fa9a781000 JavaThread "Cache worker for cache directory md-supplier (C:\Users\01-131202-034\.gradle\caches\8.0.1\md-supplier)" [_thread_blocked, id=2444, stack(0x000000c8c6600000,0x000000c8c6700000)]
  0x000001fa9a77d000 JavaThread "Cache worker for execution history cache (C:\Users\01-131202-034\.gradle\caches\8.0.1\executionHistory)" [_thread_blocked, id=17672, stack(0x000000c8c6700000,0x000000c8c6800000)]
  0x000001fa9a782000 JavaThread "jar transforms" [_thread_blocked, id=17236, stack(0x000000c8c3b00000,0x000000c8c3c00000)]
  0x000001fa9a77c000 JavaThread "jar transforms Thread 2" [_thread_blocked, id=13316, stack(0x000000c8c3c00000,0x000000c8c3d00000)]
  0x000001fa9a787800 JavaThread "jar transforms Thread 3" [_thread_blocked, id=15556, stack(0x000000c8c6900000,0x000000c8c6a00000)]
  0x000001fa9a788800 JavaThread "jar transforms Thread 4" [_thread_blocked, id=12060, stack(0x000000c8c6c00000,0x000000c8c6d00000)]
  0x000001fa9a782800 JavaThread "Cache worker for kotlin-dsl (C:\Users\01-131202-034\.gradle\caches\8.0.1\kotlin-dsl)" [_thread_blocked, id=14072, stack(0x000000c8c6b00000,0x000000c8c6c00000)]
  0x000001fa9a784000 JavaThread "Cache worker for dependencies-accessors (E:\UI\android\.gradle\8.0.1\dependencies-accessors)" [_thread_blocked, id=10544, stack(0x000000c8c5800000,0x000000c8c5900000)]
  0x000001fa9a77e800 JavaThread "Cache worker for Build Output Cleanup Cache (E:\UI\node_modules\@react-native\gradle-plugin\.gradle\buildOutputCleanup)" [_thread_blocked, id=17692, stack(0x000000c8c6d00000,0x000000c8c6e00000)]
  0x000001fa9a789000 JavaThread "Unconstrained build operations" [_thread_blocked, id=15924, stack(0x000000c8c6e00000,0x000000c8c6f00000)]
  0x000001fa9a78b000 JavaThread "Unconstrained build operations Thread 2" [_thread_blocked, id=12576, stack(0x000000c8c6f00000,0x000000c8c7000000)]
  0x000001fa9a78a000 JavaThread "Unconstrained build operations Thread 3" [_thread_blocked, id=1032, stack(0x000000c8c7000000,0x000000c8c7100000)]
  0x000001fa9a785000 JavaThread "Unconstrained build operations Thread 4" [_thread_blocked, id=2684, stack(0x000000c8c7100000,0x000000c8c7200000)]
  0x000001fa9a786000 JavaThread "Unconstrained build operations Thread 5" [_thread_blocked, id=12504, stack(0x000000c8c7200000,0x000000c8c7300000)]
  0x000001fa9af03800 JavaThread "Unconstrained build operations Thread 6" [_thread_blocked, id=13184, stack(0x000000c8c7300000,0x000000c8c7400000)]
  0x000001fa9af03000 JavaThread "Unconstrained build operations Thread 7" [_thread_blocked, id=896, stack(0x000000c8c7400000,0x000000c8c7500000)]
  0x000001fa9af07000 JavaThread "Unconstrained build operations Thread 8" [_thread_blocked, id=15832, stack(0x000000c8c7500000,0x000000c8c7600000)]
  0x000001fa9af07800 JavaThread "Unconstrained build operations Thread 9" [_thread_blocked, id=9448, stack(0x000000c8c7600000,0x000000c8c7700000)]
  0x000001fa9af08800 JavaThread "Unconstrained build operations Thread 10" [_thread_blocked, id=5268, stack(0x000000c8c7700000,0x000000c8c7800000)]
  0x000001fa9af05000 JavaThread "Unconstrained build operations Thread 11" [_thread_blocked, id=15748, stack(0x000000c8c7800000,0x000000c8c7900000)]
  0x000001fa9af09800 JavaThread "Unconstrained build operations Thread 12" [_thread_blocked, id=17464, stack(0x000000c8c7900000,0x000000c8c7a00000)]
  0x000001fa9af06000 JavaThread "Unconstrained build operations Thread 13" [_thread_blocked, id=4348, stack(0x000000c8c7a00000,0x000000c8c7b00000)]
  0x000001fa9af0a000 JavaThread "Unconstrained build operations Thread 14" [_thread_blocked, id=7812, stack(0x000000c8c7b00000,0x000000c8c7c00000)]
  0x000001fa9af04800 JavaThread "Unconstrained build operations Thread 15" [_thread_blocked, id=2136, stack(0x000000c8c7c00000,0x000000c8c7d00000)]
  0x000001fa9af0e000 JavaThread "Unconstrained build operations Thread 16" [_thread_blocked, id=5788, stack(0x000000c8c7d00000,0x000000c8c7e00000)]
  0x000001fa9af0f000 JavaThread "Unconstrained build operations Thread 17" [_thread_blocked, id=11164, stack(0x000000c8c7e00000,0x000000c8c7f00000)]
  0x000001fa9af0c800 JavaThread "Unconstrained build operations Thread 18" [_thread_blocked, id=1376, stack(0x000000c8c7f00000,0x000000c8c8000000)]
  0x000001fa9af0d800 JavaThread "Unconstrained build operations Thread 19" [_thread_blocked, id=3500, stack(0x000000c8c8000000,0x000000c8c8100000)]
  0x000001fa9af10000 JavaThread "Unconstrained build operations Thread 20" [_thread_blocked, id=2560, stack(0x000000c8c8100000,0x000000c8c8200000)]
  0x000001fa9af10800 JavaThread "Unconstrained build operations Thread 21" [_thread_blocked, id=18504, stack(0x000000c8c8200000,0x000000c8c8300000)]
  0x000001fa9af0b000 JavaThread "Unconstrained build operations Thread 22" [_thread_blocked, id=9140, stack(0x000000c8c8300000,0x000000c8c8400000)]
  0x000001fa9af11800 JavaThread "Unconstrained build operations Thread 23" [_thread_blocked, id=3280, stack(0x000000c8c8400000,0x000000c8c8500000)]
  0x000001fa9af0c000 JavaThread "Unconstrained build operations Thread 24" [_thread_blocked, id=18228, stack(0x000000c8c8500000,0x000000c8c8600000)]
  0x000001fa9d31c800 JavaThread "Unconstrained build operations Thread 25" [_thread_blocked, id=4912, stack(0x000000c8c8600000,0x000000c8c8700000)]
  0x000001fa9d318800 JavaThread "Unconstrained build operations Thread 26" [_thread_blocked, id=18616, stack(0x000000c8c8700000,0x000000c8c8800000)]
  0x000001fa9d31a000 JavaThread "Memory manager" [_thread_blocked, id=11760, stack(0x000000c8c6800000,0x000000c8c6900000)]
  0x000001fa9d31e000 JavaThread "Cache worker for Build Output Cleanup Cache (E:\UI\android\.gradle\buildOutputCleanup)" [_thread_blocked, id=16888, stack(0x000000c8c6a00000,0x000000c8c6b00000)]
  0x000001fa9d31f000 JavaThread "Execution worker" [_thread_blocked, id=8304, stack(0x000000c8c8900000,0x000000c8c8a00000)]
  0x000001fa9d31d000 JavaThread "Execution worker Thread 2" [_thread_blocked, id=8308, stack(0x000000c8c8a00000,0x000000c8c8b00000)]
  0x000001fa9d319000 JavaThread "Execution worker Thread 3" [_thread_blocked, id=15092, stack(0x000000c8c8b00000,0x000000c8c8c00000)]
  0x000001fa9d322000 JavaThread "Cache worker for execution history cache (E:\UI\node_modules\@react-native\gradle-plugin\.gradle\8.0.1\executionHistory)" [_thread_blocked, id=17020, stack(0x000000c8c8c00000,0x000000c8c8d00000)]
  0x000001fa9d321000 JavaThread "Unconstrained build operations Thread 27" [_thread_blocked, id=10048, stack(0x000000c8c8d00000,0x000000c8c8e00000)]
  0x000001fa9d323000 JavaThread "Unconstrained build operations Thread 28" [_thread_blocked, id=3180, stack(0x000000c8c8e00000,0x000000c8c8f00000)]
  0x000001fa9d323800 JavaThread "Unconstrained build operations Thread 29" [_thread_blocked, id=4896, stack(0x000000c8c8f00000,0x000000c8c9000000)]
  0x000001fa9d324800 JavaThread "Unconstrained build operations Thread 30" [_thread_blocked, id=15540, stack(0x000000c8c9000000,0x000000c8c9100000)]
  0x000001fa9d325800 JavaThread "Unconstrained build operations Thread 31" [_thread_blocked, id=14112, stack(0x000000c8c9100000,0x000000c8c9200000)]
  0x000001fa9d31f800 JavaThread "Unconstrained build operations Thread 32" [_thread_blocked, id=13156, stack(0x000000c8c9200000,0x000000c8c9300000)]
  0x000001fa9d326000 JavaThread "Unconstrained build operations Thread 33" [_thread_blocked, id=14996, stack(0x000000c8c9300000,0x000000c8c9400000)]
  0x000001fa9d320800 JavaThread "Unconstrained build operations Thread 34" [_thread_blocked, id=15664, stack(0x000000c8c9400000,0x000000c8c9500000)]
  0x000001fa9d327000 JavaThread "Unconstrained build operations Thread 35" [_thread_blocked, id=12008, stack(0x000000c8c9500000,0x000000c8c9600000)]
  0x000001fa9bb7d000 JavaThread "Unconstrained build operations Thread 36" [_thread_blocked, id=9848, stack(0x000000c8c9600000,0x000000c8c9700000)]
  0x000001fa9bb7c800 JavaThread "Unconstrained build operations Thread 37" [_thread_blocked, id=19200, stack(0x000000c8c9700000,0x000000c8c9800000)]
  0x000001fa9bb82000 JavaThread "Unconstrained build operations Thread 38" [_thread_blocked, id=18096, stack(0x000000c8c9800000,0x000000c8c9900000)]
  0x000001fa9bb7f800 JavaThread "Unconstrained build operations Thread 39" [_thread_blocked, id=15328, stack(0x000000c8c9900000,0x000000c8c9a00000)]
  0x000001fa9bb81000 JavaThread "Unconstrained build operations Thread 40" [_thread_blocked, id=10404, stack(0x000000c8c9a00000,0x000000c8c9b00000)]
=>0x000001fa98e57800 JavaThread "C2 CompilerThread1" daemon [_thread_in_native, id=13264, stack(0x000000c8c8800000,0x000000c8c8900000)]

Other Threads:
  0x000001faffe00800 VMThread "VM Thread" [stack: 0x000000c8c4300000,0x000000c8c4400000] [id=18312]
  0x000001fa98fbe800 WatcherThread [stack: 0x000000c8c4d00000,0x000000c8c4e00000] [id=7712]
  0x000001fafac7e000 GCTaskThread "GC Thread#0" [stack: 0x000000c8c3e00000,0x000000c8c3f00000] [id=3276]
  0x000001fa996be000 GCTaskThread "GC Thread#1" [stack: 0x000000c8c4e00000,0x000000c8c4f00000] [id=13060]
  0x000001fa99026800 GCTaskThread "GC Thread#2" [stack: 0x000000c8c4f00000,0x000000c8c5000000] [id=14408]
  0x000001fa99ede000 GCTaskThread "GC Thread#3" [stack: 0x000000c8c5900000,0x000000c8c5a00000] [id=8012]
  0x000001fafacaf800 ConcurrentGCThread "G1 Main Marker" [stack: 0x000000c8c3f00000,0x000000c8c4000000] [id=2900]
  0x000001fafacb2000 ConcurrentGCThread "G1 Conc#0" [stack: 0x000000c8c4000000,0x000000c8c4100000] [id=13560]
  0x000001fafad3e000 ConcurrentGCThread "G1 Refine#0" [stack: 0x000000c8c4100000,0x000000c8c4200000] [id=18252]
  0x000001fa99230800 ConcurrentGCThread "G1 Refine#1" [stack: 0x000000c8c5a00000,0x000000c8c5b00000] [id=9276]
  0x000001fa990dd000 ConcurrentGCThread "G1 Refine#2" [stack: 0x000000c8c5b00000,0x000000c8c5c00000] [id=5960]
  0x000001faffc71000 ConcurrentGCThread "G1 Young RemSet Sampling" [stack: 0x000000c8c4200000,0x000000c8c4300000] [id=7888]

Threads with active compile tasks:
C2 CompilerThread0   331380 14066       4       sun.reflect.generics.parser.SignatureParser::parsePackageNameAndSimpleClassTypeSignature (119 bytes)
C2 CompilerThread1   331380 14067       4       sun.reflect.generics.parser.SignatureParser::parseClassTypeSignature (118 bytes)

VM state:not at safepoint (normal execution)

VM Mutex/Monitor currently owned by a thread: None

Heap address: 0x0000000080000000, size: 2048 MB, Compressed Oops mode: 32-bit
Narrow klass base: 0x0000000000000000, Narrow klass shift: 3
Compressed class space size: 528482304 Address: 0x0000000100000000

Heap:
 garbage-first heap   total 335872K, used 240295K [0x0000000080000000, 0x0000000100000000)
  region size 1024K, 42 young (43008K), 7 survivors (7168K)
 Metaspace       used 115670K, capacity 121049K, committed 121308K, reserved 620544K
  class space    used 15417K, capacity 17501K, committed 17560K, reserved 516096K
Heap Regions: E=young(eden), S=young(survivor), O=old, HS=humongous(starts), HC=humongous(continues), CS=collection set, F=free, A=archive, TAMS=top-at-mark-start (previous, next)
|   0|0x0000000080000000, 0x0000000080100000, 0x0000000080100000|100%| O|  |TAMS 0x0000000080100000, 0x0000000080000000| Untracked 
|   1|0x0000000080100000, 0x0000000080200000, 0x0000000080200000|100%| O|  |TAMS 0x0000000080200000, 0x0000000080100000| Untracked 
|   2|0x0000000080200000, 0x0000000080300000, 0x0000000080300000|100%|HS|  |TAMS 0x0000000080300000, 0x0000000080200000| Complete 
|   3|0x0000000080300000, 0x0000000080400000, 0x0000000080400000|100%|HC|  |TAMS 0x0000000080400000, 0x0000000080300000| Complete 
|   4|0x0000000080400000, 0x0000000080500000, 0x0000000080500000|100%|HC|  |TAMS 0x0000000080500000, 0x0000000080400000| Complete 
|   5|0x0000000080500000, 0x0000000080600000, 0x0000000080600000|100%|HC|  |TAMS 0x0000000080600000, 0x0000000080500000| Complete 
|   6|0x0000000080600000, 0x0000000080700000, 0x0000000080700000|100%| O|  |TAMS 0x0000000080700000, 0x0000000080600000| Untracked 
|   7|0x0000000080700000, 0x0000000080800000, 0x0000000080800000|100%| O|  |TAMS 0x0000000080800000, 0x0000000080700000| Untracked 
|   8|0x0000000080800000, 0x0000000080900000, 0x0000000080900000|100%| O|  |TAMS 0x0000000080900000, 0x0000000080800000| Untracked 
|   9|0x0000000080900000, 0x0000000080a00000, 0x0000000080a00000|100%| O|  |TAMS 0x0000000080a00000, 0x0000000080900000| Untracked 
|  10|0x0000000080a00000, 0x0000000080b00000, 0x0000000080b00000|100%| O|  |TAMS 0x0000000080b00000, 0x0000000080a00000| Untracked 
|  11|0x0000000080b00000, 0x0000000080c00000, 0x0000000080c00000|100%| O|  |TAMS 0x0000000080c00000, 0x0000000080b00000| Untracked 
|  12|0x0000000080c00000, 0x0000000080d00000, 0x0000000080d00000|100%| O|  |TAMS 0x0000000080d00000, 0x0000000080c00000| Untracked 
|  13|0x0000000080d00000, 0x0000000080e00000, 0x0000000080e00000|100%| O|  |TAMS 0x0000000080e00000, 0x0000000080d00000| Untracked 
|  14|0x0000000080e00000, 0x0000000080f00000, 0x0000000080f00000|100%| O|  |TAMS 0x0000000080f00000, 0x0000000080e00000| Untracked 
|  15|0x0000000080f00000, 0x0000000081000000, 0x0000000081000000|100%| O|  |TAMS 0x0000000081000000, 0x0000000080f00000| Untracked 
|  16|0x0000000081000000, 0x0000000081100000, 0x0000000081100000|100%| O|  |TAMS 0x0000000081100000, 0x0000000081000000| Untracked 
|  17|0x0000000081100000, 0x0000000081200000, 0x0000000081200000|100%| O|  |TAMS 0x0000000081200000, 0x0000000081100000| Untracked 
|  18|0x0000000081200000, 0x0000000081300000, 0x0000000081300000|100%| O|  |TAMS 0x0000000081300000, 0x0000000081200000| Untracked 
|  19|0x0000000081300000, 0x0000000081400000, 0x0000000081400000|100%| O|  |TAMS 0x0000000081400000, 0x0000000081300000| Untracked 
|  20|0x0000000081400000, 0x0000000081500000, 0x0000000081500000|100%| O|  |TAMS 0x0000000081500000, 0x0000000081400000| Untracked 
|  21|0x0000000081500000, 0x0000000081600000, 0x0000000081600000|100%| O|  |TAMS 0x0000000081600000, 0x0000000081500000| Untracked 
|  22|0x0000000081600000, 0x0000000081700000, 0x0000000081700000|100%| O|  |TAMS 0x0000000081700000, 0x0000000081600000| Untracked 
|  23|0x0000000081700000, 0x0000000081800000, 0x0000000081800000|100%| O|  |TAMS 0x0000000081800000, 0x0000000081700000| Untracked 
|  24|0x0000000081800000, 0x0000000081900000, 0x0000000081900000|100%| O|  |TAMS 0x0000000081900000, 0x0000000081800000| Untracked 
|  25|0x0000000081900000, 0x0000000081a00000, 0x0000000081a00000|100%| O|  |TAMS 0x0000000081a00000, 0x0000000081900000| Untracked 
|  26|0x0000000081a00000, 0x0000000081b00000, 0x0000000081b00000|100%| O|  |TAMS 0x0000000081b00000, 0x0000000081a00000| Untracked 
|  27|0x0000000081b00000, 0x0000000081c00000, 0x0000000081c00000|100%| O|  |TAMS 0x0000000081c00000, 0x0000000081b00000| Untracked 
|  28|0x0000000081c00000, 0x0000000081d00000, 0x0000000081d00000|100%| O|  |TAMS 0x0000000081d00000, 0x0000000081c00000| Untracked 
|  29|0x0000000081d00000, 0x0000000081e00000, 0x0000000081e00000|100%|HS|  |TAMS 0x0000000081e00000, 0x0000000081d00000| Complete 
|  30|0x0000000081e00000, 0x0000000081f00000, 0x0000000081f00000|100%|HC|  |TAMS 0x0000000081f00000, 0x0000000081e00000| Complete 
|  31|0x0000000081f00000, 0x0000000082000000, 0x0000000082000000|100%|HS|  |TAMS 0x0000000082000000, 0x0000000081f00000| Complete 
|  32|0x0000000082000000, 0x0000000082100000, 0x0000000082100000|100%|HC|  |TAMS 0x0000000082100000, 0x0000000082000000| Complete 
|  33|0x0000000082100000, 0x0000000082200000, 0x0000000082200000|100%|HC|  |TAMS 0x0000000082200000, 0x0000000082100000| Complete 
|  34|0x0000000082200000, 0x0000000082300000, 0x0000000082300000|100%|HC|  |TAMS 0x0000000082300000, 0x0000000082200000| Complete 
|  35|0x0000000082300000, 0x0000000082400000, 0x0000000082400000|100%| O|  |TAMS 0x0000000082400000, 0x0000000082300000| Untracked 
|  36|0x0000000082400000, 0x0000000082500000, 0x0000000082500000|100%| O|  |TAMS 0x0000000082500000, 0x0000000082400000| Untracked 
|  37|0x0000000082500000, 0x0000000082600000, 0x0000000082600000|100%| O|  |TAMS 0x0000000082600000, 0x0000000082500000| Untracked 
|  38|0x0000000082600000, 0x0000000082700000, 0x0000000082700000|100%| O|  |TAMS 0x0000000082700000, 0x0000000082600000| Untracked 
|  39|0x0000000082700000, 0x0000000082800000, 0x0000000082800000|100%| O|  |TAMS 0x0000000082800000, 0x0000000082700000| Untracked 
|  40|0x0000000082800000, 0x0000000082900000, 0x0000000082900000|100%| O|  |TAMS 0x0000000082900000, 0x0000000082800000| Untracked 
|  41|0x0000000082900000, 0x0000000082a00000, 0x0000000082a00000|100%| O|  |TAMS 0x0000000082a00000, 0x0000000082900000| Untracked 
|  42|0x0000000082a00000, 0x0000000082b00000, 0x0000000082b00000|100%| O|  |TAMS 0x0000000082b00000, 0x0000000082a00000| Untracked 
|  43|0x0000000082b00000, 0x0000000082c00000, 0x0000000082c00000|100%| O|  |TAMS 0x0000000082c00000, 0x0000000082b00000| Untracked 
|  44|0x0000000082c00000, 0x0000000082d00000, 0x0000000082d00000|100%| O|  |TAMS 0x0000000082d00000, 0x0000000082c00000| Untracked 
|  45|0x0000000082d00000, 0x0000000082e00000, 0x0000000082e00000|100%| O|  |TAMS 0x0000000082e00000, 0x0000000082d00000| Untracked 
|  46|0x0000000082e00000, 0x0000000082f00000, 0x0000000082f00000|100%| O|  |TAMS 0x0000000082f00000, 0x0000000082e00000| Untracked 
|  47|0x0000000082f00000, 0x0000000083000000, 0x0000000083000000|100%| O|  |TAMS 0x0000000083000000, 0x0000000082f00000| Untracked 
|  48|0x0000000083000000, 0x0000000083100000, 0x0000000083100000|100%| O|  |TAMS 0x0000000083100000, 0x0000000083000000| Untracked 
|  49|0x0000000083100000, 0x0000000083200000, 0x0000000083200000|100%| O|  |TAMS 0x0000000083200000, 0x0000000083100000| Untracked 
|  50|0x0000000083200000, 0x0000000083300000, 0x0000000083300000|100%| O|  |TAMS 0x0000000083300000, 0x0000000083200000| Untracked 
|  51|0x0000000083300000, 0x0000000083400000, 0x0000000083400000|100%| O|  |TAMS 0x0000000083400000, 0x0000000083300000| Untracked 
|  52|0x0000000083400000, 0x0000000083500000, 0x0000000083500000|100%| O|  |TAMS 0x0000000083500000, 0x0000000083400000| Untracked 
|  53|0x0000000083500000, 0x0000000083600000, 0x0000000083600000|100%| O|  |TAMS 0x0000000083600000, 0x0000000083500000| Untracked 
|  54|0x0000000083600000, 0x0000000083700000, 0x0000000083700000|100%| O|  |TAMS 0x0000000083700000, 0x0000000083600000| Untracked 
|  55|0x0000000083700000, 0x0000000083800000, 0x0000000083800000|100%| O|  |TAMS 0x0000000083800000, 0x0000000083700000| Untracked 
|  56|0x0000000083800000, 0x0000000083900000, 0x0000000083900000|100%|HS|  |TAMS 0x0000000083900000, 0x0000000083800000| Complete 
|  57|0x0000000083900000, 0x0000000083a00000, 0x0000000083a00000|100%| O|  |TAMS 0x0000000083a00000, 0x0000000083900000| Untracked 
|  58|0x0000000083a00000, 0x0000000083b00000, 0x0000000083b00000|100%| O|  |TAMS 0x0000000083b00000, 0x0000000083a00000| Untracked 
|  59|0x0000000083b00000, 0x0000000083c00000, 0x0000000083c00000|100%| O|  |TAMS 0x0000000083c00000, 0x0000000083b00000| Untracked 
|  60|0x0000000083c00000, 0x0000000083d00000, 0x0000000083d00000|100%|HS|  |TAMS 0x0000000083d00000, 0x0000000083c00000| Complete 
|  61|0x0000000083d00000, 0x0000000083e00000, 0x0000000083e00000|100%| O|  |TAMS 0x0000000083e00000, 0x0000000083d00000| Untracked 
|  62|0x0000000083e00000, 0x0000000083f00000, 0x0000000083f00000|100%| O|  |TAMS 0x0000000083f00000, 0x0000000083e00000| Untracked 
|  63|0x0000000083f00000, 0x0000000084000000, 0x0000000084000000|100%| O|  |TAMS 0x0000000084000000, 0x0000000083f00000| Untracked 
|  64|0x0000000084000000, 0x0000000084100000, 0x0000000084100000|100%| O|  |TAMS 0x0000000084100000, 0x0000000084000000| Untracked 
|  65|0x0000000084100000, 0x0000000084200000, 0x0000000084200000|100%| O|  |TAMS 0x0000000084200000, 0x0000000084100000| Untracked 
|  66|0x0000000084200000, 0x0000000084300000, 0x0000000084300000|100%| O|  |TAMS 0x0000000084300000, 0x0000000084200000| Untracked 
|  67|0x0000000084300000, 0x0000000084400000, 0x0000000084400000|100%| O|  |TAMS 0x0000000084400000, 0x0000000084300000| Untracked 
|  68|0x0000000084400000, 0x0000000084500000, 0x0000000084500000|100%| O|  |TAMS 0x0000000084500000, 0x0000000084400000| Untracked 
|  69|0x0000000084500000, 0x0000000084600000, 0x0000000084600000|100%| O|  |TAMS 0x0000000084600000, 0x0000000084500000| Untracked 
|  70|0x0000000084600000, 0x0000000084700000, 0x0000000084700000|100%| O|  |TAMS 0x0000000084700000, 0x0000000084600000| Untracked 
|  71|0x0000000084700000, 0x0000000084800000, 0x0000000084800000|100%| O|  |TAMS 0x0000000084800000, 0x0000000084700000| Untracked 
|  72|0x0000000084800000, 0x0000000084900000, 0x0000000084900000|100%| O|  |TAMS 0x0000000084900000, 0x0000000084800000| Untracked 
|  73|0x0000000084900000, 0x0000000084a00000, 0x0000000084a00000|100%| O|  |TAMS 0x0000000084a00000, 0x0000000084900000| Untracked 
|  74|0x0000000084a00000, 0x0000000084b00000, 0x0000000084b00000|100%| O|  |TAMS 0x0000000084b00000, 0x0000000084a00000| Untracked 
|  75|0x0000000084b00000, 0x0000000084c00000, 0x0000000084c00000|100%| O|  |TAMS 0x0000000084c00000, 0x0000000084b00000| Untracked 
|  76|0x0000000084c00000, 0x0000000084d00000, 0x0000000084d00000|100%| O|  |TAMS 0x0000000084d00000, 0x0000000084c00000| Untracked 
|  77|0x0000000084d00000, 0x0000000084e00000, 0x0000000084e00000|100%| O|  |TAMS 0x0000000084e00000, 0x0000000084d00000| Untracked 
|  78|0x0000000084e00000, 0x0000000084f00000, 0x0000000084f00000|100%| O|  |TAMS 0x0000000084f00000, 0x0000000084e00000| Untracked 
|  79|0x0000000084f00000, 0x0000000085000000, 0x0000000085000000|100%| O|  |TAMS 0x0000000085000000, 0x0000000084f00000| Untracked 
|  80|0x0000000085000000, 0x0000000085100000, 0x0000000085100000|100%| O|  |TAMS 0x0000000085100000, 0x0000000085000000| Untracked 
|  81|0x0000000085100000, 0x0000000085200000, 0x0000000085200000|100%| O|  |TAMS 0x0000000085200000, 0x0000000085100000| Untracked 
|  82|0x0000000085200000, 0x0000000085300000, 0x0000000085300000|100%| O|  |TAMS 0x0000000085300000, 0x0000000085200000| Untracked 
|  83|0x0000000085300000, 0x0000000085400000, 0x0000000085400000|100%| O|  |TAMS 0x0000000085400000, 0x0000000085300000| Untracked 
|  84|0x0000000085400000, 0x0000000085500000, 0x0000000085500000|100%| O|  |TAMS 0x0000000085500000, 0x0000000085400000| Untracked 
|  85|0x0000000085500000, 0x0000000085600000, 0x0000000085600000|100%| O|  |TAMS 0x0000000085600000, 0x0000000085500000| Untracked 
|  86|0x0000000085600000, 0x0000000085700000, 0x0000000085700000|100%| O|  |TAMS 0x0000000085700000, 0x0000000085600000| Untracked 
|  87|0x0000000085700000, 0x0000000085800000, 0x0000000085800000|100%|HS|  |TAMS 0x0000000085800000, 0x0000000085700000| Complete 
|  88|0x0000000085800000, 0x0000000085900000, 0x0000000085900000|100%|HS|  |TAMS 0x0000000085900000, 0x0000000085800000| Complete 
|  89|0x0000000085900000, 0x0000000085a00000, 0x0000000085a00000|100%|HS|  |TAMS 0x0000000085a00000, 0x0000000085900000| Complete 
|  90|0x0000000085a00000, 0x0000000085b00000, 0x0000000085b00000|100%|HS|  |TAMS 0x0000000085b00000, 0x0000000085a00000| Complete 
|  91|0x0000000085b00000, 0x0000000085c00000, 0x0000000085c00000|100%|HC|  |TAMS 0x0000000085c00000, 0x0000000085b00000| Complete 
|  92|0x0000000085c00000, 0x0000000085d00000, 0x0000000085d00000|100%|HC|  |TAMS 0x0000000085d00000, 0x0000000085c00000| Complete 
|  93|0x0000000085d00000, 0x0000000085e00000, 0x0000000085e00000|100%| O|  |TAMS 0x0000000085e00000, 0x0000000085d00000| Untracked 
|  94|0x0000000085e00000, 0x0000000085f00000, 0x0000000085f00000|100%| O|  |TAMS 0x0000000085f00000, 0x0000000085e00000| Untracked 
|  95|0x0000000085f00000, 0x0000000086000000, 0x0000000086000000|100%| O|  |TAMS 0x0000000086000000, 0x0000000085f00000| Untracked 
|  96|0x0000000086000000, 0x0000000086100000, 0x0000000086100000|100%| O|  |TAMS 0x0000000086100000, 0x0000000086000000| Untracked 
|  97|0x0000000086100000, 0x0000000086200000, 0x0000000086200000|100%|HS|  |TAMS 0x0000000086200000, 0x0000000086100000| Complete 
|  98|0x0000000086200000, 0x0000000086300000, 0x0000000086300000|100%|HC|  |TAMS 0x0000000086300000, 0x0000000086200000| Complete 
|  99|0x0000000086300000, 0x0000000086400000, 0x0000000086400000|100%| O|  |TAMS 0x0000000086400000, 0x0000000086300000| Untracked 
| 100|0x0000000086400000, 0x0000000086500000, 0x0000000086500000|100%| O|  |TAMS 0x0000000086500000, 0x0000000086400000| Untracked 
| 101|0x0000000086500000, 0x0000000086600000, 0x0000000086600000|100%| O|  |TAMS 0x0000000086600000, 0x0000000086500000| Untracked 
| 102|0x0000000086600000, 0x0000000086700000, 0x0000000086700000|100%| O|  |TAMS 0x0000000086700000, 0x0000000086600000| Untracked 
| 103|0x0000000086700000, 0x0000000086800000, 0x0000000086800000|100%| O|  |TAMS 0x0000000086800000, 0x0000000086700000| Untracked 
| 104|0x0000000086800000, 0x0000000086900000, 0x0000000086900000|100%| O|  |TAMS 0x0000000086900000, 0x0000000086800000| Untracked 
| 105|0x0000000086900000, 0x0000000086a00000, 0x0000000086a00000|100%| O|  |TAMS 0x0000000086a00000, 0x0000000086900000| Untracked 
| 106|0x0000000086a00000, 0x0000000086b00000, 0x0000000086b00000|100%| O|  |TAMS 0x0000000086b00000, 0x0000000086a00000| Untracked 
| 107|0x0000000086b00000, 0x0000000086c00000, 0x0000000086c00000|100%| O|  |TAMS 0x0000000086c00000, 0x0000000086b00000| Untracked 
| 108|0x0000000086c00000, 0x0000000086d00000, 0x0000000086d00000|100%| O|  |TAMS 0x0000000086d00000, 0x0000000086c00000| Untracked 
| 109|0x0000000086d00000, 0x0000000086e00000, 0x0000000086e00000|100%| O|  |TAMS 0x0000000086e00000, 0x0000000086d00000| Untracked 
| 110|0x0000000086e00000, 0x0000000086f00000, 0x0000000086f00000|100%|HS|  |TAMS 0x0000000086f00000, 0x0000000086e00000| Complete 
| 111|0x0000000086f00000, 0x0000000087000000, 0x0000000087000000|100%|HS|  |TAMS 0x0000000087000000, 0x0000000086f00000| Complete 
| 112|0x0000000087000000, 0x0000000087100000, 0x0000000087100000|100%| O|  |TAMS 0x0000000087100000, 0x0000000087000000| Untracked 
| 113|0x0000000087100000, 0x0000000087200000, 0x0000000087200000|100%| O|  |TAMS 0x0000000087200000, 0x0000000087100000| Untracked 
| 114|0x0000000087200000, 0x0000000087300000, 0x0000000087300000|100%| O|  |TAMS 0x0000000087300000, 0x0000000087200000| Untracked 
| 115|0x0000000087300000, 0x0000000087400000, 0x0000000087400000|100%| O|  |TAMS 0x0000000087400000, 0x0000000087300000| Untracked 
| 116|0x0000000087400000, 0x0000000087500000, 0x0000000087500000|100%|HS|  |TAMS 0x0000000087500000, 0x0000000087400000| Complete 
| 117|0x0000000087500000, 0x0000000087600000, 0x0000000087600000|100%|HS|  |TAMS 0x0000000087600000, 0x0000000087500000| Complete 
| 118|0x0000000087600000, 0x0000000087700000, 0x0000000087700000|100%|HS|  |TAMS 0x0000000087700000, 0x0000000087600000| Complete 
| 119|0x0000000087700000, 0x0000000087800000, 0x0000000087800000|100%|HC|  |TAMS 0x0000000087800000, 0x0000000087700000| Complete 
| 120|0x0000000087800000, 0x0000000087900000, 0x0000000087900000|100%|HC|  |TAMS 0x0000000087900000, 0x0000000087800000| Complete 
| 121|0x0000000087900000, 0x0000000087a00000, 0x0000000087a00000|100%| O|  |TAMS 0x0000000087a00000, 0x0000000087900000| Untracked 
| 122|0x0000000087a00000, 0x0000000087b00000, 0x0000000087b00000|100%| O|  |TAMS 0x0000000087b00000, 0x0000000087a00000| Untracked 
| 123|0x0000000087b00000, 0x0000000087c00000, 0x0000000087c00000|100%| O|  |TAMS 0x0000000087c00000, 0x0000000087b00000| Untracked 
| 124|0x0000000087c00000, 0x0000000087d00000, 0x0000000087d00000|100%| O|  |TAMS 0x0000000087d00000, 0x0000000087c00000| Untracked 
| 125|0x0000000087d00000, 0x0000000087e00000, 0x0000000087e00000|100%| O|  |TAMS 0x0000000087e00000, 0x0000000087d00000| Untracked 
| 126|0x0000000087e00000, 0x0000000087f00000, 0x0000000087f00000|100%| O|  |TAMS 0x0000000087f00000, 0x0000000087e00000| Untracked 
| 127|0x0000000087f00000, 0x0000000088000000, 0x0000000088000000|100%| O|  |TAMS 0x0000000088000000, 0x0000000087f00000| Untracked 
| 128|0x0000000088000000, 0x0000000088100000, 0x0000000088100000|100%| O|  |TAMS 0x0000000088100000, 0x0000000088000000| Untracked 
| 129|0x0000000088100000, 0x0000000088200000, 0x0000000088200000|100%|HS|  |TAMS 0x0000000088200000, 0x0000000088100000| Complete 
| 130|0x0000000088200000, 0x0000000088300000, 0x0000000088300000|100%|HC|  |TAMS 0x0000000088300000, 0x0000000088200000| Complete 
| 131|0x0000000088300000, 0x0000000088400000, 0x0000000088400000|100%|HS|  |TAMS 0x0000000088400000, 0x0000000088300000| Complete 
| 132|0x0000000088400000, 0x0000000088500000, 0x0000000088500000|100%|HC|  |TAMS 0x0000000088500000, 0x0000000088400000| Complete 
| 133|0x0000000088500000, 0x0000000088600000, 0x0000000088600000|100%| O|  |TAMS 0x0000000088600000, 0x0000000088500000| Untracked 
| 134|0x0000000088600000, 0x0000000088700000, 0x0000000088700000|100%| O|  |TAMS 0x0000000088700000, 0x0000000088600000| Untracked 
| 135|0x0000000088700000, 0x0000000088800000, 0x0000000088800000|100%| O|  |TAMS 0x0000000088800000, 0x0000000088700000| Untracked 
| 136|0x0000000088800000, 0x0000000088900000, 0x0000000088900000|100%| O|  |TAMS 0x0000000088900000, 0x0000000088800000| Untracked 
| 137|0x0000000088900000, 0x0000000088a00000, 0x0000000088a00000|100%|HS|  |TAMS 0x0000000088a00000, 0x0000000088900000| Complete 
| 138|0x0000000088a00000, 0x0000000088b00000, 0x0000000088b00000|100%|HS|  |TAMS 0x0000000088b00000, 0x0000000088a00000| Complete 
| 139|0x0000000088b00000, 0x0000000088c00000, 0x0000000088c00000|100%| O|  |TAMS 0x0000000088c00000, 0x0000000088b00000| Untracked 
| 140|0x0000000088c00000, 0x0000000088d00000, 0x0000000088d00000|100%| O|  |TAMS 0x0000000088d00000, 0x0000000088c00000| Untracked 
| 141|0x0000000088d00000, 0x0000000088e00000, 0x0000000088e00000|100%| O|  |TAMS 0x0000000088e00000, 0x0000000088d00000| Untracked 
| 142|0x0000000088e00000, 0x0000000088f00000, 0x0000000088f00000|100%| O|  |TAMS 0x0000000088f00000, 0x0000000088e00000| Untracked 
| 143|0x0000000088f00000, 0x0000000089000000, 0x0000000089000000|100%| O|  |TAMS 0x0000000089000000, 0x0000000088f00000| Untracked 
| 144|0x0000000089000000, 0x0000000089100000, 0x0000000089100000|100%| O|  |TAMS 0x0000000089100000, 0x0000000089000000| Untracked 
| 145|0x0000000089100000, 0x0000000089200000, 0x0000000089200000|100%| O|  |TAMS 0x0000000089200000, 0x0000000089100000| Untracked 
| 146|0x0000000089200000, 0x0000000089300000, 0x0000000089300000|100%| O|  |TAMS 0x0000000089300000, 0x0000000089200000| Untracked 
| 147|0x0000000089300000, 0x0000000089400000, 0x0000000089400000|100%| O|  |TAMS 0x0000000089400000, 0x0000000089300000| Untracked 
| 148|0x0000000089400000, 0x0000000089500000, 0x0000000089500000|100%| O|  |TAMS 0x0000000089500000, 0x0000000089400000| Untracked 
| 149|0x0000000089500000, 0x0000000089600000, 0x0000000089600000|100%| O|  |TAMS 0x0000000089600000, 0x0000000089500000| Untracked 
| 150|0x0000000089600000, 0x0000000089700000, 0x0000000089700000|100%| O|  |TAMS 0x0000000089700000, 0x0000000089600000| Untracked 
| 151|0x0000000089700000, 0x0000000089800000, 0x0000000089800000|100%| O|  |TAMS 0x0000000089800000, 0x0000000089700000| Untracked 
| 152|0x0000000089800000, 0x0000000089900000, 0x0000000089900000|100%| O|  |TAMS 0x0000000089900000, 0x0000000089800000| Untracked 
| 153|0x0000000089900000, 0x0000000089a00000, 0x0000000089a00000|100%| O|  |TAMS 0x0000000089a00000, 0x0000000089900000| Untracked 
| 154|0x0000000089a00000, 0x0000000089b00000, 0x0000000089b00000|100%| O|  |TAMS 0x0000000089b00000, 0x0000000089a00000| Untracked 
| 155|0x0000000089b00000, 0x0000000089c00000, 0x0000000089c00000|100%| O|  |TAMS 0x0000000089c00000, 0x0000000089b00000| Untracked 
| 156|0x0000000089c00000, 0x0000000089d00000, 0x0000000089d00000|100%| O|  |TAMS 0x0000000089d00000, 0x0000000089c00000| Untracked 
| 157|0x0000000089d00000, 0x0000000089e00000, 0x0000000089e00000|100%| O|  |TAMS 0x0000000089e00000, 0x0000000089d00000| Untracked 
| 158|0x0000000089e00000, 0x0000000089f00000, 0x0000000089f00000|100%| O|  |TAMS 0x0000000089f00000, 0x0000000089e00000| Untracked 
| 159|0x0000000089f00000, 0x000000008a000000, 0x000000008a000000|100%| O|  |TAMS 0x000000008a000000, 0x0000000089f00000| Untracked 
| 160|0x000000008a000000, 0x000000008a100000, 0x000000008a100000|100%| O|  |TAMS 0x000000008a100000, 0x000000008a000000| Untracked 
| 161|0x000000008a100000, 0x000000008a200000, 0x000000008a200000|100%| O|  |TAMS 0x000000008a200000, 0x000000008a100000| Untracked 
| 162|0x000000008a200000, 0x000000008a300000, 0x000000008a300000|100%| O|  |TAMS 0x000000008a300000, 0x000000008a200000| Untracked 
| 163|0x000000008a300000, 0x000000008a400000, 0x000000008a400000|100%| O|  |TAMS 0x000000008a400000, 0x000000008a300000| Untracked 
| 164|0x000000008a400000, 0x000000008a500000, 0x000000008a500000|100%| O|  |TAMS 0x000000008a500000, 0x000000008a400000| Untracked 
| 165|0x000000008a500000, 0x000000008a600000, 0x000000008a600000|100%| O|  |TAMS 0x000000008a600000, 0x000000008a500000| Untracked 
| 166|0x000000008a600000, 0x000000008a700000, 0x000000008a700000|100%| O|  |TAMS 0x000000008a700000, 0x000000008a600000| Untracked 
| 167|0x000000008a700000, 0x000000008a800000, 0x000000008a800000|100%| O|  |TAMS 0x000000008a800000, 0x000000008a700000| Untracked 
| 168|0x000000008a800000, 0x000000008a900000, 0x000000008a900000|100%| O|  |TAMS 0x000000008a900000, 0x000000008a800000| Untracked 
| 169|0x000000008a900000, 0x000000008aa00000, 0x000000008aa00000|100%| O|  |TAMS 0x000000008aa00000, 0x000000008a900000| Untracked 
| 170|0x000000008aa00000, 0x000000008ab00000, 0x000000008ab00000|100%|HS|  |TAMS 0x000000008ab00000, 0x000000008aa00000| Complete 
| 171|0x000000008ab00000, 0x000000008ac00000, 0x000000008ac00000|100%|HS|  |TAMS 0x000000008ac00000, 0x000000008ab00000| Complete 
| 172|0x000000008ac00000, 0x000000008ad00000, 0x000000008ad00000|100%|HC|  |TAMS 0x000000008ad00000, 0x000000008ac00000| Complete 
| 173|0x000000008ad00000, 0x000000008ae00000, 0x000000008ae00000|100%|HC|  |TAMS 0x000000008ae00000, 0x000000008ad00000| Complete 
| 174|0x000000008ae00000, 0x000000008af00000, 0x000000008af00000|100%| O|  |TAMS 0x000000008af00000, 0x000000008ae00000| Untracked 
| 175|0x000000008af00000, 0x000000008b000000, 0x000000008b000000|100%| O|  |TAMS 0x000000008b000000, 0x000000008af00000| Untracked 
| 176|0x000000008b000000, 0x000000008b100000, 0x000000008b100000|100%| O|  |TAMS 0x000000008b100000, 0x000000008b000000| Untracked 
| 177|0x000000008b100000, 0x000000008b200000, 0x000000008b200000|100%| O|  |TAMS 0x000000008b200000, 0x000000008b100000| Untracked 
| 178|0x000000008b200000, 0x000000008b300000, 0x000000008b300000|100%| O|  |TAMS 0x000000008b300000, 0x000000008b200000| Untracked 
| 179|0x000000008b300000, 0x000000008b400000, 0x000000008b400000|100%| O|  |TAMS 0x000000008b400000, 0x000000008b300000| Untracked 
| 180|0x000000008b400000, 0x000000008b500000, 0x000000008b500000|100%| O|  |TAMS 0x000000008b500000, 0x000000008b400000| Untracked 
| 181|0x000000008b500000, 0x000000008b600000, 0x000000008b600000|100%| O|  |TAMS 0x000000008b600000, 0x000000008b500000| Untracked 
| 182|0x000000008b600000, 0x000000008b700000, 0x000000008b700000|100%| O|  |TAMS 0x000000008b700000, 0x000000008b600000| Untracked 
| 183|0x000000008b700000, 0x000000008b800000, 0x000000008b800000|100%| O|  |TAMS 0x000000008b800000, 0x000000008b700000| Untracked 
| 184|0x000000008b800000, 0x000000008b900000, 0x000000008b900000|100%| O|  |TAMS 0x000000008b900000, 0x000000008b800000| Untracked 
| 185|0x000000008b900000, 0x000000008ba00000, 0x000000008ba00000|100%| O|  |TAMS 0x000000008b91c200, 0x000000008b900000| Untracked 
| 186|0x000000008ba00000, 0x000000008bb00000, 0x000000008bb00000|100%| O|  |TAMS 0x000000008ba00000, 0x000000008ba00000| Untracked 
| 187|0x000000008bb00000, 0x000000008bc00000, 0x000000008bc00000|100%| O|  |TAMS 0x000000008bb00000, 0x000000008bb00000| Untracked 
| 188|0x000000008bc00000, 0x000000008bd00000, 0x000000008bd00000|100%| O|  |TAMS 0x000000008bc00000, 0x000000008bc00000| Untracked 
| 189|0x000000008bd00000, 0x000000008be00000, 0x000000008be00000|100%| O|  |TAMS 0x000000008bd00000, 0x000000008bd00000| Untracked 
| 190|0x000000008be00000, 0x000000008bf00000, 0x000000008bf00000|100%| O|  |TAMS 0x000000008be00000, 0x000000008be00000| Untracked 
| 191|0x000000008bf00000, 0x000000008c000000, 0x000000008c000000|100%| O|  |TAMS 0x000000008bf00000, 0x000000008bf00000| Untracked 
| 192|0x000000008c000000, 0x000000008c100000, 0x000000008c100000|100%| O|  |TAMS 0x000000008c000000, 0x000000008c000000| Untracked 
| 193|0x000000008c100000, 0x000000008c200000, 0x000000008c200000|100%| O|  |TAMS 0x000000008c100000, 0x000000008c100000| Untracked 
| 194|0x000000008c200000, 0x000000008c243200, 0x000000008c300000| 26%| O|  |TAMS 0x000000008c200000, 0x000000008c200000| Untracked 
| 195|0x000000008c300000, 0x000000008c300000, 0x000000008c400000|  0%| F|  |TAMS 0x000000008c300000, 0x000000008c300000| Untracked 
| 196|0x000000008c400000, 0x000000008c400000, 0x000000008c500000|  0%| F|  |TAMS 0x000000008c400000, 0x000000008c400000| Untracked 
| 197|0x000000008c500000, 0x000000008c500000, 0x000000008c600000|  0%| F|  |TAMS 0x000000008c500000, 0x000000008c500000| Untracked 
| 198|0x000000008c600000, 0x000000008c600000, 0x000000008c700000|  0%| F|  |TAMS 0x000000008c600000, 0x000000008c600000| Untracked 
| 199|0x000000008c700000, 0x000000008c700000, 0x000000008c800000|  0%| F|  |TAMS 0x000000008c700000, 0x000000008c700000| Untracked 
| 200|0x000000008c800000, 0x000000008c800000, 0x000000008c900000|  0%| F|  |TAMS 0x000000008c800000, 0x000000008c800000| Untracked 
| 201|0x000000008c900000, 0x000000008c900000, 0x000000008ca00000|  0%| F|  |TAMS 0x000000008c900000, 0x000000008c900000| Untracked 
| 202|0x000000008ca00000, 0x000000008ca00000, 0x000000008cb00000|  0%| F|  |TAMS 0x000000008ca00000, 0x000000008ca00000| Untracked 
| 203|0x000000008cb00000, 0x000000008cb00000, 0x000000008cc00000|  0%| F|  |TAMS 0x000000008cb00000, 0x000000008cb00000| Untracked 
| 204|0x000000008cc00000, 0x000000008cc00000, 0x000000008cd00000|  0%| F|  |TAMS 0x000000008cc00000, 0x000000008cc00000| Untracked 
| 205|0x000000008cd00000, 0x000000008cd00000, 0x000000008ce00000|  0%| F|  |TAMS 0x000000008cd00000, 0x000000008cd00000| Untracked 
| 206|0x000000008ce00000, 0x000000008ce00000, 0x000000008cf00000|  0%| F|  |TAMS 0x000000008ce00000, 0x000000008ce00000| Untracked 
| 207|0x000000008cf00000, 0x000000008cf00000, 0x000000008d000000|  0%| F|  |TAMS 0x000000008cf00000, 0x000000008cf00000| Untracked 
| 208|0x000000008d000000, 0x000000008d000000, 0x000000008d100000|  0%| F|  |TAMS 0x000000008d000000, 0x000000008d000000| Untracked 
| 209|0x000000008d100000, 0x000000008d100000, 0x000000008d200000|  0%| F|  |TAMS 0x000000008d100000, 0x000000008d100000| Untracked 
| 210|0x000000008d200000, 0x000000008d200000, 0x000000008d300000|  0%| F|  |TAMS 0x000000008d200000, 0x000000008d200000| Untracked 
| 211|0x000000008d300000, 0x000000008d300000, 0x000000008d400000|  0%| F|  |TAMS 0x000000008d300000, 0x000000008d300000| Untracked 
| 212|0x000000008d400000, 0x000000008d400000, 0x000000008d500000|  0%| F|  |TAMS 0x000000008d400000, 0x000000008d400000| Untracked 
| 213|0x000000008d500000, 0x000000008d500000, 0x000000008d600000|  0%| F|  |TAMS 0x000000008d500000, 0x000000008d500000| Untracked 
| 214|0x000000008d600000, 0x000000008d600000, 0x000000008d700000|  0%| F|  |TAMS 0x000000008d600000, 0x000000008d600000| Untracked 
| 215|0x000000008d700000, 0x000000008d700000, 0x000000008d800000|  0%| F|  |TAMS 0x000000008d700000, 0x000000008d700000| Untracked 
| 216|0x000000008d800000, 0x000000008d800000, 0x000000008d900000|  0%| F|  |TAMS 0x000000008d800000, 0x000000008d800000| Untracked 
| 217|0x000000008d900000, 0x000000008d900000, 0x000000008da00000|  0%| F|  |TAMS 0x000000008d900000, 0x000000008d900000| Untracked 
| 218|0x000000008da00000, 0x000000008da00000, 0x000000008db00000|  0%| F|  |TAMS 0x000000008da00000, 0x000000008da00000| Untracked 
| 219|0x000000008db00000, 0x000000008db00000, 0x000000008dc00000|  0%| F|  |TAMS 0x000000008db00000, 0x000000008db00000| Untracked 
| 220|0x000000008dc00000, 0x000000008dc00000, 0x000000008dd00000|  0%| F|  |TAMS 0x000000008dc00000, 0x000000008dc00000| Untracked 
| 221|0x000000008dd00000, 0x000000008dd00000, 0x000000008de00000|  0%| F|  |TAMS 0x000000008dd00000, 0x000000008dd00000| Untracked 
| 222|0x000000008de00000, 0x000000008de00000, 0x000000008df00000|  0%| F|  |TAMS 0x000000008de00000, 0x000000008de00000| Untracked 
| 223|0x000000008df00000, 0x000000008df00000, 0x000000008e000000|  0%| F|  |TAMS 0x000000008df00000, 0x000000008df00000| Untracked 
| 224|0x000000008e000000, 0x000000008e000000, 0x000000008e100000|  0%| F|  |TAMS 0x000000008e000000, 0x000000008e000000| Untracked 
| 225|0x000000008e100000, 0x000000008e100000, 0x000000008e200000|  0%| F|  |TAMS 0x000000008e100000, 0x000000008e100000| Untracked 
| 226|0x000000008e200000, 0x000000008e200000, 0x000000008e300000|  0%| F|  |TAMS 0x000000008e200000, 0x000000008e200000| Untracked 
| 227|0x000000008e300000, 0x000000008e300000, 0x000000008e400000|  0%| F|  |TAMS 0x000000008e300000, 0x000000008e300000| Untracked 
| 228|0x000000008e400000, 0x000000008e400000, 0x000000008e500000|  0%| F|  |TAMS 0x000000008e400000, 0x000000008e400000| Untracked 
| 229|0x000000008e500000, 0x000000008e500000, 0x000000008e600000|  0%| F|  |TAMS 0x000000008e500000, 0x000000008e500000| Untracked 
| 230|0x000000008e600000, 0x000000008e600000, 0x000000008e700000|  0%| F|  |TAMS 0x000000008e600000, 0x000000008e600000| Untracked 
| 231|0x000000008e700000, 0x000000008e700000, 0x000000008e800000|  0%| F|  |TAMS 0x000000008e700000, 0x000000008e700000| Untracked 
| 232|0x000000008e800000, 0x000000008e800000, 0x000000008e900000|  0%| F|  |TAMS 0x000000008e800000, 0x000000008e800000| Untracked 
| 233|0x000000008e900000, 0x000000008e900000, 0x000000008ea00000|  0%| F|  |TAMS 0x000000008e900000, 0x000000008e900000| Untracked 
| 234|0x000000008ea00000, 0x000000008ea00000, 0x000000008eb00000|  0%| F|  |TAMS 0x000000008ea00000, 0x000000008ea00000| Untracked 
| 235|0x000000008eb00000, 0x000000008eb00000, 0x000000008ec00000|  0%| F|  |TAMS 0x000000008eb00000, 0x000000008eb00000| Untracked 
| 236|0x000000008ec00000, 0x000000008ec00000, 0x000000008ed00000|  0%| F|  |TAMS 0x000000008ec00000, 0x000000008ec00000| Untracked 
| 237|0x000000008ed00000, 0x000000008ed00000, 0x000000008ee00000|  0%| F|  |TAMS 0x000000008ed00000, 0x000000008ed00000| Untracked 
| 238|0x000000008ee00000, 0x000000008ee00000, 0x000000008ef00000|  0%| F|  |TAMS 0x000000008ee00000, 0x000000008ee00000| Untracked 
| 239|0x000000008ef00000, 0x000000008ef00000, 0x000000008f000000|  0%| F|  |TAMS 0x000000008ef00000, 0x000000008ef00000| Untracked 
| 240|0x000000008f000000, 0x000000008f000000, 0x000000008f100000|  0%| F|  |TAMS 0x000000008f000000, 0x000000008f000000| Untracked 
| 241|0x000000008f100000, 0x000000008f100000, 0x000000008f200000|  0%| F|  |TAMS 0x000000008f100000, 0x000000008f100000| Untracked 
| 242|0x000000008f200000, 0x000000008f200000, 0x000000008f300000|  0%| F|  |TAMS 0x000000008f200000, 0x000000008f200000| Untracked 
| 243|0x000000008f300000, 0x000000008f300000, 0x000000008f400000|  0%| F|  |TAMS 0x000000008f300000, 0x000000008f300000| Untracked 
| 244|0x000000008f400000, 0x000000008f400000, 0x000000008f500000|  0%| F|  |TAMS 0x000000008f400000, 0x000000008f400000| Untracked 
| 245|0x000000008f500000, 0x000000008f500000, 0x000000008f600000|  0%| F|  |TAMS 0x000000008f500000, 0x000000008f500000| Untracked 
| 246|0x000000008f600000, 0x000000008f600000, 0x000000008f700000|  0%| F|  |TAMS 0x000000008f600000, 0x000000008f600000| Untracked 
| 247|0x000000008f700000, 0x000000008f700000, 0x000000008f800000|  0%| F|  |TAMS 0x000000008f700000, 0x000000008f700000| Untracked 
| 248|0x000000008f800000, 0x000000008f800000, 0x000000008f900000|  0%| F|  |TAMS 0x000000008f800000, 0x000000008f800000| Untracked 
| 249|0x000000008f900000, 0x000000008f900000, 0x000000008fa00000|  0%| F|  |TAMS 0x000000008f900000, 0x000000008f900000| Untracked 
| 250|0x000000008fa00000, 0x000000008fa00000, 0x000000008fb00000|  0%| F|  |TAMS 0x000000008fa00000, 0x000000008fa00000| Untracked 
| 251|0x000000008fb00000, 0x000000008fb00000, 0x000000008fc00000|  0%| F|  |TAMS 0x000000008fb00000, 0x000000008fb00000| Untracked 
| 252|0x000000008fc00000, 0x000000008fc00000, 0x000000008fd00000|  0%| F|  |TAMS 0x000000008fc00000, 0x000000008fc00000| Untracked 
| 253|0x000000008fd00000, 0x000000008fd00000, 0x000000008fe00000|  0%| F|  |TAMS 0x000000008fd00000, 0x000000008fd00000| Untracked 
| 254|0x000000008fe00000, 0x000000008fe00000, 0x000000008ff00000|  0%| F|  |TAMS 0x000000008fe00000, 0x000000008fe00000| Untracked 
| 255|0x000000008ff00000, 0x000000008ff00000, 0x0000000090000000|  0%| F|  |TAMS 0x000000008ff00000, 0x000000008ff00000| Untracked 
| 256|0x0000000090000000, 0x0000000090000000, 0x0000000090100000|  0%| F|  |TAMS 0x0000000090000000, 0x0000000090000000| Untracked 
| 257|0x0000000090100000, 0x0000000090100000, 0x0000000090200000|  0%| F|  |TAMS 0x0000000090100000, 0x0000000090100000| Untracked 
| 258|0x0000000090200000, 0x0000000090200000, 0x0000000090300000|  0%| F|  |TAMS 0x0000000090200000, 0x0000000090200000| Untracked 
| 259|0x0000000090300000, 0x0000000090300000, 0x0000000090400000|  0%| F|  |TAMS 0x0000000090300000, 0x0000000090300000| Untracked 
| 260|0x0000000090400000, 0x0000000090400000, 0x0000000090500000|  0%| F|  |TAMS 0x0000000090400000, 0x0000000090400000| Untracked 
| 261|0x0000000090500000, 0x0000000090566b80, 0x0000000090600000| 40%| S|CS|TAMS 0x0000000090500000, 0x0000000090500000| Complete 
| 262|0x0000000090600000, 0x0000000090700000, 0x0000000090700000|100%| S|CS|TAMS 0x0000000090600000, 0x0000000090600000| Complete 
| 263|0x0000000090700000, 0x0000000090800000, 0x0000000090800000|100%| S|CS|TAMS 0x0000000090700000, 0x0000000090700000| Complete 
| 264|0x0000000090800000, 0x0000000090900000, 0x0000000090900000|100%| S|CS|TAMS 0x0000000090800000, 0x0000000090800000| Complete 
| 265|0x0000000090900000, 0x0000000090900000, 0x0000000090a00000|  0%| F|  |TAMS 0x0000000090900000, 0x0000000090900000| Untracked 
| 266|0x0000000090a00000, 0x0000000090b00000, 0x0000000090b00000|100%| S|CS|TAMS 0x0000000090a00000, 0x0000000090a00000| Complete 
| 267|0x0000000090b00000, 0x0000000090c00000, 0x0000000090c00000|100%| S|CS|TAMS 0x0000000090b00000, 0x0000000090b00000| Complete 
| 268|0x0000000090c00000, 0x0000000090d00000, 0x0000000090d00000|100%| S|CS|TAMS 0x0000000090c00000, 0x0000000090c00000| Complete 
| 269|0x0000000090d00000, 0x0000000090d00000, 0x0000000090e00000|  0%| F|  |TAMS 0x0000000090d00000, 0x0000000090d00000| Untracked 
| 270|0x0000000090e00000, 0x0000000090e00000, 0x0000000090f00000|  0%| F|  |TAMS 0x0000000090e00000, 0x0000000090e00000| Untracked 
| 271|0x0000000090f00000, 0x0000000090f00000, 0x0000000091000000|  0%| F|  |TAMS 0x0000000090f00000, 0x0000000090f00000| Untracked 
| 272|0x0000000091000000, 0x0000000091000000, 0x0000000091100000|  0%| F|  |TAMS 0x0000000091000000, 0x0000000091000000| Untracked 
| 273|0x0000000091100000, 0x0000000091100000, 0x0000000091200000|  0%| F|  |TAMS 0x0000000091100000, 0x0000000091100000| Untracked 
| 274|0x0000000091200000, 0x0000000091200000, 0x0000000091300000|  0%| F|  |TAMS 0x0000000091200000, 0x0000000091200000| Untracked 
| 275|0x0000000091300000, 0x0000000091300000, 0x0000000091400000|  0%| F|  |TAMS 0x0000000091300000, 0x0000000091300000| Untracked 
| 276|0x0000000091400000, 0x0000000091400000, 0x0000000091500000|  0%| F|  |TAMS 0x0000000091400000, 0x0000000091400000| Untracked 
| 277|0x0000000091500000, 0x0000000091500000, 0x0000000091600000|  0%| F|  |TAMS 0x0000000091500000, 0x0000000091500000| Untracked 
| 278|0x0000000091600000, 0x0000000091600000, 0x0000000091700000|  0%| F|  |TAMS 0x0000000091600000, 0x0000000091600000| Untracked 
| 279|0x0000000091700000, 0x0000000091700000, 0x0000000091800000|  0%| F|  |TAMS 0x0000000091700000, 0x0000000091700000| Untracked 
| 280|0x0000000091800000, 0x0000000091800000, 0x0000000091900000|  0%| F|  |TAMS 0x0000000091800000, 0x0000000091800000| Untracked 
| 281|0x0000000091900000, 0x0000000091900000, 0x0000000091a00000|  0%| F|  |TAMS 0x0000000091900000, 0x0000000091900000| Untracked 
| 282|0x0000000091a00000, 0x0000000091a00000, 0x0000000091b00000|  0%| F|  |TAMS 0x0000000091a00000, 0x0000000091a00000| Untracked 
| 283|0x0000000091b00000, 0x0000000091b00000, 0x0000000091c00000|  0%| F|  |TAMS 0x0000000091b00000, 0x0000000091b00000| Untracked 
| 284|0x0000000091c00000, 0x0000000091c00000, 0x0000000091d00000|  0%| F|  |TAMS 0x0000000091c00000, 0x0000000091c00000| Untracked 
| 285|0x0000000091d00000, 0x0000000091d00000, 0x0000000091e00000|  0%| F|  |TAMS 0x0000000091d00000, 0x0000000091d00000| Untracked 
| 286|0x0000000091e00000, 0x0000000091e00000, 0x0000000091f00000|  0%| F|  |TAMS 0x0000000091e00000, 0x0000000091e00000| Untracked 
| 287|0x0000000091f00000, 0x0000000091f00000, 0x0000000092000000|  0%| F|  |TAMS 0x0000000091f00000, 0x0000000091f00000| Untracked 
| 288|0x0000000092000000, 0x0000000092000000, 0x0000000092100000|  0%| F|  |TAMS 0x0000000092000000, 0x0000000092000000| Untracked 
| 289|0x0000000092100000, 0x0000000092100000, 0x0000000092200000|  0%| F|  |TAMS 0x0000000092100000, 0x0000000092100000| Untracked 
| 290|0x0000000092200000, 0x0000000092200000, 0x0000000092300000|  0%| F|  |TAMS 0x0000000092200000, 0x0000000092200000| Untracked 
| 291|0x0000000092300000, 0x0000000092300000, 0x0000000092400000|  0%| F|  |TAMS 0x0000000092300000, 0x0000000092300000| Untracked 
| 292|0x0000000092400000, 0x0000000092400000, 0x0000000092500000|  0%| F|  |TAMS 0x0000000092400000, 0x0000000092400000| Untracked 
| 293|0x0000000092500000, 0x0000000092600000, 0x0000000092600000|100%| E|  |TAMS 0x0000000092500000, 0x0000000092500000| Complete 
| 294|0x0000000092600000, 0x0000000092700000, 0x0000000092700000|100%| E|CS|TAMS 0x0000000092600000, 0x0000000092600000| Complete 
| 295|0x0000000092700000, 0x0000000092800000, 0x0000000092800000|100%| E|CS|TAMS 0x0000000092700000, 0x0000000092700000| Complete 
| 296|0x0000000092800000, 0x0000000092900000, 0x0000000092900000|100%| E|CS|TAMS 0x0000000092800000, 0x0000000092800000| Complete 
| 297|0x0000000092900000, 0x0000000092a00000, 0x0000000092a00000|100%| E|CS|TAMS 0x0000000092900000, 0x0000000092900000| Complete 
| 298|0x0000000092a00000, 0x0000000092b00000, 0x0000000092b00000|100%| E|CS|TAMS 0x0000000092a00000, 0x0000000092a00000| Complete 
| 299|0x0000000092b00000, 0x0000000092c00000, 0x0000000092c00000|100%| E|CS|TAMS 0x0000000092b00000, 0x0000000092b00000| Complete 
| 300|0x0000000092c00000, 0x0000000092d00000, 0x0000000092d00000|100%| E|CS|TAMS 0x0000000092c00000, 0x0000000092c00000| Complete 
| 301|0x0000000092d00000, 0x0000000092e00000, 0x0000000092e00000|100%| E|CS|TAMS 0x0000000092d00000, 0x0000000092d00000| Complete 
| 302|0x0000000092e00000, 0x0000000092f00000, 0x0000000092f00000|100%| E|CS|TAMS 0x0000000092e00000, 0x0000000092e00000| Complete 
| 303|0x0000000092f00000, 0x0000000093000000, 0x0000000093000000|100%| E|CS|TAMS 0x0000000092f00000, 0x0000000092f00000| Complete 
| 304|0x0000000093000000, 0x0000000093100000, 0x0000000093100000|100%| E|CS|TAMS 0x0000000093000000, 0x0000000093000000| Complete 
| 305|0x0000000093100000, 0x0000000093200000, 0x0000000093200000|100%| E|CS|TAMS 0x0000000093100000, 0x0000000093100000| Complete 
| 306|0x0000000093200000, 0x0000000093300000, 0x0000000093300000|100%| E|CS|TAMS 0x0000000093200000, 0x0000000093200000| Complete 
| 307|0x0000000093300000, 0x0000000093400000, 0x0000000093400000|100%| E|CS|TAMS 0x0000000093300000, 0x0000000093300000| Complete 
| 308|0x0000000093400000, 0x0000000093500000, 0x0000000093500000|100%| E|CS|TAMS 0x0000000093400000, 0x0000000093400000| Complete 
| 309|0x0000000093500000, 0x0000000093600000, 0x0000000093600000|100%| E|CS|TAMS 0x0000000093500000, 0x0000000093500000| Complete 
| 310|0x0000000093600000, 0x0000000093700000, 0x0000000093700000|100%| E|CS|TAMS 0x0000000093600000, 0x0000000093600000| Complete 
| 311|0x0000000093700000, 0x0000000093800000, 0x0000000093800000|100%| E|CS|TAMS 0x0000000093700000, 0x0000000093700000| Complete 
| 312|0x0000000093800000, 0x0000000093900000, 0x0000000093900000|100%| E|CS|TAMS 0x0000000093800000, 0x0000000093800000| Complete 
| 313|0x0000000093900000, 0x0000000093a00000, 0x0000000093a00000|100%| E|CS|TAMS 0x0000000093900000, 0x0000000093900000| Complete 
| 314|0x0000000093a00000, 0x0000000093b00000, 0x0000000093b00000|100%| E|CS|TAMS 0x0000000093a00000, 0x0000000093a00000| Complete 
| 315|0x0000000093b00000, 0x0000000093c00000, 0x0000000093c00000|100%| E|CS|TAMS 0x0000000093b00000, 0x0000000093b00000| Complete 
| 316|0x0000000093c00000, 0x0000000093d00000, 0x0000000093d00000|100%| E|CS|TAMS 0x0000000093c00000, 0x0000000093c00000| Complete 
| 317|0x0000000093d00000, 0x0000000093e00000, 0x0000000093e00000|100%| E|CS|TAMS 0x0000000093d00000, 0x0000000093d00000| Complete 
| 318|0x0000000093e00000, 0x0000000093f00000, 0x0000000093f00000|100%| E|CS|TAMS 0x0000000093e00000, 0x0000000093e00000| Complete 
| 319|0x0000000093f00000, 0x0000000094000000, 0x0000000094000000|100%| E|CS|TAMS 0x0000000093f00000, 0x0000000093f00000| Complete 
| 320|0x0000000094000000, 0x0000000094100000, 0x0000000094100000|100%| E|CS|TAMS 0x0000000094000000, 0x0000000094000000| Complete 
| 321|0x0000000094100000, 0x0000000094200000, 0x0000000094200000|100%| E|CS|TAMS 0x0000000094100000, 0x0000000094100000| Complete 
| 322|0x0000000094200000, 0x0000000094300000, 0x0000000094300000|100%| E|CS|TAMS 0x0000000094200000, 0x0000000094200000| Complete 
| 323|0x0000000094300000, 0x0000000094400000, 0x0000000094400000|100%| E|CS|TAMS 0x0000000094300000, 0x0000000094300000| Complete 
| 324|0x0000000094400000, 0x0000000094500000, 0x0000000094500000|100%| E|CS|TAMS 0x0000000094400000, 0x0000000094400000| Complete 
| 325|0x0000000094500000, 0x0000000094600000, 0x0000000094600000|100%| E|CS|TAMS 0x0000000094500000, 0x0000000094500000| Complete 
| 326|0x0000000094600000, 0x0000000094700000, 0x0000000094700000|100%| E|CS|TAMS 0x0000000094600000, 0x0000000094600000| Complete 
| 327|0x0000000094700000, 0x0000000094800000, 0x0000000094800000|100%| E|CS|TAMS 0x0000000094700000, 0x0000000094700000| Complete 

Card table byte_map: [0x000001fafb140000,0x000001fafb540000] _byte_map_base: 0x000001fafad40000

Marking Bits (Prev, Next): (CMBitMap*) 0x000001fafaca6be0, (CMBitMap*) 0x000001fafaca6ba8
 Prev Bits: [0x000001fafd940000, 0x000001faff940000)
 Next Bits: [0x000001fafb940000, 0x000001fafd940000)

Polling page: 0x000001faf8a40000

Metaspace:

Usage:
  Non-class:    101.12 MB capacity,    97.91 MB ( 97%) used,     2.82 MB (  3%) free+waste,   392.44 KB ( <1%) overhead. 
      Class:     17.09 MB capacity,    15.06 MB ( 88%) used,     1.85 MB ( 11%) free+waste,   189.06 KB (  1%) overhead. 
       Both:    118.21 MB capacity,   112.97 MB ( 96%) used,     4.67 MB (  4%) free+waste,   581.50 KB ( <1%) overhead. 

Virtual space:
  Non-class space:      102.00 MB reserved,     101.32 MB (>99%) committed 
      Class space:      504.00 MB reserved,      17.15 MB (  3%) committed 
             Both:      606.00 MB reserved,     118.46 MB ( 20%) committed 

Chunk freelists:
   Non-Class:  1.00 KB
       Class:  384 bytes
        Both:  1.38 KB

CodeHeap 'non-profiled nmethods': size=120064Kb used=8927Kb max_used=8927Kb free=111136Kb
 bounds [0x000001fa8f0d0000, 0x000001fa8f990000, 0x000001fa96610000]
CodeHeap 'profiled nmethods': size=120000Kb used=30612Kb max_used=30612Kb free=89387Kb
 bounds [0x000001fa87ba0000, 0x000001fa899a0000, 0x000001fa8f0d0000]
CodeHeap 'non-nmethods': size=5696Kb used=2342Kb max_used=2385Kb free=3354Kb
 bounds [0x000001fa87610000, 0x000001fa87880000, 0x000001fa87ba0000]
 total_blobs=14246 nmethods=13284 adapters=872
 compilation: enabled
              stopped_count=0, restarted_count=0
 full_count=0

Compilation events (10 events):
Event: 331.223 Thread 0x000001faffe6c800 nmethod 14123 0x000001fa8811a390 code [0x000001fa8811a540, 0x000001fa8811a688]
Event: 331.223 Thread 0x000001faffe6c800 14124       3       jdk.internal.reflect.ClassDefiner::defineClass (31 bytes)
Event: 331.223 Thread 0x000001faffe6c800 nmethod 14124 0x000001fa8995a510 code [0x000001fa8995a6e0, 0x000001fa8995aab8]
Event: 331.223 Thread 0x000001faffe6c800 14125       3       jdk.internal.reflect.ClassDefiner$1::run (5 bytes)
Event: 331.224 Thread 0x000001faffe6c800 nmethod 14125 0x000001fa8995ac10 code [0x000001fa8995ade0, 0x000001fa8995b178]
Event: 331.226 Thread 0x000001faffe6c800 14126       3       org.gradle.internal.operations.BuildOperationDescriptor$Builder::name (7 bytes)
Event: 331.226 Thread 0x000001faffe6c800 nmethod 14126 0x000001fa881ae810 code [0x000001fa881ae9a0, 0x000001fa881aeaf8]
Event: 331.236 Thread 0x000001faffe6c800 14127       3       jdk.internal.reflect.AccessorGenerator::emitCommonConstantPoolEntries (573 bytes)
Event: 331.254 Thread 0x000001faffe6c800 nmethod 14127 0x000001fa8995b310 code [0x000001fa8995c280, 0x000001fa89964578]
Event: 331.254 Thread 0x000001faffe6c800 14129       3       jdk.internal.reflect.MethodAccessorGenerator::emitInvoke (986 bytes)

GC Heap History (10 events):
Event: 323.117 GC heap before
{Heap before GC invocations=75 (full 0):
 garbage-first heap   total 279552K, used 215828K [0x0000000080000000, 0x0000000100000000)
  region size 1024K, 56 young (57344K), 7 survivors (7168K)
 Metaspace       used 106948K, capacity 111042K, committed 111196K, reserved 612352K
  class space    used 14253K, capacity 15865K, committed 15896K, reserved 516096K
}
Event: 323.152 GC heap after
{Heap after GC invocations=76 (full 0):
 garbage-first heap   total 279552K, used 173017K [0x0000000080000000, 0x0000000100000000)
  region size 1024K, 7 young (7168K), 7 survivors (7168K)
 Metaspace       used 106948K, capacity 111042K, committed 111196K, reserved 612352K
  class space    used 14253K, capacity 15865K, committed 15896K, reserved 516096K
}
Event: 323.660 GC heap before
{Heap before GC invocations=76 (full 0):
 garbage-first heap   total 279552K, used 190425K [0x0000000080000000, 0x0000000100000000)
  region size 1024K, 25 young (25600K), 7 survivors (7168K)
 Metaspace       used 107028K, capacity 111230K, committed 111452K, reserved 612352K
  class space    used 14264K, capacity 15880K, committed 15896K, reserved 516096K
}
Event: 323.694 GC heap after
{Heap after GC invocations=77 (full 0):
 garbage-first heap   total 335872K, used 176051K [0x0000000080000000, 0x0000000100000000)
  region size 1024K, 3 young (3072K), 3 survivors (3072K)
 Metaspace       used 107028K, capacity 111230K, committed 111452K, reserved 612352K
  class space    used 14264K, capacity 15880K, committed 15896K, reserved 516096K
}
Event: 325.931 GC heap before
{Heap before GC invocations=78 (full 0):
 garbage-first heap   total 335872K, used 244659K [0x0000000080000000, 0x0000000100000000)
  region size 1024K, 66 young (67584K), 3 survivors (3072K)
 Metaspace       used 109458K, capacity 113962K, committed 114268K, reserved 614400K
  class space    used 14599K, capacity 16349K, committed 16408K, reserved 516096K
}
Event: 325.952 GC heap after
{Heap after GC invocations=79 (full 0):
 garbage-first heap   total 335872K, used 188376K [0x0000000080000000, 0x0000000100000000)
  region size 1024K, 9 young (9216K), 9 survivors (9216K)
 Metaspace       used 109458K, capacity 113962K, committed 114268K, reserved 614400K
  class space    used 14599K, capacity 16349K, committed 16408K, reserved 516096K
}
Event: 328.004 GC heap before
{Heap before GC invocations=79 (full 0):
 garbage-first heap   total 335872K, used 251864K [0x0000000080000000, 0x0000000100000000)
  region size 1024K, 71 young (72704K), 9 survivors (9216K)
 Metaspace       used 111799K, capacity 116981K, committed 117084K, reserved 616448K
  class space    used 14916K, capacity 16889K, committed 16920K, reserved 516096K
}
Event: 328.049 GC heap after
{Heap after GC invocations=80 (full 0):
 garbage-first heap   total 335872K, used 198768K [0x0000000080000000, 0x0000000100000000)
  region size 1024K, 9 young (9216K), 9 survivors (9216K)
 Metaspace       used 111799K, capacity 116981K, committed 117084K, reserved 616448K
  class space    used 14916K, capacity 16889K, committed 16920K, reserved 516096K
}
Event: 329.954 GC heap before
{Heap before GC invocations=81 (full 0):
 garbage-first heap   total 335872K, used 259184K [0x0000000080000000, 0x0000000100000000)
  region size 1024K, 68 young (69632K), 9 survivors (9216K)
 Metaspace       used 114186K, capacity 119537K, committed 119900K, reserved 620544K
  class space    used 15238K, capacity 17300K, committed 17432K, reserved 516096K
}
Event: 329.998 GC heap after
{Heap after GC invocations=82 (full 0):
 garbage-first heap   total 335872K, used 205479K [0x0000000080000000, 0x0000000100000000)
  region size 1024K, 7 young (7168K), 7 survivors (7168K)
 Metaspace       used 114186K, capacity 119537K, committed 119900K, reserved 620544K
  class space    used 15238K, capacity 17300K, committed 17432K, reserved 516096K
}

Deoptimization events (10 events):
Event: 328.297 Thread 0x000001fa9b25a800 Uncommon trap: reason=bimorphic_or_optimized_type_check action=maybe_recompile pc=0x000001fa8f80bed0 method=org.gradle.internal.logging.sink.OutputEventRenderer.onOutput(Lorg/gradle/internal/logging/events/OutputEvent;)V @ 1 c2
Event: 328.297 Thread 0x000001fa9b25a800 Uncommon trap: reason=class_check action=maybe_recompile pc=0x000001fa8f806df4 method=org.gradle.internal.logging.sink.OutputEventTransformer.onOutput(Lorg/gradle/internal/logging/events/OutputEvent;)V @ 225 c2
Event: 328.312 Thread 0x000001fa9b25a800 Uncommon trap: reason=bimorphic_or_optimized_type_check action=maybe_recompile pc=0x000001fa8f80bed0 method=org.gradle.internal.logging.sink.OutputEventRenderer.onOutput(Lorg/gradle/internal/logging/events/OutputEvent;)V @ 1 c2
Event: 328.313 Thread 0x000001fa9b25a800 Uncommon trap: reason=class_check action=maybe_recompile pc=0x000001fa8f806df4 method=org.gradle.internal.logging.sink.OutputEventTransformer.onOutput(Lorg/gradle/internal/logging/events/OutputEvent;)V @ 225 c2
Event: 328.320 Thread 0x000001fa9b25a800 Uncommon trap: reason=null_check action=make_not_entrant pc=0x000001fa8f769488 method=java.lang.ThreadLocal$ThreadLocalMap.expungeStaleEntry(I)I @ 51 c2
Event: 328.980 Thread 0x000001fa9b25a800 Uncommon trap: reason=bimorphic_or_optimized_type_check action=maybe_recompile pc=0x000001fa8f7fa3a4 method=org.gradle.internal.logging.sink.OutputEventRenderer.onOutput(Lorg/gradle/internal/logging/events/OutputEvent;)V @ 1 c2
Event: 329.016 Thread 0x000001fa9b25a800 Uncommon trap: reason=bimorphic_or_optimized_type_check action=maybe_recompile pc=0x000001fa8f270150 method=java.lang.Throwable.<init>(Ljava/lang/String;Ljava/lang/Throwable;)V @ 24 c2
Event: 329.030 Thread 0x000001fa9b25a800 Uncommon trap: reason=unstable_if action=reinterpret pc=0x000001fa8f28df50 method=org.gradle.internal.logging.text.AbstractLineChoppingStyledTextOutput$2.execute(Lorg/gradle/internal/logging/text/AbstractLineChoppingStyledTextOutput$StateContext;)V @ 34 c
Event: 329.110 Thread 0x000001fa9b25a800 Uncommon trap: reason=null_check action=make_not_entrant pc=0x000001fa8f290348 method=org.gradle.internal.instantiation.generator.AbstractClassGenerator.isLazyAttachProperty(Lorg/gradle/internal/instantiation/generator/AbstractClassGenerator$PropertyMetad
Event: 331.101 Thread 0x000001fa99edd000 Uncommon trap: reason=unstable_if action=reinterpret pc=0x000001fa8f812d44 method=com.esotericsoftware.kryo.io.Output.writeVarLong(JZ)I @ 55 c2

Classes redefined (0 events):
No events

Internal exceptions (10 events):
Event: 330.806 Thread 0x000001fa9b25a800 Exception <a 'java/lang/ClassNotFoundException'{0x000000009344de90}: org/jetbrains/kotlin/gradle/tasks/KotlinCompile_DecoratedCustomizer> (0x000000009344de90) thrown at [./open/src/hotspot/share/classfile/systemDictionary.cpp, line 226]
Event: 330.966 Thread 0x000001fa9b25a800 Exception <a 'java/lang/NoClassDefFoundError'{0x0000000092f31710}: org/jetbrains/kotlin/gradle/plugin/KotlinBasePluginWrapper> (0x0000000092f31710) thrown at [./open/src/hotspot/share/oops/constantPool.cpp, line 770]
Event: 331.065 Thread 0x000001fa9b25a800 Exception <a 'java/lang/ClassNotFoundException'{0x0000000092b1fd18}: org/gradle/jvm/tasks/Jar_DecoratedBeanInfo> (0x0000000092b1fd18) thrown at [./open/src/hotspot/share/classfile/systemDictionary.cpp, line 226]
Event: 331.066 Thread 0x000001fa9b25a800 Exception <a 'java/lang/ClassNotFoundException'{0x0000000092b41250}: org/gradle/jvm/tasks/JarBeanInfo> (0x0000000092b41250) thrown at [./open/src/hotspot/share/classfile/systemDictionary.cpp, line 226]
Event: 331.068 Thread 0x000001fa9b25a800 Exception <a 'java/lang/ClassNotFoundException'{0x0000000092b63800}: org/gradle/jvm/tasks/JarCustomizer> (0x0000000092b63800) thrown at [./open/src/hotspot/share/classfile/systemDictionary.cpp, line 226]
Event: 331.070 Thread 0x000001fa9b25a800 Exception <a 'java/lang/ClassNotFoundException'{0x0000000092bab0c8}: org/gradle/jvm/tasks/Jar_DecoratedCustomizer> (0x0000000092bab0c8) thrown at [./open/src/hotspot/share/classfile/systemDictionary.cpp, line 226]
Event: 331.183 Thread 0x000001fa9b25a800 Exception <a 'java/lang/ClassNotFoundException'{0x00000000929c6968}: build_79wg4341yh94lalw6kpsj4ur1BeanInfo> (0x00000000929c6968) thrown at [./open/src/hotspot/share/classfile/systemDictionary.cpp, line 226]
Event: 331.183 Thread 0x000001fa9b25a800 Exception <a 'java/lang/ClassNotFoundException'{0x00000000929d29c8}: build_79wg4341yh94lalw6kpsj4ur1Customizer> (0x00000000929d29c8) thrown at [./open/src/hotspot/share/classfile/systemDictionary.cpp, line 226]
Event: 331.208 Thread 0x000001fa9b25a800 Exception <a 'java/lang/ClassNotFoundException'{0x000000009287b7e8}: build_79wg4341yh94lalw6kpsj4ur1BeanInfo> (0x000000009287b7e8) thrown at [./open/src/hotspot/share/classfile/systemDictionary.cpp, line 226]
Event: 331.209 Thread 0x000001fa9b25a800 Exception <a 'java/lang/ClassNotFoundException'{0x00000000928877e8}: build_79wg4341yh94lalw6kpsj4ur1Customizer> (0x00000000928877e8) thrown at [./open/src/hotspot/share/classfile/systemDictionary.cpp, line 226]

Events (10 events):
Event: 331.205 loading class groovy/runtime/metaclass/build_79wg4341yh94lalw6kpsj4ur1MetaClass
Event: 331.205 loading class groovy/runtime/metaclass/build_79wg4341yh94lalw6kpsj4ur1MetaClass done
Event: 331.207 loading class build_79wg4341yh94lalw6kpsj4ur1BeanInfo
Event: 331.207 loading class build_79wg4341yh94lalw6kpsj4ur1BeanInfo done
Event: 331.208 loading class build_79wg4341yh94lalw6kpsj4ur1BeanInfo
Event: 331.208 loading class build_79wg4341yh94lalw6kpsj4ur1BeanInfo done
Event: 331.208 loading class build_79wg4341yh94lalw6kpsj4ur1Customizer
Event: 331.208 loading class build_79wg4341yh94lalw6kpsj4ur1Customizer done
Event: 331.209 loading class build_79wg4341yh94lalw6kpsj4ur1Customizer
Event: 331.209 loading class build_79wg4341yh94lalw6kpsj4ur1Customizer done


Dynamic libraries:
0x00007ff604be0000 - 0x00007ff604bf0000 	C:\Program Files\Java\jdk-11\bin\java.exe
0x00007ffd1fd90000 - 0x00007ffd1ff88000 	C:\Windows\SYSTEM32\ntdll.dll
0x00007ffd1f490000 - 0x00007ffd1f54d000 	C:\Windows\System32\KERNEL32.DLL
0x00007ffd1d4d0000 - 0x00007ffd1d7c6000 	C:\Windows\System32\KERNELBASE.dll
0x00007ffd1d9d0000 - 0x00007ffd1dad0000 	C:\Windows\System32\ucrtbase.dll
0x00007ffd15140000 - 0x00007ffd15159000 	C:\Program Files\Java\jdk-11\bin\jli.dll
0x00007ffd1f3c0000 - 0x00007ffd1f473000 	C:\Windows\System32\ADVAPI32.dll
0x00007ffd1f920000 - 0x00007ffd1f9be000 	C:\Windows\System32\msvcrt.dll
0x00007ffd1ee40000 - 0x00007ffd1eedf000 	C:\Windows\System32\sechost.dll
0x00007ffd1fc20000 - 0x00007ffd1fd46000 	C:\Windows\System32\RPCRT4.dll
0x00007ffd1d7d0000 - 0x00007ffd1d7f7000 	C:\Windows\System32\bcrypt.dll
0x00007ffd1e4c0000 - 0x00007ffd1e65e000 	C:\Windows\System32\USER32.dll
0x00007ffd1db20000 - 0x00007ffd1db42000 	C:\Windows\System32\win32u.dll
0x00007ffd1faa0000 - 0x00007ffd1facc000 	C:\Windows\System32\GDI32.dll
0x00007ffd1d8b0000 - 0x00007ffd1d9ca000 	C:\Windows\System32\gdi32full.dll
0x00007ffd1dd40000 - 0x00007ffd1dddd000 	C:\Windows\System32\msvcp_win.dll
0x00007ffd10010000 - 0x00007ffd1002b000 	C:\Program Files\Java\jdk-11\bin\VCRUNTIME140.dll
0x00007ffd00db0000 - 0x00007ffd0104a000 	C:\Windows\WinSxS\amd64_microsoft.windows.common-controls_6595b64144ccf1df_6.0.19041.3636_none_60b6a03d71f818d5\COMCTL32.dll
0x00007ffd11840000 - 0x00007ffd1184a000 	C:\Windows\SYSTEM32\VERSION.dll
0x00007ffd1f9c0000 - 0x00007ffd1f9f0000 	C:\Windows\System32\IMM32.DLL
0x00007ffd17620000 - 0x00007ffd1762c000 	C:\Program Files\Java\jdk-11\bin\vcruntime140_1.dll
0x00007ffcf5550000 - 0x00007ffcf55de000 	C:\Program Files\Java\jdk-11\bin\msvcp140.dll
0x00007ffcc61f0000 - 0x00007ffcc6d5d000 	C:\Program Files\Java\jdk-11\bin\server\jvm.dll
0x00007ffd1f480000 - 0x00007ffd1f488000 	C:\Windows\System32\PSAPI.DLL
0x00007ffd05050000 - 0x00007ffd05059000 	C:\Windows\SYSTEM32\WSOCK32.dll
0x00007ffd1f550000 - 0x00007ffd1f5bb000 	C:\Windows\System32\WS2_32.dll
0x00007ffd12f60000 - 0x00007ffd12f87000 	C:\Windows\SYSTEM32\WINMM.dll
0x00007ffd1b990000 - 0x00007ffd1b9a2000 	C:\Windows\SYSTEM32\kernel.appcore.dll
0x00007ffd15460000 - 0x00007ffd15470000 	C:\Program Files\Java\jdk-11\bin\verify.dll
0x00007ffd18640000 - 0x00007ffd18824000 	C:\Windows\SYSTEM32\DBGHELP.DLL
0x00007ffcf86d0000 - 0x00007ffcf8704000 	C:\Windows\SYSTEM32\dbgcore.DLL
0x00007ffd1db50000 - 0x00007ffd1dbd2000 	C:\Windows\System32\bcryptPrimitives.dll
0x00007ffcf5ec0000 - 0x00007ffcf5ee8000 	C:\Program Files\Java\jdk-11\bin\java.dll
0x00007ffd15130000 - 0x00007ffd1513a000 	C:\Program Files\Java\jdk-11\bin\jimage.dll
0x00007ffd0b0e0000 - 0x00007ffd0b0f7000 	C:\Program Files\Java\jdk-11\bin\zip.dll
0x00007ffd1e660000 - 0x00007ffd1eda5000 	C:\Windows\System32\SHELL32.dll
0x00007ffd17dd0000 - 0x00007ffd1856b000 	C:\Windows\SYSTEM32\windows.storage.dll
0x00007ffd1f5c0000 - 0x00007ffd1f914000 	C:\Windows\System32\combase.dll
0x00007ffd1cd40000 - 0x00007ffd1cd6d000 	C:\Windows\SYSTEM32\Wldp.dll
0x00007ffd1f9f0000 - 0x00007ffd1fa9d000 	C:\Windows\System32\SHCORE.dll
0x00007ffd1fb50000 - 0x00007ffd1fba5000 	C:\Windows\System32\shlwapi.dll
0x00007ffd1d390000 - 0x00007ffd1d3b5000 	C:\Windows\SYSTEM32\profapi.dll
0x00007ffcfd5b0000 - 0x00007ffcfd5c9000 	C:\Program Files\Java\jdk-11\bin\net.dll
0x00007ffd1c390000 - 0x00007ffd1c49a000 	C:\Windows\SYSTEM32\WINHTTP.dll
0x00007ffd1cac0000 - 0x00007ffd1cb2a000 	C:\Windows\system32\mswsock.dll
0x00007ffcfcd30000 - 0x00007ffcfcd42000 	C:\Program Files\Java\jdk-11\bin\nio.dll
0x00007ffcf5950000 - 0x00007ffcf5977000 	C:\Users\01-131202-034\.gradle\native\68d5fa5c4cc2d200863cafc0d521ce42e7d3e7ee720ec0a83991735586a16f82\windows-amd64\native-platform.dll
0x00007ffcf50c0000 - 0x00007ffcf5204000 	C:\Users\01-131202-034\.gradle\native\e376f236ea51e6404a007f0833ffe2c6e607c4080706a723a18a27aeea778392\windows-amd64\native-platform-file-events.dll
0x00007ffd14fd0000 - 0x00007ffd14fd9000 	C:\Program Files\Java\jdk-11\bin\management.dll
0x00007ffd13830000 - 0x00007ffd1383b000 	C:\Program Files\Java\jdk-11\bin\management_ext.dll
0x00007ffd1cd80000 - 0x00007ffd1cd98000 	C:\Windows\SYSTEM32\CRYPTSP.dll
0x00007ffd1c300000 - 0x00007ffd1c334000 	C:\Windows\system32\rsaenh.dll
0x00007ffd1d350000 - 0x00007ffd1d37e000 	C:\Windows\SYSTEM32\USERENV.dll
0x00007ffd1cc50000 - 0x00007ffd1cc5c000 	C:\Windows\SYSTEM32\CRYPTBASE.dll
0x00007ffd1c7d0000 - 0x00007ffd1c80b000 	C:\Windows\SYSTEM32\IPHLPAPI.DLL
0x00007ffd1fc10000 - 0x00007ffd1fc18000 	C:\Windows\System32\NSI.dll
0x00007ffd10390000 - 0x00007ffd103a7000 	C:\Windows\SYSTEM32\dhcpcsvc6.DLL
0x00007ffd10370000 - 0x00007ffd1038d000 	C:\Windows\SYSTEM32\dhcpcsvc.DLL
0x00007ffd1c810000 - 0x00007ffd1c8da000 	C:\Windows\SYSTEM32\DNSAPI.dll

dbghelp: loaded successfully - version: 4.0.5 - missing functions: none
symbol engine: initialized successfully - sym options: 0x614 - pdb path: .;C:\Program Files\Java\jdk-11\bin;C:\Windows\SYSTEM32;C:\Windows\WinSxS\amd64_microsoft.windows.common-controls_6595b64144ccf1df_6.0.19041.3636_none_60b6a03d71f818d5;C:\Program Files\Java\jdk-11\bin\server;C:\Users\01-131202-034\.gradle\native\68d5fa5c4cc2d200863cafc0d521ce42e7d3e7ee720ec0a83991735586a16f82\windows-amd64;C:\Users\01-131202-034\.gradle\native\e376f236ea51e6404a007f0833ffe2c6e607c4080706a723a18a27aeea778392\windows-amd64

VM Arguments:
jvm_args: -XX:MaxMetaspaceSize=512m --add-opens=java.base/java.util=ALL-UNNAMED --add-opens=java.base/java.lang=ALL-UNNAMED --add-opens=java.base/java.lang.invoke=ALL-UNNAMED --add-opens=java.prefs/java.util.prefs=ALL-UNNAMED --add-opens=java.base/java.nio.charset=ALL-UNNAMED --add-opens=java.base/java.net=ALL-UNNAMED --add-opens=java.base/java.util.concurrent.atomic=ALL-UNNAMED -Xmx2048m -Dfile.encoding=windows-1252 -Duser.country=US -Duser.language=en -Duser.variant 
java_command: org.gradle.launcher.daemon.bootstrap.GradleDaemon 8.0.1
java_class_path (initial): C:\Users\01-131202-034\.gradle\wrapper\dists\gradle-8.0.1-all\aro4hu1c3oeioove7l0i4i14o\gradle-8.0.1\lib\gradle-launcher-8.0.1.jar
Launcher Type: SUN_STANDARD

[Global flags]
     intx CICompilerCount                          = 3                                         {product} {ergonomic}
   size_t CompressedClassSpaceSize                 = 528482304                                 {product} {ergonomic}
     uint ConcGCThreads                            = 1                                         {product} {ergonomic}
     uint G1ConcRefinementThreads                  = 4                                         {product} {ergonomic}
   size_t G1HeapRegionSize                         = 1048576                                   {product} {ergonomic}
    uintx GCDrainStackTargetSize                   = 64                                        {product} {ergonomic}
   size_t InitialHeapSize                          = 134217728                                 {product} {ergonomic}
   size_t MarkStackSize                            = 4194304                                   {product} {ergonomic}
   size_t MaxHeapSize                              = 2147483648                                {product} {command line}
   size_t MaxMetaspaceSize                         = 536870912                                 {product} {command line}
   size_t MaxNewSize                               = 1287651328                                {product} {ergonomic}
   size_t MinHeapDeltaBytes                        = 1048576                                   {product} {ergonomic}
    uintx NonNMethodCodeHeapSize                   = 5830732                                {pd product} {ergonomic}
    uintx NonProfiledCodeHeapSize                  = 122913754                              {pd product} {ergonomic}
    uintx ProfiledCodeHeapSize                     = 122913754                              {pd product} {ergonomic}
    uintx ReservedCodeCacheSize                    = 251658240                              {pd product} {ergonomic}
     bool SegmentedCodeCache                       = true                                      {product} {ergonomic}
     bool UseCompressedClassPointers               = true                                 {lp64_product} {ergonomic}
     bool UseCompressedOops                        = true                                 {lp64_product} {ergonomic}
     bool UseG1GC                                  = true                                      {product} {ergonomic}
     bool UseLargePagesIndividualAllocation        = false                                  {pd product} {ergonomic}

Logging:
Log output configuration:
 #0: stdout all=warning uptime,level,tags
 #1: stderr all=off uptime,level,tags

Environment Variables:
JAVA_HOME=C:\Program Files\Java\jdk-11
CLASSPATH=E:\UI\android\\gradle\wrapper\gradle-wrapper.jar
PATH=E:\UI\node_modules\.bin;E:\UI\node_modules\.bin;E:\node_modules\.bin;C:\Users\01-131202-034\AppData\Roaming\npm\node_modules\npm\node_modules\@npmcli\run-script\lib\node-gyp-bin;C:\Program Files\Common Files\Oracle\Java\javapath;C:\Python311\Scripts\;C:\Python311\;C:\Windows\system32;C:\Windows;C:\Windows\System32\Wbem;C:\Windows\System32\WindowsPowerShell\v1.0\;C:\Windows\System32\OpenSSH\;C:\Program Files\nodejs\;C:\ProgramData\chocolatey\bin;C:\Users\01-131202-034\AppData\Local\Android\Sdk;C:\Users\01-131202-034\AppData\Local\Android\Sdk\platform-tools;C:\Program Files\Git\cmd;C:\Program Files\Java\jdk-11;C:\Users\01-131202-034\AppData\Local\Android\Sdk\emulator;C:\Users\01-131202-034\AppData\Local\Android\Sdk\build-tools;C:\Users\01-131202-034\AppData\Local\Android\Sdk\cmdline-tools;C:\Users\01-131202-034\AppData\Local\Android\Sdk\cmdline-tools\latest\bin;C:\Users\01-131202-034\AppData\Local\Android\Sdk\tools;C:\Users\01-131202-034\AppData\Local\Android\Sdk\tools;C:\Users\01-131202-034\AppData\Local\Microsoft\WindowsApps;C:\Users\01-131202-034\AppData\Roaming\npm;C:\Users\01-131202-034\AppData\Local\Android\Sdk\platform-tools;C:\Users\01-131202-034\AppData\Local\Android\Sdk\emulator;C:\Users\01-131202-034\AppData\Local\Android\Sdk\build-tools;C:\Users\01-131202-034\AppData\Local\Android\Sdk;C:\Users\01-131202-034\AppData\Local\Programs\Microsoft VS Code\bin;C:\Users\01-131202-034\AppData\Local\Android\Sdk\cmdline-tools;C:\Users\01-131202-034\AppData\Local\Android\Sdk\cmdline-tools\latest\bin;C:\Program Files\Java\jdk-11;
USERNAME=01-131202-034
OS=Windows_NT
PROCESSOR_IDENTIFIER=Intel64 Family 6 Model 78 Stepping 3, GenuineIntel



---------------  S Y S T E M  ---------------

OS: Windows 10 , 64 bit Build 19041 (10.0.19041.3636)
Hyper-V role detected

CPU:total 4 (initial active 4) (2 cores per cpu, 2 threads per core) family 6 model 78 stepping 3 microcode 0xf0, cmov, cx8, fxsr, mmx, sse, sse2, sse3, ssse3, sse4.1, sse4.2, popcnt, avx, avx2, aes, clmul, erms, rtm, 3dnowpref, lzcnt, ht, tsc, tscinvbit, bmi1, bmi2, adx, fma

Memory: 4k page, system-wide physical 8071M (475M free)
TotalPageFile size 16081M (AvailPageFile size 2M)
current process WorkingSet (physical memory assigned to process): 659M, peak: 659M
current process commit charge ("private bytes"): 709M, peak: 709M

vm_info: Java HotSpot(TM) 64-Bit Server VM (11.0.20+9-LTS-256) for windows-amd64 JRE (11.0.20+9-LTS-256), built on Jun 14 2023 10:34:22 by "mach5one" with MS VC++ 17.1 (VS2022)

END.
