#
# There is insufficient memory for the Java Runtime Environment to continue.
# Native memory allocation (mmap) failed to map 104857600 bytes for Failed to commit area from 0x0000000096a00000 to 0x000000009ce00000 of length 104857600.
# Possible reasons:
#   The system is out of physical RAM or swap space
#   The process is running with CompressedOops enabled, and the Java Heap may be blocking the growth of the native heap
# Possible solutions:
#   Reduce memory load on the system
#   Increase physical memory or swap space
#   Check if swap backing store is full
#   Decrease Java heap size (-Xmx/-Xms)
#   Decrease number of Java threads
#   Decrease Java thread stack sizes (-Xss)
#   Set larger code cache with -XX:ReservedCodeCacheSize=
#   JVM is running with Unscaled Compressed Oops mode in which the Java heap is
#     placed in the first 4GB address space. The Java Heap base address is the
#     maximum limit for the native heap growth. Please use -XX:HeapBaseMinAddress
#     to set the Java Heap base and to place the Java Heap above 4GB virtual address.
# This output file may be truncated or incomplete.
#
#  Out of Memory Error (./open/src/hotspot/os/windows/os_windows.cpp:3293), pid=5156, tid=10152
#
# JRE version: Java(TM) SE Runtime Environment 18.9 (11.0.20+9) (build 11.0.20+9-LTS-256)
# Java VM: Java HotSpot(TM) 64-Bit Server VM 18.9 (11.0.20+9-LTS-256, mixed mode, tiered, compressed oops, g1 gc, windows-amd64)
# No core dump will be written. Minidumps are not enabled by default on client versions of Windows
#

---------------  S U M M A R Y ------------

Command Line: -XX:MaxMetaspaceSize=512m --add-opens=java.base/java.util=ALL-UNNAMED --add-opens=java.base/java.lang=ALL-UNNAMED --add-opens=java.base/java.lang.invoke=ALL-UNNAMED --add-opens=java.prefs/java.util.prefs=ALL-UNNAMED --add-opens=java.base/java.nio.charset=ALL-UNNAMED --add-opens=java.base/java.net=ALL-UNNAMED --add-opens=java.base/java.util.concurrent.atomic=ALL-UNNAMED -Xmx2048m -Dfile.encoding=windows-1252 -Duser.country=US -Duser.language=en -Duser.variant org.gradle.launcher.daemon.bootstrap.GradleDaemon 8.0.1

Host: Intel(R) Core(TM) i7-6600U CPU @ 2.60GHz, 4 cores, 7G,  Windows 10 , 64 bit Build 19041 (10.0.19041.3636)
Time: Tue Jan 30 14:34:43 2024 Pakistan Standard Time elapsed time: 103.630507 seconds (0d 0h 1m 43s)

---------------  T H R E A D  ---------------

Current thread (0x00000150a30f3800):  VMThread "VM Thread" [stack: 0x0000002de6c00000,0x0000002de6d00000] [id=10152]

Stack: [0x0000002de6c00000,0x0000002de6d00000]
[error occurred during error reporting (printing stack bounds), id 0xc0000005, EXCEPTION_ACCESS_VIOLATION (0xc0000005) at pc=0x000001508c8a0f2d]

Native frames: (J=compiled Java code, j=interpreted, Vv=VM code, C=native code)
V  [jvm.dll+0x6602ba]
V  [jvm.dll+0x7a32af]
V  [jvm.dll+0x7a4979]
V  [jvm.dll+0x7a4f75]
V  [jvm.dll+0x7a4f2b]
V  [jvm.dll+0x65f7c3]
V  [jvm.dll+0x65feb8]
C  [ntdll.dll+0xa23af]
C  [ntdll.dll+0x514b4]
C  [ntdll.dll+0xa0ebe]
C  0x000001508c8a0f2d

VM_Operation (0x0000002de7ff6b60): G1CollectForAllocation, mode: safepoint, requested by thread 0x00000150a5ace000


---------------  P R O C E S S  ---------------

Threads class SMR info:
_java_thread_list=0x00000150b3078360, length=85, elements={
0x00000150839a8000, 0x00000150a30f7800, 0x00000150a30f9800, 0x00000150a3111800,
0x00000150a3113000, 0x00000150a3114000, 0x00000150a3115000, 0x00000150a3a63000,
0x00000150a3a69800, 0x00000150a3bd3800, 0x00000150a5ae6000, 0x00000150a6bf0800,
0x00000150a5e6c800, 0x00000150a4b59800, 0x00000150a6080000, 0x00000150a5580800,
0x00000150a5ace000, 0x00000150a6c8e000, 0x00000150a5076000, 0x00000150a5076800,
0x00000150a5073800, 0x00000150a5077800, 0x00000150a5074000, 0x00000150a5071800,
0x00000150a5078800, 0x00000150a5072800, 0x00000150a5075000, 0x00000150a4dae800,
0x00000150a4da8800, 0x00000150a4dad000, 0x00000150a4daf800, 0x00000150a4dac000,
0x00000150a4db1000, 0x00000150a4dab000, 0x00000150a4db7800, 0x00000150a4db1800,
0x00000150a4db5000, 0x00000150a4db2800, 0x00000150a4db6000, 0x00000150a4db6800,
0x00000150a4db3800, 0x00000150a4db4000, 0x00000150a954f800, 0x00000150a9550800,
0x00000150a9551800, 0x00000150a9552000, 0x00000150a9553000, 0x00000150a954d000,
0x00000150a9554000, 0x00000150a954e000, 0x00000150a9554800, 0x00000150a954f000,
0x00000150a9557000, 0x00000150a9558000, 0x00000150a9559800, 0x00000150a955a800,
0x00000150a955b000, 0x00000150a9558800, 0x00000150a9555800, 0x00000150a955c000,
0x00000150a9556000, 0x00000150a6f53000, 0x00000150a6f53800, 0x00000150a6f55800,
0x00000150a6f54800, 0x00000150a6f52000, 0x00000150a6f57000, 0x00000150a6f51000,
0x00000150a6f58000, 0x00000150a6f5b000, 0x00000150a6f5c000, 0x00000150a6f59800,
0x00000150a6f5a000, 0x00000150a6f5c800, 0x00000150a6f5d800, 0x00000150a6f5e800,
0x00000150a6f5f000, 0x00000150a6f60000, 0x00000150a9a30000, 0x00000150a9a2c000,
0x00000150a9a2e800, 0x00000150a9a2d000, 0x00000150a9a2f800, 0x00000150a9a2d800,
0x00000150aad6a800
}

Java Threads: ( => current thread )
  0x00000150839a8000 JavaThread "main" [_thread_blocked, id=2592, stack(0x0000002de6600000,0x0000002de6700000)]
  0x00000150a30f7800 JavaThread "Reference Handler" daemon [_thread_blocked, id=18096, stack(0x0000002de6d00000,0x0000002de6e00000)]
  0x00000150a30f9800 JavaThread "Finalizer" daemon [_thread_blocked, id=11120, stack(0x0000002de6e00000,0x0000002de6f00000)]
  0x00000150a3111800 JavaThread "Signal Dispatcher" daemon [_thread_blocked, id=11076, stack(0x0000002de6f00000,0x0000002de7000000)]
  0x00000150a3113000 JavaThread "Attach Listener" daemon [_thread_blocked, id=11564, stack(0x0000002de7000000,0x0000002de7100000)]
  0x00000150a3114000 JavaThread "Service Thread" daemon [_thread_blocked, id=18224, stack(0x0000002de7100000,0x0000002de7200000)]
  0x00000150a3115000 JavaThread "C2 CompilerThread0" daemon [_thread_blocked, id=8308, stack(0x0000002de7200000,0x0000002de7300000)]
  0x00000150a3a63000 JavaThread "C1 CompilerThread0" daemon [_thread_blocked, id=19360, stack(0x0000002de7300000,0x0000002de7400000)]
  0x00000150a3a69800 JavaThread "Sweeper thread" daemon [_thread_blocked, id=13880, stack(0x0000002de7400000,0x0000002de7500000)]
  0x00000150a3bd3800 JavaThread "Common-Cleaner" daemon [_thread_blocked, id=13336, stack(0x0000002de7500000,0x0000002de7600000)]
  0x00000150a5ae6000 JavaThread "Daemon health stats" [_thread_blocked, id=9784, stack(0x0000002de7a00000,0x0000002de7b00000)]
  0x00000150a6bf0800 JavaThread "Incoming local TCP Connector on port 57075" [_thread_in_native, id=7032, stack(0x0000002de7700000,0x0000002de7800000)]
  0x00000150a5e6c800 JavaThread "Daemon periodic checks" [_thread_blocked, id=6304, stack(0x0000002de7b00000,0x0000002de7c00000)]
  0x00000150a4b59800 JavaThread "Daemon" [_thread_blocked, id=10344, stack(0x0000002de7c00000,0x0000002de7d00000)]
  0x00000150a6080000 JavaThread "Handler for socket connection from /127.0.0.1:57075 to /127.0.0.1:57076" [_thread_in_native, id=5608, stack(0x0000002de7d00000,0x0000002de7e00000)]
  0x00000150a5580800 JavaThread "Cancel handler" [_thread_blocked, id=7452, stack(0x0000002de7e00000,0x0000002de7f00000)]
  0x00000150a5ace000 JavaThread "Daemon worker" [_thread_blocked, id=4292, stack(0x0000002de7f00000,0x0000002de8000000)]
  0x00000150a6c8e000 JavaThread "Asynchronous log dispatcher for DefaultDaemonConnection: socket connection from /127.0.0.1:57075 to /127.0.0.1:57076" [_thread_blocked, id=2320, stack(0x0000002de8100000,0x0000002de8200000)]
  0x00000150a5076000 JavaThread "Daemon client event forwarder" [_thread_blocked, id=14588, stack(0x0000002de8300000,0x0000002de8400000)]
  0x00000150a5076800 JavaThread "Cache worker for journal cache (C:\Users\01-131202-034\.gradle\caches\journal-1)" [_thread_blocked, id=10852, stack(0x0000002de8000000,0x0000002de8100000)]
  0x00000150a5073800 JavaThread "File lock request listener" [_thread_in_native, id=10800, stack(0x0000002de8500000,0x0000002de8600000)]
  0x00000150a5077800 JavaThread "Cache worker for file hash cache (C:\Users\01-131202-034\.gradle\caches\8.0.1\fileHashes)" [_thread_blocked, id=13328, stack(0x0000002de8600000,0x0000002de8700000)]
  0x00000150a5074000 JavaThread "File watcher server" daemon [_thread_in_native, id=7512, stack(0x0000002de8800000,0x0000002de8900000)]
  0x00000150a5071800 JavaThread "File watcher consumer" daemon [_thread_blocked, id=2488, stack(0x0000002de8900000,0x0000002de8a00000)]
  0x00000150a5078800 JavaThread "Cache worker for checksums cache (E:\UI\android\.gradle\8.0.1\checksums)" [_thread_blocked, id=12300, stack(0x0000002de8a00000,0x0000002de8b00000)]
  0x00000150a5072800 JavaThread "Cache worker for cache directory md-rule (C:\Users\01-131202-034\.gradle\caches\8.0.1\md-rule)" [_thread_blocked, id=11956, stack(0x0000002de8b00000,0x0000002de8c00000)]
  0x00000150a5075000 JavaThread "Cache worker for file content cache (C:\Users\01-131202-034\.gradle\caches\8.0.1\fileContent)" [_thread_blocked, id=17276, stack(0x0000002de8c00000,0x0000002de8d00000)]
  0x00000150a4dae800 JavaThread "Cache worker for file hash cache (E:\UI\android\.gradle\8.0.1\fileHashes)" [_thread_blocked, id=13480, stack(0x0000002de8d00000,0x0000002de8e00000)]
  0x00000150a4da8800 JavaThread "Cache worker for cache directory md-supplier (C:\Users\01-131202-034\.gradle\caches\8.0.1\md-supplier)" [_thread_blocked, id=11840, stack(0x0000002de8e00000,0x0000002de8f00000)]
  0x00000150a4dad000 JavaThread "Cache worker for execution history cache (C:\Users\01-131202-034\.gradle\caches\8.0.1\executionHistory)" [_thread_blocked, id=18344, stack(0x0000002de8700000,0x0000002de8800000)]
  0x00000150a4daf800 JavaThread "jar transforms" [_thread_blocked, id=3432, stack(0x0000002de9000000,0x0000002de9100000)]
  0x00000150a4dac000 JavaThread "jar transforms Thread 2" [_thread_blocked, id=18056, stack(0x0000002de9100000,0x0000002de9200000)]
  0x00000150a4db1000 JavaThread "jar transforms Thread 3" [_thread_blocked, id=12356, stack(0x0000002de8f00000,0x0000002de9000000)]
  0x00000150a4dab000 JavaThread "jar transforms Thread 4" [_thread_blocked, id=11248, stack(0x0000002de9200000,0x0000002de9300000)]
  0x00000150a4db7800 JavaThread "Cache worker for kotlin-dsl (C:\Users\01-131202-034\.gradle\caches\8.0.1\kotlin-dsl)" [_thread_blocked, id=16156, stack(0x0000002de9600000,0x0000002de9700000)]
  0x00000150a4db1800 JavaThread "Cache worker for dependencies-accessors (E:\UI\android\.gradle\8.0.1\dependencies-accessors)" [_thread_blocked, id=12876, stack(0x0000002de9700000,0x0000002de9800000)]
  0x00000150a4db5000 JavaThread "Cache worker for Build Output Cleanup Cache (E:\UI\node_modules\@react-native\gradle-plugin\.gradle\buildOutputCleanup)" [_thread_blocked, id=11520, stack(0x0000002de9800000,0x0000002de9900000)]
  0x00000150a4db2800 JavaThread "Unconstrained build operations" [_thread_blocked, id=8924, stack(0x0000002de9900000,0x0000002de9a00000)]
  0x00000150a4db6000 JavaThread "Unconstrained build operations Thread 2" [_thread_blocked, id=6416, stack(0x0000002de9a00000,0x0000002de9b00000)]
  0x00000150a4db6800 JavaThread "Unconstrained build operations Thread 3" [_thread_blocked, id=19236, stack(0x0000002de9b00000,0x0000002de9c00000)]
  0x00000150a4db3800 JavaThread "Unconstrained build operations Thread 4" [_thread_blocked, id=17380, stack(0x0000002de9c00000,0x0000002de9d00000)]
  0x00000150a4db4000 JavaThread "Unconstrained build operations Thread 5" [_thread_blocked, id=14940, stack(0x0000002de9d00000,0x0000002de9e00000)]
  0x00000150a954f800 JavaThread "Unconstrained build operations Thread 6" [_thread_blocked, id=15216, stack(0x0000002de9e00000,0x0000002de9f00000)]
  0x00000150a9550800 JavaThread "Unconstrained build operations Thread 7" [_thread_blocked, id=18924, stack(0x0000002de9f00000,0x0000002dea000000)]
  0x00000150a9551800 JavaThread "Unconstrained build operations Thread 8" [_thread_blocked, id=1508, stack(0x0000002dea000000,0x0000002dea100000)]
  0x00000150a9552000 JavaThread "Unconstrained build operations Thread 9" [_thread_blocked, id=8276, stack(0x0000002dea100000,0x0000002dea200000)]
  0x00000150a9553000 JavaThread "Unconstrained build operations Thread 10" [_thread_blocked, id=8360, stack(0x0000002dea200000,0x0000002dea300000)]
  0x00000150a954d000 JavaThread "Unconstrained build operations Thread 11" [_thread_blocked, id=16864, stack(0x0000002dea300000,0x0000002dea400000)]
  0x00000150a9554000 JavaThread "Unconstrained build operations Thread 12" [_thread_blocked, id=16024, stack(0x0000002dea400000,0x0000002dea500000)]
  0x00000150a954e000 JavaThread "Unconstrained build operations Thread 13" [_thread_blocked, id=9524, stack(0x0000002dea500000,0x0000002dea600000)]
  0x00000150a9554800 JavaThread "Unconstrained build operations Thread 14" [_thread_blocked, id=10376, stack(0x0000002dea600000,0x0000002dea700000)]
  0x00000150a954f000 JavaThread "Unconstrained build operations Thread 15" [_thread_blocked, id=1192, stack(0x0000002dea700000,0x0000002dea800000)]
  0x00000150a9557000 JavaThread "Unconstrained build operations Thread 16" [_thread_blocked, id=996, stack(0x0000002dea800000,0x0000002dea900000)]
  0x00000150a9558000 JavaThread "Unconstrained build operations Thread 17" [_thread_blocked, id=19076, stack(0x0000002dea900000,0x0000002deaa00000)]
  0x00000150a9559800 JavaThread "Unconstrained build operations Thread 18" [_thread_blocked, id=5504, stack(0x0000002deaa00000,0x0000002deab00000)]
  0x00000150a955a800 JavaThread "Unconstrained build operations Thread 19" [_thread_blocked, id=19056, stack(0x0000002deab00000,0x0000002deac00000)]
  0x00000150a955b000 JavaThread "Unconstrained build operations Thread 20" [_thread_blocked, id=8008, stack(0x0000002deac00000,0x0000002dead00000)]
  0x00000150a9558800 JavaThread "Unconstrained build operations Thread 21" [_thread_blocked, id=15816, stack(0x0000002dead00000,0x0000002deae00000)]
  0x00000150a9555800 JavaThread "Unconstrained build operations Thread 22" [_thread_blocked, id=2344, stack(0x0000002deae00000,0x0000002deaf00000)]
  0x00000150a955c000 JavaThread "Unconstrained build operations Thread 23" [_thread_blocked, id=3204, stack(0x0000002deaf00000,0x0000002deb000000)]
  0x00000150a9556000 JavaThread "Unconstrained build operations Thread 24" [_thread_blocked, id=8128, stack(0x0000002deb000000,0x0000002deb100000)]
  0x00000150a6f53000 JavaThread "Unconstrained build operations Thread 25" [_thread_blocked, id=5472, stack(0x0000002deb100000,0x0000002deb200000)]
  0x00000150a6f53800 JavaThread "Unconstrained build operations Thread 26" [_thread_blocked, id=15824, stack(0x0000002deb200000,0x0000002deb300000)]
  0x00000150a6f55800 JavaThread "Memory manager" [_thread_blocked, id=8960, stack(0x0000002deb300000,0x0000002deb400000)]
  0x00000150a6f54800 JavaThread "Cache worker for Build Output Cleanup Cache (E:\UI\android\.gradle\buildOutputCleanup)" [_thread_blocked, id=5568, stack(0x0000002deb400000,0x0000002deb500000)]
  0x00000150a6f52000 JavaThread "included builds" [_thread_blocked, id=16420, stack(0x0000002deb500000,0x0000002deb600000)]
  0x00000150a6f57000 JavaThread "Execution worker" [_thread_blocked, id=1628, stack(0x0000002deb600000,0x0000002deb700000)]
  0x00000150a6f51000 JavaThread "Execution worker Thread 2" [_thread_blocked, id=2724, stack(0x0000002deb700000,0x0000002deb800000)]
  0x00000150a6f58000 JavaThread "Execution worker Thread 3" [_thread_blocked, id=3240, stack(0x0000002deb800000,0x0000002deb900000)]
  0x00000150a6f5b000 JavaThread "Cache worker for execution history cache (E:\UI\node_modules\@react-native\gradle-plugin\.gradle\8.0.1\executionHistory)" [_thread_blocked, id=612, stack(0x0000002deb900000,0x0000002deba00000)]
  0x00000150a6f5c000 JavaThread "Unconstrained build operations Thread 27" [_thread_blocked, id=14864, stack(0x0000002deba00000,0x0000002debb00000)]
  0x00000150a6f59800 JavaThread "Unconstrained build operations Thread 28" [_thread_blocked, id=8772, stack(0x0000002debb00000,0x0000002debc00000)]
  0x00000150a6f5a000 JavaThread "Unconstrained build operations Thread 29" [_thread_blocked, id=3864, stack(0x0000002debc00000,0x0000002debd00000)]
  0x00000150a6f5c800 JavaThread "Unconstrained build operations Thread 30" [_thread_blocked, id=2600, stack(0x0000002debd00000,0x0000002debe00000)]
  0x00000150a6f5d800 JavaThread "Unconstrained build operations Thread 31" [_thread_blocked, id=18232, stack(0x0000002debe00000,0x0000002debf00000)]
  0x00000150a6f5e800 JavaThread "Unconstrained build operations Thread 32" [_thread_blocked, id=14204, stack(0x0000002debf00000,0x0000002dec000000)]
  0x00000150a6f5f000 JavaThread "Unconstrained build operations Thread 33" [_thread_blocked, id=14900, stack(0x0000002dec000000,0x0000002dec100000)]
  0x00000150a6f60000 JavaThread "Unconstrained build operations Thread 34" [_thread_blocked, id=1032, stack(0x0000002dec100000,0x0000002dec200000)]
  0x00000150a9a30000 JavaThread "Unconstrained build operations Thread 35" [_thread_blocked, id=11268, stack(0x0000002dec200000,0x0000002dec300000)]
  0x00000150a9a2c000 JavaThread "Unconstrained build operations Thread 36" [_thread_blocked, id=2880, stack(0x0000002dec300000,0x0000002dec400000)]
  0x00000150a9a2e800 JavaThread "Unconstrained build operations Thread 37" [_thread_blocked, id=9004, stack(0x0000002dec400000,0x0000002dec500000)]
  0x00000150a9a2d000 JavaThread "Unconstrained build operations Thread 38" [_thread_blocked, id=17508, stack(0x0000002dec500000,0x0000002dec600000)]
  0x00000150a9a2f800 JavaThread "Unconstrained build operations Thread 39" [_thread_blocked, id=13304, stack(0x0000002dec600000,0x0000002dec700000)]
  0x00000150a9a2d800 JavaThread "Unconstrained build operations Thread 40" [_thread_blocked, id=16016, stack(0x0000002dec700000,0x0000002dec800000)]
  0x00000150aad6a800 JavaThread "C2 CompilerThread1" daemon [_thread_blocked, id=11008, stack(0x0000002de6300000,0x0000002de6400000)]

Other Threads:
=>0x00000150a30f3800 VMThread "VM Thread" [stack: 0x0000002de6c00000,0x0000002de6d00000] [id=10152]
  0x00000150a3c10000 WatcherThread [stack: 0x0000002de7600000,0x0000002de7700000] [id=5136]
  0x00000150839be000 GCTaskThread "GC Thread#0" [stack: 0x0000002de6700000,0x0000002de6800000] [id=1244]
  0x00000150a44f1800 GCTaskThread "GC Thread#1" [stack: 0x0000002de7800000,0x0000002de7900000] [id=18260]
  0x00000150a3d4b000 GCTaskThread "GC Thread#2" [stack: 0x0000002de7900000,0x0000002de7a00000] [id=13356]
  0x00000150a607d000 GCTaskThread "GC Thread#3" [stack: 0x0000002de8400000,0x0000002de8500000] [id=15952]
  0x00000150839f0800 ConcurrentGCThread "G1 Main Marker" [stack: 0x0000002de6800000,0x0000002de6900000] [id=7508]
  0x00000150839f2800 ConcurrentGCThread "G1 Conc#0" [stack: 0x0000002de6900000,0x0000002de6a00000] [id=14112]
  0x00000150a2f70800 ConcurrentGCThread "G1 Refine#0" [stack: 0x0000002de6a00000,0x0000002de6b00000] [id=18296]
  0x00000150a2f71000 ConcurrentGCThread "G1 Young RemSet Sampling" [stack: 0x0000002de6b00000,0x0000002de6c00000] [id=5928]

Threads with active compile tasks:
C2 CompilerThread0   103700 13793       4       com.android.build.gradle.internal.cxx.settings.SettingsFactoryKt$reifyString$1::invoke (165 bytes)
C2 CompilerThread1   103700 13792       4       com.android.build.gradle.internal.cxx.settings.SettingsFactoryKt$reifyString$1::invoke (12 bytes)

VM state:at safepoint (normal execution)

VM Mutex/Monitor currently owned by a thread:  ([mutex/lock_event])
[0x00000150839a4d30] Threads_lock - owner thread: 0x00000150a30f3800
[0x00000150839a5120] Heap_lock - owner thread: 0x00000150a5ace000

Heap address: 0x0000000080000000, size: 2048 MB, Compressed Oops mode: 32-bit
Narrow klass base: 0x0000000000000000, Narrow klass shift: 3
Compressed class space size: 528482304 Address: 0x0000000100000000

Heap:
 garbage-first heap   total 473088K, used 208495K [0x0000000080000000, 0x0000000100000000)
  region size 1024K, 7 young (7168K), 7 survivors (7168K)
 Metaspace       used 114069K, capacity 119418K, committed 119592K, reserved 618496K
  class space    used 15230K, capacity 17298K, committed 17316K, reserved 516096K
Heap Regions: E=young(eden), S=young(survivor), O=old, HS=humongous(starts), HC=humongous(continues), CS=collection set, F=free, A=archive, TAMS=top-at-mark-start (previous, next)
|   0|0x0000000080000000, 0x0000000080100000, 0x0000000080100000|100%| O|  |TAMS 0x0000000080100000, 0x0000000080000000| Untracked 
|   1|0x0000000080100000, 0x0000000080200000, 0x0000000080200000|100%| O|  |TAMS 0x0000000080200000, 0x0000000080100000| Untracked 
|   2|0x0000000080200000, 0x0000000080300000, 0x0000000080300000|100%|HS|  |TAMS 0x0000000080300000, 0x0000000080200000| Complete 
|   3|0x0000000080300000, 0x0000000080400000, 0x0000000080400000|100%|HC|  |TAMS 0x0000000080400000, 0x0000000080300000| Complete 
|   4|0x0000000080400000, 0x0000000080500000, 0x0000000080500000|100%|HC|  |TAMS 0x0000000080500000, 0x0000000080400000| Complete 
|   5|0x0000000080500000, 0x0000000080600000, 0x0000000080600000|100%|HC|  |TAMS 0x0000000080600000, 0x0000000080500000| Complete 
|   6|0x0000000080600000, 0x0000000080700000, 0x0000000080700000|100%| O|  |TAMS 0x0000000080700000, 0x0000000080600000| Untracked 
|   7|0x0000000080700000, 0x0000000080800000, 0x0000000080800000|100%| O|  |TAMS 0x0000000080800000, 0x0000000080700000| Untracked 
|   8|0x0000000080800000, 0x0000000080900000, 0x0000000080900000|100%| O|  |TAMS 0x0000000080900000, 0x0000000080800000| Untracked 
|   9|0x0000000080900000, 0x0000000080a00000, 0x0000000080a00000|100%| O|  |TAMS 0x0000000080a00000, 0x0000000080900000| Untracked 
|  10|0x0000000080a00000, 0x0000000080b00000, 0x0000000080b00000|100%| O|  |TAMS 0x0000000080b00000, 0x0000000080a00000| Untracked 
|  11|0x0000000080b00000, 0x0000000080c00000, 0x0000000080c00000|100%| O|  |TAMS 0x0000000080c00000, 0x0000000080b00000| Untracked 
|  12|0x0000000080c00000, 0x0000000080d00000, 0x0000000080d00000|100%| O|  |TAMS 0x0000000080d00000, 0x0000000080c00000| Untracked 
|  13|0x0000000080d00000, 0x0000000080e00000, 0x0000000080e00000|100%| O|  |TAMS 0x0000000080e00000, 0x0000000080d00000| Untracked 
|  14|0x0000000080e00000, 0x0000000080f00000, 0x0000000080f00000|100%| O|  |TAMS 0x0000000080f00000, 0x0000000080e00000| Untracked 
|  15|0x0000000080f00000, 0x0000000081000000, 0x0000000081000000|100%| O|  |TAMS 0x0000000081000000, 0x0000000080f00000| Untracked 
|  16|0x0000000081000000, 0x0000000081100000, 0x0000000081100000|100%| O|  |TAMS 0x0000000081100000, 0x0000000081000000| Untracked 
|  17|0x0000000081100000, 0x0000000081200000, 0x0000000081200000|100%| O|  |TAMS 0x0000000081200000, 0x0000000081100000| Untracked 
|  18|0x0000000081200000, 0x0000000081300000, 0x0000000081300000|100%| O|  |TAMS 0x0000000081300000, 0x0000000081200000| Untracked 
|  19|0x0000000081300000, 0x0000000081400000, 0x0000000081400000|100%| O|  |TAMS 0x0000000081400000, 0x0000000081300000| Untracked 
|  20|0x0000000081400000, 0x0000000081500000, 0x0000000081500000|100%| O|  |TAMS 0x0000000081500000, 0x0000000081400000| Untracked 
|  21|0x0000000081500000, 0x0000000081600000, 0x0000000081600000|100%| O|  |TAMS 0x0000000081600000, 0x0000000081500000| Untracked 
|  22|0x0000000081600000, 0x0000000081700000, 0x0000000081700000|100%| O|  |TAMS 0x0000000081700000, 0x0000000081600000| Untracked 
|  23|0x0000000081700000, 0x0000000081800000, 0x0000000081800000|100%| O|  |TAMS 0x0000000081800000, 0x0000000081700000| Untracked 
|  24|0x0000000081800000, 0x0000000081900000, 0x0000000081900000|100%| O|  |TAMS 0x0000000081900000, 0x0000000081800000| Untracked 
|  25|0x0000000081900000, 0x0000000081a00000, 0x0000000081a00000|100%| O|  |TAMS 0x0000000081a00000, 0x0000000081900000| Untracked 
|  26|0x0000000081a00000, 0x0000000081b00000, 0x0000000081b00000|100%|HS|  |TAMS 0x0000000081b00000, 0x0000000081a00000| Complete 
|  27|0x0000000081b00000, 0x0000000081c00000, 0x0000000081c00000|100%|HC|  |TAMS 0x0000000081c00000, 0x0000000081b00000| Complete 
|  28|0x0000000081c00000, 0x0000000081d00000, 0x0000000081d00000|100%|HS|  |TAMS 0x0000000081d00000, 0x0000000081c00000| Complete 
|  29|0x0000000081d00000, 0x0000000081e00000, 0x0000000081e00000|100%|HC|  |TAMS 0x0000000081e00000, 0x0000000081d00000| Complete 
|  30|0x0000000081e00000, 0x0000000081f00000, 0x0000000081f00000|100%|HC|  |TAMS 0x0000000081f00000, 0x0000000081e00000| Complete 
|  31|0x0000000081f00000, 0x0000000082000000, 0x0000000082000000|100%|HC|  |TAMS 0x0000000082000000, 0x0000000081f00000| Complete 
|  32|0x0000000082000000, 0x0000000082100000, 0x0000000082100000|100%| O|  |TAMS 0x0000000082100000, 0x0000000082000000| Untracked 
|  33|0x0000000082100000, 0x0000000082200000, 0x0000000082200000|100%| O|  |TAMS 0x0000000082200000, 0x0000000082100000| Untracked 
|  34|0x0000000082200000, 0x0000000082300000, 0x0000000082300000|100%| O|  |TAMS 0x0000000082300000, 0x0000000082200000| Untracked 
|  35|0x0000000082300000, 0x0000000082400000, 0x0000000082400000|100%| O|  |TAMS 0x0000000082400000, 0x0000000082300000| Untracked 
|  36|0x0000000082400000, 0x0000000082500000, 0x0000000082500000|100%| O|  |TAMS 0x0000000082500000, 0x0000000082400000| Untracked 
|  37|0x0000000082500000, 0x0000000082600000, 0x0000000082600000|100%| O|  |TAMS 0x0000000082600000, 0x0000000082500000| Untracked 
|  38|0x0000000082600000, 0x0000000082700000, 0x0000000082700000|100%| O|  |TAMS 0x0000000082700000, 0x0000000082600000| Untracked 
|  39|0x0000000082700000, 0x0000000082800000, 0x0000000082800000|100%| O|  |TAMS 0x0000000082800000, 0x0000000082700000| Untracked 
|  40|0x0000000082800000, 0x0000000082900000, 0x0000000082900000|100%| O|  |TAMS 0x0000000082900000, 0x0000000082800000| Untracked 
|  41|0x0000000082900000, 0x0000000082a00000, 0x0000000082a00000|100%| O|  |TAMS 0x0000000082a00000, 0x0000000082900000| Untracked 
|  42|0x0000000082a00000, 0x0000000082b00000, 0x0000000082b00000|100%| O|  |TAMS 0x0000000082b00000, 0x0000000082a00000| Untracked 
|  43|0x0000000082b00000, 0x0000000082c00000, 0x0000000082c00000|100%| O|  |TAMS 0x0000000082c00000, 0x0000000082b00000| Untracked 
|  44|0x0000000082c00000, 0x0000000082d00000, 0x0000000082d00000|100%| O|  |TAMS 0x0000000082d00000, 0x0000000082c00000| Untracked 
|  45|0x0000000082d00000, 0x0000000082e00000, 0x0000000082e00000|100%| O|  |TAMS 0x0000000082e00000, 0x0000000082d00000| Untracked 
|  46|0x0000000082e00000, 0x0000000082f00000, 0x0000000082f00000|100%| O|  |TAMS 0x0000000082f00000, 0x0000000082e00000| Untracked 
|  47|0x0000000082f00000, 0x0000000083000000, 0x0000000083000000|100%| O|  |TAMS 0x0000000083000000, 0x0000000082f00000| Untracked 
|  48|0x0000000083000000, 0x0000000083100000, 0x0000000083100000|100%|HS|  |TAMS 0x0000000083100000, 0x0000000083000000| Complete 
|  49|0x0000000083100000, 0x0000000083200000, 0x0000000083200000|100%|HS|  |TAMS 0x0000000083200000, 0x0000000083100000| Complete 
|  50|0x0000000083200000, 0x0000000083300000, 0x0000000083300000|100%| O|  |TAMS 0x0000000083300000, 0x0000000083200000| Untracked 
|  51|0x0000000083300000, 0x0000000083400000, 0x0000000083400000|100%| O|  |TAMS 0x0000000083400000, 0x0000000083300000| Untracked 
|  52|0x0000000083400000, 0x0000000083500000, 0x0000000083500000|100%| O|  |TAMS 0x0000000083500000, 0x0000000083400000| Untracked 
|  53|0x0000000083500000, 0x0000000083600000, 0x0000000083600000|100%| O|  |TAMS 0x0000000083600000, 0x0000000083500000| Untracked 
|  54|0x0000000083600000, 0x0000000083700000, 0x0000000083700000|100%| O|  |TAMS 0x0000000083700000, 0x0000000083600000| Untracked 
|  55|0x0000000083700000, 0x0000000083800000, 0x0000000083800000|100%| O|  |TAMS 0x0000000083800000, 0x0000000083700000| Untracked 
|  56|0x0000000083800000, 0x0000000083900000, 0x0000000083900000|100%| O|  |TAMS 0x0000000083900000, 0x0000000083800000| Untracked 
|  57|0x0000000083900000, 0x0000000083a00000, 0x0000000083a00000|100%| O|  |TAMS 0x0000000083a00000, 0x0000000083900000| Untracked 
|  58|0x0000000083a00000, 0x0000000083b00000, 0x0000000083b00000|100%| O|  |TAMS 0x0000000083b00000, 0x0000000083a00000| Untracked 
|  59|0x0000000083b00000, 0x0000000083c00000, 0x0000000083c00000|100%| O|  |TAMS 0x0000000083c00000, 0x0000000083b00000| Untracked 
|  60|0x0000000083c00000, 0x0000000083d00000, 0x0000000083d00000|100%| O|  |TAMS 0x0000000083d00000, 0x0000000083c00000| Untracked 
|  61|0x0000000083d00000, 0x0000000083e00000, 0x0000000083e00000|100%| O|  |TAMS 0x0000000083e00000, 0x0000000083d00000| Untracked 
|  62|0x0000000083e00000, 0x0000000083f00000, 0x0000000083f00000|100%| O|  |TAMS 0x0000000083f00000, 0x0000000083e00000| Untracked 
|  63|0x0000000083f00000, 0x0000000084000000, 0x0000000084000000|100%| O|  |TAMS 0x0000000084000000, 0x0000000083f00000| Untracked 
|  64|0x0000000084000000, 0x0000000084100000, 0x0000000084100000|100%| O|  |TAMS 0x0000000084100000, 0x0000000084000000| Untracked 
|  65|0x0000000084100000, 0x0000000084200000, 0x0000000084200000|100%| O|  |TAMS 0x0000000084200000, 0x0000000084100000| Untracked 
|  66|0x0000000084200000, 0x0000000084300000, 0x0000000084300000|100%| O|  |TAMS 0x0000000084300000, 0x0000000084200000| Untracked 
|  67|0x0000000084300000, 0x0000000084400000, 0x0000000084400000|100%| O|  |TAMS 0x0000000084400000, 0x0000000084300000| Untracked 
|  68|0x0000000084400000, 0x0000000084500000, 0x0000000084500000|100%| O|  |TAMS 0x0000000084500000, 0x0000000084400000| Untracked 
|  69|0x0000000084500000, 0x0000000084600000, 0x0000000084600000|100%| O|  |TAMS 0x0000000084600000, 0x0000000084500000| Untracked 
|  70|0x0000000084600000, 0x0000000084700000, 0x0000000084700000|100%| O|  |TAMS 0x0000000084700000, 0x0000000084600000| Untracked 
|  71|0x0000000084700000, 0x0000000084800000, 0x0000000084800000|100%| O|  |TAMS 0x0000000084800000, 0x0000000084700000| Untracked 
|  72|0x0000000084800000, 0x0000000084900000, 0x0000000084900000|100%| O|  |TAMS 0x0000000084900000, 0x0000000084800000| Untracked 
|  73|0x0000000084900000, 0x0000000084a00000, 0x0000000084a00000|100%| O|  |TAMS 0x0000000084a00000, 0x0000000084900000| Untracked 
|  74|0x0000000084a00000, 0x0000000084b00000, 0x0000000084b00000|100%| O|  |TAMS 0x0000000084b00000, 0x0000000084a00000| Untracked 
|  75|0x0000000084b00000, 0x0000000084c00000, 0x0000000084c00000|100%| O|  |TAMS 0x0000000084c00000, 0x0000000084b00000| Untracked 
|  76|0x0000000084c00000, 0x0000000084d00000, 0x0000000084d00000|100%|HS|  |TAMS 0x0000000084d00000, 0x0000000084c00000| Complete 
|  77|0x0000000084d00000, 0x0000000084e00000, 0x0000000084e00000|100%|HS|  |TAMS 0x0000000084e00000, 0x0000000084d00000| Complete 
|  78|0x0000000084e00000, 0x0000000084f00000, 0x0000000084f00000|100%| O|  |TAMS 0x0000000084f00000, 0x0000000084e00000| Untracked 
|  79|0x0000000084f00000, 0x0000000085000000, 0x0000000085000000|100%| O|  |TAMS 0x0000000085000000, 0x0000000084f00000| Untracked 
|  80|0x0000000085000000, 0x0000000085100000, 0x0000000085100000|100%| O|  |TAMS 0x0000000085100000, 0x0000000085000000| Untracked 
|  81|0x0000000085100000, 0x0000000085200000, 0x0000000085200000|100%| O|  |TAMS 0x0000000085200000, 0x0000000085100000| Untracked 
|  82|0x0000000085200000, 0x0000000085300000, 0x0000000085300000|100%| O|  |TAMS 0x0000000085300000, 0x0000000085200000| Untracked 
|  83|0x0000000085300000, 0x0000000085400000, 0x0000000085400000|100%|HS|  |TAMS 0x0000000085400000, 0x0000000085300000| Complete 
|  84|0x0000000085400000, 0x0000000085500000, 0x0000000085500000|100%|HS|  |TAMS 0x0000000085500000, 0x0000000085400000| Complete 
|  85|0x0000000085500000, 0x0000000085600000, 0x0000000085600000|100%|HC|  |TAMS 0x0000000085600000, 0x0000000085500000| Complete 
|  86|0x0000000085600000, 0x0000000085700000, 0x0000000085700000|100%|HC|  |TAMS 0x0000000085700000, 0x0000000085600000| Complete 
|  87|0x0000000085700000, 0x0000000085800000, 0x0000000085800000|100%|HS|  |TAMS 0x0000000085800000, 0x0000000085700000| Complete 
|  88|0x0000000085800000, 0x0000000085900000, 0x0000000085900000|100%|HC|  |TAMS 0x0000000085900000, 0x0000000085800000| Complete 
|  89|0x0000000085900000, 0x0000000085a00000, 0x0000000085a00000|100%| O|  |TAMS 0x0000000085a00000, 0x0000000085900000| Untracked 
|  90|0x0000000085a00000, 0x0000000085b00000, 0x0000000085b00000|100%| O|  |TAMS 0x0000000085b00000, 0x0000000085a00000| Untracked 
|  91|0x0000000085b00000, 0x0000000085c00000, 0x0000000085c00000|100%| O|  |TAMS 0x0000000085c00000, 0x0000000085b00000| Untracked 
|  92|0x0000000085c00000, 0x0000000085d00000, 0x0000000085d00000|100%| O|  |TAMS 0x0000000085d00000, 0x0000000085c00000| Untracked 
|  93|0x0000000085d00000, 0x0000000085e00000, 0x0000000085e00000|100%| O|  |TAMS 0x0000000085e00000, 0x0000000085d00000| Untracked 
|  94|0x0000000085e00000, 0x0000000085f00000, 0x0000000085f00000|100%| O|  |TAMS 0x0000000085f00000, 0x0000000085e00000| Untracked 
|  95|0x0000000085f00000, 0x0000000086000000, 0x0000000086000000|100%| O|  |TAMS 0x0000000086000000, 0x0000000085f00000| Untracked 
|  96|0x0000000086000000, 0x0000000086100000, 0x0000000086100000|100%| O|  |TAMS 0x0000000086100000, 0x0000000086000000| Untracked 
|  97|0x0000000086100000, 0x0000000086200000, 0x0000000086200000|100%| O|  |TAMS 0x0000000086200000, 0x0000000086100000| Untracked 
|  98|0x0000000086200000, 0x0000000086300000, 0x0000000086300000|100%| O|  |TAMS 0x0000000086300000, 0x0000000086200000| Untracked 
|  99|0x0000000086300000, 0x0000000086400000, 0x0000000086400000|100%| O|  |TAMS 0x0000000086400000, 0x0000000086300000| Untracked 
| 100|0x0000000086400000, 0x0000000086500000, 0x0000000086500000|100%| O|  |TAMS 0x0000000086500000, 0x0000000086400000| Untracked 
| 101|0x0000000086500000, 0x0000000086600000, 0x0000000086600000|100%| O|  |TAMS 0x0000000086600000, 0x0000000086500000| Untracked 
| 102|0x0000000086600000, 0x0000000086700000, 0x0000000086700000|100%| O|  |TAMS 0x0000000086700000, 0x0000000086600000| Untracked 
| 103|0x0000000086700000, 0x0000000086800000, 0x0000000086800000|100%| O|  |TAMS 0x0000000086800000, 0x0000000086700000| Untracked 
| 104|0x0000000086800000, 0x0000000086900000, 0x0000000086900000|100%| O|  |TAMS 0x0000000086900000, 0x0000000086800000| Untracked 
| 105|0x0000000086900000, 0x0000000086a00000, 0x0000000086a00000|100%| O|  |TAMS 0x0000000086a00000, 0x0000000086900000| Untracked 
| 106|0x0000000086a00000, 0x0000000086b00000, 0x0000000086b00000|100%| O|  |TAMS 0x0000000086b00000, 0x0000000086a00000| Untracked 
| 107|0x0000000086b00000, 0x0000000086c00000, 0x0000000086c00000|100%| O|  |TAMS 0x0000000086c00000, 0x0000000086b00000| Untracked 
| 108|0x0000000086c00000, 0x0000000086d00000, 0x0000000086d00000|100%| O|  |TAMS 0x0000000086d00000, 0x0000000086c00000| Untracked 
| 109|0x0000000086d00000, 0x0000000086e00000, 0x0000000086e00000|100%| O|  |TAMS 0x0000000086e00000, 0x0000000086d00000| Untracked 
| 110|0x0000000086e00000, 0x0000000086f00000, 0x0000000086f00000|100%|HS|  |TAMS 0x0000000086f00000, 0x0000000086e00000| Complete 
| 111|0x0000000086f00000, 0x0000000087000000, 0x0000000087000000|100%|HS|  |TAMS 0x0000000087000000, 0x0000000086f00000| Complete 
| 112|0x0000000087000000, 0x0000000087100000, 0x0000000087100000|100%| O|  |TAMS 0x0000000087100000, 0x0000000087000000| Untracked 
| 113|0x0000000087100000, 0x0000000087200000, 0x0000000087200000|100%| O|  |TAMS 0x0000000087200000, 0x0000000087100000| Untracked 
| 114|0x0000000087200000, 0x0000000087300000, 0x0000000087300000|100%| O|  |TAMS 0x0000000087300000, 0x0000000087200000| Untracked 
| 115|0x0000000087300000, 0x0000000087400000, 0x0000000087400000|100%| O|  |TAMS 0x0000000087400000, 0x0000000087300000| Untracked 
| 116|0x0000000087400000, 0x0000000087500000, 0x0000000087500000|100%| O|  |TAMS 0x0000000087500000, 0x0000000087400000| Untracked 
| 117|0x0000000087500000, 0x0000000087600000, 0x0000000087600000|100%| O|  |TAMS 0x0000000087600000, 0x0000000087500000| Untracked 
| 118|0x0000000087600000, 0x0000000087700000, 0x0000000087700000|100%| O|  |TAMS 0x0000000087700000, 0x0000000087600000| Untracked 
| 119|0x0000000087700000, 0x0000000087800000, 0x0000000087800000|100%|HS|  |TAMS 0x0000000087800000, 0x0000000087700000| Complete 
| 120|0x0000000087800000, 0x0000000087900000, 0x0000000087900000|100%|HS|  |TAMS 0x0000000087900000, 0x0000000087800000| Complete 
| 121|0x0000000087900000, 0x0000000087a00000, 0x0000000087a00000|100%|HS|  |TAMS 0x0000000087a00000, 0x0000000087900000| Complete 
| 122|0x0000000087a00000, 0x0000000087b00000, 0x0000000087b00000|100%|HC|  |TAMS 0x0000000087b00000, 0x0000000087a00000| Complete 
| 123|0x0000000087b00000, 0x0000000087c00000, 0x0000000087c00000|100%|HC|  |TAMS 0x0000000087c00000, 0x0000000087b00000| Complete 
| 124|0x0000000087c00000, 0x0000000087d00000, 0x0000000087d00000|100%| O|  |TAMS 0x0000000087d00000, 0x0000000087c00000| Untracked 
| 125|0x0000000087d00000, 0x0000000087e00000, 0x0000000087e00000|100%| O|  |TAMS 0x0000000087e00000, 0x0000000087d00000| Untracked 
| 126|0x0000000087e00000, 0x0000000087f00000, 0x0000000087f00000|100%| O|  |TAMS 0x0000000087f00000, 0x0000000087e00000| Untracked 
| 127|0x0000000087f00000, 0x0000000088000000, 0x0000000088000000|100%| O|  |TAMS 0x0000000088000000, 0x0000000087f00000| Untracked 
| 128|0x0000000088000000, 0x0000000088100000, 0x0000000088100000|100%| O|  |TAMS 0x0000000088100000, 0x0000000088000000| Untracked 
| 129|0x0000000088100000, 0x0000000088200000, 0x0000000088200000|100%| O|  |TAMS 0x0000000088200000, 0x0000000088100000| Untracked 
| 130|0x0000000088200000, 0x0000000088300000, 0x0000000088300000|100%| O|  |TAMS 0x0000000088300000, 0x0000000088200000| Untracked 
| 131|0x0000000088300000, 0x0000000088400000, 0x0000000088400000|100%| O|  |TAMS 0x0000000088400000, 0x0000000088300000| Untracked 
| 132|0x0000000088400000, 0x0000000088500000, 0x0000000088500000|100%| O|  |TAMS 0x0000000088500000, 0x0000000088400000| Untracked 
| 133|0x0000000088500000, 0x0000000088600000, 0x0000000088600000|100%|HS|  |TAMS 0x0000000088600000, 0x0000000088500000| Complete 
| 134|0x0000000088600000, 0x0000000088700000, 0x0000000088700000|100%|HC|  |TAMS 0x0000000088700000, 0x0000000088600000| Complete 
| 135|0x0000000088700000, 0x0000000088800000, 0x0000000088800000|100%|HS|  |TAMS 0x0000000088800000, 0x0000000088700000| Complete 
| 136|0x0000000088800000, 0x0000000088900000, 0x0000000088900000|100%|HC|  |TAMS 0x0000000088900000, 0x0000000088800000| Complete 
| 137|0x0000000088900000, 0x0000000088a00000, 0x0000000088a00000|100%| O|  |TAMS 0x0000000088a00000, 0x0000000088900000| Untracked 
| 138|0x0000000088a00000, 0x0000000088b00000, 0x0000000088b00000|100%| O|  |TAMS 0x0000000088b00000, 0x0000000088a00000| Untracked 
| 139|0x0000000088b00000, 0x0000000088c00000, 0x0000000088c00000|100%| O|  |TAMS 0x0000000088c00000, 0x0000000088b00000| Untracked 
| 140|0x0000000088c00000, 0x0000000088d00000, 0x0000000088d00000|100%|HS|  |TAMS 0x0000000088d00000, 0x0000000088c00000| Complete 
| 141|0x0000000088d00000, 0x0000000088e00000, 0x0000000088e00000|100%|HS|  |TAMS 0x0000000088e00000, 0x0000000088d00000| Complete 
| 142|0x0000000088e00000, 0x0000000088f00000, 0x0000000088f00000|100%| O|  |TAMS 0x0000000088f00000, 0x0000000088e00000| Untracked 
| 143|0x0000000088f00000, 0x0000000089000000, 0x0000000089000000|100%| O|  |TAMS 0x0000000089000000, 0x0000000088f00000| Untracked 
| 144|0x0000000089000000, 0x0000000089100000, 0x0000000089100000|100%| O|  |TAMS 0x0000000089100000, 0x0000000089000000| Untracked 
| 145|0x0000000089100000, 0x0000000089200000, 0x0000000089200000|100%| O|  |TAMS 0x0000000089200000, 0x0000000089100000| Untracked 
| 146|0x0000000089200000, 0x0000000089300000, 0x0000000089300000|100%| O|  |TAMS 0x0000000089300000, 0x0000000089200000| Untracked 
| 147|0x0000000089300000, 0x0000000089400000, 0x0000000089400000|100%| O|  |TAMS 0x0000000089400000, 0x0000000089300000| Untracked 
| 148|0x0000000089400000, 0x0000000089500000, 0x0000000089500000|100%| O|  |TAMS 0x0000000089500000, 0x0000000089400000| Untracked 
| 149|0x0000000089500000, 0x0000000089600000, 0x0000000089600000|100%| O|  |TAMS 0x0000000089600000, 0x0000000089500000| Untracked 
| 150|0x0000000089600000, 0x0000000089700000, 0x0000000089700000|100%| O|  |TAMS 0x0000000089700000, 0x0000000089600000| Untracked 
| 151|0x0000000089700000, 0x0000000089800000, 0x0000000089800000|100%| O|  |TAMS 0x0000000089800000, 0x0000000089700000| Untracked 
| 152|0x0000000089800000, 0x0000000089900000, 0x0000000089900000|100%| O|  |TAMS 0x0000000089900000, 0x0000000089800000| Untracked 
| 153|0x0000000089900000, 0x0000000089a00000, 0x0000000089a00000|100%| O|  |TAMS 0x0000000089a00000, 0x0000000089900000| Untracked 
| 154|0x0000000089a00000, 0x0000000089b00000, 0x0000000089b00000|100%| O|  |TAMS 0x0000000089b00000, 0x0000000089a00000| Untracked 
| 155|0x0000000089b00000, 0x0000000089c00000, 0x0000000089c00000|100%| O|  |TAMS 0x0000000089c00000, 0x0000000089b00000| Untracked 
| 156|0x0000000089c00000, 0x0000000089d00000, 0x0000000089d00000|100%|HS|  |TAMS 0x0000000089d00000, 0x0000000089c00000| Complete 
| 157|0x0000000089d00000, 0x0000000089e00000, 0x0000000089e00000|100%|HS|  |TAMS 0x0000000089e00000, 0x0000000089d00000| Complete 
| 158|0x0000000089e00000, 0x0000000089f00000, 0x0000000089f00000|100%|HC|  |TAMS 0x0000000089f00000, 0x0000000089e00000| Complete 
| 159|0x0000000089f00000, 0x000000008a000000, 0x000000008a000000|100%|HC|  |TAMS 0x000000008a000000, 0x0000000089f00000| Complete 
| 160|0x000000008a000000, 0x000000008a100000, 0x000000008a100000|100%| O|  |TAMS 0x000000008a100000, 0x000000008a000000| Untracked 
| 161|0x000000008a100000, 0x000000008a200000, 0x000000008a200000|100%| O|  |TAMS 0x000000008a200000, 0x000000008a100000| Untracked 
| 162|0x000000008a200000, 0x000000008a300000, 0x000000008a300000|100%| O|  |TAMS 0x000000008a300000, 0x000000008a200000| Untracked 
| 163|0x000000008a300000, 0x000000008a400000, 0x000000008a400000|100%| O|  |TAMS 0x000000008a400000, 0x000000008a300000| Untracked 
| 164|0x000000008a400000, 0x000000008a500000, 0x000000008a500000|100%| O|  |TAMS 0x000000008a500000, 0x000000008a400000| Untracked 
| 165|0x000000008a500000, 0x000000008a600000, 0x000000008a600000|100%| O|  |TAMS 0x000000008a600000, 0x000000008a500000| Untracked 
| 166|0x000000008a600000, 0x000000008a700000, 0x000000008a700000|100%| O|  |TAMS 0x000000008a700000, 0x000000008a600000| Untracked 
| 167|0x000000008a700000, 0x000000008a800000, 0x000000008a800000|100%| O|  |TAMS 0x000000008a800000, 0x000000008a700000| Untracked 
| 168|0x000000008a800000, 0x000000008a900000, 0x000000008a900000|100%| O|  |TAMS 0x000000008a900000, 0x000000008a800000| Untracked 
| 169|0x000000008a900000, 0x000000008aa00000, 0x000000008aa00000|100%| O|  |TAMS 0x000000008aa00000, 0x000000008a900000| Untracked 
| 170|0x000000008aa00000, 0x000000008ab00000, 0x000000008ab00000|100%| O|  |TAMS 0x000000008ab00000, 0x000000008aa00000| Untracked 
| 171|0x000000008ab00000, 0x000000008ac00000, 0x000000008ac00000|100%| O|  |TAMS 0x000000008ac00000, 0x000000008ab00000| Untracked 
| 172|0x000000008ac00000, 0x000000008ad00000, 0x000000008ad00000|100%| O|  |TAMS 0x000000008ad00000, 0x000000008ac00000| Untracked 
| 173|0x000000008ad00000, 0x000000008ae00000, 0x000000008ae00000|100%| O|  |TAMS 0x000000008ae00000, 0x000000008ad00000| Untracked 
| 174|0x000000008ae00000, 0x000000008af00000, 0x000000008af00000|100%| O|  |TAMS 0x000000008af00000, 0x000000008ae00000| Untracked 
| 175|0x000000008af00000, 0x000000008b000000, 0x000000008b000000|100%| O|  |TAMS 0x000000008b000000, 0x000000008af00000| Untracked 
| 176|0x000000008b000000, 0x000000008b100000, 0x000000008b100000|100%| O|  |TAMS 0x000000008b100000, 0x000000008b000000| Untracked 
| 177|0x000000008b100000, 0x000000008b200000, 0x000000008b200000|100%| O|  |TAMS 0x000000008b200000, 0x000000008b100000| Untracked 
| 178|0x000000008b200000, 0x000000008b300000, 0x000000008b300000|100%| O|  |TAMS 0x000000008b300000, 0x000000008b200000| Untracked 
| 179|0x000000008b300000, 0x000000008b400000, 0x000000008b400000|100%| O|  |TAMS 0x000000008b400000, 0x000000008b300000| Untracked 
| 180|0x000000008b400000, 0x000000008b500000, 0x000000008b500000|100%| O|  |TAMS 0x000000008b500000, 0x000000008b400000| Untracked 
| 181|0x000000008b500000, 0x000000008b600000, 0x000000008b600000|100%| O|  |TAMS 0x000000008b600000, 0x000000008b500000| Untracked 
| 182|0x000000008b600000, 0x000000008b700000, 0x000000008b700000|100%| O|  |TAMS 0x000000008b700000, 0x000000008b600000| Untracked 
| 183|0x000000008b700000, 0x000000008b800000, 0x000000008b800000|100%| O|  |TAMS 0x000000008b800000, 0x000000008b700000| Untracked 
| 184|0x000000008b800000, 0x000000008b900000, 0x000000008b900000|100%| O|  |TAMS 0x000000008b900000, 0x000000008b800000| Untracked 
| 185|0x000000008b900000, 0x000000008ba00000, 0x000000008ba00000|100%| O|  |TAMS 0x000000008ba00000, 0x000000008b900000| Untracked 
| 186|0x000000008ba00000, 0x000000008bb00000, 0x000000008bb00000|100%| O|  |TAMS 0x000000008bb00000, 0x000000008ba00000| Untracked 
| 187|0x000000008bb00000, 0x000000008bc00000, 0x000000008bc00000|100%| O|  |TAMS 0x000000008bc00000, 0x000000008bb00000| Untracked 
| 188|0x000000008bc00000, 0x000000008bd00000, 0x000000008bd00000|100%| O|  |TAMS 0x000000008bc00000, 0x000000008bc00000| Untracked 
| 189|0x000000008bd00000, 0x000000008be00000, 0x000000008be00000|100%| O|  |TAMS 0x000000008bd00000, 0x000000008bd00000| Untracked 
| 190|0x000000008be00000, 0x000000008bf00000, 0x000000008bf00000|100%| O|  |TAMS 0x000000008be00000, 0x000000008be00000| Untracked 
| 191|0x000000008bf00000, 0x000000008c000000, 0x000000008c000000|100%| O|  |TAMS 0x000000008bf00000, 0x000000008bf00000| Untracked 
| 192|0x000000008c000000, 0x000000008c100000, 0x000000008c100000|100%| O|  |TAMS 0x000000008c000000, 0x000000008c000000| Untracked 
| 193|0x000000008c100000, 0x000000008c200000, 0x000000008c200000|100%| O|  |TAMS 0x000000008c100000, 0x000000008c100000| Untracked 
| 194|0x000000008c200000, 0x000000008c300000, 0x000000008c300000|100%| O|  |TAMS 0x000000008c200000, 0x000000008c200000| Untracked 
| 195|0x000000008c300000, 0x000000008c400000, 0x000000008c400000|100%| O|  |TAMS 0x000000008c300000, 0x000000008c300000| Untracked 
| 196|0x000000008c400000, 0x000000008c4d5c00, 0x000000008c500000| 83%| O|  |TAMS 0x000000008c400000, 0x000000008c400000| Untracked 
| 197|0x000000008c500000, 0x000000008c500000, 0x000000008c600000|  0%| F|  |TAMS 0x000000008c500000, 0x000000008c500000| Untracked 
| 198|0x000000008c600000, 0x000000008c600000, 0x000000008c700000|  0%| F|  |TAMS 0x000000008c600000, 0x000000008c600000| Untracked 
| 199|0x000000008c700000, 0x000000008c700000, 0x000000008c800000|  0%| F|  |TAMS 0x000000008c700000, 0x000000008c700000| Untracked 
| 200|0x000000008c800000, 0x000000008c800000, 0x000000008c900000|  0%| F|  |TAMS 0x000000008c800000, 0x000000008c800000| Untracked 
| 201|0x000000008c900000, 0x000000008c900000, 0x000000008ca00000|  0%| F|  |TAMS 0x000000008c900000, 0x000000008c900000| Untracked 
| 202|0x000000008ca00000, 0x000000008ca00000, 0x000000008cb00000|  0%| F|  |TAMS 0x000000008ca00000, 0x000000008ca00000| Untracked 
| 203|0x000000008cb00000, 0x000000008cb00000, 0x000000008cc00000|  0%| F|  |TAMS 0x000000008cb00000, 0x000000008cb00000| Untracked 
| 204|0x000000008cc00000, 0x000000008cc00000, 0x000000008cd00000|  0%| F|  |TAMS 0x000000008cc00000, 0x000000008cc00000| Untracked 
| 205|0x000000008cd00000, 0x000000008cd00000, 0x000000008ce00000|  0%| F|  |TAMS 0x000000008cd00000, 0x000000008cd00000| Untracked 
| 206|0x000000008ce00000, 0x000000008ce00000, 0x000000008cf00000|  0%| F|  |TAMS 0x000000008ce00000, 0x000000008ce00000| Untracked 
| 207|0x000000008cf00000, 0x000000008cf00000, 0x000000008d000000|  0%| F|  |TAMS 0x000000008cf00000, 0x000000008cf00000| Untracked 
| 208|0x000000008d000000, 0x000000008d000000, 0x000000008d100000|  0%| F|  |TAMS 0x000000008d000000, 0x000000008d000000| Untracked 
| 209|0x000000008d100000, 0x000000008d100000, 0x000000008d200000|  0%| F|  |TAMS 0x000000008d100000, 0x000000008d100000| Untracked 
| 210|0x000000008d200000, 0x000000008d200000, 0x000000008d300000|  0%| F|  |TAMS 0x000000008d200000, 0x000000008d200000| Untracked 
| 211|0x000000008d300000, 0x000000008d300000, 0x000000008d400000|  0%| F|  |TAMS 0x000000008d300000, 0x000000008d300000| Untracked 
| 212|0x000000008d400000, 0x000000008d400000, 0x000000008d500000|  0%| F|  |TAMS 0x000000008d400000, 0x000000008d400000| Untracked 
| 213|0x000000008d500000, 0x000000008d500000, 0x000000008d600000|  0%| F|  |TAMS 0x000000008d500000, 0x000000008d500000| Untracked 
| 214|0x000000008d600000, 0x000000008d600000, 0x000000008d700000|  0%| F|  |TAMS 0x000000008d600000, 0x000000008d600000| Untracked 
| 215|0x000000008d700000, 0x000000008d700000, 0x000000008d800000|  0%| F|  |TAMS 0x000000008d700000, 0x000000008d700000| Untracked 
| 216|0x000000008d800000, 0x000000008d800000, 0x000000008d900000|  0%| F|  |TAMS 0x000000008d800000, 0x000000008d800000| Untracked 
| 217|0x000000008d900000, 0x000000008d900000, 0x000000008da00000|  0%| F|  |TAMS 0x000000008d900000, 0x000000008d900000| Untracked 
| 218|0x000000008da00000, 0x000000008da00000, 0x000000008db00000|  0%| F|  |TAMS 0x000000008da00000, 0x000000008da00000| Untracked 
| 219|0x000000008db00000, 0x000000008db00000, 0x000000008dc00000|  0%| F|  |TAMS 0x000000008db00000, 0x000000008db00000| Untracked 
| 220|0x000000008dc00000, 0x000000008dc00000, 0x000000008dd00000|  0%| F|  |TAMS 0x000000008dc00000, 0x000000008dc00000| Untracked 
| 221|0x000000008dd00000, 0x000000008dd00000, 0x000000008de00000|  0%| F|  |TAMS 0x000000008dd00000, 0x000000008dd00000| Untracked 
| 222|0x000000008de00000, 0x000000008de00000, 0x000000008df00000|  0%| F|  |TAMS 0x000000008de00000, 0x000000008de00000| Untracked 
| 223|0x000000008df00000, 0x000000008df00000, 0x000000008e000000|  0%| F|  |TAMS 0x000000008df00000, 0x000000008df00000| Untracked 
| 224|0x000000008e000000, 0x000000008e000000, 0x000000008e100000|  0%| F|  |TAMS 0x000000008e000000, 0x000000008e000000| Untracked 
| 225|0x000000008e100000, 0x000000008e100000, 0x000000008e200000|  0%| F|  |TAMS 0x000000008e100000, 0x000000008e100000| Untracked 
| 226|0x000000008e200000, 0x000000008e200000, 0x000000008e300000|  0%| F|  |TAMS 0x000000008e200000, 0x000000008e200000| Untracked 
| 227|0x000000008e300000, 0x000000008e300000, 0x000000008e400000|  0%| F|  |TAMS 0x000000008e300000, 0x000000008e300000| Untracked 
| 228|0x000000008e400000, 0x000000008e400000, 0x000000008e500000|  0%| F|  |TAMS 0x000000008e400000, 0x000000008e400000| Untracked 
| 229|0x000000008e500000, 0x000000008e500000, 0x000000008e600000|  0%| F|  |TAMS 0x000000008e500000, 0x000000008e500000| Untracked 
| 230|0x000000008e600000, 0x000000008e600000, 0x000000008e700000|  0%| F|  |TAMS 0x000000008e600000, 0x000000008e600000| Untracked 
| 231|0x000000008e700000, 0x000000008e700000, 0x000000008e800000|  0%| F|  |TAMS 0x000000008e700000, 0x000000008e700000| Untracked 
| 232|0x000000008e800000, 0x000000008e800000, 0x000000008e900000|  0%| F|  |TAMS 0x000000008e800000, 0x000000008e800000| Untracked 
| 233|0x000000008e900000, 0x000000008e900000, 0x000000008ea00000|  0%| F|  |TAMS 0x000000008e900000, 0x000000008e900000| Untracked 
| 234|0x000000008ea00000, 0x000000008ea00000, 0x000000008eb00000|  0%| F|  |TAMS 0x000000008ea00000, 0x000000008ea00000| Untracked 
| 235|0x000000008eb00000, 0x000000008eb00000, 0x000000008ec00000|  0%| F|  |TAMS 0x000000008eb00000, 0x000000008eb00000| Untracked 
| 236|0x000000008ec00000, 0x000000008ec00000, 0x000000008ed00000|  0%| F|  |TAMS 0x000000008ec00000, 0x000000008ec00000| Untracked 
| 237|0x000000008ed00000, 0x000000008ed00000, 0x000000008ee00000|  0%| F|  |TAMS 0x000000008ed00000, 0x000000008ed00000| Untracked 
| 238|0x000000008ee00000, 0x000000008ee00000, 0x000000008ef00000|  0%| F|  |TAMS 0x000000008ee00000, 0x000000008ee00000| Untracked 
| 239|0x000000008ef00000, 0x000000008ef00000, 0x000000008f000000|  0%| F|  |TAMS 0x000000008ef00000, 0x000000008ef00000| Untracked 
| 240|0x000000008f000000, 0x000000008f000000, 0x000000008f100000|  0%| F|  |TAMS 0x000000008f000000, 0x000000008f000000| Untracked 
| 241|0x000000008f100000, 0x000000008f100000, 0x000000008f200000|  0%| F|  |TAMS 0x000000008f100000, 0x000000008f100000| Untracked 
| 242|0x000000008f200000, 0x000000008f200000, 0x000000008f300000|  0%| F|  |TAMS 0x000000008f200000, 0x000000008f200000| Untracked 
| 243|0x000000008f300000, 0x000000008f300000, 0x000000008f400000|  0%| F|  |TAMS 0x000000008f300000, 0x000000008f300000| Untracked 
| 244|0x000000008f400000, 0x000000008f400000, 0x000000008f500000|  0%| F|  |TAMS 0x000000008f400000, 0x000000008f400000| Untracked 
| 245|0x000000008f500000, 0x000000008f500000, 0x000000008f600000|  0%| F|  |TAMS 0x000000008f500000, 0x000000008f500000| Untracked 
| 246|0x000000008f600000, 0x000000008f600000, 0x000000008f700000|  0%| F|  |TAMS 0x000000008f600000, 0x000000008f600000| Untracked 
| 247|0x000000008f700000, 0x000000008f700000, 0x000000008f800000|  0%| F|  |TAMS 0x000000008f700000, 0x000000008f700000| Untracked 
| 248|0x000000008f800000, 0x000000008f800000, 0x000000008f900000|  0%| F|  |TAMS 0x000000008f800000, 0x000000008f800000| Untracked 
| 249|0x000000008f900000, 0x000000008f900000, 0x000000008fa00000|  0%| F|  |TAMS 0x000000008f900000, 0x000000008f900000| Untracked 
| 250|0x000000008fa00000, 0x000000008fa00000, 0x000000008fb00000|  0%| F|  |TAMS 0x000000008fa00000, 0x000000008fa00000| Untracked 
| 251|0x000000008fb00000, 0x000000008fb00000, 0x000000008fc00000|  0%| F|  |TAMS 0x000000008fb00000, 0x000000008fb00000| Untracked 
| 252|0x000000008fc00000, 0x000000008fc00000, 0x000000008fd00000|  0%| F|  |TAMS 0x000000008fc00000, 0x000000008fc00000| Untracked 
| 253|0x000000008fd00000, 0x000000008fd00000, 0x000000008fe00000|  0%| F|  |TAMS 0x000000008fd00000, 0x000000008fd00000| Untracked 
| 254|0x000000008fe00000, 0x000000008fe00000, 0x000000008ff00000|  0%| F|  |TAMS 0x000000008fe00000, 0x000000008fe00000| Untracked 
| 255|0x000000008ff00000, 0x000000008ff00000, 0x0000000090000000|  0%| F|  |TAMS 0x000000008ff00000, 0x000000008ff00000| Untracked 
| 256|0x0000000090000000, 0x0000000090000000, 0x0000000090100000|  0%| F|  |TAMS 0x0000000090000000, 0x0000000090000000| Untracked 
| 257|0x0000000090100000, 0x0000000090100000, 0x0000000090200000|  0%| F|  |TAMS 0x0000000090100000, 0x0000000090100000| Untracked 
| 258|0x0000000090200000, 0x0000000090200000, 0x0000000090300000|  0%| F|  |TAMS 0x0000000090200000, 0x0000000090200000| Untracked 
| 259|0x0000000090300000, 0x0000000090300000, 0x0000000090400000|  0%| F|  |TAMS 0x0000000090300000, 0x0000000090300000| Untracked 
| 260|0x0000000090400000, 0x0000000090400000, 0x0000000090500000|  0%| F|  |TAMS 0x0000000090400000, 0x0000000090400000| Untracked 
| 261|0x0000000090500000, 0x0000000090500000, 0x0000000090600000|  0%| F|  |TAMS 0x0000000090500000, 0x0000000090500000| Untracked 
| 262|0x0000000090600000, 0x0000000090600000, 0x0000000090700000|  0%| F|  |TAMS 0x0000000090600000, 0x0000000090600000| Untracked 
| 263|0x0000000090700000, 0x0000000090700000, 0x0000000090800000|  0%| F|  |TAMS 0x0000000090700000, 0x0000000090700000| Untracked 
| 264|0x0000000090800000, 0x0000000090800000, 0x0000000090900000|  0%| F|  |TAMS 0x0000000090800000, 0x0000000090800000| Untracked 
| 265|0x0000000090900000, 0x0000000090900000, 0x0000000090a00000|  0%| F|  |TAMS 0x0000000090900000, 0x0000000090900000| Untracked 
| 266|0x0000000090a00000, 0x0000000090a00000, 0x0000000090b00000|  0%| F|  |TAMS 0x0000000090a00000, 0x0000000090a00000| Untracked 
| 267|0x0000000090b00000, 0x0000000090b00000, 0x0000000090c00000|  0%| F|  |TAMS 0x0000000090b00000, 0x0000000090b00000| Untracked 
| 268|0x0000000090c00000, 0x0000000090c00000, 0x0000000090d00000|  0%| F|  |TAMS 0x0000000090c00000, 0x0000000090c00000| Untracked 
| 269|0x0000000090d00000, 0x0000000090d00000, 0x0000000090e00000|  0%| F|  |TAMS 0x0000000090d00000, 0x0000000090d00000| Untracked 
| 270|0x0000000090e00000, 0x0000000090e00000, 0x0000000090f00000|  0%| F|  |TAMS 0x0000000090e00000, 0x0000000090e00000| Untracked 
| 271|0x0000000090f00000, 0x0000000090f00000, 0x0000000091000000|  0%| F|  |TAMS 0x0000000090f00000, 0x0000000090f00000| Untracked 
| 272|0x0000000091000000, 0x0000000091000000, 0x0000000091100000|  0%| F|  |TAMS 0x0000000091000000, 0x0000000091000000| Untracked 
| 273|0x0000000091100000, 0x0000000091100000, 0x0000000091200000|  0%| F|  |TAMS 0x0000000091100000, 0x0000000091100000| Untracked 
| 274|0x0000000091200000, 0x0000000091200000, 0x0000000091300000|  0%| F|  |TAMS 0x0000000091200000, 0x0000000091200000| Untracked 
| 275|0x0000000091300000, 0x0000000091300000, 0x0000000091400000|  0%| F|  |TAMS 0x0000000091300000, 0x0000000091300000| Untracked 
| 276|0x0000000091400000, 0x0000000091400000, 0x0000000091500000|  0%| F|  |TAMS 0x0000000091400000, 0x0000000091400000| Untracked 
| 277|0x0000000091500000, 0x0000000091500000, 0x0000000091600000|  0%| F|  |TAMS 0x0000000091500000, 0x0000000091500000| Untracked 
| 278|0x0000000091600000, 0x0000000091600000, 0x0000000091700000|  0%| F|  |TAMS 0x0000000091600000, 0x0000000091600000| Untracked 
| 279|0x0000000091700000, 0x0000000091700000, 0x0000000091800000|  0%| F|  |TAMS 0x0000000091700000, 0x0000000091700000| Untracked 
| 280|0x0000000091800000, 0x0000000091800000, 0x0000000091900000|  0%| F|  |TAMS 0x0000000091800000, 0x0000000091800000| Untracked 
| 281|0x0000000091900000, 0x0000000091900000, 0x0000000091a00000|  0%| F|  |TAMS 0x0000000091900000, 0x0000000091900000| Untracked 
| 282|0x0000000091a00000, 0x0000000091a00000, 0x0000000091b00000|  0%| F|  |TAMS 0x0000000091a00000, 0x0000000091a00000| Untracked 
| 283|0x0000000091b00000, 0x0000000091b00000, 0x0000000091c00000|  0%| F|  |TAMS 0x0000000091b00000, 0x0000000091b00000| Untracked 
| 284|0x0000000091c00000, 0x0000000091c00000, 0x0000000091d00000|  0%| F|  |TAMS 0x0000000091c00000, 0x0000000091c00000| Untracked 
| 285|0x0000000091d00000, 0x0000000091d00000, 0x0000000091e00000|  0%| F|  |TAMS 0x0000000091d00000, 0x0000000091d00000| Untracked 
| 286|0x0000000091e00000, 0x0000000091e00000, 0x0000000091f00000|  0%| F|  |TAMS 0x0000000091e00000, 0x0000000091e00000| Untracked 
| 287|0x0000000091f00000, 0x0000000091f00000, 0x0000000092000000|  0%| F|  |TAMS 0x0000000091f00000, 0x0000000091f00000| Untracked 
| 288|0x0000000092000000, 0x0000000092000000, 0x0000000092100000|  0%| F|  |TAMS 0x0000000092000000, 0x0000000092000000| Untracked 
| 289|0x0000000092100000, 0x0000000092100000, 0x0000000092200000|  0%| F|  |TAMS 0x0000000092100000, 0x0000000092100000| Untracked 
| 290|0x0000000092200000, 0x0000000092200000, 0x0000000092300000|  0%| F|  |TAMS 0x0000000092200000, 0x0000000092200000| Untracked 
| 291|0x0000000092300000, 0x00000000923c6230, 0x0000000092400000| 77%| S|CS|TAMS 0x0000000092300000, 0x0000000092300000| Complete 
| 292|0x0000000092400000, 0x0000000092500000, 0x0000000092500000|100%| S|CS|TAMS 0x0000000092400000, 0x0000000092400000| Complete 
| 293|0x0000000092500000, 0x0000000092600000, 0x0000000092600000|100%| S|CS|TAMS 0x0000000092500000, 0x0000000092500000| Complete 
| 294|0x0000000092600000, 0x0000000092700000, 0x0000000092700000|100%| S|CS|TAMS 0x0000000092600000, 0x0000000092600000| Complete 
| 295|0x0000000092700000, 0x0000000092800000, 0x0000000092800000|100%| S|CS|TAMS 0x0000000092700000, 0x0000000092700000| Complete 
| 296|0x0000000092800000, 0x0000000092900000, 0x0000000092900000|100%| S|CS|TAMS 0x0000000092800000, 0x0000000092800000| Complete 
| 297|0x0000000092900000, 0x0000000092a00000, 0x0000000092a00000|100%| S|CS|TAMS 0x0000000092900000, 0x0000000092900000| Complete 
| 298|0x0000000092a00000, 0x0000000092a00000, 0x0000000092b00000|  0%| F|  |TAMS 0x0000000092a00000, 0x0000000092a00000| Untracked 
| 299|0x0000000092b00000, 0x0000000092b00000, 0x0000000092c00000|  0%| F|  |TAMS 0x0000000092b00000, 0x0000000092b00000| Untracked 
| 300|0x0000000092c00000, 0x0000000092c00000, 0x0000000092d00000|  0%| F|  |TAMS 0x0000000092c00000, 0x0000000092c00000| Untracked 
| 301|0x0000000092d00000, 0x0000000092d00000, 0x0000000092e00000|  0%| F|  |TAMS 0x0000000092d00000, 0x0000000092d00000| Untracked 
| 302|0x0000000092e00000, 0x0000000092e00000, 0x0000000092f00000|  0%| F|  |TAMS 0x0000000092e00000, 0x0000000092e00000| Untracked 
| 303|0x0000000092f00000, 0x0000000092f00000, 0x0000000093000000|  0%| F|  |TAMS 0x0000000092f00000, 0x0000000092f00000| Untracked 
| 304|0x0000000093000000, 0x0000000093000000, 0x0000000093100000|  0%| F|  |TAMS 0x0000000093000000, 0x0000000093000000| Untracked 
| 305|0x0000000093100000, 0x0000000093100000, 0x0000000093200000|  0%| F|  |TAMS 0x0000000093100000, 0x0000000093100000| Untracked 
| 306|0x0000000093200000, 0x0000000093200000, 0x0000000093300000|  0%| F|  |TAMS 0x0000000093200000, 0x0000000093200000| Untracked 
| 307|0x0000000093300000, 0x0000000093300000, 0x0000000093400000|  0%| F|  |TAMS 0x0000000093300000, 0x0000000093300000| Untracked 
| 308|0x0000000093400000, 0x0000000093400000, 0x0000000093500000|  0%| F|  |TAMS 0x0000000093400000, 0x0000000093400000| Untracked 
| 309|0x0000000093500000, 0x0000000093500000, 0x0000000093600000|  0%| F|  |TAMS 0x0000000093500000, 0x0000000093500000| Untracked 
| 310|0x0000000093600000, 0x0000000093600000, 0x0000000093700000|  0%| F|  |TAMS 0x0000000093600000, 0x0000000093600000| Untracked 
| 311|0x0000000093700000, 0x0000000093700000, 0x0000000093800000|  0%| F|  |TAMS 0x0000000093700000, 0x0000000093700000| Untracked 
| 312|0x0000000093800000, 0x0000000093800000, 0x0000000093900000|  0%| F|  |TAMS 0x0000000093800000, 0x0000000093800000| Untracked 
| 313|0x0000000093900000, 0x0000000093900000, 0x0000000093a00000|  0%| F|  |TAMS 0x0000000093900000, 0x0000000093900000| Untracked 
| 314|0x0000000093a00000, 0x0000000093a00000, 0x0000000093b00000|  0%| F|  |TAMS 0x0000000093a00000, 0x0000000093a00000| Untracked 
| 315|0x0000000093b00000, 0x0000000093b00000, 0x0000000093c00000|  0%| F|  |TAMS 0x0000000093b00000, 0x0000000093b00000| Untracked 
| 316|0x0000000093c00000, 0x0000000093c00000, 0x0000000093d00000|  0%| F|  |TAMS 0x0000000093c00000, 0x0000000093c00000| Untracked 
| 317|0x0000000093d00000, 0x0000000093d00000, 0x0000000093e00000|  0%| F|  |TAMS 0x0000000093d00000, 0x0000000093d00000| Untracked 
| 318|0x0000000093e00000, 0x0000000093e00000, 0x0000000093f00000|  0%| F|  |TAMS 0x0000000093e00000, 0x0000000093e00000| Untracked 
| 319|0x0000000093f00000, 0x0000000093f00000, 0x0000000094000000|  0%| F|  |TAMS 0x0000000093f00000, 0x0000000093f00000| Untracked 
| 320|0x0000000094000000, 0x0000000094000000, 0x0000000094100000|  0%| F|  |TAMS 0x0000000094000000, 0x0000000094000000| Untracked 
| 321|0x0000000094100000, 0x0000000094100000, 0x0000000094200000|  0%| F|  |TAMS 0x0000000094100000, 0x0000000094100000| Untracked 
| 322|0x0000000094200000, 0x0000000094200000, 0x0000000094300000|  0%| F|  |TAMS 0x0000000094200000, 0x0000000094200000| Untracked 
| 323|0x0000000094300000, 0x0000000094300000, 0x0000000094400000|  0%| F|  |TAMS 0x0000000094300000, 0x0000000094300000| Untracked 
| 324|0x0000000094400000, 0x0000000094400000, 0x0000000094500000|  0%| F|  |TAMS 0x0000000094400000, 0x0000000094400000| Untracked 
| 325|0x0000000094500000, 0x0000000094500000, 0x0000000094600000|  0%| F|  |TAMS 0x0000000094500000, 0x0000000094500000| Untracked 
| 326|0x0000000094600000, 0x0000000094600000, 0x0000000094700000|  0%| F|  |TAMS 0x0000000094600000, 0x0000000094600000| Untracked 
| 327|0x0000000094700000, 0x0000000094700000, 0x0000000094800000|  0%| F|  |TAMS 0x0000000094700000, 0x0000000094700000| Untracked 
| 328|0x0000000094800000, 0x0000000094800000, 0x0000000094900000|  0%| F|  |TAMS 0x0000000094800000, 0x0000000094800000| Untracked 
| 329|0x0000000094900000, 0x0000000094900000, 0x0000000094a00000|  0%| F|  |TAMS 0x0000000094900000, 0x0000000094900000| Untracked 
| 330|0x0000000094a00000, 0x0000000094a00000, 0x0000000094b00000|  0%| F|  |TAMS 0x0000000094a00000, 0x0000000094a00000| Untracked 
| 331|0x0000000094b00000, 0x0000000094b00000, 0x0000000094c00000|  0%| F|  |TAMS 0x0000000094b00000, 0x0000000094b00000| Untracked 
| 332|0x0000000094c00000, 0x0000000094c00000, 0x0000000094d00000|  0%| F|  |TAMS 0x0000000094c00000, 0x0000000094c00000| Untracked 
| 333|0x0000000094d00000, 0x0000000094d00000, 0x0000000094e00000|  0%| F|  |TAMS 0x0000000094d00000, 0x0000000094d00000| Untracked 
| 334|0x0000000094e00000, 0x0000000094e00000, 0x0000000094f00000|  0%| F|  |TAMS 0x0000000094e00000, 0x0000000094e00000| Untracked 
| 335|0x0000000094f00000, 0x0000000094f00000, 0x0000000095000000|  0%| F|  |TAMS 0x0000000094f00000, 0x0000000094f00000| Untracked 
| 336|0x0000000095000000, 0x0000000095000000, 0x0000000095100000|  0%| F|  |TAMS 0x0000000095000000, 0x0000000095000000| Untracked 
| 337|0x0000000095100000, 0x0000000095100000, 0x0000000095200000|  0%| F|  |TAMS 0x0000000095100000, 0x0000000095100000| Untracked 
| 338|0x0000000095200000, 0x0000000095200000, 0x0000000095300000|  0%| F|  |TAMS 0x0000000095200000, 0x0000000095200000| Untracked 
| 339|0x0000000095300000, 0x0000000095300000, 0x0000000095400000|  0%| F|  |TAMS 0x0000000095300000, 0x0000000095300000| Untracked 
| 340|0x0000000095400000, 0x0000000095400000, 0x0000000095500000|  0%| F|  |TAMS 0x0000000095400000, 0x0000000095400000| Untracked 
| 341|0x0000000095500000, 0x0000000095500000, 0x0000000095600000|  0%| F|  |TAMS 0x0000000095500000, 0x0000000095500000| Untracked 
| 342|0x0000000095600000, 0x0000000095600000, 0x0000000095700000|  0%| F|  |TAMS 0x0000000095600000, 0x0000000095600000| Untracked 
| 343|0x0000000095700000, 0x0000000095700000, 0x0000000095800000|  0%| F|  |TAMS 0x0000000095700000, 0x0000000095700000| Untracked 
| 344|0x0000000095800000, 0x0000000095800000, 0x0000000095900000|  0%| F|  |TAMS 0x0000000095800000, 0x0000000095800000| Untracked 
| 345|0x0000000095900000, 0x0000000095900000, 0x0000000095a00000|  0%| F|  |TAMS 0x0000000095900000, 0x0000000095900000| Untracked 
| 346|0x0000000095a00000, 0x0000000095a00000, 0x0000000095b00000|  0%| F|  |TAMS 0x0000000095a00000, 0x0000000095a00000| Untracked 
| 347|0x0000000095b00000, 0x0000000095b00000, 0x0000000095c00000|  0%| F|  |TAMS 0x0000000095b00000, 0x0000000095b00000| Untracked 
| 348|0x0000000095c00000, 0x0000000095c00000, 0x0000000095d00000|  0%| F|  |TAMS 0x0000000095c00000, 0x0000000095c00000| Untracked 
| 349|0x0000000095d00000, 0x0000000095d00000, 0x0000000095e00000|  0%| F|  |TAMS 0x0000000095d00000, 0x0000000095d00000| Untracked 
| 350|0x0000000095e00000, 0x0000000095e00000, 0x0000000095f00000|  0%| F|  |TAMS 0x0000000095e00000, 0x0000000095e00000| Untracked 
| 351|0x0000000095f00000, 0x0000000095f00000, 0x0000000096000000|  0%| F|  |TAMS 0x0000000095f00000, 0x0000000095f00000| Untracked 
| 352|0x0000000096000000, 0x0000000096000000, 0x0000000096100000|  0%| F|  |TAMS 0x0000000096000000, 0x0000000096000000| Untracked 
| 353|0x0000000096100000, 0x0000000096100000, 0x0000000096200000|  0%| F|  |TAMS 0x0000000096100000, 0x0000000096100000| Untracked 
| 354|0x0000000096200000, 0x0000000096200000, 0x0000000096300000|  0%| F|  |TAMS 0x0000000096200000, 0x0000000096200000| Untracked 
| 355|0x0000000096300000, 0x0000000096300000, 0x0000000096400000|  0%| F|  |TAMS 0x0000000096300000, 0x0000000096300000| Untracked 
| 356|0x0000000096400000, 0x0000000096400000, 0x0000000096500000|  0%| F|  |TAMS 0x0000000096400000, 0x0000000096400000| Untracked 
| 357|0x0000000096500000, 0x0000000096500000, 0x0000000096600000|  0%| F|  |TAMS 0x0000000096500000, 0x0000000096500000| Untracked 
| 358|0x0000000096600000, 0x0000000096600000, 0x0000000096700000|  0%| F|  |TAMS 0x0000000096600000, 0x0000000096600000| Untracked 
| 359|0x0000000096700000, 0x0000000096700000, 0x0000000096800000|  0%| F|  |TAMS 0x0000000096700000, 0x0000000096700000| Untracked 
| 360|0x0000000096800000, 0x0000000096800000, 0x0000000096900000|  0%| F|  |TAMS 0x0000000096800000, 0x0000000096800000| Untracked 
| 361|0x0000000096900000, 0x0000000096900000, 0x0000000096a00000|  0%| F|  |TAMS 0x0000000096900000, 0x0000000096900000| Untracked 

Card table byte_map: [0x000001509c2d0000,0x000001509c6d0000] _byte_map_base: 0x000001509bed0000

Marking Bits (Prev, Next): (CMBitMap*) 0x00000150839e68b8, (CMBitMap*) 0x00000150839e68f0
 Prev Bits: [0x000001509cad0000, 0x000001509ead0000)
 Next Bits: [0x000001509ead0000, 0x00000150a0ad0000)

Polling page: 0x0000015083a80000

Metaspace:

Usage:
  Non-class:     99.73 MB capacity,    96.52 MB ( 97%) used,     2.83 MB (  3%) free+waste,   387.56 KB ( <1%) overhead. 
      Class:     16.89 MB capacity,    14.87 MB ( 88%) used,     1.84 MB ( 11%) free+waste,   186.44 KB (  1%) overhead. 
       Both:    116.62 MB capacity,   111.40 MB ( 96%) used,     4.66 MB (  4%) free+waste,   574.00 KB ( <1%) overhead. 

Virtual space:
  Non-class space:      100.00 MB reserved,      99.88 MB (>99%) committed 
      Class space:      504.00 MB reserved,      16.91 MB (  3%) committed 
             Both:      604.00 MB reserved,     116.79 MB ( 19%) committed 

Chunk freelists:
   Non-Class:  3.50 KB
       Class:  0 bytes
        Both:  3.50 KB

CodeHeap 'non-profiled nmethods': size=120064Kb used=8735Kb max_used=8735Kb free=111328Kb
 bounds [0x0000015094360000, 0x0000015094bf0000, 0x000001509b8a0000]
CodeHeap 'profiled nmethods': size=120000Kb used=30793Kb max_used=30793Kb free=89206Kb
 bounds [0x000001508ce30000, 0x000001508ec50000, 0x0000015094360000]
CodeHeap 'non-nmethods': size=5696Kb used=2335Kb max_used=2393Kb free=3360Kb
 bounds [0x000001508c8a0000, 0x000001508cb10000, 0x000001508ce30000]
 total_blobs=14527 nmethods=13566 adapters=872
 compilation: enabled
              stopped_count=0, restarted_count=0
 full_count=0

Compilation events (10 events):
Event: 103.531 Thread 0x00000150a3a63000 13856   !   3       java.util.ArrayList$Itr::remove (68 bytes)
Event: 103.533 Thread 0x00000150a3a63000 nmethod 13856 0x000001508ec3e490 code [0x000001508ec3e6c0, 0x000001508ec3ee68]
Event: 103.534 Thread 0x00000150a3a63000 13857       3       org.gradle.api.DefaultTask::configure (6 bytes)
Event: 103.535 Thread 0x00000150a3a63000 nmethod 13857 0x000001508ec3f290 code [0x000001508ec3f460, 0x000001508ec3f758]
Event: 103.536 Thread 0x00000150a3a63000 13858       3       org.gradle.api.internal.DefaultNamedDomainObjectCollection$AbstractDomainObjectCreatingProvider::get (24 bytes)
Event: 103.540 Thread 0x00000150a3a63000 nmethod 13858 0x000001508ec3f890 code [0x000001508ec3fbe0, 0x000001508ec41648]
Event: 103.540 Thread 0x00000150a3a63000 13859       3       org.codehaus.groovy.runtime.BytecodeInterface8::isOrigZ (4 bytes)
Event: 103.540 Thread 0x00000150a3a63000 nmethod 13859 0x000001508ec41e10 code [0x000001508ec41fa0, 0x000001508ec420f8]
Event: 103.540 Thread 0x00000150a3a63000 13860       3       org.codehaus.groovy.runtime.metaclass.DefaultMetaClassInfo::isOrigBool (4 bytes)
Event: 103.541 Thread 0x00000150a3a63000 nmethod 13860 0x000001508ec42190 code [0x000001508ec42320, 0x000001508ec42418]

GC Heap History (10 events):
Event: 96.049 GC heap after
{Heap after GC invocations=59 (full 0):
 garbage-first heap   total 370688K, used 166714K [0x0000000080000000, 0x0000000100000000)
  region size 1024K, 7 young (7168K), 7 survivors (7168K)
 Metaspace       used 106671K, capacity 110718K, committed 111016K, reserved 612352K
  class space    used 14234K, capacity 15859K, committed 15908K, reserved 516096K
}
Event: 97.633 GC heap before
{Heap before GC invocations=60 (full 0):
 garbage-first heap   total 370688K, used 253754K [0x0000000080000000, 0x0000000100000000)
  region size 1024K, 88 young (90112K), 7 survivors (7168K)
 Metaspace       used 106819K, capacity 111036K, committed 111272K, reserved 612352K
  class space    used 14250K, capacity 15875K, committed 15908K, reserved 516096K
}
Event: 97.688 GC heap after
{Heap after GC invocations=61 (full 0):
 garbage-first heap   total 370688K, used 182558K [0x0000000080000000, 0x0000000100000000)
  region size 1024K, 11 young (11264K), 11 survivors (11264K)
 Metaspace       used 106819K, capacity 111036K, committed 111272K, reserved 612352K
  class space    used 14250K, capacity 15875K, committed 15908K, reserved 516096K
}
Event: 97.696 GC heap before
{Heap before GC invocations=61 (full 0):
 garbage-first heap   total 370688K, used 182558K [0x0000000080000000, 0x0000000100000000)
  region size 1024K, 12 young (12288K), 11 survivors (11264K)
 Metaspace       used 106819K, capacity 111036K, committed 111272K, reserved 612352K
  class space    used 14250K, capacity 15875K, committed 15908K, reserved 516096K
}
Event: 97.732 GC heap after
{Heap after GC invocations=62 (full 0):
 garbage-first heap   total 370688K, used 184717K [0x0000000080000000, 0x0000000100000000)
  region size 1024K, 2 young (2048K), 2 survivors (2048K)
 Metaspace       used 106819K, capacity 111036K, committed 111272K, reserved 612352K
  class space    used 14250K, capacity 15875K, committed 15908K, reserved 516096K
}
Event: 99.459 GC heap before
{Heap before GC invocations=63 (full 0):
 garbage-first heap   total 370688K, used 245133K [0x0000000080000000, 0x0000000100000000)
  region size 1024K, 61 young (62464K), 2 survivors (2048K)
 Metaspace       used 109139K, capacity 113611K, committed 113832K, reserved 614400K
  class space    used 14558K, capacity 16315K, committed 16420K, reserved 516096K
}
Event: 99.478 GC heap after
{Heap after GC invocations=64 (full 0):
 garbage-first heap   total 370688K, used 191352K [0x0000000080000000, 0x0000000100000000)
  region size 1024K, 8 young (8192K), 8 survivors (8192K)
 Metaspace       used 109139K, capacity 113611K, committed 113832K, reserved 614400K
  class space    used 14558K, capacity 16315K, committed 16420K, reserved 516096K
}
Event: 101.317 GC heap before
{Heap before GC invocations=64 (full 0):
 garbage-first heap   total 370688K, used 256888K [0x0000000080000000, 0x0000000100000000)
  region size 1024K, 72 young (73728K), 8 survivors (8192K)
 Metaspace       used 111566K, capacity 116780K, committed 116904K, reserved 616448K
  class space    used 14903K, capacity 16884K, committed 16932K, reserved 516096K
}
Event: 101.363 GC heap after
{Heap after GC invocations=65 (full 0):
 garbage-first heap   total 370688K, used 201728K [0x0000000080000000, 0x0000000100000000)
  region size 1024K, 9 young (9216K), 9 survivors (9216K)
 Metaspace       used 111566K, capacity 116780K, committed 116904K, reserved 616448K
  class space    used 14903K, capacity 16884K, committed 16932K, reserved 516096K
}
Event: 103.573 GC heap before
{Heap before GC invocations=66 (full 0):
 garbage-first heap   total 370688K, used 267264K [0x0000000080000000, 0x0000000100000000)
  region size 1024K, 73 young (74752K), 9 survivors (9216K)
 Metaspace       used 114069K, capacity 119418K, committed 119592K, reserved 618496K
  class space    used 15230K, capacity 17298K, committed 17316K, reserved 516096K
}

Deoptimization events (10 events):
Event: 101.607 Thread 0x00000150a5ace000 Uncommon trap: reason=bimorphic_or_optimized_type_check action=maybe_recompile pc=0x0000015094993dd0 method=org.gradle.internal.logging.sink.OutputEventRenderer.onOutput(Lorg/gradle/internal/logging/events/OutputEvent;)V @ 1 c2
Event: 101.607 Thread 0x00000150a5ace000 Uncommon trap: reason=class_check action=maybe_recompile pc=0x00000150949a1d60 method=org.gradle.internal.logging.sink.OutputEventTransformer.onOutput(Lorg/gradle/internal/logging/events/OutputEvent;)V @ 225 c2
Event: 101.880 Thread 0x00000150a5ace000 Uncommon trap: reason=intrinsic_or_type_checked_inlining action=make_not_entrant pc=0x0000015094b6b910 method=java.util.ArrayList$SubList.toArray([Ljava/lang/Object;)[Ljava/lang/Object; @ 58 c2
Event: 102.094 Thread 0x00000150a5ace000 Uncommon trap: reason=bimorphic_or_optimized_type_check action=maybe_recompile pc=0x0000015094bb3b60 method=org.gradle.api.internal.DefaultDomainObjectCollection.withMutationDisabled(Lorg/gradle/api/Action;)Lorg/gradle/api/Action; @ 1 c2
Event: 102.094 Thread 0x00000150a5ace000 Uncommon trap: reason=bimorphic_or_optimized_type_check action=maybe_recompile pc=0x0000015094bb3b60 method=org.gradle.api.internal.DefaultDomainObjectCollection.withMutationDisabled(Lorg/gradle/api/Action;)Lorg/gradle/api/Action; @ 1 c2
Event: 102.094 Thread 0x00000150a5ace000 Uncommon trap: reason=bimorphic_or_optimized_type_check action=maybe_recompile pc=0x0000015094bb3b60 method=org.gradle.api.internal.DefaultDomainObjectCollection.withMutationDisabled(Lorg/gradle/api/Action;)Lorg/gradle/api/Action; @ 1 c2
Event: 102.095 Thread 0x00000150a5ace000 Uncommon trap: reason=bimorphic_or_optimized_type_check action=maybe_recompile pc=0x0000015094bb3b60 method=org.gradle.api.internal.DefaultDomainObjectCollection.withMutationDisabled(Lorg/gradle/api/Action;)Lorg/gradle/api/Action; @ 1 c2
Event: 102.339 Thread 0x00000150a5ace000 Uncommon trap: reason=bimorphic_or_optimized_type_check action=maybe_recompile pc=0x0000015094991924 method=org.gradle.internal.logging.sink.OutputEventRenderer.onOutput(Lorg/gradle/internal/logging/events/OutputEvent;)V @ 1 c2
Event: 102.372 Thread 0x00000150a5ace000 Uncommon trap: reason=bimorphic_or_optimized_type_check action=maybe_recompile pc=0x00000150945c2550 method=java.lang.Throwable.<init>(Ljava/lang/String;Ljava/lang/Throwable;)V @ 24 c2
Event: 102.719 Thread 0x00000150a5ace000 Uncommon trap: reason=null_check action=make_not_entrant pc=0x0000015094bbf080 method=org.gradle.internal.instantiation.generator.AbstractClassGenerator.isPropertyType(Ljava/lang/Class;)Z @ 3 c2

Classes redefined (0 events):
No events

Internal exceptions (10 events):
Event: 102.549 Thread 0x00000150a5ace000 Exception <a 'java/lang/ClassNotFoundException'{0x0000000094284468}: de/undercouch/gradle/tasks/download/DownloadCustomizer> (0x0000000094284468) thrown at [./open/src/hotspot/share/classfile/systemDictionary.cpp, line 226]
Event: 102.552 Thread 0x00000150a5ace000 Exception <a 'java/lang/ClassNotFoundException'{0x00000000942d7c40}: de/undercouch/gradle/tasks/download/Download_DecoratedCustomizer> (0x00000000942d7c40) thrown at [./open/src/hotspot/share/classfile/systemDictionary.cpp, line 226]
Event: 102.571 Thread 0x00000150a5ace000 Exception <a 'java/lang/ClassNotFoundException'{0x00000000941b5e40}: org/gradle/api/internal/resources/DefaultResourceHandlerBeanInfo> (0x00000000941b5e40) thrown at [./open/src/hotspot/share/classfile/systemDictionary.cpp, line 226]
Event: 102.575 Thread 0x00000150a5ace000 Exception <a 'java/lang/ClassNotFoundException'{0x00000000941f4b88}: org/gradle/api/internal/resources/DefaultResourceHandlerCustomizer> (0x00000000941f4b88) thrown at [./open/src/hotspot/share/classfile/systemDictionary.cpp, line 226]
Event: 102.719 Thread 0x00000150a5ace000 Implicit null exception at 0x0000015094bbefb0 to 0x0000015094bbf070
Event: 102.837 Thread 0x00000150a5ace000 Exception <a 'sun/nio/fs/WindowsException'{0x0000000093b2d6a8}> (0x0000000093b2d6a8) thrown at [./open/src/hotspot/share/prims/jni.cpp, line 611]
Event: 102.869 Thread 0x00000150a5ace000 Exception <a 'sun/nio/fs/WindowsException'{0x0000000093b88d50}> (0x0000000093b88d50) thrown at [./open/src/hotspot/share/prims/jni.cpp, line 611]
Event: 103.043 Thread 0x00000150a5ace000 Exception <a 'sun/nio/fs/WindowsException'{0x000000009371d8a8}> (0x000000009371d8a8) thrown at [./open/src/hotspot/share/prims/jni.cpp, line 611]
Event: 103.325 Thread 0x00000150a5ace000 Exception <a 'sun/nio/fs/WindowsException'{0x00000000930bcf08}> (0x00000000930bcf08) thrown at [./open/src/hotspot/share/prims/jni.cpp, line 611]
Event: 103.441 Thread 0x00000150a5ace000 Exception <a 'sun/nio/fs/WindowsException'{0x0000000092d51fb8}> (0x0000000092d51fb8) thrown at [./open/src/hotspot/share/prims/jni.cpp, line 611]

Events (10 events):
Event: 103.269 loading class org/jetbrains/kotlin/gradle/targets/android/FindAndroidTargetKt done
Event: 103.359 Thread 0x00000150a5ace000 DEOPT PACKING pc=0x000001508dfcd088 sp=0x0000002de7ff8f10
Event: 103.359 Thread 0x00000150a5ace000 DEOPT UNPACKING pc=0x000001508c8c6d5e sp=0x0000002de7ff83c8 mode 0
Event: 103.394 Thread 0x00000150a5ace000 DEOPT PACKING pc=0x000001508dfcd088 sp=0x0000002de7ff8df0
Event: 103.394 Thread 0x00000150a5ace000 DEOPT UNPACKING pc=0x000001508c8c6d5e sp=0x0000002de7ff82a8 mode 0
Event: 103.448 Thread 0x00000150a5ace000 DEOPT PACKING pc=0x000001508e6bc327 sp=0x0000002de7ff86b0
Event: 103.448 Thread 0x00000150a5ace000 DEOPT UNPACKING pc=0x000001508c8c6d5e sp=0x0000002de7ff7c10 mode 0
Event: 103.478 Thread 0x00000150a5ace000 DEOPT PACKING pc=0x000001508dfcd2bd sp=0x0000002de7ff8e80
Event: 103.478 Thread 0x00000150a5ace000 DEOPT UNPACKING pc=0x000001508c8c6d5e sp=0x0000002de7ff8338 mode 0
Event: 103.573 Executing VM operation: G1CollectForAllocation


Dynamic libraries:
0x00007ff604be0000 - 0x00007ff604bf0000 	C:\Program Files\Java\jdk-11\bin\java.exe
0x00007ffd1fd90000 - 0x00007ffd1ff88000 	C:\Windows\SYSTEM32\ntdll.dll
0x00007ffd1f490000 - 0x00007ffd1f54d000 	C:\Windows\System32\KERNEL32.DLL
0x00007ffd1d4d0000 - 0x00007ffd1d7c6000 	C:\Windows\System32\KERNELBASE.dll
0x00007ffd1d9d0000 - 0x00007ffd1dad0000 	C:\Windows\System32\ucrtbase.dll
0x00007ffcfcad0000 - 0x00007ffcfcae9000 	C:\Program Files\Java\jdk-11\bin\jli.dll
0x00007ffd1f3c0000 - 0x00007ffd1f473000 	C:\Windows\System32\ADVAPI32.dll
0x00007ffcfacd0000 - 0x00007ffcfaceb000 	C:\Program Files\Java\jdk-11\bin\VCRUNTIME140.dll
0x00007ffd1f920000 - 0x00007ffd1f9be000 	C:\Windows\System32\msvcrt.dll
0x00007ffd1ee40000 - 0x00007ffd1eedf000 	C:\Windows\System32\sechost.dll
0x00007ffd1fc20000 - 0x00007ffd1fd46000 	C:\Windows\System32\RPCRT4.dll
0x00007ffd1d7d0000 - 0x00007ffd1d7f7000 	C:\Windows\System32\bcrypt.dll
0x00007ffd1e4c0000 - 0x00007ffd1e65e000 	C:\Windows\System32\USER32.dll
0x00007ffd1db20000 - 0x00007ffd1db42000 	C:\Windows\System32\win32u.dll
0x00007ffd1faa0000 - 0x00007ffd1facc000 	C:\Windows\System32\GDI32.dll
0x00007ffd1d8b0000 - 0x00007ffd1d9ca000 	C:\Windows\System32\gdi32full.dll
0x00007ffd1dd40000 - 0x00007ffd1dddd000 	C:\Windows\System32\msvcp_win.dll
0x00007ffd00db0000 - 0x00007ffd0104a000 	C:\Windows\WinSxS\amd64_microsoft.windows.common-controls_6595b64144ccf1df_6.0.19041.3636_none_60b6a03d71f818d5\COMCTL32.dll
0x00007ffd11840000 - 0x00007ffd1184a000 	C:\Windows\SYSTEM32\VERSION.dll
0x00007ffd1f9c0000 - 0x00007ffd1f9f0000 	C:\Windows\System32\IMM32.DLL
0x00007ffd14fd0000 - 0x00007ffd14fdc000 	C:\Program Files\Java\jdk-11\bin\vcruntime140_1.dll
0x00007ffce0610000 - 0x00007ffce069e000 	C:\Program Files\Java\jdk-11\bin\msvcp140.dll
0x00007ffcc61f0000 - 0x00007ffcc6d5d000 	C:\Program Files\Java\jdk-11\bin\server\jvm.dll
0x00007ffd1f480000 - 0x00007ffd1f488000 	C:\Windows\System32\PSAPI.DLL
0x00007ffd05050000 - 0x00007ffd05059000 	C:\Windows\SYSTEM32\WSOCK32.dll
0x00007ffd12f60000 - 0x00007ffd12f87000 	C:\Windows\SYSTEM32\WINMM.dll
0x00007ffd1f550000 - 0x00007ffd1f5bb000 	C:\Windows\System32\WS2_32.dll
0x00007ffd1b990000 - 0x00007ffd1b9a2000 	C:\Windows\SYSTEM32\kernel.appcore.dll
0x00007ffd13830000 - 0x00007ffd13840000 	C:\Program Files\Java\jdk-11\bin\verify.dll
0x00007ffd18640000 - 0x00007ffd18824000 	C:\Windows\SYSTEM32\DBGHELP.DLL
0x00007ffcf86d0000 - 0x00007ffcf8704000 	C:\Windows\SYSTEM32\dbgcore.DLL
0x00007ffd1db50000 - 0x00007ffd1dbd2000 	C:\Windows\System32\bcryptPrimitives.dll
0x00007ffcf4f90000 - 0x00007ffcf4fb8000 	C:\Program Files\Java\jdk-11\bin\java.dll
0x00007ffd0b0f0000 - 0x00007ffd0b0fa000 	C:\Program Files\Java\jdk-11\bin\jimage.dll
0x00007ffcfac70000 - 0x00007ffcfac87000 	C:\Program Files\Java\jdk-11\bin\zip.dll
0x00007ffd1e660000 - 0x00007ffd1eda5000 	C:\Windows\System32\SHELL32.dll
0x00007ffd17dd0000 - 0x00007ffd1856b000 	C:\Windows\SYSTEM32\windows.storage.dll
0x00007ffd1f5c0000 - 0x00007ffd1f914000 	C:\Windows\System32\combase.dll
0x00007ffd1cd40000 - 0x00007ffd1cd6d000 	C:\Windows\SYSTEM32\Wldp.dll
0x00007ffd1f9f0000 - 0x00007ffd1fa9d000 	C:\Windows\System32\SHCORE.dll
0x00007ffd1fb50000 - 0x00007ffd1fba5000 	C:\Windows\System32\shlwapi.dll
0x00007ffd1d390000 - 0x00007ffd1d3b5000 	C:\Windows\SYSTEM32\profapi.dll
0x00007ffcf5280000 - 0x00007ffcf5299000 	C:\Program Files\Java\jdk-11\bin\net.dll
0x00007ffd1c390000 - 0x00007ffd1c49a000 	C:\Windows\SYSTEM32\WINHTTP.dll
0x00007ffd1cac0000 - 0x00007ffd1cb2a000 	C:\Windows\system32\mswsock.dll
0x00007ffcf4980000 - 0x00007ffcf4992000 	C:\Program Files\Java\jdk-11\bin\nio.dll
0x00007ffcde820000 - 0x00007ffcde847000 	C:\Users\01-131202-034\.gradle\native\68d5fa5c4cc2d200863cafc0d521ce42e7d3e7ee720ec0a83991735586a16f82\windows-amd64\native-platform.dll
0x00007ffcdbb90000 - 0x00007ffcdbcd4000 	C:\Users\01-131202-034\.gradle\native\e376f236ea51e6404a007f0833ffe2c6e607c4080706a723a18a27aeea778392\windows-amd64\native-platform-file-events.dll
0x00007ffd063f0000 - 0x00007ffd063f9000 	C:\Program Files\Java\jdk-11\bin\management.dll
0x00007ffd05060000 - 0x00007ffd0506b000 	C:\Program Files\Java\jdk-11\bin\management_ext.dll
0x00007ffd1cd80000 - 0x00007ffd1cd98000 	C:\Windows\SYSTEM32\CRYPTSP.dll
0x00007ffd1c300000 - 0x00007ffd1c334000 	C:\Windows\system32\rsaenh.dll
0x00007ffd1d350000 - 0x00007ffd1d37e000 	C:\Windows\SYSTEM32\USERENV.dll
0x00007ffd1cc50000 - 0x00007ffd1cc5c000 	C:\Windows\SYSTEM32\CRYPTBASE.dll
0x00007ffd1c7d0000 - 0x00007ffd1c80b000 	C:\Windows\SYSTEM32\IPHLPAPI.DLL
0x00007ffd1fc10000 - 0x00007ffd1fc18000 	C:\Windows\System32\NSI.dll
0x00007ffd10390000 - 0x00007ffd103a7000 	C:\Windows\SYSTEM32\dhcpcsvc6.DLL
0x00007ffd10370000 - 0x00007ffd1038d000 	C:\Windows\SYSTEM32\dhcpcsvc.DLL
0x00007ffd1c810000 - 0x00007ffd1c8da000 	C:\Windows\SYSTEM32\DNSAPI.dll

dbghelp: loaded successfully - version: 4.0.5 - missing functions: none
symbol engine: initialized successfully - sym options: 0x614 - pdb path: .;C:\Program Files\Java\jdk-11\bin;C:\Windows\SYSTEM32;C:\Windows\WinSxS\amd64_microsoft.windows.common-controls_6595b64144ccf1df_6.0.19041.3636_none_60b6a03d71f818d5;C:\Program Files\Java\jdk-11\bin\server;C:\Users\01-131202-034\.gradle\native\68d5fa5c4cc2d200863cafc0d521ce42e7d3e7ee720ec0a83991735586a16f82\windows-amd64;C:\Users\01-131202-034\.gradle\native\e376f236ea51e6404a007f0833ffe2c6e607c4080706a723a18a27aeea778392\windows-amd64

VM Arguments:
jvm_args: -XX:MaxMetaspaceSize=512m --add-opens=java.base/java.util=ALL-UNNAMED --add-opens=java.base/java.lang=ALL-UNNAMED --add-opens=java.base/java.lang.invoke=ALL-UNNAMED --add-opens=java.prefs/java.util.prefs=ALL-UNNAMED --add-opens=java.base/java.nio.charset=ALL-UNNAMED --add-opens=java.base/java.net=ALL-UNNAMED --add-opens=java.base/java.util.concurrent.atomic=ALL-UNNAMED -Xmx2048m -Dfile.encoding=windows-1252 -Duser.country=US -Duser.language=en -Duser.variant 
java_command: org.gradle.launcher.daemon.bootstrap.GradleDaemon 8.0.1
java_class_path (initial): C:\Users\01-131202-034\.gradle\wrapper\dists\gradle-8.0.1-all\aro4hu1c3oeioove7l0i4i14o\gradle-8.0.1\lib\gradle-launcher-8.0.1.jar
Launcher Type: SUN_STANDARD

[Global flags]
     intx CICompilerCount                          = 3                                         {product} {ergonomic}
   size_t CompressedClassSpaceSize                 = 528482304                                 {product} {ergonomic}
     uint ConcGCThreads                            = 1                                         {product} {ergonomic}
     uint G1ConcRefinementThreads                  = 4                                         {product} {ergonomic}
   size_t G1HeapRegionSize                         = 1048576                                   {product} {ergonomic}
    uintx GCDrainStackTargetSize                   = 64                                        {product} {ergonomic}
   size_t InitialHeapSize                          = 134217728                                 {product} {ergonomic}
   size_t MarkStackSize                            = 4194304                                   {product} {ergonomic}
   size_t MaxHeapSize                              = 2147483648                                {product} {command line}
   size_t MaxMetaspaceSize                         = 536870912                                 {product} {command line}
   size_t MaxNewSize                               = 1287651328                                {product} {ergonomic}
   size_t MinHeapDeltaBytes                        = 1048576                                   {product} {ergonomic}
    uintx NonNMethodCodeHeapSize                   = 5830732                                {pd product} {ergonomic}
    uintx NonProfiledCodeHeapSize                  = 122913754                              {pd product} {ergonomic}
    uintx ProfiledCodeHeapSize                     = 122913754                              {pd product} {ergonomic}
    uintx ReservedCodeCacheSize                    = 251658240                              {pd product} {ergonomic}
     bool SegmentedCodeCache                       = true                                      {product} {ergonomic}
     bool UseCompressedClassPointers               = true                                 {lp64_product} {ergonomic}
     bool UseCompressedOops                        = true                                 {lp64_product} {ergonomic}
     bool UseG1GC                                  = true                                      {product} {ergonomic}
     bool UseLargePagesIndividualAllocation        = false                                  {pd product} {ergonomic}

Logging:
Log output configuration:
 #0: stdout all=warning uptime,level,tags
 #1: stderr all=off uptime,level,tags

Environment Variables:
JAVA_HOME=C:\Program Files\Java\jdk-11
CLASSPATH=E:\UI\android\\gradle\wrapper\gradle-wrapper.jar
PATH=E:\UI\node_modules\.bin;E:\UI\node_modules\.bin;E:\node_modules\.bin;C:\Users\01-131202-034\AppData\Roaming\npm\node_modules\npm\node_modules\@npmcli\run-script\lib\node-gyp-bin;C:\Program Files\Common Files\Oracle\Java\javapath;C:\Python311\Scripts\;C:\Python311\;C:\Windows\system32;C:\Windows;C:\Windows\System32\Wbem;C:\Windows\System32\WindowsPowerShell\v1.0\;C:\Windows\System32\OpenSSH\;C:\Program Files\nodejs\;C:\ProgramData\chocolatey\bin;C:\Users\01-131202-034\AppData\Local\Android\Sdk;C:\Users\01-131202-034\AppData\Local\Android\Sdk\platform-tools;C:\Program Files\Git\cmd;C:\Program Files\Java\jdk-11;C:\Users\01-131202-034\AppData\Local\Android\Sdk\emulator;C:\Users\01-131202-034\AppData\Local\Android\Sdk\build-tools;C:\Users\01-131202-034\AppData\Local\Android\Sdk\cmdline-tools;C:\Users\01-131202-034\AppData\Local\Android\Sdk\cmdline-tools\latest\bin;C:\Users\01-131202-034\AppData\Local\Android\Sdk\tools;C:\Users\01-131202-034\AppData\Local\Android\Sdk\tools;C:\Users\01-131202-034\AppData\Local\Microsoft\WindowsApps;C:\Users\01-131202-034\AppData\Roaming\npm;C:\Users\01-131202-034\AppData\Local\Android\Sdk\platform-tools;C:\Users\01-131202-034\AppData\Local\Android\Sdk\emulator;C:\Users\01-131202-034\AppData\Local\Android\Sdk\build-tools;C:\Users\01-131202-034\AppData\Local\Android\Sdk;C:\Users\01-131202-034\AppData\Local\Programs\Microsoft VS Code\bin;C:\Users\01-131202-034\AppData\Local\Android\Sdk\cmdline-tools;C:\Users\01-131202-034\AppData\Local\Android\Sdk\cmdline-tools\latest\bin;C:\Program Files\Java\jdk-11;
USERNAME=01-131202-034
OS=Windows_NT
PROCESSOR_IDENTIFIER=Intel64 Family 6 Model 78 Stepping 3, GenuineIntel



---------------  S Y S T E M  ---------------

OS: Windows 10 , 64 bit Build 19041 (10.0.19041.3636)
Hyper-V role detected

CPU:total 4 (initial active 4) (2 cores per cpu, 2 threads per core) family 6 model 78 stepping 3 microcode 0xf0, cmov, cx8, fxsr, mmx, sse, sse2, sse3, ssse3, sse4.1, sse4.2, popcnt, avx, avx2, aes, clmul, erms, rtm, 3dnowpref, lzcnt, ht, tsc, tscinvbit, bmi1, bmi2, adx, fma

Memory: 4k page, system-wide physical 8071M (1050M free)
TotalPageFile size 16081M (AvailPageFile size 77M)
current process WorkingSet (physical memory assigned to process): 662M, peak: 662M
current process commit charge ("private bytes"): 738M, peak: 838M

vm_info: Java HotSpot(TM) 64-Bit Server VM (11.0.20+9-LTS-256) for windows-amd64 JRE (11.0.20+9-LTS-256), built on Jun 14 2023 10:34:22 by "mach5one" with MS VC++ 17.1 (VS2022)

END.
